{
 "cells": [
  {
   "cell_type": "code",
   "execution_count": 1,
   "metadata": {},
   "outputs": [],
   "source": [
    "# 連接 Elasticsearch"
   ]
  },
  {
   "cell_type": "code",
   "execution_count": 2,
   "metadata": {},
   "outputs": [],
   "source": [
    "from datetime import datetime\n",
    "from elasticsearch import Elasticsearch\n",
    "import matplotlib.pyplot as plt\n",
    "import pandas as pd\n",
    "import requests\n",
    "import time"
   ]
  },
  {
   "cell_type": "code",
   "execution_count": 3,
   "metadata": {},
   "outputs": [],
   "source": [
    "es_ip = \"http://127.0.0.1:9200\""
   ]
  },
  {
   "cell_type": "code",
   "execution_count": 4,
   "metadata": {},
   "outputs": [],
   "source": [
    "es = Elasticsearch(es_ip)"
   ]
  },
  {
   "cell_type": "code",
   "execution_count": 8,
   "metadata": {},
   "outputs": [],
   "source": [
    "# 查詢資料(讀取單一筆資料)"
   ]
  },
  {
   "cell_type": "code",
   "execution_count": 13,
   "metadata": {},
   "outputs": [
    {
     "name": "stdout",
     "output_type": "stream",
     "text": [
      "{'@timestamp': '2021-12-20T12:50:14.534Z', 'log': {'level': 'information'}, 'host': {'name': 'DESKTOP-T3V8EOP', 'ip': ['fe80::1911:e65c:d649:9768', '192.168.56.1', 'fe80::24c3:baf3:3d58:f2af', '169.254.242.175', 'fe80::a832:f35:3de:862c', '169.254.134.44', 'fe80::d4a8:14f8:2744:a74a', '192.168.0.83', 'fe80::4d6b:1d3e:cee1:343d', '169.254.52.61'], 'mac': ['0a:00:27:00:00:10', '24:ee:9a:ff:17:da', '26:ee:9a:ff:17:d9', '24:ee:9a:ff:17:d9', '24:ee:9a:ff:17:dd'], 'hostname': 'DESKTOP-T3V8EOP', 'architecture': 'x86_64', 'os': {'version': '10.0', 'family': 'windows', 'name': 'Windows 10 Pro', 'kernel': '10.0.22000.318 (WinBuild.160101.0800)', 'build': '22000.318', 'type': 'windows', 'platform': 'windows'}, 'id': '1f725ed7-b14c-494d-9fc1-4bc3eeb0b29b'}, 'winlog': {'record_id': 492, 'api': 'wineventlog', 'provider_guid': '{5770385f-c22a-43e0-bf4c-06f5698ffbd9}', 'process': {'pid': 53848, 'thread': {'id': 26096}}, 'version': 5, 'channel': 'Microsoft-Windows-Sysmon/Operational', 'event_id': '1', 'provider_name': 'Microsoft-Windows-Sysmon', 'computer_name': 'DESKTOP-T3V8EOP', 'user': {'identifier': 'S-1-5-18', 'domain': 'NT AUTHORITY', 'name': 'SYSTEM', 'type': 'User'}, 'event_data': {'ParentProcessId': '5312', 'OriginalFileName': 'RAPS.exe', 'Image': 'C:\\\\Program Files\\\\Rivet Networks\\\\SmartByte\\\\RAPS.exe', 'Company': 'Rivet Networks LLC', 'LogonId': '0x6ba12a0f', 'Product': 'RivetAPS', 'IntegrityLevel': 'Medium', 'UtcTime': '2021-12-20 12:50:14.532', 'LogonGuid': '{1f725ed7-4242-61bc-0f2a-a16b00000000}', 'ProcessId': '31156', 'RuleName': '-', 'CommandLine': 'RAPS.exe -u', 'User': 'DESKTOP-T3V8EOP\\\\a3789', 'FileVersion': '3.1.995.0', 'Hashes': 'MD5=F70A23758DA94B90A01CC791ACC7F385,SHA256=EEBCC0C6FD9A7BF70BA3028DAEA19C450FCC698169C2E5B03F6BEF9D4BBA1A6F,IMPHASH=935B686812E8D4246E2278AF50AA30FB', 'ParentImage': 'C:\\\\Program Files\\\\Rivet Networks\\\\SmartByte\\\\RAPS.exe', 'ParentCommandLine': '\"RAPS.exe\"', 'ProcessGuid': '{1f725ed7-7c06-61c0-3c1b-908100000000}', 'CurrentDirectory': 'C:\\\\Program Files\\\\Rivet Networks\\\\SmartByte\\\\', 'Description': 'RivetAPS', 'ParentProcessGuid': '{1f725ed7-296e-61ab-8f00-000000000d00}', 'TerminalSessionId': '2'}}, 'event': {'kind': 'event', 'provider': 'Microsoft-Windows-Sysmon', 'created': '2021-12-20T12:50:15.928Z', 'code': '1', 'timezone': '+08:00'}, 'fields': {'endpoint_project': 'df909038f4bcafd88f8d49c7f6ad5ccd', 'endpoint_email': 'a3789468739@gmail.com', 'endpoint_org3': 'T7-1639616151642'}, 'ecs': {'version': '1.9.0'}, 'agent': {'version': '7.13.2', 'hostname': 'DESKTOP-T3V8EOP', 'ephemeral_id': '41f4d791-f3b8-47ed-b193-c7151f023406', 'id': '621af60c-6ab1-4b77-803e-d523c7d8ec04', 'name': 'DESKTOP-T3V8EOP', 'type': 'winlogbeat'}}\n"
     ]
    }
   ],
   "source": [
    "res = es.get(index=\"winlogbeat\", doc_type=\"doc\", id=\"IM3k130BMs_nTerjgcWJ\")\n",
    "print(res['_source'])"
   ]
  },
  {
   "cell_type": "code",
   "execution_count": 14,
   "metadata": {},
   "outputs": [],
   "source": [
    "# 查詢資料(取得前100筆資料)"
   ]
  },
  {
   "cell_type": "code",
   "execution_count": 15,
   "metadata": {},
   "outputs": [],
   "source": [
    "query_str = '{\"query\":{\"range\":{\"@timestamp\":{\"gte\":\"2021-12-20\", \"lte\":\"2021-12-20\"}}}}'\n",
    "res = es.search(index=\"winlogbeat\", body=query_str, from_=0, size=100)"
   ]
  },
  {
   "cell_type": "code",
   "execution_count": 16,
   "metadata": {},
   "outputs": [],
   "source": [
    "# 取得筆數"
   ]
  },
  {
   "cell_type": "code",
   "execution_count": 17,
   "metadata": {},
   "outputs": [
    {
     "name": "stdout",
     "output_type": "stream",
     "text": [
      "total : 8028\n"
     ]
    }
   ],
   "source": [
    "total_hits = res[\"hits\"][\"total\"]\n",
    "print(\"total : \" + str(total_hits))"
   ]
  },
  {
   "cell_type": "code",
   "execution_count": 18,
   "metadata": {},
   "outputs": [],
   "source": [
    "# 顯示 100 筆資料"
   ]
  },
  {
   "cell_type": "code",
   "execution_count": 19,
   "metadata": {},
   "outputs": [
    {
     "name": "stdout",
     "output_type": "stream",
     "text": [
      "[{'_index': 'winlogbeat', '_type': 'doc', '_id': 'IM3k130BMs_nTerjgcWJ', '_score': 1.0, '_source': {'@timestamp': '2021-12-20T12:50:14.534Z', 'log': {'level': 'information'}, 'host': {'name': 'DESKTOP-T3V8EOP', 'ip': ['fe80::1911:e65c:d649:9768', '192.168.56.1', 'fe80::24c3:baf3:3d58:f2af', '169.254.242.175', 'fe80::a832:f35:3de:862c', '169.254.134.44', 'fe80::d4a8:14f8:2744:a74a', '192.168.0.83', 'fe80::4d6b:1d3e:cee1:343d', '169.254.52.61'], 'mac': ['0a:00:27:00:00:10', '24:ee:9a:ff:17:da', '26:ee:9a:ff:17:d9', '24:ee:9a:ff:17:d9', '24:ee:9a:ff:17:dd'], 'hostname': 'DESKTOP-T3V8EOP', 'architecture': 'x86_64', 'os': {'version': '10.0', 'family': 'windows', 'name': 'Windows 10 Pro', 'kernel': '10.0.22000.318 (WinBuild.160101.0800)', 'build': '22000.318', 'type': 'windows', 'platform': 'windows'}, 'id': '1f725ed7-b14c-494d-9fc1-4bc3eeb0b29b'}, 'winlog': {'record_id': 492, 'api': 'wineventlog', 'provider_guid': '{5770385f-c22a-43e0-bf4c-06f5698ffbd9}', 'process': {'pid': 53848, 'thread': {'id': 26096}}, 'version': 5, 'channel': 'Microsoft-Windows-Sysmon/Operational', 'event_id': '1', 'provider_name': 'Microsoft-Windows-Sysmon', 'computer_name': 'DESKTOP-T3V8EOP', 'user': {'identifier': 'S-1-5-18', 'domain': 'NT AUTHORITY', 'name': 'SYSTEM', 'type': 'User'}, 'event_data': {'ParentProcessId': '5312', 'OriginalFileName': 'RAPS.exe', 'Image': 'C:\\\\Program Files\\\\Rivet Networks\\\\SmartByte\\\\RAPS.exe', 'Company': 'Rivet Networks LLC', 'LogonId': '0x6ba12a0f', 'Product': 'RivetAPS', 'IntegrityLevel': 'Medium', 'UtcTime': '2021-12-20 12:50:14.532', 'LogonGuid': '{1f725ed7-4242-61bc-0f2a-a16b00000000}', 'ProcessId': '31156', 'RuleName': '-', 'CommandLine': 'RAPS.exe -u', 'User': 'DESKTOP-T3V8EOP\\\\a3789', 'FileVersion': '3.1.995.0', 'Hashes': 'MD5=F70A23758DA94B90A01CC791ACC7F385,SHA256=EEBCC0C6FD9A7BF70BA3028DAEA19C450FCC698169C2E5B03F6BEF9D4BBA1A6F,IMPHASH=935B686812E8D4246E2278AF50AA30FB', 'ParentImage': 'C:\\\\Program Files\\\\Rivet Networks\\\\SmartByte\\\\RAPS.exe', 'ParentCommandLine': '\"RAPS.exe\"', 'ProcessGuid': '{1f725ed7-7c06-61c0-3c1b-908100000000}', 'CurrentDirectory': 'C:\\\\Program Files\\\\Rivet Networks\\\\SmartByte\\\\', 'Description': 'RivetAPS', 'ParentProcessGuid': '{1f725ed7-296e-61ab-8f00-000000000d00}', 'TerminalSessionId': '2'}}, 'event': {'kind': 'event', 'provider': 'Microsoft-Windows-Sysmon', 'created': '2021-12-20T12:50:15.928Z', 'code': '1', 'timezone': '+08:00'}, 'fields': {'endpoint_project': 'df909038f4bcafd88f8d49c7f6ad5ccd', 'endpoint_email': 'a3789468739@gmail.com', 'endpoint_org3': 'T7-1639616151642'}, 'ecs': {'version': '1.9.0'}, 'agent': {'version': '7.13.2', 'hostname': 'DESKTOP-T3V8EOP', 'ephemeral_id': '41f4d791-f3b8-47ed-b193-c7151f023406', 'id': '621af60c-6ab1-4b77-803e-d523c7d8ec04', 'name': 'DESKTOP-T3V8EOP', 'type': 'winlogbeat'}}}, {'_index': 'winlogbeat', '_type': 'doc', '_id': 'K83l130BMs_nTerjfMVt', '_score': 1.0, '_source': {'@timestamp': '2021-12-20T12:51:18.229Z', 'ecs': {'version': '1.9.0'}, 'agent': {'type': 'winlogbeat', 'version': '7.13.2', 'hostname': 'DESKTOP-T3V8EOP', 'ephemeral_id': '41f4d791-f3b8-47ed-b193-c7151f023406', 'id': '621af60c-6ab1-4b77-803e-d523c7d8ec04', 'name': 'DESKTOP-T3V8EOP'}, 'event': {'created': '2021-12-20T12:51:20.151Z', 'code': '1', 'kind': 'event', 'provider': 'Microsoft-Windows-Sysmon', 'timezone': '+08:00'}, 'log': {'level': 'information'}, 'host': {'architecture': 'x86_64', 'os': {'name': 'Windows 10 Pro', 'kernel': '10.0.22000.318 (WinBuild.160101.0800)', 'build': '22000.318', 'type': 'windows', 'platform': 'windows', 'version': '10.0', 'family': 'windows'}, 'id': '1f725ed7-b14c-494d-9fc1-4bc3eeb0b29b', 'ip': ['fe80::1911:e65c:d649:9768', '192.168.56.1', 'fe80::24c3:baf3:3d58:f2af', '169.254.242.175', 'fe80::a832:f35:3de:862c', '169.254.134.44', 'fe80::d4a8:14f8:2744:a74a', '192.168.0.83', 'fe80::4d6b:1d3e:cee1:343d', '169.254.52.61'], 'name': 'DESKTOP-T3V8EOP', 'mac': ['0a:00:27:00:00:10', '24:ee:9a:ff:17:da', '26:ee:9a:ff:17:d9', '24:ee:9a:ff:17:d9', '24:ee:9a:ff:17:dd'], 'hostname': 'DESKTOP-T3V8EOP'}, 'winlog': {'event_id': '1', 'user': {'identifier': 'S-1-5-18', 'domain': 'NT AUTHORITY', 'name': 'SYSTEM', 'type': 'User'}, 'event_data': {'ProcessGuid': '{1f725ed7-7c46-61c0-361b-938100000000}', 'Company': 'Rivet Networks LLC', 'LogonId': '0x6ba12a0f', 'TerminalSessionId': '2', 'IntegrityLevel': 'Medium', 'Hashes': 'MD5=F70A23758DA94B90A01CC791ACC7F385,SHA256=EEBCC0C6FD9A7BF70BA3028DAEA19C450FCC698169C2E5B03F6BEF9D4BBA1A6F,IMPHASH=935B686812E8D4246E2278AF50AA30FB', 'ParentProcessId': '5312', 'ParentCommandLine': '\"RAPS.exe\"', 'UtcTime': '2021-12-20 12:51:18.228', 'FileVersion': '3.1.995.0', 'ProcessId': '13720', 'OriginalFileName': 'RAPS.exe', 'User': 'DESKTOP-T3V8EOP\\\\a3789', 'CommandLine': 'RAPS.exe -u', 'CurrentDirectory': 'C:\\\\Program Files\\\\Rivet Networks\\\\SmartByte\\\\', 'ParentImage': 'C:\\\\Program Files\\\\Rivet Networks\\\\SmartByte\\\\RAPS.exe', 'Description': 'RivetAPS', 'LogonGuid': '{1f725ed7-4242-61bc-0f2a-a16b00000000}', 'ParentProcessGuid': '{1f725ed7-296e-61ab-8f00-000000000d00}', 'RuleName': '-', 'Image': 'C:\\\\Program Files\\\\Rivet Networks\\\\SmartByte\\\\RAPS.exe', 'Product': 'RivetAPS'}, 'version': 5, 'api': 'wineventlog', 'channel': 'Microsoft-Windows-Sysmon/Operational', 'provider_name': 'Microsoft-Windows-Sysmon', 'record_id': 496, 'computer_name': 'DESKTOP-T3V8EOP', 'provider_guid': '{5770385f-c22a-43e0-bf4c-06f5698ffbd9}', 'process': {'thread': {'id': 26096}, 'pid': 53848}}, 'fields': {'endpoint_email': 'a3789468739@gmail.com', 'endpoint_org3': 'T7-1639616151642', 'endpoint_project': 'df909038f4bcafd88f8d49c7f6ad5ccd'}}}, {'_index': 'winlogbeat', '_type': 'doc', '_id': 'Lc3m130BMs_nTerjc8Ux', '_score': 1.0, '_source': {'@timestamp': '2021-12-20T12:52:21.924Z', 'fields': {'endpoint_project': 'df909038f4bcafd88f8d49c7f6ad5ccd', 'endpoint_email': 'a3789468739@gmail.com', 'endpoint_org3': 'T7-1639616151642'}, 'ecs': {'version': '1.9.0'}, 'agent': {'ephemeral_id': '41f4d791-f3b8-47ed-b193-c7151f023406', 'id': '621af60c-6ab1-4b77-803e-d523c7d8ec04', 'name': 'DESKTOP-T3V8EOP', 'type': 'winlogbeat', 'version': '7.13.2', 'hostname': 'DESKTOP-T3V8EOP'}, 'winlog': {'process': {'thread': {'id': 26096}, 'pid': 53848}, 'api': 'wineventlog', 'provider_guid': '{5770385f-c22a-43e0-bf4c-06f5698ffbd9}', 'user': {'name': 'SYSTEM', 'type': 'User', 'identifier': 'S-1-5-18', 'domain': 'NT AUTHORITY'}, 'computer_name': 'DESKTOP-T3V8EOP', 'channel': 'Microsoft-Windows-Sysmon/Operational', 'event_id': '1', 'provider_name': 'Microsoft-Windows-Sysmon', 'record_id': 498, 'version': 5, 'event_data': {'ParentProcessGuid': '{1f725ed7-296e-61ab-8f00-000000000d00}', 'ParentProcessId': '5312', 'IntegrityLevel': 'Medium', 'Image': 'C:\\\\Program Files\\\\Rivet Networks\\\\SmartByte\\\\RAPS.exe', 'CurrentDirectory': 'C:\\\\Program Files\\\\Rivet Networks\\\\SmartByte\\\\', 'ProcessId': '9648', 'Product': 'RivetAPS', 'OriginalFileName': 'RAPS.exe', 'Description': 'RivetAPS', 'Hashes': 'MD5=F70A23758DA94B90A01CC791ACC7F385,SHA256=EEBCC0C6FD9A7BF70BA3028DAEA19C450FCC698169C2E5B03F6BEF9D4BBA1A6F,IMPHASH=935B686812E8D4246E2278AF50AA30FB', 'User': 'DESKTOP-T3V8EOP\\\\a3789', 'LogonId': '0x6ba12a0f', 'UtcTime': '2021-12-20 12:52:21.922', 'ProcessGuid': '{1f725ed7-7c85-61c0-0a38-968100000000}', 'ParentCommandLine': '\"RAPS.exe\"', 'RuleName': '-', 'FileVersion': '3.1.995.0', 'TerminalSessionId': '2', 'LogonGuid': '{1f725ed7-4242-61bc-0f2a-a16b00000000}', 'CommandLine': 'RAPS.exe -u', 'ParentImage': 'C:\\\\Program Files\\\\Rivet Networks\\\\SmartByte\\\\RAPS.exe', 'Company': 'Rivet Networks LLC'}}, 'event': {'created': '2021-12-20T12:52:23.325Z', 'code': '1', 'kind': 'event', 'provider': 'Microsoft-Windows-Sysmon', 'timezone': '+08:00'}, 'log': {'level': 'information'}, 'host': {'mac': ['0a:00:27:00:00:10', '24:ee:9a:ff:17:da', '26:ee:9a:ff:17:d9', '24:ee:9a:ff:17:d9', '24:ee:9a:ff:17:dd'], 'hostname': 'DESKTOP-T3V8EOP', 'architecture': 'x86_64', 'os': {'family': 'windows', 'name': 'Windows 10 Pro', 'kernel': '10.0.22000.318 (WinBuild.160101.0800)', 'build': '22000.318', 'type': 'windows', 'platform': 'windows', 'version': '10.0'}, 'id': '1f725ed7-b14c-494d-9fc1-4bc3eeb0b29b', 'ip': ['fe80::1911:e65c:d649:9768', '192.168.56.1', 'fe80::24c3:baf3:3d58:f2af', '169.254.242.175', 'fe80::a832:f35:3de:862c', '169.254.134.44', 'fe80::d4a8:14f8:2744:a74a', '192.168.0.83', 'fe80::4d6b:1d3e:cee1:343d', '169.254.52.61'], 'name': 'DESKTOP-T3V8EOP'}}}, {'_index': 'winlogbeat', '_type': 'doc', '_id': 'Fs3k130BMs_nTerjBMUK', '_score': 1.0, '_source': {'@timestamp': '2021-12-20T12:49:42.754Z', 'log': {'level': 'information'}, 'host': {'os': {'platform': 'windows', 'version': '10.0', 'family': 'windows', 'name': 'Windows 10 Pro', 'kernel': '10.0.22000.318 (WinBuild.160101.0800)', 'build': '22000.318', 'type': 'windows'}, 'name': 'DESKTOP-T3V8EOP', 'id': '1f725ed7-b14c-494d-9fc1-4bc3eeb0b29b', 'ip': ['fe80::1911:e65c:d649:9768', '192.168.56.1', 'fe80::24c3:baf3:3d58:f2af', '169.254.242.175', 'fe80::a832:f35:3de:862c', '169.254.134.44', 'fe80::d4a8:14f8:2744:a74a', '192.168.0.83', 'fe80::4d6b:1d3e:cee1:343d', '169.254.52.61'], 'mac': ['0a:00:27:00:00:10', '24:ee:9a:ff:17:da', '26:ee:9a:ff:17:d9', '24:ee:9a:ff:17:d9', '24:ee:9a:ff:17:dd'], 'hostname': 'DESKTOP-T3V8EOP', 'architecture': 'x86_64'}, 'winlog': {'provider_name': 'Microsoft-Windows-Sysmon', 'event_data': {'LogonId': '0x6ba12a0f', 'RuleName': '-', 'ParentProcessGuid': '{1f725ed7-296e-61ab-8f00-000000000d00}', 'ParentCommandLine': '\"RAPS.exe\"', 'ProcessGuid': '{1f725ed7-7be6-61c0-e4fc-8d8100000000}', 'CurrentDirectory': 'C:\\\\Program Files\\\\Rivet Networks\\\\SmartByte\\\\', 'Product': 'RivetAPS', 'User': 'DESKTOP-T3V8EOP\\\\a3789', 'TerminalSessionId': '2', 'OriginalFileName': 'RAPS.exe', 'IntegrityLevel': 'Medium', 'CommandLine': 'RAPS.exe -u', 'Image': 'C:\\\\Program Files\\\\Rivet Networks\\\\SmartByte\\\\RAPS.exe', 'Company': 'Rivet Networks LLC', 'Hashes': 'MD5=F70A23758DA94B90A01CC791ACC7F385,SHA256=EEBCC0C6FD9A7BF70BA3028DAEA19C450FCC698169C2E5B03F6BEF9D4BBA1A6F,IMPHASH=935B686812E8D4246E2278AF50AA30FB', 'FileVersion': '3.1.995.0', 'Description': 'RivetAPS', 'UtcTime': '2021-12-20 12:49:42.752', 'LogonGuid': '{1f725ed7-4242-61bc-0f2a-a16b00000000}', 'ParentProcessId': '5312', 'ParentImage': 'C:\\\\Program Files\\\\Rivet Networks\\\\SmartByte\\\\RAPS.exe', 'ProcessId': '48212'}, 'channel': 'Microsoft-Windows-Sysmon/Operational', 'record_id': 489, 'user': {'type': 'User', 'identifier': 'S-1-5-18', 'domain': 'NT AUTHORITY', 'name': 'SYSTEM'}, 'process': {'pid': 53848, 'thread': {'id': 26096}}, 'version': 5, 'computer_name': 'DESKTOP-T3V8EOP', 'provider_guid': '{5770385f-c22a-43e0-bf4c-06f5698ffbd9}', 'api': 'wineventlog', 'event_id': '1'}, 'fields': {'endpoint_org3': 'T7-1639616151642', 'endpoint_project': 'df909038f4bcafd88f8d49c7f6ad5ccd', 'endpoint_email': 'a3789468739@gmail.com'}, 'ecs': {'version': '1.9.0'}, 'agent': {'id': '621af60c-6ab1-4b77-803e-d523c7d8ec04', 'name': 'DESKTOP-T3V8EOP', 'type': 'winlogbeat', 'version': '7.13.2', 'hostname': 'DESKTOP-T3V8EOP', 'ephemeral_id': '41f4d791-f3b8-47ed-b193-c7151f023406'}, 'event': {'kind': 'event', 'provider': 'Microsoft-Windows-Sysmon', 'created': '2021-12-20T12:49:43.810Z', 'code': '1', 'timezone': '+08:00'}}}, {'_index': 'winlogbeat', '_type': 'doc', '_id': 'A83i130BMs_nTerjzcUN', '_score': 1.0, '_source': {'@timestamp': '2021-12-20T12:48:22.465Z', 'host': {'architecture': 'x86_64', 'os': {'platform': 'windows', 'version': '10.0', 'family': 'windows', 'name': 'Windows 10 Home', 'kernel': '10.0.19041.1348 (WinBuild.160101.0800)', 'build': '19042.1348', 'type': 'windows'}, 'name': 'LAPTOP-O5NUGDHI', 'id': 'e36c1727-1de3-433d-994a-ca48c783f851', 'ip': ['fe80::58e1:a727:458c:c8be', '169.254.200.190', 'fe80::4de3:b7e9:d153:1f26', '192.168.56.1', 'fe80::8927:63d8:812f:a641', '169.254.166.65', 'fe80::84a4:848d:cec2:84a', '192.168.137.1', 'fe80::e9ed:ddfa:f064:e416', '192.168.33.13'], 'mac': ['5e:2c:79:6a:7a:52', '0a:00:27:00:00:10', 'd2:c5:d3:c3:02:75', 'f2:c5:d3:c3:02:75', 'd0:c5:d3:c3:02:75'], 'hostname': 'LAPTOP-O5NUGDHI'}, 'winlog': {'computer_name': 'LAPTOP-O5NUGDHI', 'user': {'domain': 'NT AUTHORITY', 'name': 'SYSTEM', 'type': 'User', 'identifier': 'S-1-5-18'}, 'opcode': '資訊', 'api': 'wineventlog', 'version': 5, 'channel': 'Microsoft-Windows-Sysmon/Operational', 'process': {'pid': 25104, 'thread': {'id': 25128}}, 'provider_guid': '{5770385f-c22a-43e0-bf4c-06f5698ffbd9}', 'event_id': '3', 'task': 'Network connection detected (rule: NetworkConnect)', 'event_data': {'SourceHostname': 'LAPTOP-O5NUGDHI.hitronhub.home', 'DestinationIp': '147.92.146.132', 'DestinationPort': '443', 'Image': 'C:\\\\Users\\\\x1tiw\\\\AppData\\\\Local\\\\LINE\\\\bin\\\\current\\\\LINE.exe', 'ProcessGuid': '{e36c1727-7ad5-61c0-1729-010000002d00}', 'Protocol': 'tcp', 'SourcePortName': '-', 'DestinationPortName': 'https', 'RuleName': 'Usermode', 'SourceIp': '192.168.33.13', 'Initiated': 'true', 'SourceIsIpv6': 'false', 'DestinationIsIpv6': 'false', 'ProcessId': '33192', 'SourcePort': '1659', 'User': 'LAPTOP-O5NUGDHI\\\\mu', 'DestinationHostname': '-', 'UtcTime': '2021-12-20 12:36:53.004'}, 'provider_name': 'Microsoft-Windows-Sysmon', 'record_id': 399}, 'event': {'kind': 'event', 'provider': 'Microsoft-Windows-Sysmon', 'action': 'Network connection detected (rule: NetworkConnect)', 'timezone': '+08:00', 'created': '2021-12-20T12:48:23.818Z', 'code': '3'}, 'log': {'level': '資訊'}, 'fields': {'endpoint_email': 't108ab0706@ntut.org.tw', 'endpoint_org3': 'T7-1639616151642', 'endpoint_project': 'df909038f4bcafd88f8d49c7f6ad5ccd'}, 'ecs': {'version': '1.9.0'}, 'agent': {'id': 'bacf81f0-932a-4bf6-8615-09b8fbf307ac', 'name': 'LAPTOP-O5NUGDHI', 'type': 'winlogbeat', 'version': '7.13.2', 'hostname': 'LAPTOP-O5NUGDHI', 'ephemeral_id': '15a65e24-2d8b-4182-ba26-0ab8c6e22ccc'}, 'message': 'Network connection detected:\\nRuleName: Usermode\\nUtcTime: 2021-12-20 12:36:53.004\\nProcessGuid: {e36c1727-7ad5-61c0-1729-010000002d00}\\nProcessId: 33192\\nImage: C:\\\\Users\\\\x1tiw\\\\AppData\\\\Local\\\\LINE\\\\bin\\\\current\\\\LINE.exe\\nUser: LAPTOP-O5NUGDHI\\\\mu\\nProtocol: tcp\\nInitiated: true\\nSourceIsIpv6: false\\nSourceIp: 192.168.33.13\\nSourceHostname: LAPTOP-O5NUGDHI.hitronhub.home\\nSourcePort: 1659\\nSourcePortName: -\\nDestinationIsIpv6: false\\nDestinationIp: 147.92.146.132\\nDestinationHostname: -\\nDestinationPort: 443\\nDestinationPortName: https'}}, {'_index': 'winlogbeat', '_type': 'doc', '_id': 'DM3j130BMs_nTerjD8Xx', '_score': 1.0, '_source': {'@timestamp': '2021-12-20T12:48:40.703Z', 'agent': {'version': '7.13.2', 'hostname': 'LAPTOP-O5NUGDHI', 'ephemeral_id': '15a65e24-2d8b-4182-ba26-0ab8c6e22ccc', 'id': 'bacf81f0-932a-4bf6-8615-09b8fbf307ac', 'name': 'LAPTOP-O5NUGDHI', 'type': 'winlogbeat'}, 'message': 'Process terminated:\\nRuleName: -\\nUtcTime: 2021-12-20 12:48:40.702\\nProcessGuid: {e36c1727-7aea-61c0-d97d-405e00000000}\\nProcessId: 4840\\nImage: C:\\\\Users\\\\x1tiw\\\\AppData\\\\Local\\\\LINE\\\\Data\\\\plugin\\\\LineMediaPlayer\\\\1.2.0.391\\\\LineMediaPlayer.exe', 'host': {'name': 'LAPTOP-O5NUGDHI', 'architecture': 'x86_64', 'os': {'build': '19042.1348', 'type': 'windows', 'platform': 'windows', 'version': '10.0', 'family': 'windows', 'name': 'Windows 10 Home', 'kernel': '10.0.19041.1348 (WinBuild.160101.0800)'}, 'id': 'e36c1727-1de3-433d-994a-ca48c783f851', 'ip': ['fe80::58e1:a727:458c:c8be', '169.254.200.190', 'fe80::4de3:b7e9:d153:1f26', '192.168.56.1', 'fe80::8927:63d8:812f:a641', '169.254.166.65', 'fe80::84a4:848d:cec2:84a', '192.168.137.1', 'fe80::e9ed:ddfa:f064:e416', '192.168.33.13'], 'mac': ['5e:2c:79:6a:7a:52', '0a:00:27:00:00:10', 'd2:c5:d3:c3:02:75', 'f2:c5:d3:c3:02:75', 'd0:c5:d3:c3:02:75'], 'hostname': 'LAPTOP-O5NUGDHI'}, 'winlog': {'api': 'wineventlog', 'event_id': '5', 'record_id': 407, 'provider_name': 'Microsoft-Windows-Sysmon', 'task': 'Process terminated (rule: ProcessTerminate)', 'provider_guid': '{5770385f-c22a-43e0-bf4c-06f5698ffbd9}', 'version': 3, 'computer_name': 'LAPTOP-O5NUGDHI', 'event_data': {'Image': 'C:\\\\Users\\\\x1tiw\\\\AppData\\\\Local\\\\LINE\\\\Data\\\\plugin\\\\LineMediaPlayer\\\\1.2.0.391\\\\LineMediaPlayer.exe', 'RuleName': '-', 'UtcTime': '2021-12-20 12:48:40.702', 'ProcessGuid': '{e36c1727-7aea-61c0-d97d-405e00000000}', 'ProcessId': '4840'}, 'process': {'pid': 25104, 'thread': {'id': 33332}}, 'opcode': '資訊', 'user': {'domain': 'NT AUTHORITY', 'name': 'SYSTEM', 'type': 'User', 'identifier': 'S-1-5-18'}, 'channel': 'Microsoft-Windows-Sysmon/Operational'}, 'event': {'provider': 'Microsoft-Windows-Sysmon', 'action': 'Process terminated (rule: ProcessTerminate)', 'timezone': '+08:00', 'created': '2021-12-20T12:48:40.941Z', 'code': '5', 'kind': 'event'}, 'log': {'level': '資訊'}, 'fields': {'endpoint_org3': 'T7-1639616151642', 'endpoint_project': 'df909038f4bcafd88f8d49c7f6ad5ccd', 'endpoint_email': 't108ab0706@ntut.org.tw'}, 'ecs': {'version': '1.9.0'}}}, {'_index': 'winlogbeat', '_type': 'doc', '_id': 'Vc3-130BMs_nTerjXcaX', '_score': 1.0, '_source': {'@timestamp': '2021-12-20T13:18:29.433Z', 'fields': {'endpoint_email': 'a3789468739@gmail.com', 'endpoint_org3': 'T7-1639616151642', 'endpoint_project': 'df909038f4bcafd88f8d49c7f6ad5ccd'}, 'ecs': {'version': '1.9.0'}, 'agent': {'version': '7.13.2', 'hostname': 'DESKTOP-T3V8EOP', 'ephemeral_id': '41f4d791-f3b8-47ed-b193-c7151f023406', 'id': '621af60c-6ab1-4b77-803e-d523c7d8ec04', 'name': 'DESKTOP-T3V8EOP', 'type': 'winlogbeat'}, 'event': {'provider': 'Microsoft-Windows-Sysmon', 'timezone': '+08:00', 'created': '2021-12-20T13:18:30.659Z', 'code': '1', 'kind': 'event'}, 'log': {'level': 'information'}, 'host': {'id': '1f725ed7-b14c-494d-9fc1-4bc3eeb0b29b', 'name': 'DESKTOP-T3V8EOP', 'ip': ['fe80::1911:e65c:d649:9768', '192.168.56.1', 'fe80::24c3:baf3:3d58:f2af', '169.254.242.175', 'fe80::a832:f35:3de:862c', '169.254.134.44', 'fe80::d4a8:14f8:2744:a74a', '192.168.0.83', 'fe80::4d6b:1d3e:cee1:343d', '169.254.52.61'], 'mac': ['0a:00:27:00:00:10', '24:ee:9a:ff:17:da', '26:ee:9a:ff:17:d9', '24:ee:9a:ff:17:d9', '24:ee:9a:ff:17:dd'], 'hostname': 'DESKTOP-T3V8EOP', 'architecture': 'x86_64', 'os': {'type': 'windows', 'platform': 'windows', 'version': '10.0', 'family': 'windows', 'name': 'Windows 10 Pro', 'kernel': '10.0.22000.318 (WinBuild.160101.0800)', 'build': '22000.318'}}, 'winlog': {'provider_name': 'Microsoft-Windows-Sysmon', 'record_id': 647, 'provider_guid': '{5770385f-c22a-43e0-bf4c-06f5698ffbd9}', 'computer_name': 'DESKTOP-T3V8EOP', 'user': {'identifier': 'S-1-5-18', 'domain': 'NT AUTHORITY', 'name': 'SYSTEM', 'type': 'User'}, 'event_data': {'User': 'DESKTOP-T3V8EOP\\\\a3789', 'Hashes': 'MD5=F70A23758DA94B90A01CC791ACC7F385,SHA256=EEBCC0C6FD9A7BF70BA3028DAEA19C450FCC698169C2E5B03F6BEF9D4BBA1A6F,IMPHASH=935B686812E8D4246E2278AF50AA30FB', 'UtcTime': '2021-12-20 13:18:29.431', 'Image': 'C:\\\\Program Files\\\\Rivet Networks\\\\SmartByte\\\\RAPS.exe', 'FileVersion': '3.1.995.0', 'LogonGuid': '{1f725ed7-4242-61bc-0f2a-a16b00000000}', 'ProcessId': '20912', 'CurrentDirectory': 'C:\\\\Program Files\\\\Rivet Networks\\\\SmartByte\\\\', 'ParentCommandLine': '\"RAPS.exe\"', 'ParentProcessId': '5312', 'Product': 'RivetAPS', 'TerminalSessionId': '2', 'Description': 'RivetAPS', 'OriginalFileName': 'RAPS.exe', 'Company': 'Rivet Networks LLC', 'LogonId': '0x6ba12a0f', 'ProcessGuid': '{1f725ed7-82a5-61c0-cccc-e78100000000}', 'IntegrityLevel': 'Medium', 'ParentImage': 'C:\\\\Program Files\\\\Rivet Networks\\\\SmartByte\\\\RAPS.exe', 'CommandLine': 'RAPS.exe -u', 'ParentProcessGuid': '{1f725ed7-296e-61ab-8f00-000000000d00}', 'RuleName': '-'}, 'channel': 'Microsoft-Windows-Sysmon/Operational', 'event_id': '1', 'process': {'pid': 53848, 'thread': {'id': 26096}}, 'api': 'wineventlog', 'version': 5}}}, {'_index': 'winlogbeat', '_type': 'doc', '_id': 'WM3-130BMs_nTerjY8ab', '_score': 1.0, '_source': {'@timestamp': '2021-12-20T13:18:30.608Z', 'agent': {'name': 'LAPTOP-O5NUGDHI', 'type': 'winlogbeat', 'version': '7.13.2', 'hostname': 'LAPTOP-O5NUGDHI', 'ephemeral_id': '15a65e24-2d8b-4182-ba26-0ab8c6e22ccc', 'id': 'bacf81f0-932a-4bf6-8615-09b8fbf307ac'}, 'message': 'Registry value set:\\nRuleName: Tamper-Winlogon\\nEventType: SetValue\\nUtcTime: 2021-12-20 13:18:30.607\\nProcessGuid: {e36c1727-82a6-61c0-c56e-6f5e00000000}\\nProcessId: 37420\\nImage: C:\\\\WINDOWS\\\\servicing\\\\TrustedInstaller.exe\\nTargetObject: HKLM\\\\System\\\\CurrentControlSet\\\\Control\\\\Winlogon\\\\Notifications\\\\Components\\\\TrustedInstaller\\\\Events\\nDetails: CreateSession', 'host': {'name': 'LAPTOP-O5NUGDHI', 'architecture': 'x86_64', 'os': {'build': '19042.1348', 'type': 'windows', 'platform': 'windows', 'version': '10.0', 'family': 'windows', 'name': 'Windows 10 Home', 'kernel': '10.0.19041.1348 (WinBuild.160101.0800)'}, 'id': 'e36c1727-1de3-433d-994a-ca48c783f851', 'ip': ['fe80::58e1:a727:458c:c8be', '169.254.200.190', 'fe80::4de3:b7e9:d153:1f26', '192.168.56.1', 'fe80::8927:63d8:812f:a641', '169.254.166.65', 'fe80::84a4:848d:cec2:84a', '192.168.137.1', 'fe80::e9ed:ddfa:f064:e416', '192.168.33.13'], 'mac': ['5e:2c:79:6a:7a:52', '0a:00:27:00:00:10', 'd2:c5:d3:c3:02:75', 'f2:c5:d3:c3:02:75', 'd0:c5:d3:c3:02:75'], 'hostname': 'LAPTOP-O5NUGDHI'}, 'winlog': {'event_data': {'ProcessId': '37420', 'Image': 'C:\\\\WINDOWS\\\\servicing\\\\TrustedInstaller.exe', 'TargetObject': 'HKLM\\\\System\\\\CurrentControlSet\\\\Control\\\\Winlogon\\\\Notifications\\\\Components\\\\TrustedInstaller\\\\Events', 'Details': 'CreateSession', 'RuleName': 'Tamper-Winlogon', 'EventType': 'SetValue', 'UtcTime': '2021-12-20 13:18:30.607', 'ProcessGuid': '{e36c1727-82a6-61c0-c56e-6f5e00000000}'}, 'event_id': '13', 'provider_guid': '{5770385f-c22a-43e0-bf4c-06f5698ffbd9}', 'version': 2, 'user': {'domain': 'NT AUTHORITY', 'name': 'SYSTEM', 'type': 'User', 'identifier': 'S-1-5-18'}, 'opcode': '資訊', 'process': {'thread': {'id': 33332}, 'pid': 25104}, 'api': 'wineventlog', 'computer_name': 'LAPTOP-O5NUGDHI', 'record_id': 499, 'channel': 'Microsoft-Windows-Sysmon/Operational', 'task': 'Registry value set (rule: RegistryEvent)', 'provider_name': 'Microsoft-Windows-Sysmon'}, 'event': {'provider': 'Microsoft-Windows-Sysmon', 'action': 'Registry value set (rule: RegistryEvent)', 'timezone': '+08:00', 'created': '2021-12-20T13:18:31.795Z', 'code': '13', 'kind': 'event'}, 'log': {'level': '資訊'}, 'fields': {'endpoint_project': 'df909038f4bcafd88f8d49c7f6ad5ccd', 'endpoint_email': 't108ab0706@ntut.org.tw', 'endpoint_org3': 'T7-1639616151642'}, 'ecs': {'version': '1.9.0'}}}, {'_index': 'winlogbeat', '_type': 'doc', '_id': 'Sc39130BMs_nTerjzsbE', '_score': 1.0, '_source': {'@timestamp': '2021-12-20T13:17:52.570Z', 'agent': {'hostname': 'LAPTOP-O5NUGDHI', 'ephemeral_id': '15a65e24-2d8b-4182-ba26-0ab8c6e22ccc', 'id': 'bacf81f0-932a-4bf6-8615-09b8fbf307ac', 'name': 'LAPTOP-O5NUGDHI', 'type': 'winlogbeat', 'version': '7.13.2'}, 'ecs': {'version': '1.9.0'}, 'winlog': {'provider_name': 'Microsoft-Windows-Sysmon', 'event_data': {'Image': 'C:\\\\Users\\\\x1tiw\\\\AppData\\\\Local\\\\Microsoft\\\\OneDrive\\\\21.230.1107.0004\\\\FileCoAuth.exe', 'Product': 'Microsoft OneDrive', 'UtcTime': '2021-12-20 13:17:52.567', 'ProcessGuid': '{e36c1727-8280-61c0-80e0-6d5e00000000}', 'Description': 'Microsoft OneDriveFile Co-Authoring Executable', 'RuleName': '-', 'OriginalFileName': 'FileCoAuth.exe', 'ProcessId': '26732', 'ParentImage': 'C:\\\\Windows\\\\System32\\\\svchost.exe', 'CommandLine': '\"C:\\\\Users\\\\x1tiw\\\\AppData\\\\Local\\\\Microsoft\\\\OneDrive\\\\21.230.1107.0004\\\\FileCoAuth.exe\" -Embedding', 'LogonId': '0x5dcfe95a', 'TerminalSessionId': '65', 'IntegrityLevel': 'Medium', 'Hashes': 'MD5=1AD7994CF46C3F947FDB2C84A3D93E18,SHA256=65FA9EA7161AECA034301CAD4A237A939F95561CC41EF5E2388645FF9CCFB65C,IMPHASH=BB30F184A43CDDB0C69B81620C560776', 'ParentProcessGuid': '{e36c1727-c51d-6193-0c00-000000002d00}', 'Company': 'Microsoft Corporation', 'LogonGuid': '{e36c1727-6cfb-61c0-5ae9-cf5d00000000}', 'ParentCommandLine': 'C:\\\\WINDOWS\\\\system32\\\\svchost.exe -k DcomLaunch -p', 'FileVersion': '21.230.1107.0004', 'User': 'LAPTOP-O5NUGDHI\\\\mu', 'CurrentDirectory': 'C:\\\\WINDOWS\\\\system32\\\\', 'ParentProcessId': '584'}, 'task': 'Process Create (rule: ProcessCreate)', 'opcode': '資訊', 'event_id': '1', 'computer_name': 'LAPTOP-O5NUGDHI', 'user': {'identifier': 'S-1-5-18', 'domain': 'NT AUTHORITY', 'name': 'SYSTEM', 'type': 'User'}, 'provider_guid': '{5770385f-c22a-43e0-bf4c-06f5698ffbd9}', 'process': {'pid': 25104, 'thread': {'id': 33332}}, 'record_id': 489, 'channel': 'Microsoft-Windows-Sysmon/Operational', 'api': 'wineventlog', 'version': 5}, 'event': {'action': 'Process Create (rule: ProcessCreate)', 'created': '2021-12-20T13:17:53.658Z', 'code': '1', 'kind': 'event', 'provider': 'Microsoft-Windows-Sysmon', 'timezone': '+08:00'}, 'log': {'level': '資訊'}, 'message': 'Process Create:\\nRuleName: -\\nUtcTime: 2021-12-20 13:17:52.567\\nProcessGuid: {e36c1727-8280-61c0-80e0-6d5e00000000}\\nProcessId: 26732\\nImage: C:\\\\Users\\\\x1tiw\\\\AppData\\\\Local\\\\Microsoft\\\\OneDrive\\\\21.230.1107.0004\\\\FileCoAuth.exe\\nFileVersion: 21.230.1107.0004\\nDescription: Microsoft OneDriveFile Co-Authoring Executable\\nProduct: Microsoft OneDrive\\nCompany: Microsoft Corporation\\nOriginalFileName: FileCoAuth.exe\\nCommandLine: \"C:\\\\Users\\\\x1tiw\\\\AppData\\\\Local\\\\Microsoft\\\\OneDrive\\\\21.230.1107.0004\\\\FileCoAuth.exe\" -Embedding\\nCurrentDirectory: C:\\\\WINDOWS\\\\system32\\\\\\nUser: LAPTOP-O5NUGDHI\\\\mu\\nLogonGuid: {e36c1727-6cfb-61c0-5ae9-cf5d00000000}\\nLogonId: 0x5DCFE95A\\nTerminalSessionId: 65\\nIntegrityLevel: Medium\\nHashes: MD5=1AD7994CF46C3F947FDB2C84A3D93E18,SHA256=65FA9EA7161AECA034301CAD4A237A939F95561CC41EF5E2388645FF9CCFB65C,IMPHASH=BB30F184A43CDDB0C69B81620C560776\\nParentProcessGuid: {e36c1727-c51d-6193-0c00-000000002d00}\\nParentProcessId: 584\\nParentImage: C:\\\\Windows\\\\System32\\\\svchost.exe\\nParentCommandLine: C:\\\\WINDOWS\\\\system32\\\\svchost.exe -k DcomLaunch -p', 'host': {'architecture': 'x86_64', 'os': {'build': '19042.1348', 'type': 'windows', 'platform': 'windows', 'version': '10.0', 'family': 'windows', 'name': 'Windows 10 Home', 'kernel': '10.0.19041.1348 (WinBuild.160101.0800)'}, 'id': 'e36c1727-1de3-433d-994a-ca48c783f851', 'ip': ['fe80::58e1:a727:458c:c8be', '169.254.200.190', 'fe80::4de3:b7e9:d153:1f26', '192.168.56.1', 'fe80::8927:63d8:812f:a641', '169.254.166.65', 'fe80::84a4:848d:cec2:84a', '192.168.137.1', 'fe80::e9ed:ddfa:f064:e416', '192.168.33.13'], 'name': 'LAPTOP-O5NUGDHI', 'mac': ['5e:2c:79:6a:7a:52', '0a:00:27:00:00:10', 'd2:c5:d3:c3:02:75', 'f2:c5:d3:c3:02:75', 'd0:c5:d3:c3:02:75'], 'hostname': 'LAPTOP-O5NUGDHI'}, 'fields': {'endpoint_project': 'df909038f4bcafd88f8d49c7f6ad5ccd', 'endpoint_email': 't108ab0706@ntut.org.tw', 'endpoint_org3': 'T7-1639616151642'}}}, {'_index': 'winlogbeat', '_type': 'doc', '_id': 'Ps39130BMs_nTerjXsa4', '_score': 1.0, '_source': {'@timestamp': '2021-12-20T13:17:23.557Z', 'winlog': {'computer_name': 'DESKTOP-T3V8EOP', 'process': {'thread': {'id': 34612}, 'pid': 53848}, 'channel': 'Microsoft-Windows-Sysmon/Operational', 'event_id': '22', 'provider_name': 'Microsoft-Windows-Sysmon', 'provider_guid': '{5770385f-c22a-43e0-bf4c-06f5698ffbd9}', 'user': {'name': 'SYSTEM', 'type': 'User', 'identifier': 'S-1-5-18', 'domain': 'NT AUTHORITY'}, 'api': 'wineventlog', 'record_id': 634, 'event_data': {'UtcTime': '2021-12-20 13:17:22.033', 'ProcessGuid': '{1f725ed7-4264-61bc-2db1-000000000d00}', 'ProcessId': '27400', 'QueryName': 'ocsp.quovadisglobal.com', 'QueryStatus': '0', 'QueryResults': '::ffff:52.214.169.148;', 'Image': 'C:\\\\Program Files (x86)\\\\Microsoft\\\\Edge\\\\Application\\\\msedge.exe', 'RuleName': '-'}, 'version': 5}, 'fields': {'endpoint_org3': 'T7-1639616151642', 'endpoint_project': 'df909038f4bcafd88f8d49c7f6ad5ccd', 'endpoint_email': 'a3789468739@gmail.com'}, 'ecs': {'version': '1.9.0'}, 'agent': {'ephemeral_id': '41f4d791-f3b8-47ed-b193-c7151f023406', 'id': '621af60c-6ab1-4b77-803e-d523c7d8ec04', 'name': 'DESKTOP-T3V8EOP', 'type': 'winlogbeat', 'version': '7.13.2', 'hostname': 'DESKTOP-T3V8EOP'}, 'event': {'code': '22', 'kind': 'event', 'timezone': '+08:00', 'provider': 'Microsoft-Windows-Sysmon', 'created': '2021-12-20T13:17:25.413Z'}, 'log': {'level': 'information'}, 'host': {'hostname': 'DESKTOP-T3V8EOP', 'architecture': 'x86_64', 'os': {'build': '22000.318', 'type': 'windows', 'platform': 'windows', 'version': '10.0', 'family': 'windows', 'name': 'Windows 10 Pro', 'kernel': '10.0.22000.318 (WinBuild.160101.0800)'}, 'name': 'DESKTOP-T3V8EOP', 'id': '1f725ed7-b14c-494d-9fc1-4bc3eeb0b29b', 'ip': ['fe80::1911:e65c:d649:9768', '192.168.56.1', 'fe80::24c3:baf3:3d58:f2af', '169.254.242.175', 'fe80::a832:f35:3de:862c', '169.254.134.44', 'fe80::d4a8:14f8:2744:a74a', '192.168.0.83', 'fe80::4d6b:1d3e:cee1:343d', '169.254.52.61'], 'mac': ['0a:00:27:00:00:10', '24:ee:9a:ff:17:da', '26:ee:9a:ff:17:d9', '24:ee:9a:ff:17:d9', '24:ee:9a:ff:17:dd']}}}, {'_index': 'winlogbeat', '_type': 'doc', '_id': 'Qc39130BMs_nTerjYsas', '_score': 1.0, '_source': {'@timestamp': '2021-12-20T13:17:25.259Z', 'winlog': {'channel': 'Microsoft-Windows-Sysmon/Operational', 'provider_name': 'Microsoft-Windows-Sysmon', 'api': 'wineventlog', 'user': {'domain': 'NT AUTHORITY', 'name': 'SYSTEM', 'type': 'User', 'identifier': 'S-1-5-18'}, 'event_data': {'UtcTime': '2021-12-20 13:17:25.258', 'Product': 'RivetAPS', 'OriginalFileName': 'RAPS.exe', 'Hashes': 'MD5=F70A23758DA94B90A01CC791ACC7F385,SHA256=EEBCC0C6FD9A7BF70BA3028DAEA19C450FCC698169C2E5B03F6BEF9D4BBA1A6F,IMPHASH=935B686812E8D4246E2278AF50AA30FB', 'LogonGuid': '{1f725ed7-4242-61bc-0f2a-a16b00000000}', 'ProcessGuid': '{1f725ed7-8265-61c0-010f-e48100000000}', 'TerminalSessionId': '2', 'ProcessId': '59868', 'ParentImage': 'C:\\\\Program Files\\\\Rivet Networks\\\\SmartByte\\\\RAPS.exe', 'CommandLine': 'RAPS.exe -u', 'Description': 'RivetAPS', 'User': 'DESKTOP-T3V8EOP\\\\a3789', 'RuleName': '-', 'FileVersion': '3.1.995.0', 'ParentProcessGuid': '{1f725ed7-296e-61ab-8f00-000000000d00}', 'CurrentDirectory': 'C:\\\\Program Files\\\\Rivet Networks\\\\SmartByte\\\\', 'ParentProcessId': '5312', 'Image': 'C:\\\\Program Files\\\\Rivet Networks\\\\SmartByte\\\\RAPS.exe', 'LogonId': '0x6ba12a0f', 'IntegrityLevel': 'Medium', 'ParentCommandLine': '\"RAPS.exe\"', 'Company': 'Rivet Networks LLC'}, 'computer_name': 'DESKTOP-T3V8EOP', 'event_id': '1', 'record_id': 637, 'provider_guid': '{5770385f-c22a-43e0-bf4c-06f5698ffbd9}', 'version': 5, 'process': {'pid': 53848, 'thread': {'id': 26096}}}, 'event': {'created': '2021-12-20T13:17:26.425Z', 'code': '1', 'kind': 'event', 'provider': 'Microsoft-Windows-Sysmon', 'timezone': '+08:00'}, 'log': {'level': 'information'}, 'host': {'name': 'DESKTOP-T3V8EOP', 'hostname': 'DESKTOP-T3V8EOP', 'architecture': 'x86_64', 'os': {'build': '22000.318', 'type': 'windows', 'platform': 'windows', 'version': '10.0', 'family': 'windows', 'name': 'Windows 10 Pro', 'kernel': '10.0.22000.318 (WinBuild.160101.0800)'}, 'id': '1f725ed7-b14c-494d-9fc1-4bc3eeb0b29b', 'ip': ['fe80::1911:e65c:d649:9768', '192.168.56.1', 'fe80::24c3:baf3:3d58:f2af', '169.254.242.175', 'fe80::a832:f35:3de:862c', '169.254.134.44', 'fe80::d4a8:14f8:2744:a74a', '192.168.0.83', 'fe80::4d6b:1d3e:cee1:343d', '169.254.52.61'], 'mac': ['0a:00:27:00:00:10', '24:ee:9a:ff:17:da', '26:ee:9a:ff:17:d9', '24:ee:9a:ff:17:d9', '24:ee:9a:ff:17:dd']}, 'fields': {'endpoint_org3': 'T7-1639616151642', 'endpoint_project': 'df909038f4bcafd88f8d49c7f6ad5ccd', 'endpoint_email': 'a3789468739@gmail.com'}, 'ecs': {'version': '1.9.0'}, 'agent': {'version': '7.13.2', 'hostname': 'DESKTOP-T3V8EOP', 'ephemeral_id': '41f4d791-f3b8-47ed-b193-c7151f023406', 'id': '621af60c-6ab1-4b77-803e-d523c7d8ec04', 'name': 'DESKTOP-T3V8EOP', 'type': 'winlogbeat'}}}, {'_index': 'winlogbeat', '_type': 'doc', '_id': 'Hc36130BMs_nTerjUsbQ', '_score': 1.0, '_source': {'@timestamp': '2021-12-20T13:14:03.847Z', 'fields': {'endpoint_email': 'a3789468739@gmail.com', 'endpoint_org3': 'T7-1639616151642', 'endpoint_project': 'df909038f4bcafd88f8d49c7f6ad5ccd'}, 'agent': {'type': 'winlogbeat', 'version': '7.13.2', 'hostname': 'DESKTOP-T3V8EOP', 'ephemeral_id': '41f4d791-f3b8-47ed-b193-c7151f023406', 'id': '621af60c-6ab1-4b77-803e-d523c7d8ec04', 'name': 'DESKTOP-T3V8EOP'}, 'ecs': {'version': '1.9.0'}, 'winlog': {'event_data': {'ProcessId': '18848', 'CurrentDirectory': 'C:\\\\Program Files (x86)\\\\Microsoft\\\\Edge\\\\Application\\\\96.0.1054.57\\\\', 'RuleName': '-', 'ParentCommandLine': '\"C:\\\\Program Files (x86)\\\\Microsoft\\\\Edge\\\\Application\\\\msedge.exe\" --profile-directory=Default', 'ProcessGuid': '{1f725ed7-819b-61c0-0c14-d98100000000}', 'LogonId': '0x6ba12a0f', 'Description': 'Microsoft Edge', 'Company': 'Microsoft Corporation', 'OriginalFileName': 'msedge.exe', 'Image': 'C:\\\\Program Files (x86)\\\\Microsoft\\\\Edge\\\\Application\\\\msedge.exe', 'FileVersion': '96.0.1054.57', 'TerminalSessionId': '2', 'IntegrityLevel': 'Low', 'CommandLine': '\"C:\\\\Program Files (x86)\\\\Microsoft\\\\Edge\\\\Application\\\\msedge.exe\" --type=renderer --disable-client-side-phishing-detection --display-capture-permissions-policy-allowed --field-trial-handle=2096,10217503095378327848,5264171936250097817,131072 --disable-databases --lang=zh-TW --device-scale-factor=1.25 --num-raster-threads=4 --enable-main-frame-before-activation --renderer-client-id=1141 --mojo-platform-channel-handle=12480 /prefetch:1', 'LogonGuid': '{1f725ed7-4242-61bc-0f2a-a16b00000000}', 'ParentImage': 'C:\\\\Program Files (x86)\\\\Microsoft\\\\Edge\\\\Application\\\\msedge.exe', 'User': 'DESKTOP-T3V8EOP\\\\a3789', 'ParentProcessId': '27400', 'UtcTime': '2021-12-20 13:14:03.842', 'Product': 'Microsoft Edge', 'Hashes': 'MD5=3AEE5493F9C660F6565840F704EAC3D5,SHA256=A02EC567414051D8B0707B9E15BB1BA1CE9068394F30EF70C4D97F17E2CE4F79,IMPHASH=680C3B3C075FF57057C290713261CB56', 'ParentProcessGuid': '{1f725ed7-4264-61bc-2db1-000000000d00}'}, 'event_id': '1', 'version': 5, 'record_id': 613, 'provider_name': 'Microsoft-Windows-Sysmon', 'user': {'identifier': 'S-1-5-18', 'domain': 'NT AUTHORITY', 'name': 'SYSTEM', 'type': 'User'}, 'process': {'pid': 53848, 'thread': {'id': 26096}}, 'computer_name': 'DESKTOP-T3V8EOP', 'provider_guid': '{5770385f-c22a-43e0-bf4c-06f5698ffbd9}', 'api': 'wineventlog', 'channel': 'Microsoft-Windows-Sysmon/Operational'}, 'event': {'code': '1', 'kind': 'event', 'provider': 'Microsoft-Windows-Sysmon', 'timezone': '+08:00', 'created': '2021-12-20T13:14:05.719Z'}, 'log': {'level': 'information'}, 'host': {'name': 'DESKTOP-T3V8EOP', 'mac': ['0a:00:27:00:00:10', '24:ee:9a:ff:17:da', '26:ee:9a:ff:17:d9', '24:ee:9a:ff:17:d9', '24:ee:9a:ff:17:dd'], 'hostname': 'DESKTOP-T3V8EOP', 'architecture': 'x86_64', 'os': {'build': '22000.318', 'type': 'windows', 'platform': 'windows', 'version': '10.0', 'family': 'windows', 'name': 'Windows 10 Pro', 'kernel': '10.0.22000.318 (WinBuild.160101.0800)'}, 'id': '1f725ed7-b14c-494d-9fc1-4bc3eeb0b29b', 'ip': ['fe80::1911:e65c:d649:9768', '192.168.56.1', 'fe80::24c3:baf3:3d58:f2af', '169.254.242.175', 'fe80::a832:f35:3de:862c', '169.254.134.44', 'fe80::d4a8:14f8:2744:a74a', '192.168.0.83', 'fe80::4d6b:1d3e:cee1:343d', '169.254.52.61']}}}, {'_index': 'winlogbeat', '_type': 'doc', '_id': 'Ss39130BMs_nTerj3MZE', '_score': 1.0, '_source': {'@timestamp': '2021-12-20T13:17:56.082Z', 'ecs': {'version': '1.9.0'}, 'agent': {'name': 'DESKTOP-T3V8EOP', 'type': 'winlogbeat', 'version': '7.13.2', 'hostname': 'DESKTOP-T3V8EOP', 'ephemeral_id': '41f4d791-f3b8-47ed-b193-c7151f023406', 'id': '621af60c-6ab1-4b77-803e-d523c7d8ec04'}, 'winlog': {'api': 'wineventlog', 'event_id': '1', 'event_data': {'ProcessGuid': '{1f725ed7-8284-61c0-30d2-e58100000000}', 'LogonGuid': '{1f725ed7-4242-61bc-0f2a-a16b00000000}', 'RuleName': '-', 'ParentCommandLine': '\"C:\\\\Program Files (x86)\\\\Microsoft\\\\Edge\\\\Application\\\\msedge.exe\" --profile-directory=Default', 'ParentProcessGuid': '{1f725ed7-4264-61bc-2db1-000000000d00}', 'ParentImage': 'C:\\\\Program Files (x86)\\\\Microsoft\\\\Edge\\\\Application\\\\msedge.exe', 'FileVersion': '96.0.1054.57', 'User': 'DESKTOP-T3V8EOP\\\\a3789', 'Image': 'C:\\\\Program Files (x86)\\\\Microsoft\\\\Edge\\\\Application\\\\msedge.exe', 'OriginalFileName': 'msedge.exe', 'IntegrityLevel': 'Low', 'ProcessId': '29928', 'CurrentDirectory': 'C:\\\\Program Files (x86)\\\\Microsoft\\\\Edge\\\\Application\\\\96.0.1054.57\\\\', 'ParentProcessId': '27400', 'CommandLine': '\"C:\\\\Program Files (x86)\\\\Microsoft\\\\Edge\\\\Application\\\\msedge.exe\" --type=renderer --disable-client-side-phishing-detection --display-capture-permissions-policy-allowed --field-trial-handle=2096,10217503095378327848,5264171936250097817,131072 --disable-databases --lang=zh-TW --device-scale-factor=1.25 --num-raster-threads=4 --enable-main-frame-before-activation --renderer-client-id=1152 --mojo-platform-channel-handle=13600 /prefetch:1', 'Hashes': 'MD5=3AEE5493F9C660F6565840F704EAC3D5,SHA256=A02EC567414051D8B0707B9E15BB1BA1CE9068394F30EF70C4D97F17E2CE4F79,IMPHASH=680C3B3C075FF57057C290713261CB56', 'Description': 'Microsoft Edge', 'Product': 'Microsoft Edge', 'LogonId': '0x6ba12a0f', 'TerminalSessionId': '2', 'UtcTime': '2021-12-20 13:17:56.077', 'Company': 'Microsoft Corporation'}, 'process': {'pid': 53848, 'thread': {'id': 26096}}, 'provider_name': 'Microsoft-Windows-Sysmon', 'computer_name': 'DESKTOP-T3V8EOP', 'version': 5, 'provider_guid': '{5770385f-c22a-43e0-bf4c-06f5698ffbd9}', 'user': {'identifier': 'S-1-5-18', 'domain': 'NT AUTHORITY', 'name': 'SYSTEM', 'type': 'User'}, 'channel': 'Microsoft-Windows-Sysmon/Operational', 'record_id': 643}, 'event': {'timezone': '+08:00', 'created': '2021-12-20T13:17:57.561Z', 'code': '1', 'kind': 'event', 'provider': 'Microsoft-Windows-Sysmon'}, 'log': {'level': 'information'}, 'host': {'ip': ['fe80::1911:e65c:d649:9768', '192.168.56.1', 'fe80::24c3:baf3:3d58:f2af', '169.254.242.175', 'fe80::a832:f35:3de:862c', '169.254.134.44', 'fe80::d4a8:14f8:2744:a74a', '192.168.0.83', 'fe80::4d6b:1d3e:cee1:343d', '169.254.52.61'], 'mac': ['0a:00:27:00:00:10', '24:ee:9a:ff:17:da', '26:ee:9a:ff:17:d9', '24:ee:9a:ff:17:d9', '24:ee:9a:ff:17:dd'], 'name': 'DESKTOP-T3V8EOP', 'hostname': 'DESKTOP-T3V8EOP', 'architecture': 'x86_64', 'os': {'family': 'windows', 'name': 'Windows 10 Pro', 'kernel': '10.0.22000.318 (WinBuild.160101.0800)', 'build': '22000.318', 'type': 'windows', 'platform': 'windows', 'version': '10.0'}, 'id': '1f725ed7-b14c-494d-9fc1-4bc3eeb0b29b'}, 'fields': {'endpoint_project': 'df909038f4bcafd88f8d49c7f6ad5ccd', 'endpoint_email': 'a3789468739@gmail.com', 'endpoint_org3': 'T7-1639616151642'}}}, {'_index': 'winlogbeat', '_type': 'doc', '_id': 'Fc35130BMs_nTerje8Yj', '_score': 1.0, '_source': {'@timestamp': '2021-12-20T13:13:10.100Z', 'ecs': {'version': '1.9.0'}, 'agent': {'ephemeral_id': '41f4d791-f3b8-47ed-b193-c7151f023406', 'id': '621af60c-6ab1-4b77-803e-d523c7d8ec04', 'name': 'DESKTOP-T3V8EOP', 'type': 'winlogbeat', 'version': '7.13.2', 'hostname': 'DESKTOP-T3V8EOP'}, 'winlog': {'event_data': {'RuleName': '-', 'ProcessGuid': '{1f725ed7-8166-61c0-cc4b-d68100000000}', 'LogonGuid': '{1f725ed7-4242-61bc-0f2a-a16b00000000}', 'ParentCommandLine': '\"RAPS.exe\"', 'CurrentDirectory': 'C:\\\\Program Files\\\\Rivet Networks\\\\SmartByte\\\\', 'ParentProcessGuid': '{1f725ed7-296e-61ab-8f00-000000000d00}', 'LogonId': '0x6ba12a0f', 'Company': 'Rivet Networks LLC', 'TerminalSessionId': '2', 'FileVersion': '3.1.995.0', 'Image': 'C:\\\\Program Files\\\\Rivet Networks\\\\SmartByte\\\\RAPS.exe', 'Hashes': 'MD5=F70A23758DA94B90A01CC791ACC7F385,SHA256=EEBCC0C6FD9A7BF70BA3028DAEA19C450FCC698169C2E5B03F6BEF9D4BBA1A6F,IMPHASH=935B686812E8D4246E2278AF50AA30FB', 'ParentImage': 'C:\\\\Program Files\\\\Rivet Networks\\\\SmartByte\\\\RAPS.exe', 'Product': 'RivetAPS', 'CommandLine': 'RAPS.exe -u', 'Description': 'RivetAPS', 'OriginalFileName': 'RAPS.exe', 'User': 'DESKTOP-T3V8EOP\\\\a3789', 'ParentProcessId': '5312', 'IntegrityLevel': 'Medium', 'UtcTime': '2021-12-20 13:13:10.098', 'ProcessId': '23704'}, 'channel': 'Microsoft-Windows-Sysmon/Operational', 'computer_name': 'DESKTOP-T3V8EOP', 'provider_guid': '{5770385f-c22a-43e0-bf4c-06f5698ffbd9}', 'api': 'wineventlog', 'event_id': '1', 'provider_name': 'Microsoft-Windows-Sysmon', 'version': 5, 'process': {'pid': 53848, 'thread': {'id': 26096}}, 'record_id': 606, 'user': {'identifier': 'S-1-5-18', 'domain': 'NT AUTHORITY', 'name': 'SYSTEM', 'type': 'User'}}, 'event': {'created': '2021-12-20T13:13:10.534Z', 'code': '1', 'kind': 'event', 'provider': 'Microsoft-Windows-Sysmon', 'timezone': '+08:00'}, 'log': {'level': 'information'}, 'host': {'hostname': 'DESKTOP-T3V8EOP', 'architecture': 'x86_64', 'os': {'version': '10.0', 'family': 'windows', 'name': 'Windows 10 Pro', 'kernel': '10.0.22000.318 (WinBuild.160101.0800)', 'build': '22000.318', 'type': 'windows', 'platform': 'windows'}, 'id': '1f725ed7-b14c-494d-9fc1-4bc3eeb0b29b', 'ip': ['fe80::1911:e65c:d649:9768', '192.168.56.1', 'fe80::24c3:baf3:3d58:f2af', '169.254.242.175', 'fe80::a832:f35:3de:862c', '169.254.134.44', 'fe80::d4a8:14f8:2744:a74a', '192.168.0.83', 'fe80::4d6b:1d3e:cee1:343d', '169.254.52.61'], 'name': 'DESKTOP-T3V8EOP', 'mac': ['0a:00:27:00:00:10', '24:ee:9a:ff:17:da', '26:ee:9a:ff:17:d9', '24:ee:9a:ff:17:d9', '24:ee:9a:ff:17:dd']}, 'fields': {'endpoint_project': 'df909038f4bcafd88f8d49c7f6ad5ccd', 'endpoint_email': 'a3789468739@gmail.com', 'endpoint_org3': 'T7-1639616151642'}}}, {'_index': 'winlogbeat', '_type': 'doc', '_id': 'LM37130BMs_nTerj7sZi', '_score': 1.0, '_source': {'@timestamp': '2021-12-20T13:15:49.571Z', 'ecs': {'version': '1.9.0'}, 'agent': {'hostname': 'DESKTOP-T3V8EOP', 'ephemeral_id': '41f4d791-f3b8-47ed-b193-c7151f023406', 'id': '621af60c-6ab1-4b77-803e-d523c7d8ec04', 'name': 'DESKTOP-T3V8EOP', 'type': 'winlogbeat', 'version': '7.13.2'}, 'host': {'architecture': 'x86_64', 'os': {'platform': 'windows', 'version': '10.0', 'family': 'windows', 'name': 'Windows 10 Pro', 'kernel': '10.0.22000.318 (WinBuild.160101.0800)', 'build': '22000.318', 'type': 'windows'}, 'name': 'DESKTOP-T3V8EOP', 'id': '1f725ed7-b14c-494d-9fc1-4bc3eeb0b29b', 'ip': ['fe80::1911:e65c:d649:9768', '192.168.56.1', 'fe80::24c3:baf3:3d58:f2af', '169.254.242.175', 'fe80::a832:f35:3de:862c', '169.254.134.44', 'fe80::d4a8:14f8:2744:a74a', '192.168.0.83', 'fe80::4d6b:1d3e:cee1:343d', '169.254.52.61'], 'mac': ['0a:00:27:00:00:10', '24:ee:9a:ff:17:da', '26:ee:9a:ff:17:d9', '24:ee:9a:ff:17:d9', '24:ee:9a:ff:17:dd'], 'hostname': 'DESKTOP-T3V8EOP'}, 'winlog': {'user': {'domain': 'NT AUTHORITY', 'name': 'SYSTEM', 'type': 'User', 'identifier': 'S-1-5-18'}, 'provider_name': 'Microsoft-Windows-Sysmon', 'provider_guid': '{5770385f-c22a-43e0-bf4c-06f5698ffbd9}', 'api': 'wineventlog', 'version': 5, 'process': {'pid': 53848, 'thread': {'id': 26096}}, 'record_id': 625, 'event_data': {'ParentProcessGuid': '{1f725ed7-296e-61ab-8f00-000000000d00}', 'ProcessId': '2420', 'Image': 'C:\\\\Program Files\\\\Rivet Networks\\\\SmartByte\\\\RAPS.exe', 'LogonGuid': '{1f725ed7-4242-61bc-0f2a-a16b00000000}', 'IntegrityLevel': 'Medium', 'Hashes': 'MD5=F70A23758DA94B90A01CC791ACC7F385,SHA256=EEBCC0C6FD9A7BF70BA3028DAEA19C450FCC698169C2E5B03F6BEF9D4BBA1A6F,IMPHASH=935B686812E8D4246E2278AF50AA30FB', 'Description': 'RivetAPS', 'User': 'DESKTOP-T3V8EOP\\\\a3789', 'CurrentDirectory': 'C:\\\\Program Files\\\\Rivet Networks\\\\SmartByte\\\\', 'ParentImage': 'C:\\\\Program Files\\\\Rivet Networks\\\\SmartByte\\\\RAPS.exe', 'ParentCommandLine': '\"RAPS.exe\"', 'UtcTime': '2021-12-20 13:15:49.569', 'RuleName': '-', 'FileVersion': '3.1.995.0', 'ParentProcessId': '5312', 'OriginalFileName': 'RAPS.exe', 'Product': 'RivetAPS', 'ProcessGuid': '{1f725ed7-8205-61c0-1a35-df8100000000}', 'TerminalSessionId': '2', 'CommandLine': 'RAPS.exe -u', 'Company': 'Rivet Networks LLC', 'LogonId': '0x6ba12a0f'}, 'channel': 'Microsoft-Windows-Sysmon/Operational', 'event_id': '1', 'computer_name': 'DESKTOP-T3V8EOP'}, 'event': {'provider': 'Microsoft-Windows-Sysmon', 'created': '2021-12-20T13:15:51.116Z', 'code': '1', 'kind': 'event', 'timezone': '+08:00'}, 'log': {'level': 'information'}, 'fields': {'endpoint_email': 'a3789468739@gmail.com', 'endpoint_org3': 'T7-1639616151642', 'endpoint_project': 'df909038f4bcafd88f8d49c7f6ad5ccd'}}}, 