{'_index': 'winlogbeat', '_type': 'doc', '_id': 'NM862H0BMs_nTerjExms', '_score': 1.0, '_source': {'@timestamp': '2021-12-20T14:23:41.733Z', 'ecs': {'version': '1.9.0'}, 'agent': {'version': '7.13.2', 'hostname': 'LAPTOP-O5NUGDHI', 'ephemeral_id': '15a65e24-2d8b-4182-ba26-0ab8c6e22ccc', 'id': 'bacf81f0-932a-4bf6-8615-09b8fbf307ac', 'name': 'LAPTOP-O5NUGDHI', 'type': 'winlogbeat'}, 'message': 'File created:\\nRuleName: DLL\\nUtcTime: 2021-12-20 14:23:41.719\\nProcessGuid: {e36c1727-0664-619a-fa29-000000002d00}\\nProcessId: 12692\\nImage: C:\\\\Windows\\\\System32\\\\mousocoreworker.exe\\nTargetFilename: C:\\\\Windows\\\\SoftwareDistribution\\\\Download\\\\b94c65d4717c965ecae18144a74af06a\\\\Metadata\\\\ReserveManager.dll\\nCreationUtcTime: 2021-12-08 11:29:20.000', 'host': {'id': 'e36c1727-1de3-433d-994a-ca48c783f851', 'ip': ['fe80::58e1:a727:458c:c8be', '169.254.200.190', 'fe80::4de3:b7e9:d153:1f26', '192.168.56.1', 'fe80::8927:63d8:812f:a641', '169.254.166.65', 'fe80::84a4:848d:cec2:84a', '192.168.137.1', 'fe80::e9ed:ddfa:f064:e416', '192.168.33.13'], 'mac': ['5e:2c:79:6a:7a:52', '0a:00:27:00:00:10', 'd2:c5:d3:c3:02:75', 'f2:c5:d3:c3:02:75', 'd0:c5:d3:c3:02:75'], 'name': 'LAPTOP-O5NUGDHI', 'hostname': 'LAPTOP-O5NUGDHI', 'architecture': 'x86_64', 'os': {'type': 'windows', 'platform': 'windows', 'version': '10.0', 'family': 'windows', 'name': 'Windows 10 Home', 'kernel': '10.0.19041.1348 (WinBuild.160101.0800)', 'build': '19042.1348'}}, 'winlog': {'provider_guid': '{5770385f-c22a-43e0-bf4c-06f5698ffbd9}', 'version': 2, 'provider_name': 'Microsoft-Windows-Sysmon', 'task': 'File created (rule: FileCreate)', 'api': 'wineventlog', 'process': {'pid': 25104, 'thread': {'id': 33332}}, 'opcode': '資訊', 'user': {'name': 'SYSTEM', 'type': 'User', 'identifier': 'S-1-5-18', 'domain': 'NT AUTHORITY'}, 'event_data': {'CreationUtcTime': '2021-12-08 11:29:20.000', 'RuleName': 'DLL', 'UtcTime': '2021-12-20 14:23:41.719', 'ProcessGuid': '{e36c1727-0664-619a-fa29-000000002d00}', 'ProcessId': '12692', 'Image': 'C:\\\\Windows\\\\System32\\\\mousocoreworker.exe', 'TargetFilename': 'C:\\\\Windows\\\\SoftwareDistribution\\\\Download\\\\b94c65d4717c965ecae18144a74af06a\\\\Metadata\\\\ReserveManager.dll'}, 'channel': 'Microsoft-Windows-Sysmon/Operational', 'computer_name': 'LAPTOP-O5NUGDHI', 'event_id': '11', 'record_id': 808}, 'event': {'code': '11', 'kind': 'event', 'timezone': '+08:00', 'provider': 'Microsoft-Windows-Sysmon', 'action': 'File created (rule: FileCreate)', 'created': '2021-12-20T14:23:43.389Z'}, 'log': {'level': '資訊'}, 'fields': {'endpoint_project': 'df909038f4bcafd88f8d49c7f6ad5ccd', 'endpoint_email': 't108ab0706@ntut.org.tw', 'endpoint_org3': 'T7-1639616151642'}}}, {'_index': 'winlogbeat', '_type': 'doc', '_id': 'Pc862H0BMs_nTerj6xlQ', '_score': 1.0, '_source': {'@timestamp': '2021-12-20T14:24:37.585Z', 'message': 'Process Create:\\nRuleName: -\\nUtcTime: 2021-12-20 14:24:37.583\\nProcessGuid: {e36c1727-9225-61c0-95cb-b05e00000000}\\nProcessId: 19556\\nImage: C:\\\\Windows\\\\System32\\\\taskhostw.exe\\nFileVersion: 10.0.19041.906 (WinBuild.160101.0800)\\nDescription: Host Process for Windows Tasks\\nProduct: Microsoft® Windows® Operating System\\nCompany: Microsoft Corporation\\nOriginalFileName: taskhostw.exe\\nCommandLine: taskhostw.exe Install $(Arg0)\\nCurrentDirectory: C:\\\\WINDOWS\\\\system32\\\\\\nUser: LAPTOP-O5NUGDHI\\\\mu\\nLogonGuid: {e36c1727-6cfb-61c0-5ae9-cf5d00000000}\\nLogonId: 0x5DCFE95A\\nTerminalSessionId: 65\\nIntegrityLevel: Medium\\nHashes: MD5=564E4806AB18F93B93D551CD10C1598E,SHA256=0322728DBCE3A577C4A13B907AD7375D27E74880B63F7371384F67D19197A0AD,IMPHASH=3A0C6863CDE566AF997DB2DEFFF9D924\\nParentProcessGuid: {e36c1727-c51d-6193-2b00-000000002d00}\\nParentProcessId: 2200\\nParentImage: C:\\\\Windows\\\\System32\\\\svchost.exe\\nParentCommandLine: C:\\\\WINDOWS\\\\system32\\\\svchost.exe -k netsvcs -p -s Schedule', 'host': {'name': 'LAPTOP-O5NUGDHI', 'architecture': 'x86_64', 'os': {'platform': 'windows', 'version': '10.0', 'family': 'windows', 'name': 'Windows 10 Home', 'kernel': '10.0.19041.1348 (WinBuild.160101.0800)', 'build': '19042.1348', 'type': 'windows'}, 'id': 'e36c1727-1de3-433d-994a-ca48c783f851', 'ip': ['fe80::58e1:a727:458c:c8be', '169.254.200.190', 'fe80::4de3:b7e9:d153:1f26', '192.168.56.1', 'fe80::8927:63d8:812f:a641', '169.254.166.65', 'fe80::84a4:848d:cec2:84a', '192.168.137.1', 'fe80::e9ed:ddfa:f064:e416', '192.168.33.13'], 'mac': ['5e:2c:79:6a:7a:52', '0a:00:27:00:00:10', 'd2:c5:d3:c3:02:75', 'f2:c5:d3:c3:02:75', 'd0:c5:d3:c3:02:75'], 'hostname': 'LAPTOP-O5NUGDHI'}, 'winlog': {'event_data': {'IntegrityLevel': 'Medium', 'Hashes': 'MD5=564E4806AB18F93B93D551CD10C1598E,SHA256=0322728DBCE3A577C4A13B907AD7375D27E74880B63F7371384F67D19197A0AD,IMPHASH=3A0C6863CDE566AF997DB2DEFFF9D924', 'CurrentDirectory': 'C:\\\\WINDOWS\\\\system32\\\\', 'TerminalSessionId': '65', 'ParentProcessId': '2200', 'UtcTime': '2021-12-20 14:24:37.583', 'ProcessGuid': '{e36c1727-9225-61c0-95cb-b05e00000000}', 'Product': 'Microsoft® Windows® Operating System', 'LogonId': '0x5dcfe95a', 'Image': 'C:\\\\Windows\\\\System32\\\\taskhostw.exe', 'CommandLine': 'taskhostw.exe Install $(Arg0)', 'OriginalFileName': 'taskhostw.exe', 'ProcessId': '19556', 'FileVersion': '10.0.19041.906 (WinBuild.160101.0800)', 'User': 'LAPTOP-O5NUGDHI\\\\mu', 'Description': 'Host Process for Windows Tasks', 'ParentProcessGuid': '{e36c1727-c51d-6193-2b00-000000002d00}', 'ParentImage': 'C:\\\\Windows\\\\System32\\\\svchost.exe', 'RuleName': '-', 'LogonGuid': '{e36c1727-6cfb-61c0-5ae9-cf5d00000000}', 'ParentCommandLine': 'C:\\\\WINDOWS\\\\system32\\\\svchost.exe -k netsvcs -p -s Schedule', 'Company': 'Microsoft Corporation'}, 'computer_name': 'LAPTOP-O5NUGDHI', 'task': 'Process Create (rule: ProcessCreate)', 'provider_guid': '{5770385f-c22a-43e0-bf4c-06f5698ffbd9}', 'api': 'wineventlog', 'channel': 'Microsoft-Windows-Sysmon/Operational', 'provider_name': 'Microsoft-Windows-Sysmon', 'user': {'identifier': 'S-1-5-18', 'domain': 'NT AUTHORITY', 'name': 'SYSTEM', 'type': 'User'}, 'event_id': '1', 'record_id': 812, 'opcode': '資訊', 'process': {'thread': {'id': 33332}, 'pid': 25104}, 'version': 5}, 'fields': {'endpoint_project': 'df909038f4bcafd88f8d49c7f6ad5ccd', 'endpoint_email': 't108ab0706@ntut.org.tw', 'endpoint_org3': 'T7-1639616151642'}, 'ecs': {'version': '1.9.0'}, 'agent': {'hostname': 'LAPTOP-O5NUGDHI', 'ephemeral_id': '15a65e24-2d8b-4182-ba26-0ab8c6e22ccc', 'id': 'bacf81f0-932a-4bf6-8615-09b8fbf307ac', 'name': 'LAPTOP-O5NUGDHI', 'type': 'winlogbeat', 'version': '7.13.2'}, 'event': {'created': '2021-12-20T14:24:38.628Z', 'code': '1', 'kind': 'event', 'provider': 'Microsoft-Windows-Sysmon', 'action': 'Process Create (rule: ProcessCreate)', 'timezone': '+08:00'}, 'log': {'level': '資訊'}}}, {'_index': 'winlogbeat', '_type': 'doc', '_id': 'IM852H0BMs_nTerjXBnR', '_score': 1.0, '_source': {'@timestamp': '2021-12-20T14:22:55.497Z', 'agent': {'type': 'winlogbeat', 'version': '7.13.2', 'hostname': 'DESKTOP-T3V8EOP', 'ephemeral_id': '41f4d791-f3b8-47ed-b193-c7151f023406', 'id': '621af60c-6ab1-4b77-803e-d523c7d8ec04', 'name': 'DESKTOP-T3V8EOP'}, 'winlog': {'api': 'wineventlog', 'version': 5, 'event_data': {'ProcessGuid': '{1f725ed7-91bf-61c0-388f-c28200000000}', 'ParentProcessGuid': '{1f725ed7-296e-61ab-8f00-000000000d00}', 'ParentImage': 'C:\\\\Program Files\\\\Rivet Networks\\\\SmartByte\\\\RAPS.exe', 'Description': 'RivetAPS', 'User': 'DESKTOP-T3V8EOP\\\\a3789', 'TerminalSessionId': '2', 'Company': 'Rivet Networks LLC', 'UtcTime': '2021-12-20 14:22:55.496', 'FileVersion': '3.1.995.0', 'CommandLine': 'RAPS.exe -u', 'Hashes': 'MD5=F70A23758DA94B90A01CC791ACC7F385,SHA256=EEBCC0C6FD9A7BF70BA3028DAEA19C450FCC698169C2E5B03F6BEF9D4BBA1A6F,IMPHASH=935B686812E8D4246E2278AF50AA30FB', 'Product': 'RivetAPS', 'LogonId': '0x6ba12a0f', 'RuleName': '-', 'ProcessId': '54608', 'CurrentDirectory': 'C:\\\\Program Files\\\\Rivet Networks\\\\SmartByte\\\\', 'IntegrityLevel': 'Medium', 'LogonGuid': '{1f725ed7-4242-61bc-0f2a-a16b00000000}', 'ParentProcessId': '5312', 'ParentCommandLine': '\"RAPS.exe\"', 'Image': 'C:\\\\Program Files\\\\Rivet Networks\\\\SmartByte\\\\RAPS.exe', 'OriginalFileName': 'RAPS.exe'}, 'provider_name': 'Microsoft-Windows-Sysmon', 'record_id': 994, 'provider_guid': '{5770385f-c22a-43e0-bf4c-06f5698ffbd9}', 'channel': 'Microsoft-Windows-Sysmon/Operational', 'computer_name': 'DESKTOP-T3V8EOP', 'user': {'identifier': 'S-1-5-18', 'domain': 'NT AUTHORITY', 'name': 'SYSTEM', 'type': 'User'}, 'event_id': '1', 'process': {'pid': 53848, 'thread': {'id': 26096}}}, 'event': {'created': '2021-12-20T14:22:57.028Z', 'timezone': '+08:00', 'code': '1', 'kind': 'event', 'provider': 'Microsoft-Windows-Sysmon'}, 'log': {'level': 'information'}, 'host': {'name': 'DESKTOP-T3V8EOP', 'os': {'family': 'windows', 'name': 'Windows 10 Pro', 'kernel': '10.0.22000.318 (WinBuild.160101.0800)', 'build': '22000.318', 'type': 'windows', 'platform': 'windows', 'version': '10.0'}, 'id': '1f725ed7-b14c-494d-9fc1-4bc3eeb0b29b', 'ip': ['fe80::1911:e65c:d649:9768', '192.168.56.1', 'fe80::24c3:baf3:3d58:f2af', '169.254.242.175', 'fe80::a832:f35:3de:862c', '169.254.134.44', 'fe80::d4a8:14f8:2744:a74a', '192.168.0.83', 'fe80::4d6b:1d3e:cee1:343d', '169.254.52.61'], 'mac': ['0a:00:27:00:00:10', '24:ee:9a:ff:17:da', '26:ee:9a:ff:17:d9', '24:ee:9a:ff:17:d9', '24:ee:9a:ff:17:dd'], 'hostname': 'DESKTOP-T3V8EOP', 'architecture': 'x86_64'}, 'fields': {'endpoint_email': 'a3789468739@gmail.com', 'endpoint_org3': 'T7-1639616151642', 'endpoint_project': 'df909038f4bcafd88f8d49c7f6ad5ccd'}, 'ecs': {'version': '1.9.0'}}}, {'_index': 'winlogbeat', '_type': 'doc', '_id': 'Ec832H0BMs_nTerj4BnA', '_score': 1.0, '_source': {'@timestamp': '2021-12-20T14:21:18.092Z', 'agent': {'type': 'winlogbeat', 'version': '7.13.2', 'hostname': 'DESKTOP-T3V8EOP', 'ephemeral_id': '41f4d791-f3b8-47ed-b193-c7151f023406', 'id': '621af60c-6ab1-4b77-803e-d523c7d8ec04', 'name': 'DESKTOP-T3V8EOP'}, 'winlog': {'channel': 'Microsoft-Windows-Sysmon/Operational', 'event_id': '1', 'event_data': {'LogonGuid': '{1f725ed7-4242-61bc-0f2a-a16b00000000}', 'ParentProcessGuid': '{1f725ed7-296e-61ab-8f00-000000000d00}', 'FileVersion': '3.1.995.0', 'ParentImage': 'C:\\\\Program Files\\\\Rivet Networks\\\\SmartByte\\\\RAPS.exe', 'TerminalSessionId': '2', 'Description': 'RivetAPS', 'Product': 'RivetAPS', 'Hashes': 'MD5=F70A23758DA94B90A01CC791ACC7F385,SHA256=EEBCC0C6FD9A7BF70BA3028DAEA19C450FCC698169C2E5B03F6BEF9D4BBA1A6F,IMPHASH=935B686812E8D4246E2278AF50AA30FB', 'ParentProcessId': '5312', 'RuleName': '-', 'ProcessGuid': '{1f725ed7-915e-61c0-b725-bd8200000000}', 'User': 'DESKTOP-T3V8EOP\\\\a3789', 'Company': 'Rivet Networks LLC', 'CommandLine': 'RAPS.exe -u', 'CurrentDirectory': 'C:\\\\Program Files\\\\Rivet Networks\\\\SmartByte\\\\', 'ParentCommandLine': '\"RAPS.exe\"', 'UtcTime': '2021-12-20 14:21:18.090', 'Image': 'C:\\\\Program Files\\\\Rivet Networks\\\\SmartByte\\\\RAPS.exe', 'LogonId': '0x6ba12a0f', 'ProcessId': '45796', 'IntegrityLevel': 'Medium', 'OriginalFileName': 'RAPS.exe'}, 'provider_name': 'Microsoft-Windows-Sysmon', 'record_id': 987, 'version': 5, 'process': {'pid': 53848, 'thread': {'id': 26096}}, 'computer_name': 'DESKTOP-T3V8EOP', 'provider_guid': '{5770385f-c22a-43e0-bf4c-06f5698ffbd9}', 'user': {'identifier': 'S-1-5-18', 'domain': 'NT AUTHORITY', 'name': 'SYSTEM', 'type': 'User'}, 'api': 'wineventlog'}, 'event': {'code': '1', 'timezone': '+08:00', 'kind': 'event', 'provider': 'Microsoft-Windows-Sysmon', 'created': '2021-12-20T14:21:19.798Z'}, 'log': {'level': 'information'}, 'host': {'name': 'DESKTOP-T3V8EOP', 'hostname': 'DESKTOP-T3V8EOP', 'architecture': 'x86_64', 'os': {'build': '22000.318', 'type': 'windows', 'platform': 'windows', 'version': '10.0', 'family': 'windows', 'name': 'Windows 10 Pro', 'kernel': '10.0.22000.318 (WinBuild.160101.0800)'}, 'id': '1f725ed7-b14c-494d-9fc1-4bc3eeb0b29b', 'ip': ['fe80::1911:e65c:d649:9768', '192.168.56.1', 'fe80::24c3:baf3:3d58:f2af', '169.254.242.175', 'fe80::a832:f35:3de:862c', '169.254.134.44', 'fe80::d4a8:14f8:2744:a74a', '192.168.0.83', 'fe80::4d6b:1d3e:cee1:343d', '169.254.52.61'], 'mac': ['0a:00:27:00:00:10', '24:ee:9a:ff:17:da', '26:ee:9a:ff:17:d9', '24:ee:9a:ff:17:d9', '24:ee:9a:ff:17:dd']}, 'fields': {'endpoint_email': 'a3789468739@gmail.com', 'endpoint_org3': 'T7-1639616151642', 'endpoint_project': 'df909038f4bcafd88f8d49c7f6ad5ccd'}, 'ecs': {'version': '1.9.0'}}}, {'_index': 'winlogbeat', '_type': 'doc', '_id': '2M812H0BMs_nTerj0xhO', '_score': 1.0, '_source': {'@timestamp': '2021-12-20T14:19:03.444Z', 'log': {'level': '資訊'}, 'fields': {'endpoint_project': 'df909038f4bcafd88f8d49c7f6ad5ccd', 'endpoint_email': 't108ab0706@ntut.org.tw', 'endpoint_org3': 'T7-1639616151642'}, 'ecs': {'version': '1.9.0'}, 'agent': {'id': 'bacf81f0-932a-4bf6-8615-09b8fbf307ac', 'name': 'LAPTOP-O5NUGDHI', 'type': 'winlogbeat', 'version': '7.13.2', 'hostname': 'LAPTOP-O5NUGDHI', 'ephemeral_id': '15a65e24-2d8b-4182-ba26-0ab8c6e22ccc'}, 'message': 'Dns query:\\nRuleName: -\\nUtcTime: 2021-12-20 14:07:35.671\\nProcessGuid: {e36c1727-901a-61c0-122a-010000002d00}\\nProcessId: 31656\\nQueryName: lh3.google.com\\nQueryStatus: 0\\nQueryResults: type:  5 lh2.l.google.com;172.217.160.110;\\nImage: C:\\\\Program Files\\\\Google\\\\Chrome\\\\Application\\\\chrome.exe', 'host': {'hostname': 'LAPTOP-O5NUGDHI', 'architecture': 'x86_64', 'os': {'name': 'Windows 10 Home', 'kernel': '10.0.19041.1348 (WinBuild.160101.0800)', 'build': '19042.1348', 'type': 'windows', 'platform': 'windows', 'version': '10.0', 'family': 'windows'}, 'id': 'e36c1727-1de3-433d-994a-ca48c783f851', 'name': 'LAPTOP-O5NUGDHI', 'ip': ['fe80::58e1:a727:458c:c8be', '169.254.200.190', 'fe80::4de3:b7e9:d153:1f26', '192.168.56.1', 'fe80::8927:63d8:812f:a641', '169.254.166.65', 'fe80::84a4:848d:cec2:84a', '192.168.137.1', 'fe80::e9ed:ddfa:f064:e416', '192.168.33.13'], 'mac': ['5e:2c:79:6a:7a:52', '0a:00:27:00:00:10', 'd2:c5:d3:c3:02:75', 'f2:c5:d3:c3:02:75', 'd0:c5:d3:c3:02:75']}, 'winlog': {'version': 5, 'provider_guid': '{5770385f-c22a-43e0-bf4c-06f5698ffbd9}', 'event_data': {'QueryStatus': '0', 'QueryResults': 'type:  5 lh2.l.google.com;172.217.160.110;', 'Image': 'C:\\\\Program Files\\\\Google\\\\Chrome\\\\Application\\\\chrome.exe', 'RuleName': '-', 'UtcTime': '2021-12-20 14:07:35.671', 'ProcessGuid': '{e36c1727-901a-61c0-122a-010000002d00}', 'ProcessId': '31656', 'QueryName': 'lh3.google.com'}, 'provider_name': 'Microsoft-Windows-Sysmon', 'process': {'thread': {'id': 17188}, 'pid': 25104}, 'channel': 'Microsoft-Windows-Sysmon/Operational', 'task': 'Dns query (rule: DnsQuery)', 'opcode': '資訊', 'user': {'name': 'SYSTEM', 'type': 'User', 'identifier': 'S-1-5-18', 'domain': 'NT AUTHORITY'}, 'api': 'wineventlog', 'event_id': '22', 'record_id': 780, 'computer_name': 'LAPTOP-O5NUGDHI'}, 'event': {'code': '22', 'kind': 'event', 'provider': 'Microsoft-Windows-Sysmon', 'action': 'Dns query (rule: DnsQuery)', 'created': '2021-12-20T14:19:04.810Z', 'timezone': '+08:00'}}}, {'_index': 'winlogbeat', '_type': 'doc', '_id': '3s812H0BMs_nTerj7hjN', '_score': 1.0, '_source': {'@timestamp': '2021-12-20T14:19:10.537Z', 'log': {'level': '資訊'}, 'message': 'Dns query:\\nRuleName: -\\nUtcTime: 2021-12-20 14:07:43.183\\nProcessGuid: {e36c1727-901a-61c0-122a-010000002d00}\\nProcessId: 31656\\nQueryName: peoplestack-pa.clients6.google.com\\nQueryStatus: 0\\nQueryResults: 172.217.163.42;\\nImage: C:\\\\Program Files\\\\Google\\\\Chrome\\\\Application\\\\chrome.exe', 'fields': {'endpoint_email': 't108ab0706@ntut.org.tw', 'endpoint_org3': 'T7-1639616151642', 'endpoint_project': 'df909038f4bcafd88f8d49c7f6ad5ccd'}, 'ecs': {'version': '1.9.0'}, 'agent': {'ephemeral_id': '15a65e24-2d8b-4182-ba26-0ab8c6e22ccc', 'id': 'bacf81f0-932a-4bf6-8615-09b8fbf307ac', 'name': 'LAPTOP-O5NUGDHI', 'type': 'winlogbeat', 'version': '7.13.2', 'hostname': 'LAPTOP-O5NUGDHI'}, 'host': {'name': 'LAPTOP-O5NUGDHI', 'mac': ['5e:2c:79:6a:7a:52', '0a:00:27:00:00:10', 'd2:c5:d3:c3:02:75', 'f2:c5:d3:c3:02:75', 'd0:c5:d3:c3:02:75'], 'hostname': 'LAPTOP-O5NUGDHI', 'architecture': 'x86_64', 'os': {'type': 'windows', 'platform': 'windows', 'version': '10.0', 'family': 'windows', 'name': 'Windows 10 Home', 'kernel': '10.0.19041.1348 (WinBuild.160101.0800)', 'build': '19042.1348'}, 'id': 'e36c1727-1de3-433d-994a-ca48c783f851', 'ip': ['fe80::58e1:a727:458c:c8be', '169.254.200.190', 'fe80::4de3:b7e9:d153:1f26', '192.168.56.1', 'fe80::8927:63d8:812f:a641', '169.254.166.65', 'fe80::84a4:848d:cec2:84a', '192.168.137.1', 'fe80::e9ed:ddfa:f064:e416', '192.168.33.13']}, 'winlog': {'channel': 'Microsoft-Windows-Sysmon/Operational', 'task': 'Dns query (rule: DnsQuery)', 'computer_name': 'LAPTOP-O5NUGDHI', 'opcode': '資訊', 'event_data': {'UtcTime': '2021-12-20 14:07:43.183', 'ProcessGuid': '{e36c1727-901a-61c0-122a-010000002d00}', 'ProcessId': '31656', 'QueryName': 'peoplestack-pa.clients6.google.com', 'QueryStatus': '0', 'QueryResults': '172.217.163.42;', 'Image': 'C:\\\\Program Files\\\\Google\\\\Chrome\\\\Application\\\\chrome.exe', 'RuleName': '-'}, 'provider_name': 'Microsoft-Windows-Sysmon', 'record_id': 785, 'provider_guid': '{5770385f-c22a-43e0-bf4c-06f5698ffbd9}', 'process': {'pid': 25104, 'thread': {'id': 17188}}, 'api': 'wineventlog', 'user': {'type': 'User', 'identifier': 'S-1-5-18', 'domain': 'NT AUTHORITY', 'name': 'SYSTEM'}, 'event_id': '22', 'version': 5}, 'event': {'action': 'Dns query (rule: DnsQuery)', 'created': '2021-12-20T14:19:11.832Z', 'code': '22', 'timezone': '+08:00', 'kind': 'event', 'provider': 'Microsoft-Windows-Sysmon'}}}, {'_index': 'winlogbeat', '_type': 'doc', '_id': 'Ns862H0BMs_nTerjUxlt', '_score': 1.0, '_source': {'@timestamp': '2021-12-20T14:23:58.797Z', 'host': {'name': 'DESKTOP-T3V8EOP', 'architecture': 'x86_64', 'os': {'version': '10.0', 'family': 'windows', 'name': 'Windows 10 Pro', 'kernel': '10.0.22000.318 (WinBuild.160101.0800)', 'build': '22000.318', 'type': 'windows', 'platform': 'windows'}, 'id': '1f725ed7-b14c-494d-9fc1-4bc3eeb0b29b', 'ip': ['fe80::1911:e65c:d649:9768', '192.168.56.1', 'fe80::24c3:baf3:3d58:f2af', '169.254.242.175', 'fe80::a832:f35:3de:862c', '169.254.134.44', 'fe80::d4a8:14f8:2744:a74a', '192.168.0.83', 'fe80::4d6b:1d3e:cee1:343d', '169.254.52.61'], 'mac': ['0a:00:27:00:00:10', '24:ee:9a:ff:17:da', '26:ee:9a:ff:17:d9', '24:ee:9a:ff:17:d9', '24:ee:9a:ff:17:dd'], 'hostname': 'DESKTOP-T3V8EOP'}, 'winlog': {'record_id': 996, 'process': {'thread': {'id': 34612}, 'pid': 53848}, 'api': 'wineventlog', 'computer_name': 'DESKTOP-T3V8EOP', 'provider_guid': '{5770385f-c22a-43e0-bf4c-06f5698ffbd9}', 'user': {'identifier': 'S-1-5-18', 'domain': 'NT AUTHORITY', 'name': 'SYSTEM', 'type': 'User'}, 'event_id': '22', 'version': 5, 'event_data': {'RuleName': '-', 'UtcTime': '2021-12-20 14:23:56.806', 'ProcessGuid': '{1f725ed7-296d-61ab-5900-000000000d00}', 'ProcessId': '4408', 'QueryName': 'x1.c.lencr.org', 'QueryStatus': '0', 'QueryResults': 'type: 5 crl.root-x1.letsencrypt.org.edgekey.net;type: 5 e8652.dscx.akamaiedge.net;::ffff:61.71.100.250;', 'Image': 'C:\\\\Windows\\\\System32\\\\svchost.exe'}, 'channel': 'Microsoft-Windows-Sysmon/Operational', 'provider_name': 'Microsoft-Windows-Sysmon'}, 'event': {'kind': 'event', 'provider': 'Microsoft-Windows-Sysmon', 'created': '2021-12-20T14:24:00.225Z', 'code': '22', 'timezone': '+08:00'}, 'fields': {'endpoint_email': 'a3789468739@gmail.com', 'endpoint_org3': 'T7-1639616151642', 'endpoint_project': 'df909038f4bcafd88f8d49c7f6ad5ccd'}, 'agent': {'name': 'DESKTOP-T3V8EOP', 'type': 'winlogbeat', 'version': '7.13.2', 'hostname': 'DESKTOP-T3V8EOP', 'ephemeral_id': '41f4d791-f3b8-47ed-b193-c7151f023406', 'id': '621af60c-6ab1-4b77-803e-d523c7d8ec04'}, 'ecs': {'version': '1.9.0'}, 'log': {'level': 'information'}}}, {'_index': 'winlogbeat', '_type': 'doc', '_id': '5s822H0BMs_nTerjGhgh', '_score': 1.0, '_source': {'@timestamp': '2021-12-20T14:19:21.656Z', 'host': {'hostname': 'DESKTOP-T3V8EOP', 'architecture': 'x86_64', 'name': 'DESKTOP-T3V8EOP', 'os': {'name': 'Windows 10 Pro', 'kernel': '10.0.22000.318 (WinBuild.160101.0800)', 'build': '22000.318', 'type': 'windows', 'platform': 'windows', 'version': '10.0', 'family': 'windows'}, 'id': '1f725ed7-b14c-494d-9fc1-4bc3eeb0b29b', 'ip': ['fe80::1911:e65c:d649:9768', '192.168.56.1', 'fe80::24c3:baf3:3d58:f2af', '169.254.242.175', 'fe80::a832:f35:3de:862c', '169.254.134.44', 'fe80::d4a8:14f8:2744:a74a', '192.168.0.83', 'fe80::4d6b:1d3e:cee1:343d', '169.254.52.61'], 'mac': ['0a:00:27:00:00:10', '24:ee:9a:ff:17:da', '26:ee:9a:ff:17:d9', '24:ee:9a:ff:17:d9', '24:ee:9a:ff:17:dd']}, 'fields': {'endpoint_email': 'a3789468739@gmail.com', 'endpoint_org3': 'T7-1639616151642', 'endpoint_project': 'df909038f4bcafd88f8d49c7f6ad5ccd'}, 'ecs': {'version': '1.9.0'}, 'agent': {'version': '7.13.2', 'hostname': 'DESKTOP-T3V8EOP', 'ephemeral_id': '41f4d791-f3b8-47ed-b193-c7151f023406', 'id': '621af60c-6ab1-4b77-803e-d523c7d8ec04', 'name': 'DESKTOP-T3V8EOP', 'type': 'winlogbeat'}, 'winlog': {'provider_guid': '{5770385f-c22a-43e0-bf4c-06f5698ffbd9}', 'process': {'pid': 53848, 'thread': {'id': 34612}}, 'api': 'wineventlog', 'channel': 'Microsoft-Windows-Sysmon/Operational', 'version': 5, 'user': {'identifier': 'S-1-5-18', 'domain': 'NT AUTHORITY', 'name': 'SYSTEM', 'type': 'User'}, 'event_data': {'ProcessId': '4040', 'QueryName': 'DESKTOP-T3V8EOP', 'QueryStatus': '0', 'QueryResults': 'fe80::1911:e65c:d649:9768;fe80::d4a8:14f8:2744:a74a;', 'Image': 'C:\\\\Windows\\\\System32\\\\spoolsv.exe', 'RuleName': '-', 'UtcTime': '2021-12-20 14:19:19.634', 'ProcessGuid': '{1f725ed7-296d-61ab-4e00-000000000d00}'}, 'event_id': '22', 'provider_name': 'Microsoft-Windows-Sysmon', 'computer_name': 'DESKTOP-T3V8EOP', 'record_id': 948}, 'event': {'created': '2021-12-20T14:19:23.409Z', 'code': '22', 'kind': 'event', 'provider': 'Microsoft-Windows-Sysmon', 'timezone': '+08:00'}, 'log': {'level': 'information'}}}, {'_index': 'winlogbeat', '_type': 'doc', '_id': '_c9H2H0BMs_nTerjGBmH', '_score': 1.0, '_source': {'@timestamp': '2021-12-20T14:37:55.787Z', 'agent': {'hostname': 'DESKTOP-T3V8EOP', 'ephemeral_id': '41f4d791-f3b8-47ed-b193-c7151f023406', 'id': '621af60c-6ab1-4b77-803e-d523c7d8ec04', 'name': 'DESKTOP-T3V8EOP', 'type': 'winlogbeat', 'version': '7.13.2'}, 'winlog': {'provider_guid': '{5770385f-c22a-43e0-bf4c-06f5698ffbd9}', 'event_id': '1', 'provider_name': 'Microsoft-Windows-Sysmon', 'api': 'wineventlog', 'event_data': {'User': 'DESKTOP-T3V8EOP\\\\a3789', 'TerminalSessionId': '2', 'CurrentDirectory': 'C:\\\\Program Files\\\\Rivet Networks\\\\SmartByte\\\\', 'ParentProcessId': '5312', 'UtcTime': '2021-12-20 14:37:55.785', 'ProcessGuid': '{1f725ed7-9543-61c0-da3d-fd8200000000}', 'Company': 'Rivet Networks LLC', 'ParentImage': 'C:\\\\Program Files\\\\Rivet Networks\\\\SmartByte\\\\RAPS.exe', 'RuleName': '-', 'Product': 'RivetAPS', 'CommandLine': 'RAPS.exe -u', 'ProcessId': '11576', 'IntegrityLevel': 'Medium', 'ParentCommandLine': '\"RAPS.exe\"', 'Hashes': 'MD5=F70A23758DA94B90A01CC791ACC7F385,SHA256=EEBCC0C6FD9A7BF70BA3028DAEA19C450FCC698169C2E5B03F6BEF9D4BBA1A6F,IMPHASH=935B686812E8D4246E2278AF50AA30FB', 'ParentProcessGuid': '{1f725ed7-296e-61ab-8f00-000000000d00}', 'LogonGuid': '{1f725ed7-4242-61bc-0f2a-a16b00000000}', 'FileVersion': '3.1.995.0', 'Description': 'RivetAPS', 'LogonId': '0x6ba12a0f', 'Image': 'C:\\\\Program Files\\\\Rivet Networks\\\\SmartByte\\\\RAPS.exe', 'OriginalFileName': 'RAPS.exe'}, 'process': {'pid': 53848, 'thread': {'id': 26096}}, 'user': {'type': 'User', 'identifier': 'S-1-5-18', 'domain': 'NT AUTHORITY', 'name': 'SYSTEM'}, 'channel': 'Microsoft-Windows-Sysmon/Operational', 'record_id': 1092, 'computer_name': 'DESKTOP-T3V8EOP', 'version': 5}, 'event': {'created': '2021-12-20T14:37:57.098Z', 'code': '1', 'kind': 'event', 'provider': 'Microsoft-Windows-Sysmon', 'timezone': '+08:00'}, 'log': {'level': 'information'}, 'host': {'hostname': 'DESKTOP-T3V8EOP', 'architecture': 'x86_64', 'os': {'platform': 'windows', 'version': '10.0', 'family': 'windows', 'name': 'Windows 10 Pro', 'kernel': '10.0.22000.318 (WinBuild.160101.0800)', 'build': '22000.318', 'type': 'windows'}, 'id': '1f725ed7-b14c-494d-9fc1-4bc3eeb0b29b', 'name': 'DESKTOP-T3V8EOP', 'ip': ['fe80::1911:e65c:d649:9768', '192.168.56.1', 'fe80::24c3:baf3:3d58:f2af', '169.254.242.175', 'fe80::a832:f35:3de:862c', '169.254.134.44', 'fe80::d4a8:14f8:2744:a74a', '192.168.0.83', 'fe80::4d6b:1d3e:cee1:343d', '169.254.52.61'], 'mac': ['0a:00:27:00:00:10', '24:ee:9a:ff:17:da', '26:ee:9a:ff:17:d9', '24:ee:9a:ff:17:d9', '24:ee:9a:ff:17:dd']}, 'fields': {'endpoint_project': 'df909038f4bcafd88f8d49c7f6ad5ccd', 'endpoint_email': 'a3789468739@gmail.com', 'endpoint_org3': 'T7-1639616151642'}, 'ecs': {'version': '1.9.0'}}}, {'_index': 'winlogbeat', '_type': 'doc', '_id': '_s9H2H0BMs_nTerjJBlH', '_score': 1.0, '_source': {'@timestamp': '2021-12-20T14:37:58.291Z', 'ecs': {'version': '1.9.0'}, 'agent': {'id': '621af60c-6ab1-4b77-803e-d523c7d8ec04', 'name': 'DESKTOP-T3V8EOP', 'type': 'winlogbeat', 'version': '7.13.2', 'hostname': 'DESKTOP-T3V8EOP', 'ephemeral_id': '41f4d791-f3b8-47ed-b193-c7151f023406'}, 'winlog': {'channel': 'Microsoft-Windows-Sysmon/Operational', 'version': 5, 'record_id': 1093, 'process': {'pid': 53848, 'thread': {'id': 34612}}, 'computer_name': 'DESKTOP-T3V8EOP', 'provider_guid': '{5770385f-c22a-43e0-bf4c-06f5698ffbd9}', 'api': 'wineventlog', 'user': {'identifier': 'S-1-5-18', 'domain': 'NT AUTHORITY', 'name': 'SYSTEM', 'type': 'User'}, 'event_data': {'ProcessId': '11480', 'QueryName': 'context-enroll.ccs.mcafee.com', 'QueryStatus': '0', 'QueryResults': 'type: 5 context-enroll.awsmcafeeccs.mcafee.com;::ffff:54.149.68.59;::ffff:54.186.198.178;::ffff:44.238.162.78;', 'Image': 'C:\\\\Program Files\\\\Common Files\\\\McAfee\\\\CSP\\\\4.0.110.0\\\\McCSPServiceHost.exe', 'RuleName': '-', 'UtcTime': '2021-12-20 14:37:56.163', 'ProcessGuid': '{1f725ed7-2977-61ab-da00-000000000d00}'}, 'event_id': '22', 'provider_name': 'Microsoft-Windows-Sysmon'}, 'event': {'created': '2021-12-20T14:38:00.121Z', 'code': '22', 'kind': 'event', 'provider': 'Microsoft-Windows-Sysmon', 'timezone': '+08:00'}, 'log': {'level': 'information'}, 'host': {'name': 'DESKTOP-T3V8EOP', 'hostname': 'DESKTOP-T3V8EOP', 'architecture': 'x86_64', 'os': {'kernel': '10.0.22000.318 (WinBuild.160101.0800)', 'build': '22000.318', 'type': 'windows', 'platform': 'windows', 'version': '10.0', 'family': 'windows', 'name': 'Windows 10 Pro'}, 'id': '1f725ed7-b14c-494d-9fc1-4bc3eeb0b29b', 'ip': ['fe80::1911:e65c:d649:9768', '192.168.56.1', 'fe80::24c3:baf3:3d58:f2af', '169.254.242.175', 'fe80::a832:f35:3de:862c', '169.254.134.44', 'fe80::d4a8:14f8:2744:a74a', '192.168.0.83', 'fe80::4d6b:1d3e:cee1:343d', '169.254.52.61'], 'mac': ['0a:00:27:00:00:10', '24:ee:9a:ff:17:da', '26:ee:9a:ff:17:d9', '24:ee:9a:ff:17:d9', '24:ee:9a:ff:17:dd']}, 'fields': {'endpoint_email': 'a3789468739@gmail.com', 'endpoint_org3': 'T7-1639616151642', 'endpoint_project': 'df909038f4bcafd88f8d49c7f6ad5ccd'}}}, {'_index': 'winlogbeat', '_type': 'doc', '_id': '9s9G2H0BMs_nTerj_Bn5', '_score': 1.0, '_source': {'@timestamp': '2021-12-20T14:37:48.792Z', 'winlog': {'event_id': '1', 'provider_guid': '{5770385f-c22a-43e0-bf4c-06f5698ffbd9}', 'api': 'wineventlog', 'channel': 'Microsoft-Windows-Sysmon/Operational', 'record_id': 1086, 'process': {'thread': {'id': 26096}, 'pid': 53848}, 'computer_name': 'DESKTOP-T3V8EOP', 'user': {'type': 'User', 'identifier': 'S-1-5-18', 'domain': 'NT AUTHORITY', 'name': 'SYSTEM'}, 'version': 5, 'event_data': {'UtcTime': '2021-12-20 14:37:48.784', 'ParentImage': 'C:\\\\Program Files (x86)\\\\Microsoft\\\\Edge\\\\Application\\\\msedge.exe', 'OriginalFileName': 'msedge.exe', 'CommandLine': '\"C:\\\\Program Files (x86)\\\\Microsoft\\\\Edge\\\\Application\\\\msedge.exe\" --type=renderer --disable-client-side-phishing-detection --display-capture-permissions-policy-allowed --field-trial-handle=2096,10217503095378327848,5264171936250097817,131072 --disable-databases --lang=zh-TW --device-scale-factor=1.25 --num-raster-threads=4 --enable-main-frame-before-activation --renderer-client-id=1259 --mojo-platform-channel-handle=16716 /prefetch:1', 'ParentProcessId': '27400', 'IntegrityLevel': 'Low', 'Hashes': 'MD5=3AEE5493F9C660F6565840F704EAC3D5,SHA256=A02EC567414051D8B0707B9E15BB1BA1CE9068394F30EF70C4D97F17E2CE4F79,IMPHASH=680C3B3C075FF57057C290713261CB56', 'ParentCommandLine': '\"C:\\\\Program Files (x86)\\\\Microsoft\\\\Edge\\\\Application\\\\msedge.exe\" --profile-directory=Default', 'LogonGuid': '{1f725ed7-4242-61bc-0f2a-a16b00000000}', 'ProcessGuid': '{1f725ed7-953c-61c0-a4b1-fc8200000000}', 'User': 'DESKTOP-T3V8EOP\\\\a3789', 'RuleName': '-', 'Image': 'C:\\\\Program Files (x86)\\\\Microsoft\\\\Edge\\\\Application\\\\msedge.exe', 'TerminalSessionId': '2', 'LogonId': '0x6ba12a0f', 'ProcessId': '36384', 'ParentProcessGuid': '{1f725ed7-4264-61bc-2db1-000000000d00}', 'Description': 'Microsoft Edge', 'Company': 'Microsoft Corporation', 'FileVersion': '96.0.1054.57', 'Product': 'Microsoft Edge', 'CurrentDirectory': 'C:\\\\Program Files (x86)\\\\Microsoft\\\\Edge\\\\Application\\\\96.0.1054.57\\\\'}, 'provider_name': 'Microsoft-Windows-Sysmon'}, 'event': {'kind': 'event', 'provider': 'Microsoft-Windows-Sysmon', 'created': '2021-12-20T14:37:50.053Z', 'timezone': '+08:00', 'code': '1'}, 'log': {'level': 'information'}, 'host': {'ip': ['fe80::1911:e65c:d649:9768', '192.168.56.1', 'fe80::24c3:baf3:3d58:f2af', '169.254.242.175', 'fe80::a832:f35:3de:862c', '169.254.134.44', 'fe80::d4a8:14f8:2744:a74a', '192.168.0.83', 'fe80::4d6b:1d3e:cee1:343d', '169.254.52.61'], 'mac': ['0a:00:27:00:00:10', '24:ee:9a:ff:17:da', '26:ee:9a:ff:17:d9', '24:ee:9a:ff:17:d9', '24:ee:9a:ff:17:dd'], 'hostname': 'DESKTOP-T3V8EOP', 'architecture': 'x86_64', 'name': 'DESKTOP-T3V8EOP', 'os': {'kernel': '10.0.22000.318 (WinBuild.160101.0800)', 'build': '22000.318', 'type': 'windows', 'platform': 'windows', 'version': '10.0', 'family': 'windows', 'name': 'Windows 10 Pro'}, 'id': '1f725ed7-b14c-494d-9fc1-4bc3eeb0b29b'}, 'fields': {'endpoint_email': 'a3789468739@gmail.com', 'endpoint_org3': 'T7-1639616151642', 'endpoint_project': 'df909038f4bcafd88f8d49c7f6ad5ccd'}, 'ecs': {'version': '1.9.0'}, 'agent': {'version': '7.13.2', 'hostname': 'DESKTOP-T3V8EOP', 'ephemeral_id': '41f4d791-f3b8-47ed-b193-c7151f023406', 'id': '621af60c-6ab1-4b77-803e-d523c7d8ec04', 'name': 'DESKTOP-T3V8EOP', 'type': 'winlogbeat'}}}, {'_index': 'winlogbeat', '_type': 'doc', '_id': '-M9G2H0BMs_nTerj_Bn5', '_score': 1.0, '_source': {'@timestamp': '2021-12-20T14:37:49.232Z', 'agent': {'id': '621af60c-6ab1-4b77-803e-d523c7d8ec04', 'name': 'DESKTOP-T3V8EOP', 'type': 'winlogbeat', 'version': '7.13.2', 'hostname': 'DESKTOP-T3V8EOP', 'ephemeral_id': '41f4d791-f3b8-47ed-b193-c7151f023406'}, 'event': {'provider': 'Microsoft-Windows-Sysmon', 'created': '2021-12-20T14:37:50.053Z', 'code': '1', 'timezone': '+08:00', 'kind': 'event'}, 'log': {'level': 'information'}, 'host': {'name': 'DESKTOP-T3V8EOP', 'os': {'type': 'windows', 'platform': 'windows', 'version': '10.0', 'family': 'windows', 'name': 'Windows 10 Pro', 'kernel': '10.0.22000.318 (WinBuild.160101.0800)', 'build': '22000.318'}, 'id': '1f725ed7-b14c-494d-9fc1-4bc3eeb0b29b', 'ip': ['fe80::1911:e65c:d649:9768', '192.168.56.1', 'fe80::24c3:baf3:3d58:f2af', '169.254.242.175', 'fe80::a832:f35:3de:862c', '169.254.134.44', 'fe80::d4a8:14f8:2744:a74a', '192.168.0.83', 'fe80::4d6b:1d3e:cee1:343d', '169.254.52.61'], 'mac': ['0a:00:27:00:00:10', '24:ee:9a:ff:17:da', '26:ee:9a:ff:17:d9', '24:ee:9a:ff:17:d9', '24:ee:9a:ff:17:dd'], 'hostname': 'DESKTOP-T3V8EOP', 'architecture': 'x86_64'}, 'winlog': {'provider_guid': '{5770385f-c22a-43e0-bf4c-06f5698ffbd9}', 'api': 'wineventlog', 'process': {'thread': {'id': 26096}, 'pid': 53848}, 'version': 5, 'user': {'domain': 'NT AUTHORITY', 'name': 'SYSTEM', 'type': 'User', 'identifier': 'S-1-5-18'}, 'channel': 'Microsoft-Windows-Sysmon/Operational', 'event_id': '1', 'record_id': 1088, 'computer_name': 'DESKTOP-T3V8EOP', 'event_data': {'ProcessGuid': '{1f725ed7-953d-61c0-d5c6-fc8200000000}', 'Description': 'Microsoft Edge', 'LogonId': '0x6ba12a0f', 'IntegrityLevel': 'Low', 'ParentCommandLine': '\"C:\\\\Program Files (x86)\\\\Microsoft\\\\Edge\\\\Application\\\\msedge.exe\" --profile-directory=Default', 'UtcTime': '2021-12-20 14:37:49.229', 'Company': 'Microsoft Corporation', 'ParentImage': 'C:\\\\Program Files (x86)\\\\Microsoft\\\\Edge\\\\Application\\\\msedge.exe', 'FileVersion': '96.0.1054.57', 'Product': 'Microsoft Edge', 'LogonGuid': '{1f725ed7-4242-61bc-0f2a-a16b00000000}', 'ParentProcessId': '27400', 'OriginalFileName': 'msedge.exe', 'Image': 'C:\\\\Program Files (x86)\\\\Microsoft\\\\Edge\\\\Application\\\\msedge.exe', 'Hashes': 'MD5=3AEE5493F9C660F6565840F704EAC3D5,SHA256=A02EC567414051D8B0707B9E15BB1BA1CE9068394F30EF70C4D97F17E2CE4F79,IMPHASH=680C3B3C075FF57057C290713261CB56', 'RuleName': '-', 'CommandLine': '\"C:\\\\Program Files (x86)\\\\Microsoft\\\\Edge\\\\Application\\\\msedge.exe\" --type=renderer --disable-client-side-phishing-detection --display-capture-permissions-policy-allowed --field-trial-handle=2096,10217503095378327848,5264171936250097817,131072 --disable-databases --lang=zh-TW --device-scale-factor=1.25 --num-raster-threads=4 --enable-main-frame-before-activation --renderer-client-id=1261 --mojo-platform-channel-handle=17096 /prefetch:1', 'CurrentDirectory': 'C:\\\\Program Files (x86)\\\\Microsoft\\\\Edge\\\\Application\\\\96.0.1054.57\\\\', 'TerminalSessionId': '2', 'ProcessId': '38440', 'User': 'DESKTOP-T3V8EOP\\\\a3789', 'ParentProcessGuid': '{1f725ed7-4264-61bc-2db1-000000000d00}'}, 'provider_name': 'Microsoft-Windows-Sysmon'}, 'fields': {'endpoint_email': 'a3789468739@gmail.com', 'endpoint_org3': 'T7-1639616151642', 'endpoint_project': 'df909038f4bcafd88f8d49c7f6ad5ccd'}, 'ecs': {'version': '1.9.0'}}}, {'_index': 'winlogbeat', '_type': 'doc', '_id': '-c9H2H0BMs_nTerjBBnV', '_score': 1.0, '_source': {'@timestamp': '2021-12-20T14:37:50.841Z', 'winlog': {'event_id': '1', 'provider_guid': '{5770385f-c22a-43e0-bf4c-06f5698ffbd9}', 'process': {'thread': {'id': 26096}, 'pid': 53848}, 'provider_name': 'Microsoft-Windows-Sysmon', 'user': {'name': 'SYSTEM', 'type': 'User', 'identifier': 'S-1-5-18', 'domain': 'NT AUTHORITY'}, 'event_data': {'TerminalSessionId': '2', 'Product': 'Microsoft Edge', 'IntegrityLevel': 'Low', 'Image': 'C:\\\\Program Files (x86)\\\\Microsoft\\\\Edge\\\\Application\\\\msedge.exe', 'LogonGuid': '{1f725ed7-4242-61bc-0f2a-a16b00000000}', 'ParentCommandLine': '\"C:\\\\Program Files (x86)\\\\Microsoft\\\\Edge\\\\Application\\\\msedge.exe\" --profile-directory=Default', 'ProcessId': '56020', 'OriginalFileName': 'msedge.exe', 'CurrentDirectory': 'C:\\\\Program Files (x86)\\\\Microsoft\\\\Edge\\\\Application\\\\96.0.1054.57\\\\', 'ParentProcessId': '27400', 'Description': 'Microsoft Edge', 'ProcessGuid': '{1f725ed7-953e-61c0-24df-fc8200000000}', 'Company': 'Microsoft Corporation', 'Hashes': 'MD5=3AEE5493F9C660F6565840F704EAC3D5,SHA256=A02EC567414051D8B0707B9E15BB1BA1CE9068394F30EF70C4D97F17E2CE4F79,IMPHASH=680C3B3C075FF57057C290713261CB56', 'ParentImage': 'C:\\\\Program Files (x86)\\\\Microsoft\\\\Edge\\\\Application\\\\msedge.exe', 'User': 'DESKTOP-T3V8EOP\\\\a3789', 'FileVersion': '96.0.1054.57', 'RuleName': '-', 'UtcTime': '2021-12-20 14:37:50.838', 'LogonId': '0x6ba12a0f', 'CommandLine': '\"C:\\\\Program Files (x86)\\\\Microsoft\\\\Edge\\\\Application\\\\msedge.exe\" --type=renderer --disable-client-side-phishing-detection --display-capture-permissions-policy-allowed --field-trial-handle=2096,10217503095378327848,5264171936250097817,131072 --disable-databases --lang=zh-TW --device-scale-factor=1.25 --num-raster-threads=4 --enable-main-frame-before-activation --renderer-client-id=1262 --mojo-platform-channel-handle=17300 /prefetch:1', 'ParentProcessGuid': '{1f725ed7-4264-61bc-2db1-000000000d00}'}, 'record_id': 1089, 'computer_name': 'DESKTOP-T3V8EOP', 'version': 5, 'channel': 'Microsoft-Windows-Sysmon/Operational', 'api': 'wineventlog'}, 'event': {'provider': 'Microsoft-Windows-Sysmon', 'created': '2021-12-20T14:37:52.066Z', 'code': '1', 'kind': 'event', 'timezone': '+08:00'}, 'log': {'level': 'information'}, 'host': {'os': {'family': 'windows', 'name': 'Windows 10 Pro', 'kernel': '10.0.22000.318 (WinBuild.160101.0800)', 'build': '22000.318', 'type': 'windows', 'platform': 'windows', 'version': '10.0'}, 'id': '1f725ed7-b14c-494d-9fc1-4bc3eeb0b29b', 'ip': ['fe80::1911:e65c:d649:9768', '192.168.56.1', 'fe80::24c3:baf3:3d58:f2af', '169.254.242.175', 'fe80::a832:f35:3de:862c', '169.254.134.44', 'fe80::d4a8:14f8:2744:a74a', '192.168.0.83', 'fe80::4d6b:1d3e:cee1:343d', '169.254.52.61'], 'mac': ['0a:00:27:00:00:10', '24:ee:9a:ff:17:da', '26:ee:9a:ff:17:d9', '24:ee:9a:ff:17:d9', '24:ee:9a:ff:17:dd'], 'hostname': 'DESKTOP-T3V8EOP', 'architecture': 'x86_64', 'name': 'DESKTOP-T3V8EOP'}, 'fields': {'endpoint_project': 'df909038f4bcafd88f8d49c7f6ad5ccd', 'endpoint_email': 'a3789468739@gmail.com', 'endpoint_org3': 'T7-1639616151642'}, 'ecs': {'version': '1.9.0'}, 'agent': {'hostname': 'DESKTOP-T3V8EOP', 'ephemeral_id': '41f4d791-f3b8-47ed-b193-c7151f023406', 'id': '621af60c-6ab1-4b77-803e-d523c7d8ec04', 'name': 'DESKTOP-T3V8EOP', 'type': 'winlogbeat', 'version': '7.13.2'}}}, {'_index': 'winlogbeat', '_type': 'doc', '_id': '789G2H0BMs_nTerj7Rkx', '_score': 1.0, '_source': {'@timestamp': '2021-12-20T14:37:44.781Z', 'event': {'timezone': '+08:00', 'code': '1', 'kind': 'event', 'provider': 'Microsoft-Windows-Sysmon', 'created': '2021-12-20T14:37:46.010Z'}, 'log': {'level': 'information'}, 'host': {'id': '1f725ed7-b14c-494d-9fc1-4bc3eeb0b29b', 'name': 'DESKTOP-T3V8EOP', 'ip': ['fe80::1911:e65c:d649:9768', '192.168.56.1', 'fe80::24c3:baf3:3d58:f2af', '169.254.242.175', 'fe80::a832:f35:3de:862c', '169.254.134.44', 'fe80::d4a8:14f8:2744:a74a', '192.168.0.83', 'fe80::4d6b:1d3e:cee1:343d', '169.254.52.61'], 'mac': ['0a:00:27:00:00:10', '24:ee:9a:ff:17:da', '26:ee:9a:ff:17:d9', '24:ee:9a:ff:17:d9', '24:ee:9a:ff:17:dd'], 'hostname': 'DESKTOP-T3V8EOP', 'architecture': 'x86_64', 'os': {'version': '10.0', 'family': 'windows', 'name': 'Windows 10 Pro', 'kernel': '10.0.22000.318 (WinBuild.160101.0800)', 'build': '22000.318', 'type': 'windows', 'platform': 'windows'}}, 'fields': {'endpoint_email': 'a3789468739@gmail.com', 'endpoint_org3': 'T7-1639616151642', 'endpoint_project': 'df909038f4bcafd88f8d49c7f6ad5ccd'}, 'ecs': {'version': '1.9.0'}, 'agent': {'hostname': 'DESKTOP-T3V8EOP', 'ephemeral_id': '41f4d791-f3b8-47ed-b193-c7151f023406', 'id': '621af60c-6ab1-4b77-803e-d523c7d8ec04', 'name': 'DESKTOP-T3V8EOP', 'type': 'winlogbeat', 'version': '7.13.2'}, 'winlog': {'event_data': {'IntegrityLevel': 'Low', 'Hashes': 'MD5=3AEE5493F9C660F6565840F704EAC3D5,SHA256=A02EC567414051D8B0707B9E15BB1BA1CE9068394F30EF70C4D97F17E2CE4F79,IMPHASH=680C3B3C075FF57057C290713261CB56', 'ParentCommandLine': '\"C:\\\\Program Files (x86)\\\\Microsoft\\\\Edge\\\\Application\\\\msedge.exe\" --profile-directory=Default', 'Image': 'C:\\\\Program Files (x86)\\\\Microsoft\\\\Edge\\\\Application\\\\msedge.exe', 'CurrentDirectory': 'C:\\\\Program Files (x86)\\\\Microsoft\\\\Edge\\\\Application\\\\96.0.1054.57\\\\', 'ParentImage': 'C:\\\\Program Files (x86)\\\\Microsoft\\\\Edge\\\\Application\\\\msedge.exe', 'RuleName': '-', 'ParentProcessGuid': '{1f725ed7-4264-61bc-2db1-000000000d00}', 'ParentProcessId': '27400', 'ProcessId': '30128', 'LogonId': '0x6ba12a0f', 'TerminalSessionId': '2', 'Product': 'Microsoft Edge', 'ProcessGuid': '{1f725ed7-9538-61c0-0f4b-fc8200000000}', 'FileVersion': '96.0.1054.57', 'User': 'DESKTOP-T3V8EOP\\\\a3789', 'UtcTime': '2021-12-20 14:37:44.777', 'LogonGuid': '{1f725ed7-4242-61bc-0f2a-a16b00000000}', 'CommandLine': '\"C:\\\\Program Files (x86)\\\\Microsoft\\\\Edge\\\\Application\\\\msedge.exe\" --type=renderer --disable-client-side-phishing-detection --display-capture-permissions-policy-allowed --field-trial-handle=2096,10217503095378327848,5264171936250097817,131072 --disable-databases --lang=zh-TW --device-scale-factor=1.25 --num-raster-threads=4 --enable-main-frame-before-activation --renderer-client-id=1252 --mojo-platform-channel-handle=15688 /prefetch:1', 'Description': 'Microsoft Edge', 'OriginalFileName': 'msedge.exe', 'Company': 'Microsoft Corporation'}, 'provider_guid': '{5770385f-c22a-43e0-bf4c-06f5698ffbd9}', 'channel': 'Microsoft-Windows-Sysmon/Operational', 'provider_name': 'Microsoft-Windows-Sysmon', 'record_id': 1079, 'computer_name': 'DESKTOP-T3V8EOP', 'process': {'pid': 53848, 'thread': {'id': 26096}}, 'api': 'wineventlog', 'event_id': '1', 'user': {'identifier': 'S-1-5-18', 'domain': 'NT AUTHORITY', 'name': 'SYSTEM', 'type': 'User'}, 'version': 5}}}, {'_index': 'winlogbeat', '_type': 'doc', '_id': '8M9G2H0BMs_nTerj7Rkx', '_score': 1.0, '_source': {'@timestamp': '2021-12-20T14:37:45.152Z', 'event': {'kind': 'event', 'provider': 'Microsoft-Windows-Sysmon', 'timezone': '+08:00', 'created': '2021-12-20T14:37:46.010Z', 'code': '1'}, 'log': {'level': 'information'}, 'host': {'architecture': 'x86_64', 'os': {'build': '22000.318', 'type': 'windows', 'platform': 'windows', 'version': '10.0', 'family': 'windows', 'name': 'Windows 10 Pro', 'kernel': '10.0.22000.318 (WinBuild.160101.0800)'}, 'id': '1f725ed7-b14c-494d-9fc1-4bc3eeb0b29b', 'ip': ['fe80::1911:e65c:d649:9768', '192.168.56.1', 'fe80::24c3:baf3:3d58:f2af', '169.254.242.175', 'fe80::a832:f35:3de:862c', '169.254.134.44', 'fe80::d4a8:14f8:2744:a74a', '192.168.0.83', 'fe80::4d6b:1d3e:cee1:343d', '169.254.52.61'], 'name': 'DESKTOP-T3V8EOP', 'mac': ['0a:00:27:00:00:10', '24:ee:9a:ff:17:da', '26:ee:9a:ff:17:d9', '24:ee:9a:ff:17:d9', '24:ee:9a:ff:17:dd'], 'hostname': 'DESKTOP-T3V8EOP'}, 'fields': {'endpoint_email': 'a3789468739@gmail.com', 'endpoint_org3': 'T7-1639616151642', 'endpoint_project': 'df909038f4bcafd88f8d49c7f6ad5ccd'}, 'ecs': {'version': '1.9.0'}, 'agent': {'name': 'DESKTOP-T3V8EOP', 'type': 'winlogbeat', 'version': '7.13.2', 'hostname': 'DESKTOP-T3V8EOP', 'ephemeral_id': '41f4d791-f3b8-47ed-b193-c7151f023406', 'id': '621af60c-6ab1-4b77-803e-d523c7d8ec04'}, 'winlog': {'event_data': {'CurrentDirectory': 'C:\\\\Program Files (x86)\\\\Microsoft\\\\Edge\\\\Application\\\\96.0.1054.57\\\\', 'Hashes': 'MD5=3AEE5493F9C660F6565840F704EAC3D5,SHA256=A02EC567414051D8B0707B9E15BB1BA1CE9068394F30EF70C4D97F17E2CE4F79,IMPHASH=680C3B3C075FF57057C290713261CB56', 'Company': 'Microsoft Corporation', 'TerminalSessionId': '2', 'LogonGuid': '{1f725ed7-4242-61bc-0f2a-a16b00000000}', 'ParentImage': 'C:\\\\Program Files (x86)\\\\Microsoft\\\\Edge\\\\Application\\\\msedge.exe', 'RuleName': '-', 'ProcessGuid': '{1f725ed7-9539-61c0-665d-fc8200000000}', 'ProcessId': '29948', 'FileVersion': '96.0.1054.57', 'LogonId': '0x6ba12a0f', 'Product': 'Microsoft Edge', 'Image': 'C:\\\\Program Files (x86)\\\\Microsoft\\\\Edge\\\\Application\\\\msedge.exe', 'UtcTime': '2021-12-20 14:37:45.149', 'User': 'DESKTOP-T3V8EOP\\\\a3789', 'ParentProcessGuid': '{1f725ed7-4264-61bc-2db1-000000000d00}', 'ParentCommandLine': '\"C:\\\\Program Files (x86)\\\\Microsoft\\\\Edge\\\\Application\\\\msedge.exe\" --profile-directory=Default', 'Description': 'Microsoft Edge', 'ParentProcessId': '27400', 'OriginalFileName': 'msedge.exe', 'CommandLine': '\"C:\\\\Program Files (x86)\\\\Microsoft\\\\Edge\\\\Application\\\\msedge.exe\" --type=renderer --disable-client-side-phishing-detection --display-capture-permissions-policy-allowed --field-trial-handle=2096,10217503095378327848,5264171936250097817,131072 --disable-databases --lang=zh-TW --device-scale-factor=1.25 --num-raster-threads=4 --enable-main-frame-before-activation --renderer-client-id=1253 --mojo-platform-channel-handle=14156 /prefetch:1', 'IntegrityLevel': 'Low'}, 'provider_name': 'Microsoft-Windows-Sysmon', 'computer_name': 'DESKTOP-T3V8EOP', 'user': {'domain': 'NT AUTHORITY', 'name': 'SYSTEM', 'type': 'User', 'identifier': 'S-1-5-18'}, 'process': {'thread': {'id': 26096}, 'pid': 53848}, 'event_id': '1', 'record_id': 1080, 'provider_guid': '{5770385f-c22a-43e0-bf4c-06f5698ffbd9}', 'channel': 'Microsoft-Windows-Sysmon/Operational', 'version': 5, 'api': 'wineventlog'}}}, {'_index': 'winlogbeat', '_type': 'doc', '_id': '8c9G2H0BMs_nTerj7Rkx', '_score': 1.0, '_source': {'@timestamp': '2021-12-20T14:37:45.780Z', 'winlog': {'provider_name': 'Microsoft-Windows-Sysmon', 'record_id': 1081, 'provider_guid': '{5770385f-c22a-43e0-bf4c-06f5698ffbd9}', 'api': 'wineventlog', 'event_data': {'LogonGuid': '{1f725ed7-4242-61bc-0f2a-a16b00000000}', 'User': 'DESKTOP-T3V8EOP\\\\a3789', 'Image': 'C:\\\\Program Files (x86)\\\\Microsoft\\\\Edge\\\\Application\\\\msedge.exe', 'LogonId': '0x6ba12a0f', 'TerminalSessionId': '2', 'ParentProcessGuid': '{1f725ed7-4264-61bc-2db1-000000000d00}', 'RuleName': '-', 'Product': 'Microsoft Edge', 'CurrentDirectory': 'C:\\\\Program Files (x86)\\\\Microsoft\\\\Edge\\\\Application\\\\96.0.1054.57\\\\', 'CommandLine': '\"C:\\\\Program Files (x86)\\\\Microsoft\\\\Edge\\\\Application\\\\msedge.exe\" --type=renderer --disable-client-side-phishing-detection --display-capture-permissions-policy-allowed --field-trial-handle=2096,10217503095378327848,5264171936250097817,131072 --disable-databases --lang=zh-TW --device-scale-factor=1.25 --num-raster-threads=4 --enable-main-frame-before-activation --renderer-client-id=1254 --mojo-platform-channel-handle=14892 /prefetch:1', 'ProcessId': '16144', 'Company': 'Microsoft Corporation', 'Description': 'Microsoft Edge', 'OriginalFileName': 'msedge.exe', 'ParentImage': 'C:\\\\Program Files (x86)\\\\Microsoft\\\\Edge\\\\Application\\\\msedge.exe', 'ProcessGuid': '{1f725ed7-9539-61c0-ac74-fc8200000000}', 'IntegrityLevel': 'Low', 'ParentProcessId': '27400', 'ParentCommandLine': '\"C:\\\\Program Files (x86)\\\\Microsoft\\\\Edge\\\\Application\\\\msedge.exe\" --profile-directory=Default', 'UtcTime': '2021-12-20 14:37:45.778', 'FileVersion': '96.0.1054.57', 'Hashes': 'MD5=3AEE5493F9C660F6565840F704EAC3D5,SHA256=A02EC567414051D8B0707B9E15BB1BA1CE9068394F30EF70C4D97F17E2CE4F79,IMPHASH=680C3B3C075FF57057C290713261CB56'}, 'channel': 'Microsoft-Windows-Sysmon/Operational', 'event_id': '1', 'computer_name': 'DESKTOP-T3V8EOP', 'version': 5, 'user': {'identifier': 'S-1-5-18', 'domain': 'NT AUTHORITY', 'name': 'SYSTEM', 'type': 'User'}, 'process': {'pid': 53848, 'thread': {'id': 26096}}}, 'event': {'code': '1', 'kind': 'event', 'provider': 'Microsoft-Windows-Sysmon', 'timezone': '+08:00', 'created': '2021-12-20T14:37:46.010Z'}, 'log': {'level': 'information'}, 'host': {'hostname': 'DESKTOP-T3V8EOP', 'name': 'DESKTOP-T3V8EOP', 'architecture': 'x86_64', 'os': {'platform': 'windows', 'version': '10.0', 'family': 'windows', 'name': 'Windows 10 Pro', 'kernel': '10.0.22000.318 (WinBuild.160101.0800)', 'build': '22000.318', 'type': 'windows'}, 'id': '1f725ed7-b14c-494d-9fc1-4bc3eeb0b29b', 'ip': ['fe80::1911:e65c:d649:9768', '192.168.56.1', 'fe80::24c3:baf3:3d58:f2af', '169.254.242.175', 'fe80::a832:f35:3de:862c', '169.254.134.44', 'fe80::d4a8:14f8:2744:a74a', '192.168.0.83', 'fe80::4d6b:1d3e:cee1:343d', '169.254.52.61'], 'mac': ['0a:00:27:00:00:10', '24:ee:9a:ff:17:da', '26:ee:9a:ff:17:d9', '24:ee:9a:ff:17:d9', '24:ee:9a:ff:17:dd']}, 'fields': {'endpoint_email': 'a3789468739@gmail.com', 'endpoint_org3': 'T7-1639616151642', 'endpoint_project': 'df909038f4bcafd88f8d49c7f6ad5ccd'}, 'ecs': {'version': '1.9.0'}, 'agent': {'hostname': 'DESKTOP-T3V8EOP', 'ephemeral_id': '41f4d791-f3b8-47ed-b193-c7151f023406', 'id': '621af60c-6ab1-4b77-803e-d523c7d8ec04', 'name': 'DESKTOP-T3V8EOP', 'type': 'winlogbeat', 'version': '7.13.2'}}}, 