{'_index': 'winlogbeat', '_type': 'doc', '_id': 'Uc3-130BMs_nTerjT8bn', '_score': 1.0, '_source': {'@timestamp': '2021-12-20T13:18:24.909Z', 'event': {'timezone': '+08:00', 'kind': 'event', 'provider': 'Microsoft-Windows-Sysmon', 'action': 'Registry value set (rule: RegistryEvent)', 'created': '2021-12-20T13:18:26.755Z', 'code': '13'}, 'log': {'level': '資訊'}, 'message': 'Registry value set:\\nRuleName: InvDB\\nEventType: SetValue\\nUtcTime: 2021-12-20 13:18:24.908\\nProcessGuid: {e36c1727-c52e-6193-c400-000000002d00}\\nProcessId: 3896\\nImage: C:\\\\WINDOWS\\\\system32\\\\svchost.exe\\nTargetObject: HKU\\\\S-1-5-21-1324499580-686495683-3342357435-1001\\\\SOFTWARE\\\\Microsoft\\\\Windows NT\\\\CurrentVersion\\\\AppCompatFlags\\\\Compatibility Assistant\\\\Store\\\\C:\\\\Program Files (x86)\\\\Microsoft\\\\Edge\\\\Application\\\\msedge.exe\\nDetails: Binary Data', 'host': {'architecture': 'x86_64', 'os': {'name': 'Windows 10 Home', 'kernel': '10.0.19041.1348 (WinBuild.160101.0800)', 'build': '19042.1348', 'type': 'windows', 'platform': 'windows', 'version': '10.0', 'family': 'windows'}, 'id': 'e36c1727-1de3-433d-994a-ca48c783f851', 'ip': ['fe80::58e1:a727:458c:c8be', '169.254.200.190', 'fe80::4de3:b7e9:d153:1f26', '192.168.56.1', 'fe80::8927:63d8:812f:a641', '169.254.166.65', 'fe80::84a4:848d:cec2:84a', '192.168.137.1', 'fe80::e9ed:ddfa:f064:e416', '192.168.33.13'], 'mac': ['5e:2c:79:6a:7a:52', '0a:00:27:00:00:10', 'd2:c5:d3:c3:02:75', 'f2:c5:d3:c3:02:75', 'd0:c5:d3:c3:02:75'], 'name': 'LAPTOP-O5NUGDHI', 'hostname': 'LAPTOP-O5NUGDHI'}, 'fields': {'endpoint_org3': 'T7-1639616151642', 'endpoint_project': 'df909038f4bcafd88f8d49c7f6ad5ccd', 'endpoint_email': 't108ab0706@ntut.org.tw'}, 'agent': {'hostname': 'LAPTOP-O5NUGDHI', 'ephemeral_id': '15a65e24-2d8b-4182-ba26-0ab8c6e22ccc', 'id': 'bacf81f0-932a-4bf6-8615-09b8fbf307ac', 'name': 'LAPTOP-O5NUGDHI', 'type': 'winlogbeat', 'version': '7.13.2'}, 'ecs': {'version': '1.9.0'}, 'winlog': {'version': 2, 'event_data': {'ProcessId': '3896', 'Image': 'C:\\\\WINDOWS\\\\system32\\\\svchost.exe', 'TargetObject': 'HKU\\\\S-1-5-21-1324499580-686495683-3342357435-1001\\\\SOFTWARE\\\\Microsoft\\\\Windows NT\\\\CurrentVersion\\\\AppCompatFlags\\\\Compatibility Assistant\\\\Store\\\\C:\\\\Program Files (x86)\\\\Microsoft\\\\Edge\\\\Application\\\\msedge.exe', 'Details': 'Binary Data', 'RuleName': 'InvDB', 'EventType': 'SetValue', 'UtcTime': '2021-12-20 13:18:24.908', 'ProcessGuid': '{e36c1727-c52e-6193-c400-000000002d00}'}, 'process': {'pid': 25104, 'thread': {'id': 33332}}, 'api': 'wineventlog', 'task': 'Registry value set (rule: RegistryEvent)', 'record_id': 495, 'computer_name': 'LAPTOP-O5NUGDHI', 'event_id': '13', 'opcode': '資訊', 'provider_guid': '{5770385f-c22a-43e0-bf4c-06f5698ffbd9}', 'channel': 'Microsoft-Windows-Sysmon/Operational', 'provider_name': 'Microsoft-Windows-Sysmon', 'user': {'name': 'SYSTEM', 'type': 'User', 'identifier': 'S-1-5-18', 'domain': 'NT AUTHORITY'}}}}, {'_index': 'winlogbeat', '_type': 'doc', '_id': 'D835130BMs_nTerjQMZL', '_score': 1.0, '_source': {'@timestamp': '2021-12-20T13:12:54.384Z', 'agent': {'ephemeral_id': '41f4d791-f3b8-47ed-b193-c7151f023406', 'id': '621af60c-6ab1-4b77-803e-d523c7d8ec04', 'name': 'DESKTOP-T3V8EOP', 'type': 'winlogbeat', 'version': '7.13.2', 'hostname': 'DESKTOP-T3V8EOP'}, 'winlog': {'api': 'wineventlog', 'user': {'type': 'User', 'identifier': 'S-1-5-18', 'domain': 'NT AUTHORITY', 'name': 'SYSTEM'}, 'channel': 'Microsoft-Windows-Sysmon/Operational', 'computer_name': 'DESKTOP-T3V8EOP', 'version': 5, 'record_id': 602, 'process': {'pid': 53848, 'thread': {'id': 34612}}, 'event_data': {'Image': 'C:\\\\Program Files (x86)\\\\Microsoft\\\\Edge\\\\Application\\\\msedge.exe', 'RuleName': '-', 'UtcTime': '2021-12-20 13:12:52.583', 'ProcessGuid': '{1f725ed7-4265-61bc-30b1-000000000d00}', 'ProcessId': '23260', 'QueryName': 'www.google.com', 'QueryStatus': '0', 'QueryResults': '172.217.160.100;'}, 'event_id': '22', 'provider_guid': '{5770385f-c22a-43e0-bf4c-06f5698ffbd9}', 'provider_name': 'Microsoft-Windows-Sysmon'}, 'event': {'created': '2021-12-20T13:12:55.482Z', 'code': '22', 'kind': 'event', 'provider': 'Microsoft-Windows-Sysmon', 'timezone': '+08:00'}, 'log': {'level': 'information'}, 'host': {'mac': ['0a:00:27:00:00:10', '24:ee:9a:ff:17:da', '26:ee:9a:ff:17:d9', '24:ee:9a:ff:17:d9', '24:ee:9a:ff:17:dd'], 'hostname': 'DESKTOP-T3V8EOP', 'architecture': 'x86_64', 'name': 'DESKTOP-T3V8EOP', 'os': {'type': 'windows', 'platform': 'windows', 'version': '10.0', 'family': 'windows', 'name': 'Windows 10 Pro', 'kernel': '10.0.22000.318 (WinBuild.160101.0800)', 'build': '22000.318'}, 'id': '1f725ed7-b14c-494d-9fc1-4bc3eeb0b29b', 'ip': ['fe80::1911:e65c:d649:9768', '192.168.56.1', 'fe80::24c3:baf3:3d58:f2af', '169.254.242.175', 'fe80::a832:f35:3de:862c', '169.254.134.44', 'fe80::d4a8:14f8:2744:a74a', '192.168.0.83', 'fe80::4d6b:1d3e:cee1:343d', '169.254.52.61']}, 'fields': {'endpoint_email': 'a3789468739@gmail.com', 'endpoint_org3': 'T7-1639616151642', 'endpoint_project': 'df909038f4bcafd88f8d49c7f6ad5ccd'}, 'ecs': {'version': '1.9.0'}}}, {'_index': 'winlogbeat', '_type': 'doc', '_id': 'mc0A2H0BMs_nTerju8Yo', '_score': 1.0, '_source': {'@timestamp': '2021-12-20T13:21:04.025Z', 'log': {'level': '資訊'}, 'message': 'Process terminated:\\nRuleName: -\\nUtcTime: 2021-12-20 13:21:04.025\\nProcessGuid: {e36c1727-7bff-61c0-de7b-485e00000000}\\nProcessId: 36764\\nImage: C:\\\\Users\\\\x1tiw\\\\AppData\\\\Local\\\\LINE\\\\Data\\\\plugin\\\\LineMediaPlayer\\\\1.2.0.391\\\\LineMediaPlayer.exe', 'fields': {'endpoint_project': 'df909038f4bcafd88f8d49c7f6ad5ccd', 'endpoint_email': 't108ab0706@ntut.org.tw', 'endpoint_org3': 'T7-1639616151642'}, 'agent': {'version': '7.13.2', 'hostname': 'LAPTOP-O5NUGDHI', 'ephemeral_id': '15a65e24-2d8b-4182-ba26-0ab8c6e22ccc', 'id': 'bacf81f0-932a-4bf6-8615-09b8fbf307ac', 'name': 'LAPTOP-O5NUGDHI', 'type': 'winlogbeat'}, 'ecs': {'version': '1.9.0'}, 'host': {'name': 'LAPTOP-O5NUGDHI', 'mac': ['5e:2c:79:6a:7a:52', '0a:00:27:00:00:10', 'd2:c5:d3:c3:02:75', 'f2:c5:d3:c3:02:75', 'd0:c5:d3:c3:02:75'], 'hostname': 'LAPTOP-O5NUGDHI', 'architecture': 'x86_64', 'os': {'build': '19042.1348', 'type': 'windows', 'platform': 'windows', 'version': '10.0', 'family': 'windows', 'name': 'Windows 10 Home', 'kernel': '10.0.19041.1348 (WinBuild.160101.0800)'}, 'id': 'e36c1727-1de3-433d-994a-ca48c783f851', 'ip': ['fe80::58e1:a727:458c:c8be', '169.254.200.190', 'fe80::4de3:b7e9:d153:1f26', '192.168.56.1', 'fe80::8927:63d8:812f:a641', '169.254.166.65', 'fe80::84a4:848d:cec2:84a', '192.168.137.1', 'fe80::e9ed:ddfa:f064:e416', '192.168.33.13']}, 'winlog': {'provider_name': 'Microsoft-Windows-Sysmon', 'record_id': 531, 'provider_guid': '{5770385f-c22a-43e0-bf4c-06f5698ffbd9}', 'user': {'identifier': 'S-1-5-18', 'domain': 'NT AUTHORITY', 'name': 'SYSTEM', 'type': 'User'}, 'opcode': '資訊', 'event_data': {'UtcTime': '2021-12-20 13:21:04.025', 'ProcessGuid': '{e36c1727-7bff-61c0-de7b-485e00000000}', 'ProcessId': '36764', 'Image': 'C:\\\\Users\\\\x1tiw\\\\AppData\\\\Local\\\\LINE\\\\Data\\\\plugin\\\\LineMediaPlayer\\\\1.2.0.391\\\\LineMediaPlayer.exe', 'RuleName': '-'}, 'task': 'Process terminated (rule: ProcessTerminate)', 'version': 3, 'event_id': '5', 'process': {'pid': 25104, 'thread': {'id': 33332}}, 'channel': 'Microsoft-Windows-Sysmon/Operational', 'computer_name': 'LAPTOP-O5NUGDHI', 'api': 'wineventlog'}, 'event': {'timezone': '+08:00', 'created': '2021-12-20T13:21:05.266Z', 'code': '5', 'kind': 'event', 'provider': 'Microsoft-Windows-Sysmon', 'action': 'Process terminated (rule: ProcessTerminate)'}}}, {'_index': 'winlogbeat', '_type': 'doc', '_id': 'nc0A2H0BMs_nTerjzsbs', '_score': 1.0, '_source': {'@timestamp': '2021-12-20T13:21:09.204Z', 'host': {'name': 'LAPTOP-O5NUGDHI', 'hostname': 'LAPTOP-O5NUGDHI', 'architecture': 'x86_64', 'os': {'version': '10.0', 'family': 'windows', 'name': 'Windows 10 Home', 'kernel': '10.0.19041.1348 (WinBuild.160101.0800)', 'build': '19042.1348', 'type': 'windows', 'platform': 'windows'}, 'id': 'e36c1727-1de3-433d-994a-ca48c783f851', 'ip': ['fe80::58e1:a727:458c:c8be', '169.254.200.190', 'fe80::4de3:b7e9:d153:1f26', '192.168.56.1', 'fe80::8927:63d8:812f:a641', '169.254.166.65', 'fe80::84a4:848d:cec2:84a', '192.168.137.1', 'fe80::e9ed:ddfa:f064:e416', '192.168.33.13'], 'mac': ['5e:2c:79:6a:7a:52', '0a:00:27:00:00:10', 'd2:c5:d3:c3:02:75', 'f2:c5:d3:c3:02:75', 'd0:c5:d3:c3:02:75']}, 'winlog': {'version': 5, 'channel': 'Microsoft-Windows-Sysmon/Operational', 'provider_name': 'Microsoft-Windows-Sysmon', 'process': {'thread': {'id': 33332}, 'pid': 25104}, 'provider_guid': '{5770385f-c22a-43e0-bf4c-06f5698ffbd9}', 'event_data': {'User': 'NT AUTHORITY\\\\SYSTEM', 'CommandLine': '\"C:\\\\PROGRA~1\\\\COMMON~1\\\\McAfee\\\\platform\\\\COMMON~1\\\\MCCBEN~1.EXE\" /context=11', 'ProcessGuid': '{e36c1727-8345-61c0-e804-755e00000000}', 'FileVersion': '8,2,112,0', 'LogonId': '0x3e7', 'ParentCommandLine': '\"C:\\\\Program Files\\\\Common Files\\\\McAfee\\\\ModuleCore\\\\ModuleCoreService.exe\" /startSystemModeHosting=0_1_TIME_TO_DIE /sessionId=0 /groupId=1', 'RuleName': '-', 'Description': 'McAfee ENT and INSTRU EXE', 'Image': 'C:\\\\PROGRA~1\\\\COMMON~1\\\\mcafee\\\\platform\\\\COMMON~1\\\\MCCBEN~1.EXE', 'ParentImage': 'C:\\\\Program Files\\\\Common Files\\\\mcafee\\\\modulecore\\\\ModuleCoreService.exe', 'ParentProcessId': '7852', 'CurrentDirectory': 'C:\\\\PROGRA~1\\\\COMMON~1\\\\McAfee\\\\platform\\\\COMMON~1\\\\', 'UtcTime': '2021-12-20 13:21:09.172', 'ParentProcessGuid': '{e36c1727-c521-6193-8a00-000000002d00}', 'Product': 'McAfee Common Build Startup', 'TerminalSessionId': '0', 'IntegrityLevel': 'System', 'ProcessId': '37600', 'Hashes': 'MD5=4D4438C4B12A14691B713128871EE299,SHA256=84702B6F4F17B3E87F8210C55ED8AAB064672493A5B5DD376A1A7823D9CE7154,IMPHASH=641090C26D016BCEE04566D45C206328', 'OriginalFileName': 'McCBEntAndInstru.exe', 'LogonGuid': '{e36c1727-c51c-6193-e703-000000000000}', 'Company': 'McAfee, LLC'}, 'opcode': '資訊', 'user': {'name': 'SYSTEM', 'type': 'User', 'identifier': 'S-1-5-18', 'domain': 'NT AUTHORITY'}, 'record_id': 535, 'task': 'Process Create (rule: ProcessCreate)', 'event_id': '1', 'computer_name': 'LAPTOP-O5NUGDHI', 'api': 'wineventlog'}, 'fields': {'endpoint_org3': 'T7-1639616151642', 'endpoint_project': 'df909038f4bcafd88f8d49c7f6ad5ccd', 'endpoint_email': 't108ab0706@ntut.org.tw'}, 'ecs': {'version': '1.9.0'}, 'agent': {'name': 'LAPTOP-O5NUGDHI', 'type': 'winlogbeat', 'version': '7.13.2', 'hostname': 'LAPTOP-O5NUGDHI', 'ephemeral_id': '15a65e24-2d8b-4182-ba26-0ab8c6e22ccc', 'id': 'bacf81f0-932a-4bf6-8615-09b8fbf307ac'}, 'event': {'code': '1', 'kind': 'event', 'provider': 'Microsoft-Windows-Sysmon', 'action': 'Process Create (rule: ProcessCreate)', 'timezone': '+08:00', 'created': '2021-12-20T13:21:10.319Z'}, 'log': {'level': '資訊'}, 'message': 'Process Create:\\nRuleName: -\\nUtcTime: 2021-12-20 13:21:09.172\\nProcessGuid: {e36c1727-8345-61c0-e804-755e00000000}\\nProcessId: 37600\\nImage: C:\\\\PROGRA~1\\\\COMMON~1\\\\mcafee\\\\platform\\\\COMMON~1\\\\MCCBEN~1.EXE\\nFileVersion: 8,2,112,0\\nDescription: McAfee ENT and INSTRU EXE\\nProduct: McAfee Common Build Startup\\nCompany: McAfee, LLC\\nOriginalFileName: McCBEntAndInstru.exe\\nCommandLine: \"C:\\\\PROGRA~1\\\\COMMON~1\\\\McAfee\\\\platform\\\\COMMON~1\\\\MCCBEN~1.EXE\" /context=11\\nCurrentDirectory: C:\\\\PROGRA~1\\\\COMMON~1\\\\McAfee\\\\platform\\\\COMMON~1\\\\\\nUser: NT AUTHORITY\\\\SYSTEM\\nLogonGuid: {e36c1727-c51c-6193-e703-000000000000}\\nLogonId: 0x3E7\\nTerminalSessionId: 0\\nIntegrityLevel: System\\nHashes: MD5=4D4438C4B12A14691B713128871EE299,SHA256=84702B6F4F17B3E87F8210C55ED8AAB064672493A5B5DD376A1A7823D9CE7154,IMPHASH=641090C26D016BCEE04566D45C206328\\nParentProcessGuid: {e36c1727-c521-6193-8a00-000000002d00}\\nParentProcessId: 7852\\nParentImage: C:\\\\Program Files\\\\Common Files\\\\mcafee\\\\modulecore\\\\ModuleCoreService.exe\\nParentCommandLine: \"C:\\\\Program Files\\\\Common Files\\\\McAfee\\\\ModuleCore\\\\ModuleCoreService.exe\" /startSystemModeHosting=0_1_TIME_TO_DIE /sessionId=0 /groupId=1'}}, {'_index': 'winlogbeat', '_type': 'doc', '_id': 'n80A2H0BMs_nTerj0cYm', '_score': 1.0, '_source': {'@timestamp': '2021-12-20T13:21:09.820Z', 'winlog': {'computer_name': 'DESKTOP-T3V8EOP', 'provider_guid': '{5770385f-c22a-43e0-bf4c-06f5698ffbd9}', 'event_id': '1', 'provider_name': 'Microsoft-Windows-Sysmon', 'version': 5, 'user': {'name': 'SYSTEM', 'type': 'User', 'identifier': 'S-1-5-18', 'domain': 'NT AUTHORITY'}, 'channel': 'Microsoft-Windows-Sysmon/Operational', 'record_id': 669, 'process': {'thread': {'id': 26096}, 'pid': 53848}, 'event_data': {'Image': 'C:\\\\Program Files\\\\Rivet Networks\\\\SmartByte\\\\RAPS.exe', 'ParentProcessId': '5312', 'LogonId': '0x6ba12a0f', 'UtcTime': '2021-12-20 13:21:09.818', 'CommandLine': 'RAPS.exe -u', 'Product': 'RivetAPS', 'ParentImage': 'C:\\\\Program Files\\\\Rivet Networks\\\\SmartByte\\\\RAPS.exe', 'Description': 'RivetAPS', 'User': 'DESKTOP-T3V8EOP\\\\a3789', 'ProcessId': '36148', 'ParentProcessGuid': '{1f725ed7-296e-61ab-8f00-000000000d00}', 'IntegrityLevel': 'Medium', 'FileVersion': '3.1.995.0', 'OriginalFileName': 'RAPS.exe', 'LogonGuid': '{1f725ed7-4242-61bc-0f2a-a16b00000000}', 'RuleName': '-', 'ProcessGuid': '{1f725ed7-8345-61c0-cda2-f08100000000}', 'CurrentDirectory': 'C:\\\\Program Files\\\\Rivet Networks\\\\SmartByte\\\\', 'TerminalSessionId': '2', 'Hashes': 'MD5=F70A23758DA94B90A01CC791ACC7F385,SHA256=EEBCC0C6FD9A7BF70BA3028DAEA19C450FCC698169C2E5B03F6BEF9D4BBA1A6F,IMPHASH=935B686812E8D4246E2278AF50AA30FB', 'Company': 'Rivet Networks LLC', 'ParentCommandLine': '\"RAPS.exe\"'}, 'api': 'wineventlog'}, 'event': {'created': '2021-12-20T13:21:11.303Z', 'code': '1', 'kind': 'event', 'provider': 'Microsoft-Windows-Sysmon', 'timezone': '+08:00'}, 'log': {'level': 'information'}, 'host': {'hostname': 'DESKTOP-T3V8EOP', 'architecture': 'x86_64', 'os': {'version': '10.0', 'family': 'windows', 'name': 'Windows 10 Pro', 'kernel': '10.0.22000.318 (WinBuild.160101.0800)', 'build': '22000.318', 'type': 'windows', 'platform': 'windows'}, 'id': '1f725ed7-b14c-494d-9fc1-4bc3eeb0b29b', 'name': 'DESKTOP-T3V8EOP', 'ip': ['fe80::1911:e65c:d649:9768', '192.168.56.1', 'fe80::24c3:baf3:3d58:f2af', '169.254.242.175', 'fe80::a832:f35:3de:862c', '169.254.134.44', 'fe80::d4a8:14f8:2744:a74a', '192.168.0.83', 'fe80::4d6b:1d3e:cee1:343d', '169.254.52.61'], 'mac': ['0a:00:27:00:00:10', '24:ee:9a:ff:17:da', '26:ee:9a:ff:17:d9', '24:ee:9a:ff:17:d9', '24:ee:9a:ff:17:dd']}, 'fields': {'endpoint_org3': 'T7-1639616151642', 'endpoint_project': 'df909038f4bcafd88f8d49c7f6ad5ccd', 'endpoint_email': 'a3789468739@gmail.com'}, 'ecs': {'version': '1.9.0'}, 'agent': {'type': 'winlogbeat', 'version': '7.13.2', 'hostname': 'DESKTOP-T3V8EOP', 'ephemeral_id': '41f4d791-f3b8-47ed-b193-c7151f023406', 'id': '621af60c-6ab1-4b77-803e-d523c7d8ec04', 'name': 'DESKTOP-T3V8EOP'}}}, {'_index': 'winlogbeat', '_type': 'doc', '_id': 'oM0A2H0BMs_nTerj1sa0', '_score': 1.0, '_source': {'@timestamp': '2021-12-20T13:21:11.261Z', 'ecs': {'version': '1.9.0'}, 'agent': {'version': '7.13.2', 'hostname': 'LAPTOP-O5NUGDHI', 'ephemeral_id': '15a65e24-2d8b-4182-ba26-0ab8c6e22ccc', 'id': 'bacf81f0-932a-4bf6-8615-09b8fbf307ac', 'name': 'LAPTOP-O5NUGDHI', 'type': 'winlogbeat'}, 'log': {'level': '資訊'}, 'message': 'Dns query:\\nRuleName: -\\nUtcTime: 2021-12-20 13:09:42.965\\nProcessGuid: {e36c1727-8345-61c0-7f29-010000002d00}\\nProcessId: 37600\\nQueryName: sadownload.mcafee.com\\nQueryStatus: 0\\nQueryResults: type:  5 sadownload-new.mcafee.com.edgekey.net;type:  5 e7479.g.akamaiedge.net;::ffff:23.210.236.239;\\nImage: C:\\\\PROGRA~1\\\\COMMON~1\\\\McAfee\\\\platform\\\\COMMON~1\\\\MCCBEN~1.EXE', 'host': {'id': 'e36c1727-1de3-433d-994a-ca48c783f851', 'ip': ['fe80::58e1:a727:458c:c8be', '169.254.200.190', 'fe80::4de3:b7e9:d153:1f26', '192.168.56.1', 'fe80::8927:63d8:812f:a641', '169.254.166.65', 'fe80::84a4:848d:cec2:84a', '192.168.137.1', 'fe80::e9ed:ddfa:f064:e416', '192.168.33.13'], 'mac': ['5e:2c:79:6a:7a:52', '0a:00:27:00:00:10', 'd2:c5:d3:c3:02:75', 'f2:c5:d3:c3:02:75', 'd0:c5:d3:c3:02:75'], 'name': 'LAPTOP-O5NUGDHI', 'hostname': 'LAPTOP-O5NUGDHI', 'architecture': 'x86_64', 'os': {'family': 'windows', 'name': 'Windows 10 Home', 'kernel': '10.0.19041.1348 (WinBuild.160101.0800)', 'build': '19042.1348', 'type': 'windows', 'platform': 'windows', 'version': '10.0'}}, 'winlog': {'event_data': {'Image': 'C:\\\\PROGRA~1\\\\COMMON~1\\\\McAfee\\\\platform\\\\COMMON~1\\\\MCCBEN~1.EXE', 'RuleName': '-', 'UtcTime': '2021-12-20 13:09:42.965', 'ProcessGuid': '{e36c1727-8345-61c0-7f29-010000002d00}', 'ProcessId': '37600', 'QueryName': 'sadownload.mcafee.com', 'QueryStatus': '0', 'QueryResults': 'type:  5 sadownload-new.mcafee.com.edgekey.net;type:  5 e7479.g.akamaiedge.net;::ffff:23.210.236.239;'}, 'opcode': '資訊', 'process': {'pid': 25104, 'thread': {'id': 17188}}, 'event_id': '22', 'api': 'wineventlog', 'user': {'identifier': 'S-1-5-18', 'domain': 'NT AUTHORITY', 'name': 'SYSTEM', 'type': 'User'}, 'provider_name': 'Microsoft-Windows-Sysmon', 'provider_guid': '{5770385f-c22a-43e0-bf4c-06f5698ffbd9}', 'computer_name': 'LAPTOP-O5NUGDHI', 'version': 5, 'record_id': 537, 'channel': 'Microsoft-Windows-Sysmon/Operational', 'task': 'Dns query (rule: DnsQuery)'}, 'event': {'created': '2021-12-20T13:21:12.334Z', 'code': '22', 'kind': 'event', 'provider': 'Microsoft-Windows-Sysmon', 'action': 'Dns query (rule: DnsQuery)', 'timezone': '+08:00'}, 'fields': {'endpoint_email': 't108ab0706@ntut.org.tw', 'endpoint_org3': 'T7-1639616151642', 'endpoint_project': 'df909038f4bcafd88f8d49c7f6ad5ccd'}}}, {'_index': 'winlogbeat', '_type': 'doc', '_id': 'os0A2H0BMs_nTerj2sak', '_score': 1.0, '_source': {'@timestamp': '2021-12-20T13:21:12.276Z', 'fields': {'endpoint_project': 'df909038f4bcafd88f8d49c7f6ad5ccd', 'endpoint_email': 't108ab0706@ntut.org.tw', 'endpoint_org3': 'T7-1639616151642'}, 'ecs': {'version': '1.9.0'}, 'agent': {'id': 'bacf81f0-932a-4bf6-8615-09b8fbf307ac', 'name': 'LAPTOP-O5NUGDHI', 'type': 'winlogbeat', 'version': '7.13.2', 'hostname': 'LAPTOP-O5NUGDHI', 'ephemeral_id': '15a65e24-2d8b-4182-ba26-0ab8c6e22ccc'}, 'winlog': {'opcode': '資訊', 'process': {'pid': 25104, 'thread': {'id': 17188}}, 'computer_name': 'LAPTOP-O5NUGDHI', 'version': 5, 'user': {'name': 'SYSTEM', 'type': 'User', 'identifier': 'S-1-5-18', 'domain': 'NT AUTHORITY'}, 'event_id': '22', 'provider_name': 'Microsoft-Windows-Sysmon', 'task': 'Dns query (rule: DnsQuery)', 'record_id': 539, 'event_data': {'ProcessGuid': '{e36c1727-8345-61c0-8029-010000002d00}', 'ProcessId': '37356', 'QueryName': 's.go-mpulse.net', 'QueryStatus': '0', 'QueryResults': 'type:  5 ip46.go-mpulse.net.edgekey.net;type:  5 e4518.dscx.akamaiedge.net;::ffff:23.210.236.69;', 'Image': 'C:\\\\Program Files\\\\Common Files\\\\McAfee\\\\Platform\\\\McUICnt.exe', 'RuleName': '-', 'UtcTime': '2021-12-20 13:09:44.374'}, 'provider_guid': '{5770385f-c22a-43e0-bf4c-06f5698ffbd9}', 'api': 'wineventlog', 'channel': 'Microsoft-Windows-Sysmon/Operational'}, 'event': {'provider': 'Microsoft-Windows-Sysmon', 'action': 'Dns query (rule: DnsQuery)', 'created': '2021-12-20T13:21:13.338Z', 'code': '22', 'kind': 'event', 'timezone': '+08:00'}, 'log': {'level': '資訊'}, 'message': 'Dns query:\\nRuleName: -\\nUtcTime: 2021-12-20 13:09:44.374\\nProcessGuid: {e36c1727-8345-61c0-8029-010000002d00}\\nProcessId: 37356\\nQueryName: s.go-mpulse.net\\nQueryStatus: 0\\nQueryResults: type:  5 ip46.go-mpulse.net.edgekey.net;type:  5 e4518.dscx.akamaiedge.net;::ffff:23.210.236.69;\\nImage: C:\\\\Program Files\\\\Common Files\\\\McAfee\\\\Platform\\\\McUICnt.exe', 'host': {'mac': ['5e:2c:79:6a:7a:52', '0a:00:27:00:00:10', 'd2:c5:d3:c3:02:75', 'f2:c5:d3:c3:02:75', 'd0:c5:d3:c3:02:75'], 'hostname': 'LAPTOP-O5NUGDHI', 'architecture': 'x86_64', 'os': {'version': '10.0', 'family': 'windows', 'name': 'Windows 10 Home', 'kernel': '10.0.19041.1348 (WinBuild.160101.0800)', 'build': '19042.1348', 'type': 'windows', 'platform': 'windows'}, 'id': 'e36c1727-1de3-433d-994a-ca48c783f851', 'ip': ['fe80::58e1:a727:458c:c8be', '169.254.200.190', 'fe80::4de3:b7e9:d153:1f26', '192.168.56.1', 'fe80::8927:63d8:812f:a641', '169.254.166.65', 'fe80::84a4:848d:cec2:84a', '192.168.137.1', 'fe80::e9ed:ddfa:f064:e416', '192.168.33.13'], 'name': 'LAPTOP-O5NUGDHI'}}}, {'_index': 'winlogbeat', '_type': 'doc', '_id': 'o80A2H0BMs_nTerj2sak', '_score': 1.0, '_source': {'@timestamp': '2021-12-20T13:21:12.277Z', 'host': {'id': 'e36c1727-1de3-433d-994a-ca48c783f851', 'ip': ['fe80::58e1:a727:458c:c8be', '169.254.200.190', 'fe80::4de3:b7e9:d153:1f26', '192.168.56.1', 'fe80::8927:63d8:812f:a641', '169.254.166.65', 'fe80::84a4:848d:cec2:84a', '192.168.137.1', 'fe80::e9ed:ddfa:f064:e416', '192.168.33.13'], 'mac': ['5e:2c:79:6a:7a:52', '0a:00:27:00:00:10', 'd2:c5:d3:c3:02:75', 'f2:c5:d3:c3:02:75', 'd0:c5:d3:c3:02:75'], 'hostname': 'LAPTOP-O5NUGDHI', 'name': 'LAPTOP-O5NUGDHI', 'architecture': 'x86_64', 'os': {'type': 'windows', 'platform': 'windows', 'version': '10.0', 'family': 'windows', 'name': 'Windows 10 Home', 'kernel': '10.0.19041.1348 (WinBuild.160101.0800)', 'build': '19042.1348'}}, 'winlog': {'task': 'Dns query (rule: DnsQuery)', 'user': {'identifier': 'S-1-5-18', 'domain': 'NT AUTHORITY', 'name': 'SYSTEM', 'type': 'User'}, 'record_id': 540, 'computer_name': 'LAPTOP-O5NUGDHI', 'provider_guid': '{5770385f-c22a-43e0-bf4c-06f5698ffbd9}', 'process': {'pid': 25104, 'thread': {'id': 17188}}, 'api': 'wineventlog', 'opcode': '資訊', 'channel': 'Microsoft-Windows-Sysmon/Operational', 'event_id': '22', 'provider_name': 'Microsoft-Windows-Sysmon', 'event_data': {'RuleName': '-', 'UtcTime': '2021-12-20 13:09:44.385', 'ProcessGuid': '{e36c1727-8345-61c0-8029-010000002d00}', 'ProcessId': '37356', 'QueryName': 'tags.tiqcdn.com', 'QueryStatus': '0', 'QueryResults': 'type:  5 tags.tiqcdn.com.edgekey.net;type:  5 e8091.a.akamaiedge.net;::ffff:23.210.236.227;', 'Image': 'C:\\\\Program Files\\\\Common Files\\\\McAfee\\\\Platform\\\\McUICnt.exe'}, 'version': 5}, 'event': {'action': 'Dns query (rule: DnsQuery)', 'created': '2021-12-20T13:21:13.338Z', 'code': '22', 'kind': 'event', 'provider': 'Microsoft-Windows-Sysmon', 'timezone': '+08:00'}, 'fields': {'endpoint_email': 't108ab0706@ntut.org.tw', 'endpoint_org3': 'T7-1639616151642', 'endpoint_project': 'df909038f4bcafd88f8d49c7f6ad5ccd'}, 'ecs': {'version': '1.9.0'}, 'agent': {'version': '7.13.2', 'hostname': 'LAPTOP-O5NUGDHI', 'ephemeral_id': '15a65e24-2d8b-4182-ba26-0ab8c6e22ccc', 'id': 'bacf81f0-932a-4bf6-8615-09b8fbf307ac', 'name': 'LAPTOP-O5NUGDHI', 'type': 'winlogbeat'}, 'log': {'level': '資訊'}, 'message': 'Dns query:\\nRuleName: -\\nUtcTime: 2021-12-20 13:09:44.385\\nProcessGuid: {e36c1727-8345-61c0-8029-010000002d00}\\nProcessId: 37356\\nQueryName: tags.tiqcdn.com\\nQueryStatus: 0\\nQueryResults: type:  5 tags.tiqcdn.com.edgekey.net;type:  5 e8091.a.akamaiedge.net;::ffff:23.210.236.227;\\nImage: C:\\\\Program Files\\\\Common Files\\\\McAfee\\\\Platform\\\\McUICnt.exe'}}, {'_index': 'winlogbeat', '_type': 'doc', '_id': 'rc0A2H0BMs_nTerj7saG', '_score': 1.0, '_source': {'@timestamp': '2021-12-20T13:21:17.355Z', 'event': {'provider': 'Microsoft-Windows-Sysmon', 'action': 'Dns query (rule: DnsQuery)', 'created': '2021-12-20T13:21:18.411Z', 'code': '22', 'timezone': '+08:00', 'kind': 'event'}, 'log': {'level': '資訊'}, 'message': 'Dns query:\\nRuleName: -\\nUtcTime: 2021-12-20 13:09:49.116\\nProcessGuid: {e36c1727-834b-61c0-15b0-755e00000000}\\nProcessId: 29052\\nQueryName: instruaccess.mcafee.com\\nQueryStatus: 0\\nQueryResults: type:  5 instruaccess.gslb2.mcafee.com;::ffff:161.69.49.82;\\nImage: <unknown process>', 'host': {'ip': ['fe80::58e1:a727:458c:c8be', '169.254.200.190', 'fe80::4de3:b7e9:d153:1f26', '192.168.56.1', 'fe80::8927:63d8:812f:a641', '169.254.166.65', 'fe80::84a4:848d:cec2:84a', '192.168.137.1', 'fe80::e9ed:ddfa:f064:e416', '192.168.33.13'], 'mac': ['5e:2c:79:6a:7a:52', '0a:00:27:00:00:10', 'd2:c5:d3:c3:02:75', 'f2:c5:d3:c3:02:75', 'd0:c5:d3:c3:02:75'], 'hostname': 'LAPTOP-O5NUGDHI', 'architecture': 'x86_64', 'os': {'name': 'Windows 10 Home', 'kernel': '10.0.19041.1348 (WinBuild.160101.0800)', 'build': '19042.1348', 'type': 'windows', 'platform': 'windows', 'version': '10.0', 'family': 'windows'}, 'name': 'LAPTOP-O5NUGDHI', 'id': 'e36c1727-1de3-433d-994a-ca48c783f851'}, 'fields': {'endpoint_project': 'df909038f4bcafd88f8d49c7f6ad5ccd', 'endpoint_email': 't108ab0706@ntut.org.tw', 'endpoint_org3': 'T7-1639616151642'}, 'agent': {'type': 'winlogbeat', 'version': '7.13.2', 'hostname': 'LAPTOP-O5NUGDHI', 'ephemeral_id': '15a65e24-2d8b-4182-ba26-0ab8c6e22ccc', 'id': 'bacf81f0-932a-4bf6-8615-09b8fbf307ac', 'name': 'LAPTOP-O5NUGDHI'}, 'ecs': {'version': '1.9.0'}, 'winlog': {'opcode': '資訊', 'user': {'identifier': 'S-1-5-18', 'domain': 'NT AUTHORITY', 'name': 'SYSTEM', 'type': 'User'}, 'process': {'pid': 25104, 'thread': {'id': 17188}}, 'api': 'wineventlog', 'task': 'Dns query (rule: DnsQuery)', 'provider_name': 'Microsoft-Windows-Sysmon', 'event_id': '22', 'record_id': 550, 'computer_name': 'LAPTOP-O5NUGDHI', 'channel': 'Microsoft-Windows-Sysmon/Operational', 'provider_guid': '{5770385f-c22a-43e0-bf4c-06f5698ffbd9}', 'version': 5, 'event_data': {'RuleName': '-', 'UtcTime': '2021-12-20 13:09:49.116', 'ProcessGuid': '{e36c1727-834b-61c0-15b0-755e00000000}', 'ProcessId': '29052', 'QueryName': 'instruaccess.mcafee.com', 'QueryStatus': '0', 'QueryResults': 'type:  5 instruaccess.gslb2.mcafee.com;::ffff:161.69.49.82;', 'Image': '<unknown process>'}}}}, {'_index': 'winlogbeat', '_type': 'doc', '_id': 'sc0A2H0BMs_nTerj8sZy', '_score': 1.0, '_source': {'@timestamp': '2021-12-20T13:21:18.941Z', 'agent': {'ephemeral_id': '15a65e24-2d8b-4182-ba26-0ab8c6e22ccc', 'id': 'bacf81f0-932a-4bf6-8615-09b8fbf307ac', 'name': 'LAPTOP-O5NUGDHI', 'type': 'winlogbeat', 'version': '7.13.2', 'hostname': 'LAPTOP-O5NUGDHI'}, 'log': {'level': '資訊'}, 'message': 'Process Create:\\nRuleName: -\\nUtcTime: 2021-12-20 13:21:18.939\\nProcessGuid: {e36c1727-834e-61c0-1ae8-765e00000000}\\nProcessId: 36948\\nImage: C:\\\\Program Files\\\\mcafee\\\\MQS\\\\QcShm.exe\\nFileVersion: 20,0,133,0\\nDescription: McAfee QuickClean EXE\\nProduct: McAfee QuickClean\\nCompany: McAfee, LLC\\nOriginalFileName: QcShm.exe\\nCommandLine: \"C:\\\\Program Files\\\\McAfee\\\\MQS\\\\QcShm.exe\" -Embedding\\nCurrentDirectory: C:\\\\WINDOWS\\\\system32\\\\\\nUser: NT AUTHORITY\\\\SYSTEM\\nLogonGuid: {e36c1727-c51c-6193-e703-000000000000}\\nLogonId: 0x3E7\\nTerminalSessionId: 0\\nIntegrityLevel: System\\nHashes: MD5=ED78607AEC02C01B63B3F2FE704EE29B,SHA256=040294F6A570D0926937E38C5BDA4E56845A563BACD65E56F2B5DFDEEDEB07AE,IMPHASH=9F3BDB440D4F2B63AFE3C307B2650436\\nParentProcessGuid: {e36c1727-c51d-6193-0c00-000000002d00}\\nParentProcessId: 584\\nParentImage: C:\\\\Windows\\\\System32\\\\svchost.exe\\nParentCommandLine: C:\\\\WINDOWS\\\\system32\\\\svchost.exe -k DcomLaunch -p', 'host': {'architecture': 'x86_64', 'name': 'LAPTOP-O5NUGDHI', 'os': {'type': 'windows', 'platform': 'windows', 'version': '10.0', 'family': 'windows', 'name': 'Windows 10 Home', 'kernel': '10.0.19041.1348 (WinBuild.160101.0800)', 'build': '19042.1348'}, 'id': 'e36c1727-1de3-433d-994a-ca48c783f851', 'ip': ['fe80::58e1:a727:458c:c8be', '169.254.200.190', 'fe80::4de3:b7e9:d153:1f26', '192.168.56.1', 'fe80::8927:63d8:812f:a641', '169.254.166.65', 'fe80::84a4:848d:cec2:84a', '192.168.137.1', 'fe80::e9ed:ddfa:f064:e416', '192.168.33.13'], 'mac': ['5e:2c:79:6a:7a:52', '0a:00:27:00:00:10', 'd2:c5:d3:c3:02:75', 'f2:c5:d3:c3:02:75', 'd0:c5:d3:c3:02:75'], 'hostname': 'LAPTOP-O5NUGDHI'}, 'winlog': {'api': 'wineventlog', 'task': 'Process Create (rule: ProcessCreate)', 'opcode': '資訊', 'provider_guid': '{5770385f-c22a-43e0-bf4c-06f5698ffbd9}', 'channel': 'Microsoft-Windows-Sysmon/Operational', 'provider_name': 'Microsoft-Windows-Sysmon', 'user': {'name': 'SYSTEM', 'type': 'User', 'identifier': 'S-1-5-18', 'domain': 'NT AUTHORITY'}, 'event_data': {'User': 'NT AUTHORITY\\\\SYSTEM', 'Image': 'C:\\\\Program Files\\\\mcafee\\\\MQS\\\\QcShm.exe', 'Hashes': 'MD5=ED78607AEC02C01B63B3F2FE704EE29B,SHA256=040294F6A570D0926937E38C5BDA4E56845A563BACD65E56F2B5DFDEEDEB07AE,IMPHASH=9F3BDB440D4F2B63AFE3C307B2650436', 'Product': 'McAfee QuickClean', 'LogonGuid': '{e36c1727-c51c-6193-e703-000000000000}', 'OriginalFileName': 'QcShm.exe', 'ProcessId': '36948', 'FileVersion': '20,0,133,0', 'ParentProcessId': '584', 'Description': 'McAfee QuickClean EXE', 'LogonId': '0x3e7', 'ParentCommandLine': 'C:\\\\WINDOWS\\\\system32\\\\svchost.exe -k DcomLaunch -p', 'TerminalSessionId': '0', 'ProcessGuid': '{e36c1727-834e-61c0-1ae8-765e00000000}', 'IntegrityLevel': 'System', 'CurrentDirectory': 'C:\\\\WINDOWS\\\\system32\\\\', 'ParentProcessGuid': '{e36c1727-c51d-6193-0c00-000000002d00}', 'Company': 'McAfee, LLC', 'RuleName': '-', 'CommandLine': '\"C:\\\\Program Files\\\\McAfee\\\\MQS\\\\QcShm.exe\" -Embedding', 'UtcTime': '2021-12-20 13:21:18.939', 'ParentImage': 'C:\\\\Windows\\\\System32\\\\svchost.exe'}, 'version': 5, 'record_id': 554, 'event_id': '1', 'computer_name': 'LAPTOP-O5NUGDHI', 'process': {'thread': {'id': 33332}, 'pid': 25104}}, 'event': {'kind': 'event', 'provider': 'Microsoft-Windows-Sysmon', 'action': 'Process Create (rule: ProcessCreate)', 'created': '2021-12-20T13:21:19.426Z', 'code': '1', 'timezone': '+08:00'}, 'fields': {'endpoint_email': 't108ab0706@ntut.org.tw', 'endpoint_org3': 'T7-1639616151642', 'endpoint_project': 'df909038f4bcafd88f8d49c7f6ad5ccd'}, 'ecs': {'version': '1.9.0'}}}, {'_index': 'winlogbeat', '_type': 'doc', '_id': 'ts0B2H0BMs_nTerjH8aI', '_score': 1.0, '_source': {'@timestamp': '2021-12-20T13:21:30.204Z', 'ecs': {'version': '1.9.0'}, 'agent': {'hostname': 'DESKTOP-T3V8EOP', 'ephemeral_id': '41f4d791-f3b8-47ed-b193-c7151f023406', 'id': '621af60c-6ab1-4b77-803e-d523c7d8ec04', 'name': 'DESKTOP-T3V8EOP', 'type': 'winlogbeat', 'version': '7.13.2'}, 'winlog': {'event_id': '22', 'provider_guid': '{5770385f-c22a-43e0-bf4c-06f5698ffbd9}', 'channel': 'Microsoft-Windows-Sysmon/Operational', 'api': 'wineventlog', 'process': {'pid': 53848, 'thread': {'id': 34612}}, 'provider_name': 'Microsoft-Windows-Sysmon', 'record_id': 673, 'event_data': {'Image': 'C:\\\\Program Files (x86)\\\\Microsoft\\\\Edge\\\\Application\\\\msedge.exe', 'RuleName': '-', 'UtcTime': '2021-12-20 13:21:28.381', 'ProcessGuid': '{1f725ed7-4265-61bc-30b1-000000000d00}', 'ProcessId': '23260', 'QueryName': 'tw.news.yahoo.com', 'QueryStatus': '0', 'QueryResults': 'type: 5 any-media-router-abu1.prod.g03.yahoodns.net;180.222.102.151;124.108.115.74;'}, 'computer_name': 'DESKTOP-T3V8EOP', 'version': 5, 'user': {'domain': 'NT AUTHORITY', 'name': 'SYSTEM', 'type': 'User', 'identifier': 'S-1-5-18'}}, 'event': {'created': '2021-12-20T13:21:31.376Z', 'code': '22', 'kind': 'event', 'provider': 'Microsoft-Windows-Sysmon', 'timezone': '+08:00'}, 'log': {'level': 'information'}, 'host': {'hostname': 'DESKTOP-T3V8EOP', 'architecture': 'x86_64', 'os': {'version': '10.0', 'family': 'windows', 'name': 'Windows 10 Pro', 'kernel': '10.0.22000.318 (WinBuild.160101.0800)', 'build': '22000.318', 'type': 'windows', 'platform': 'windows'}, 'id': '1f725ed7-b14c-494d-9fc1-4bc3eeb0b29b', 'ip': ['fe80::1911:e65c:d649:9768', '192.168.56.1', 'fe80::24c3:baf3:3d58:f2af', '169.254.242.175', 'fe80::a832:f35:3de:862c', '169.254.134.44', 'fe80::d4a8:14f8:2744:a74a', '192.168.0.83', 'fe80::4d6b:1d3e:cee1:343d', '169.254.52.61'], 'mac': ['0a:00:27:00:00:10', '24:ee:9a:ff:17:da', '26:ee:9a:ff:17:d9', '24:ee:9a:ff:17:d9', '24:ee:9a:ff:17:dd'], 'name': 'DESKTOP-T3V8EOP'}, 'fields': {'endpoint_email': 'a3789468739@gmail.com', 'endpoint_org3': 'T7-1639616151642', 'endpoint_project': 'df909038f4bcafd88f8d49c7f6ad5ccd'}}}, {'_index': 'winlogbeat', '_type': 'doc', '_id': 'us0B2H0BMs_nTerjK8Z6', '_score': 1.0, '_source': {'@timestamp': '2021-12-20T13:21:33.042Z', 'ecs': {'version': '1.9.0'}, 'agent': {'hostname': 'DESKTOP-T3V8EOP', 'ephemeral_id': '41f4d791-f3b8-47ed-b193-c7151f023406', 'id': '621af60c-6ab1-4b77-803e-d523c7d8ec04', 'name': 'DESKTOP-T3V8EOP', 'type': 'winlogbeat', 'version': '7.13.2'}, 'host': {'name': 'DESKTOP-T3V8EOP', 'id': '1f725ed7-b14c-494d-9fc1-4bc3eeb0b29b', 'ip': ['fe80::1911:e65c:d649:9768', '192.168.56.1', 'fe80::24c3:baf3:3d58:f2af', '169.254.242.175', 'fe80::a832:f35:3de:862c', '169.254.134.44', 'fe80::d4a8:14f8:2744:a74a', '192.168.0.83', 'fe80::4d6b:1d3e:cee1:343d', '169.254.52.61'], 'mac': ['0a:00:27:00:00:10', '24:ee:9a:ff:17:da', '26:ee:9a:ff:17:d9', '24:ee:9a:ff:17:d9', '24:ee:9a:ff:17:dd'], 'hostname': 'DESKTOP-T3V8EOP', 'architecture': 'x86_64', 'os': {'kernel': '10.0.22000.318 (WinBuild.160101.0800)', 'build': '22000.318', 'type': 'windows', 'platform': 'windows', 'version': '10.0', 'family': 'windows', 'name': 'Windows 10 Pro'}}, 'winlog': {'event_data': {'LogonGuid': '{1f725ed7-4242-61bc-0f2a-a16b00000000}', 'Hashes': 'MD5=3AEE5493F9C660F6565840F704EAC3D5,SHA256=A02EC567414051D8B0707B9E15BB1BA1CE9068394F30EF70C4D97F17E2CE4F79,IMPHASH=680C3B3C075FF57057C290713261CB56', 'User': 'DESKTOP-T3V8EOP\\\\a3789', 'ParentProcessGuid': '{1f725ed7-4264-61bc-2db1-000000000d00}', 'ProcessId': '4728', 'CurrentDirectory': 'C:\\\\Program Files (x86)\\\\Microsoft\\\\Edge\\\\Application\\\\96.0.1054.57\\\\', 'Company': 'Microsoft Corporation', 'TerminalSessionId': '2', 'Description': 'Microsoft Edge', 'ParentCommandLine': '\"C:\\\\Program Files (x86)\\\\Microsoft\\\\Edge\\\\Application\\\\msedge.exe\" --profile-directory=Default', 'Image': 'C:\\\\Program Files (x86)\\\\Microsoft\\\\Edge\\\\Application\\\\msedge.exe', 'ParentProcessId': '27400', 'OriginalFileName': 'msedge.exe', 'LogonId': '0x6ba12a0f', 'IntegrityLevel': 'Low', 'ParentImage': 'C:\\\\Program Files (x86)\\\\Microsoft\\\\Edge\\\\Application\\\\msedge.exe', 'CommandLine': '\"C:\\\\Program Files (x86)\\\\Microsoft\\\\Edge\\\\Application\\\\msedge.exe\" --type=renderer --disable-client-side-phishing-detection --display-capture-permissions-policy-allowed --field-trial-handle=2096,10217503095378327848,5264171936250097817,131072 --disable-databases --lang=zh-TW --device-scale-factor=1.25 --num-raster-threads=4 --enable-main-frame-before-activation --renderer-client-id=1168 --mojo-platform-channel-handle=14132 /prefetch:1', 'Product': 'Microsoft Edge', 'RuleName': '-', 'FileVersion': '96.0.1054.57', 'ProcessGuid': '{1f725ed7-835d-61c0-8530-f28100000000}', 'UtcTime': '2021-12-20 13:21:33.038'}, 'provider_name': 'Microsoft-Windows-Sysmon', 'record_id': 677, 'computer_name': 'DESKTOP-T3V8EOP', 'provider_guid': '{5770385f-c22a-43e0-bf4c-06f5698ffbd9}', 'process': {'pid': 53848, 'thread': {'id': 26096}}, 'user': {'identifier': 'S-1-5-18', 'domain': 'NT AUTHORITY', 'name': 'SYSTEM', 'type': 'User'}, 'channel': 'Microsoft-Windows-Sysmon/Operational', 'event_id': '1', 'version': 5, 'api': 'wineventlog'}, 'event': {'created': '2021-12-20T13:21:34.400Z', 'code': '1', 'kind': 'event', 'provider': 'Microsoft-Windows-Sysmon', 'timezone': '+08:00'}, 'log': {'level': 'information'}, 'fields': {'endpoint_org3': 'T7-1639616151642', 'endpoint_project': 'df909038f4bcafd88f8d49c7f6ad5ccd', 'endpoint_email': 'a3789468739@gmail.com'}}}, {'_index': 'winlogbeat', '_type': 'doc', '_id': 'u80B2H0BMs_nTerjL8a7', '_score': 1.0, '_source': {'@timestamp': '2021-12-20T13:21:33.646Z', 'log': {'level': 'information'}, 'host': {'os': {'type': 'windows', 'platform': 'windows', 'version': '10.0', 'family': 'windows', 'name': 'Windows 10 Pro', 'kernel': '10.0.22000.318 (WinBuild.160101.0800)', 'build': '22000.318'}, 'id': '1f725ed7-b14c-494d-9fc1-4bc3eeb0b29b', 'name': 'DESKTOP-T3V8EOP', 'ip': ['fe80::1911:e65c:d649:9768', '192.168.56.1', 'fe80::24c3:baf3:3d58:f2af', '169.254.242.175', 'fe80::a832:f35:3de:862c', '169.254.134.44', 'fe80::d4a8:14f8:2744:a74a', '192.168.0.83', 'fe80::4d6b:1d3e:cee1:343d', '169.254.52.61'], 'mac': ['0a:00:27:00:00:10', '24:ee:9a:ff:17:da', '26:ee:9a:ff:17:d9', '24:ee:9a:ff:17:d9', '24:ee:9a:ff:17:dd'], 'hostname': 'DESKTOP-T3V8EOP', 'architecture': 'x86_64'}, 'fields': {'endpoint_project': 'df909038f4bcafd88f8d49c7f6ad5ccd', 'endpoint_email': 'a3789468739@gmail.com', 'endpoint_org3': 'T7-1639616151642'}, 'ecs': {'version': '1.9.0'}, 'agent': {'ephemeral_id': '41f4d791-f3b8-47ed-b193-c7151f023406', 'id': '621af60c-6ab1-4b77-803e-d523c7d8ec04', 'name': 'DESKTOP-T3V8EOP', 'type': 'winlogbeat', 'version': '7.13.2', 'hostname': 'DESKTOP-T3V8EOP'}, 'winlog': {'channel': 'Microsoft-Windows-Sysmon/Operational', 'computer_name': 'DESKTOP-T3V8EOP', 'process': {'pid': 53848, 'thread': {'id': 34612}}, 'event_id': '22', 'user': {'identifier': 'S-1-5-18', 'domain': 'NT AUTHORITY', 'name': 'SYSTEM', 'type': 'User'}, 'version': 5, 'event_data': {'Image': 'C:\\\\Program Files (x86)\\\\Microsoft\\\\Edge\\\\Application\\\\msedge.exe', 'RuleName': '-', 'UtcTime': '2021-12-20 13:21:31.870', 'ProcessGuid': '{1f725ed7-4265-61bc-30b1-000000000d00}', 'ProcessId': '23260', 'QueryName': '12.at.atwola.com', 'QueryStatus': '0', 'QueryResults': 'type: 5 edge.gycpi.b.yahoodns.net;119.161.14.18;119.161.16.11;119.161.14.17;119.161.16.12;'}, 'provider_guid': '{5770385f-c22a-43e0-bf4c-06f5698ffbd9}', 'api': 'wineventlog', 'provider_name': 'Microsoft-Windows-Sysmon', 'record_id': 678}, 'event': {'kind': 'event', 'provider': 'Microsoft-Windows-Sysmon', 'created': '2021-12-20T13:21:35.439Z', 'timezone': '+08:00', 'code': '22'}}}, {'_index': 'winlogbeat', '_type': 'doc', '_id': 'vs0B2H0BMs_nTerjL8a7', '_score': 1.0, '_source': {'@timestamp': '2021-12-20T13:21:33.646Z', 'event': {'timezone': '+08:00', 'created': '2021-12-20T13:21:35.439Z', 'code': '22', 'kind': 'event', 'provider': 'Microsoft-Windows-Sysmon'}, 'fields': {'endpoint_project': 'df909038f4bcafd88f8d49c7f6ad5ccd', 'endpoint_email': 'a3789468739@gmail.com', 'endpoint_org3': 'T7-1639616151642'}, 'ecs': {'version': '1.9.0'}, 'agent': {'id': '621af60c-6ab1-4b77-803e-d523c7d8ec04', 'name': 'DESKTOP-T3V8EOP', 'type': 'winlogbeat', 'version': '7.13.2', 'hostname': 'DESKTOP-T3V8EOP', 'ephemeral_id': '41f4d791-f3b8-47ed-b193-c7151f023406'}, 'log': {'level': 'information'}, 'host': {'ip': ['fe80::1911:e65c:d649:9768', '192.168.56.1', 'fe80::24c3:baf3:3d58:f2af', '169.254.242.175', 'fe80::a832:f35:3de:862c', '169.254.134.44', 'fe80::d4a8:14f8:2744:a74a', '192.168.0.83', 'fe80::4d6b:1d3e:cee1:343d', '169.254.52.61'], 'mac': ['0a:00:27:00:00:10', '24:ee:9a:ff:17:da', '26:ee:9a:ff:17:d9', '24:ee:9a:ff:17:d9', '24:ee:9a:ff:17:dd'], 'hostname': 'DESKTOP-T3V8EOP', 'architecture': 'x86_64', 'os': {'platform': 'windows', 'version': '10.0', 'family': 'windows', 'name': 'Windows 10 Pro', 'kernel': '10.0.22000.318 (WinBuild.160101.0800)', 'build': '22000.318', 'type': 'windows'}, 'id': '1f725ed7-b14c-494d-9fc1-4bc3eeb0b29b', 'name': 'DESKTOP-T3V8EOP'}, 'winlog': {'event_id': '22', 'channel': 'Microsoft-Windows-Sysmon/Operational', 'event_data': {'ProcessId': '23260', 'QueryName': 'v-a4li2cfikv.wc.yahoodns.net', 'QueryStatus': '0', 'QueryResults': '69.147.89.142;', 'Image': 'C:\\\\Program Files (x86)\\\\Microsoft\\\\Edge\\\\Application\\\\msedge.exe', 'RuleName': '-', 'UtcTime': '2021-12-20 13:21:31.898', 'ProcessGuid': '{1f725ed7-4265-61bc-30b1-000000000d00}'}, 'user': {'identifier': 'S-1-5-18', 'domain': 'NT AUTHORITY', 'name': 'SYSTEM', 'type': 'User'}, 'version': 5, 'record_id': 681, 'computer_name': 'DESKTOP-T3V8EOP', 'provider_guid': '{5770385f-c22a-43e0-bf4c-06f5698ffbd9}', 'api': 'wineventlog', 'process': {'pid': 53848, 'thread': {'id': 34612}}, 'provider_name': 'Microsoft-Windows-Sysmon'}}}, {'_index': 'winlogbeat', '_type': 'doc', '_id': 'w80B2H0BMs_nTerjL8a7', '_score': 1.0, '_source': {'@timestamp': '2021-12-20T13:21:33.646Z', 'agent': {'ephemeral_id': '41f4d791-f3b8-47ed-b193-c7151f023406', 'id': '621af60c-6ab1-4b77-803e-d523c7d8ec04', 'name': 'DESKTOP-T3V8EOP', 'type': 'winlogbeat', 'version': '7.13.2', 'hostname': 'DESKTOP-T3V8EOP'}, 'ecs': {'version': '1.9.0'}, 'log': {'level': 'information'}, 'host': {'ip': ['fe80::1911:e65c:d649:9768', '192.168.56.1', 'fe80::24c3:baf3:3d58:f2af', '169.254.242.175', 'fe80::a832:f35:3de:862c', '169.254.134.44', 'fe80::d4a8:14f8:2744:a74a', '192.168.0.83', 'fe80::4d6b:1d3e:cee1:343d', '169.254.52.61'], 'name': 'DESKTOP-T3V8EOP', 'mac': ['0a:00:27:00:00:10', '24:ee:9a:ff:17:da', '26:ee:9a:ff:17:d9', '24:ee:9a:ff:17:d9', '24:ee:9a:ff:17:dd'], 'hostname': 'DESKTOP-T3V8EOP', 'architecture': 'x86_64', 'os': {'platform': 'windows', 'version': '10.0', 'family': 'windows', 'name': 'Windows 10 Pro', 'kernel': '10.0.22000.318 (WinBuild.160101.0800)', 'build': '22000.318', 'type': 'windows'}, 'id': '1f725ed7-b14c-494d-9fc1-4bc3eeb0b29b'}, 'winlog': {'provider_name': 'Microsoft-Windows-Sysmon', 'event_id': '22', 'provider_guid': '{5770385f-c22a-43e0-bf4c-06f5698ffbd9}', 'event_data': {'Image': 'C:\\\\Program Files (x86)\\\\Microsoft\\\\Edge\\\\Application\\\\msedge.exe', 'RuleName': '-', 'UtcTime': '2021-12-20 13:21:32.646', 'ProcessGuid': '{1f725ed7-4265-61bc-30b1-000000000d00}', 'ProcessId': '23260', 'QueryName': 'bats.video.yahoo.com', 'QueryStatus': '0', 'QueryResults': 'type: 5 edge.gycpi.b.yahoodns.net;119.161.14.17;119.161.14.18;119.161.16.12;119.161.16.11;'}, 'user': {'identifier': 'S-1-5-18', 'domain': 'NT AUTHORITY', 'name': 'SYSTEM', 'type': 'User'}, 'api': 'wineventlog', 'channel': 'Microsoft-Windows-Sysmon/Operational', 'record_id': 686, 'computer_name': 'DESKTOP-T3V8EOP', 'version': 5, 'process': {'pid': 53848, 'thread': {'id': 34612}}}, 'event': {'timezone': '+08:00', 'kind': 'event', 'provider': 'Microsoft-Windows-Sysmon', 'created': '2021-12-20T13:21:35.440Z', 'code': '22'}, 'fields': {'endpoint_org3': 'T7-1639616151642', 'endpoint_project': 'df909038f4bcafd88f8d49c7f6ad5ccd', 'endpoint_email': 'a3789468739@gmail.com'}}}, {'_index': 'winlogbeat', '_type': 'doc', '_id': 'x80B2H0BMs_nTerjN8Zt', '_score': 1.0, '_source': {'@timestamp': '2021-12-20T13:21:35.673Z', 'agent': {'version': '7.13.2', 'hostname': 'DESKTOP-T3V8EOP', 'ephemeral_id': '41f4d791-f3b8-47ed-b193-c7151f023406', 'id': '621af60c-6ab1-4b77-803e-d523c7d8ec04', 'name': 'DESKTOP-T3V8EOP', 'type': 'winlogbeat'}, 'winlog': {'user': {'domain': 'NT AUTHORITY', 'name': 'SYSTEM', 'type': 'User', 'identifier': 'S-1-5-18'}, 'event_data': {'ProcessGuid': '{1f725ed7-296d-61ab-7300-000000000d00}', 'ProcessId': '3432', 'QueryName': 'sling.com', 'QueryStatus': '0', 'QueryResults': '::ffff:66.170.250.201;', 'Image': 'C:\\\\Program Files\\\\Rivet Networks\\\\SmartByte\\\\SmartByteNetworkService.exe', 'RuleName': '-', 'UtcTime': '2021-12-20 13:21:34.431'}, 'provider_guid': '{5770385f-c22a-43e0-bf4c-06f5698ffbd9}', 'version': 5, 'process': {'pid': 53848, 'thread': {'id': 34612}}, 'event_id': '22', 'provider_name': 'Microsoft-Windows-Sysmon', 'computer_name': 'DESKTOP-T3V8EOP', 'api': 'wineventlog', 'channel': 'Microsoft-Windows-Sysmon/Operational', 'record_id': 690}, 'event': {'provider': 'Microsoft-Windows-Sysmon', 'timezone': '+08:00', 'created': '2021-12-20T13:21:37.476Z', 'code': '22', 'kind': 'event'}, 'log': {'level': 'information'}, 'host': {'name': 'DESKTOP-T3V8EOP', 'id': '1f725ed7-b14c-494d-9fc1-4bc3eeb0b29b', 'ip': ['fe80::1911:e65c:d649:9768', '192.168.56.1', 'fe80::24c3:baf3:3d58:f2af', '169.254.242.175', 'fe80::a832:f35:3de:862c', '169.254.134.44', 'fe80::d4a8:14f8:2744:a74a', '192.168.0.83', 'fe80::4d6b:1d3e:cee1:343d', '169.254.52.61'], 'mac': ['0a:00:27:00:00:10', '24:ee:9a:ff:17:da', '26:ee:9a:ff:17:d9', '24:ee:9a:ff:17:d9', '24:ee:9a:ff:17:dd'], 'hostname': 'DESKTOP-T3V8EOP', 'architecture': 'x86_64', 'os': {'family': 'windows', 'name': 'Windows 10 Pro', 'kernel': '10.0.22000.318 (WinBuild.160101.0800)', 'build': '22000.318', 'type': 'windows', 'platform': 'windows', 'version': '10.0'}}, 'fields': {'endpoint_email': 'a3789468739@gmail.com', 'endpoint_org3': 'T7-1639616151642', 'endpoint_project': 'df909038f4bcafd88f8d49c7f6ad5ccd'}, 'ecs': {'version': '1.9.0'}}}, {'_index': 'winlogbeat', '_type': 'doc', '_id': '0c0B2H0BMs_nTerjO8a7', '_score': 1.0, '_source': {'@timestamp': '2021-12-20T13:21:36.704Z', 'agent': {'hostname': 'DESKTOP-T3V8EOP', 'ephemeral_id': '41f4d791-f3b8-47ed-b193-c7151f023406', 'id': '621af60c-6ab1-4b77-803e-d523c7d8ec04', 'name': 'DESKTOP-T3V8EOP', 'type': 'winlogbeat', 'version': '7.13.2'}, 'log': {'level': 'information'}, 'host': {'architecture': 'x86_64', 'os': {'platform': 'windows', 'version': '10.0', 'family': 'windows', 'name': 'Windows 10 Pro', 'kernel': '10.0.22000.318 (WinBuild.160101.0800)', 'build': '22000.318', 'type': 'windows'}, 'id': '1f725ed7-b14c-494d-9fc1-4bc3eeb0b29b', 'ip': ['fe80::1911:e65c:d649:9768', '192.168.56.1', 'fe80::24c3:baf3:3d58:f2af', '169.254.242.175', 'fe80::a832:f35:3de:862c', '169.254.134.44', 'fe80::d4a8:14f8:2744:a74a', '192.168.0.83', 'fe80::4d6b:1d3e:cee1:343d', '169.254.52.61'], 'mac': ['0a:00:27:00:00:10', '24:ee:9a:ff:17:da', '26:ee:9a:ff:17:d9', '24:ee:9a:ff:17:d9', '24:ee:9a:ff:17:dd'], 'name': 'DESKTOP-T3V8EOP', 'hostname': 'DESKTOP-T3V8EOP'}, 'winlog': {'event_id': '22', 'provider_guid': '{5770385f-c22a-43e0-bf4c-06f5698ffbd9}', 'user': {'identifier': 'S-1-5-18', 'domain': 'NT AUTHORITY', 'name': 'SYSTEM', 'type': 'User'}, 'event_data': {'QueryStatus': '9003', 'QueryResults': '-', 'Image': 'C:\\\\Program Files (x86)\\\\Microsoft\\\\Edge\\\\Application\\\\msedge.exe', 'RuleName': '-', 'UtcTime': '2021-12-20 13:21:35.474', 'ProcessGuid': '{1f725ed7-4265-61bc-30b1-000000000d00}', 'ProcessId': '23260', 'QueryName': 'bnnseeutao'}, 'api': 'wineventlog', 'channel': 'Microsoft-Windows-Sysmon/Operational', 'process': {'pid': 53848, 'thread': {'id': 34612}}, 'provider_name': 'Microsoft-Windows-Sysmon', 'record_id': 700, 'computer_name': 'DESKTOP-T3V8EOP', 'version': 5}, 'event': {'timezone': '+08:00', 'created': '2021-12-20T13:21:38.512Z', 'code': '22', 'kind': 'event', 'provider': 'Microsoft-Windows-Sysmon'}, 'fields': {'endpoint_email': 'a3789468739@gmail.com', 'endpoint_org3': 'T7-1639616151642', 'endpoint_project': 'df909038f4bcafd88f8d49c7f6ad5ccd'}, 'ecs': {'version': '1.9.0'}}}, 