{'_index': 'winlogbeat', '_type': 'doc', '_id': 'LM8y2H0BMs_nTerj8Bi9', '_score': 1.0, '_source': {'@timestamp': '2021-12-20T14:15:54.171Z', 'winlog': {'task': 'Process Create (rule: ProcessCreate)', 'process': {'thread': {'id': 33332}, 'pid': 25104}, 'computer_name': 'LAPTOP-O5NUGDHI', 'opcode': '資訊', 'api': 'wineventlog', 'event_data': {'OriginalFileName': 'smartscreen.exe', 'ParentImage': 'C:\\\\Windows\\\\System32\\\\svchost.exe', 'FileVersion': '10.0.19041.1052 (WinBuild.160101.0800)', 'Product': 'Microsoft® Windows® Operating System', 'User': 'LAPTOP-O5NUGDHI\\\\mu', 'Image': 'C:\\\\Windows\\\\System32\\\\smartscreen.exe', 'Company': 'Microsoft Corporation', 'IntegrityLevel': 'Medium', 'Hashes': 'MD5=521ED922765BCA8F79BD76188F879311,SHA256=9605680FC164ACB985C031ECA2C8BC4909CF8B749C571DB6DE2B0B2C204C2163,IMPHASH=6DFBF12753AF176E3C203C407493A5B9', 'CommandLine': 'C:\\\\Windows\\\\System32\\\\smartscreen.exe -Embedding', 'CurrentDirectory': 'C:\\\\WINDOWS\\\\system32\\\\', 'Description': 'Windows Defender SmartScreen', 'ProcessGuid': '{e36c1727-901a-61c0-9dd0-a15e00000000}', 'ProcessId': '4840', 'ParentProcessGuid': '{e36c1727-c51d-6193-0c00-000000002d00}', 'ParentProcessId': '584', 'LogonId': '0x5dcfe95a', 'TerminalSessionId': '65', 'LogonGuid': '{e36c1727-6cfb-61c0-5ae9-cf5d00000000}', 'RuleName': '-', 'ParentCommandLine': 'C:\\\\WINDOWS\\\\system32\\\\svchost.exe -k DcomLaunch -p', 'UtcTime': '2021-12-20 14:15:54.169'}, 'user': {'type': 'User', 'identifier': 'S-1-5-18', 'domain': 'NT AUTHORITY', 'name': 'SYSTEM'}, 'record_id': 725, 'provider_guid': '{5770385f-c22a-43e0-bf4c-06f5698ffbd9}', 'version': 5, 'channel': 'Microsoft-Windows-Sysmon/Operational', 'event_id': '1', 'provider_name': 'Microsoft-Windows-Sysmon'}, 'event': {'created': '2021-12-20T14:15:55.735Z', 'code': '1', 'kind': 'event', 'provider': 'Microsoft-Windows-Sysmon', 'action': 'Process Create (rule: ProcessCreate)', 'timezone': '+08:00'}, 'log': {'level': '資訊'}, 'fields': {'endpoint_project': 'df909038f4bcafd88f8d49c7f6ad5ccd', 'endpoint_email': 't108ab0706@ntut.org.tw', 'endpoint_org3': 'T7-1639616151642'}, 'ecs': {'version': '1.9.0'}, 'agent': {'name': 'LAPTOP-O5NUGDHI', 'type': 'winlogbeat', 'version': '7.13.2', 'hostname': 'LAPTOP-O5NUGDHI', 'ephemeral_id': '15a65e24-2d8b-4182-ba26-0ab8c6e22ccc', 'id': 'bacf81f0-932a-4bf6-8615-09b8fbf307ac'}, 'message': 'Process Create:\\nRuleName: -\\nUtcTime: 2021-12-20 14:15:54.169\\nProcessGuid: {e36c1727-901a-61c0-9dd0-a15e00000000}\\nProcessId: 4840\\nImage: C:\\\\Windows\\\\System32\\\\smartscreen.exe\\nFileVersion: 10.0.19041.1052 (WinBuild.160101.0800)\\nDescription: Windows Defender SmartScreen\\nProduct: Microsoft® Windows® Operating System\\nCompany: Microsoft Corporation\\nOriginalFileName: smartscreen.exe\\nCommandLine: C:\\\\Windows\\\\System32\\\\smartscreen.exe -Embedding\\nCurrentDirectory: C:\\\\WINDOWS\\\\system32\\\\\\nUser: LAPTOP-O5NUGDHI\\\\mu\\nLogonGuid: {e36c1727-6cfb-61c0-5ae9-cf5d00000000}\\nLogonId: 0x5DCFE95A\\nTerminalSessionId: 65\\nIntegrityLevel: Medium\\nHashes: MD5=521ED922765BCA8F79BD76188F879311,SHA256=9605680FC164ACB985C031ECA2C8BC4909CF8B749C571DB6DE2B0B2C204C2163,IMPHASH=6DFBF12753AF176E3C203C407493A5B9\\nParentProcessGuid: {e36c1727-c51d-6193-0c00-000000002d00}\\nParentProcessId: 584\\nParentImage: C:\\\\Windows\\\\System32\\\\svchost.exe\\nParentCommandLine: C:\\\\WINDOWS\\\\system32\\\\svchost.exe -k DcomLaunch -p', 'host': {'os': {'version': '10.0', 'family': 'windows', 'name': 'Windows 10 Home', 'kernel': '10.0.19041.1348 (WinBuild.160101.0800)', 'build': '19042.1348', 'type': 'windows', 'platform': 'windows'}, 'id': 'e36c1727-1de3-433d-994a-ca48c783f851', 'name': 'LAPTOP-O5NUGDHI', 'ip': ['fe80::58e1:a727:458c:c8be', '169.254.200.190', 'fe80::4de3:b7e9:d153:1f26', '192.168.56.1', 'fe80::8927:63d8:812f:a641', '169.254.166.65', 'fe80::84a4:848d:cec2:84a', '192.168.137.1', 'fe80::e9ed:ddfa:f064:e416', '192.168.33.13'], 'mac': ['5e:2c:79:6a:7a:52', '0a:00:27:00:00:10', 'd2:c5:d3:c3:02:75', 'f2:c5:d3:c3:02:75', 'd0:c5:d3:c3:02:75'], 'hostname': 'LAPTOP-O5NUGDHI', 'architecture': 'x86_64'}}}, {'_index': 'winlogbeat', '_type': 'doc', '_id': '784r2H0BMs_nTerjgfZL', '_score': 1.0, '_source': {'@timestamp': '2021-12-20T14:07:47.701Z', 'host': {'ip': ['fe80::1911:e65c:d649:9768', '192.168.56.1', 'fe80::24c3:baf3:3d58:f2af', '169.254.242.175', 'fe80::a832:f35:3de:862c', '169.254.134.44', 'fe80::d4a8:14f8:2744:a74a', '192.168.0.83', 'fe80::4d6b:1d3e:cee1:343d', '169.254.52.61'], 'mac': ['0a:00:27:00:00:10', '24:ee:9a:ff:17:da', '26:ee:9a:ff:17:d9', '24:ee:9a:ff:17:d9', '24:ee:9a:ff:17:dd'], 'hostname': 'DESKTOP-T3V8EOP', 'name': 'DESKTOP-T3V8EOP', 'architecture': 'x86_64', 'os': {'version': '10.0', 'family': 'windows', 'name': 'Windows 10 Pro', 'kernel': '10.0.22000.318 (WinBuild.160101.0800)', 'build': '22000.318', 'type': 'windows', 'platform': 'windows'}, 'id': '1f725ed7-b14c-494d-9fc1-4bc3eeb0b29b'}, 'winlog': {'provider_guid': '{5770385f-c22a-43e0-bf4c-06f5698ffbd9}', 'channel': 'Microsoft-Windows-Sysmon/Operational', 'user': {'identifier': 'S-1-5-18', 'domain': 'NT AUTHORITY', 'name': 'SYSTEM', 'type': 'User'}, 'api': 'wineventlog', 'event_id': '1', 'computer_name': 'DESKTOP-T3V8EOP', 'record_id': 910, 'event_data': {'ProcessId': '21040', 'OriginalFileName': 'msedge.exe', 'RuleName': '-', 'LogonGuid': '{1f725ed7-4242-61bc-0f2a-a16b00000000}', 'CommandLine': '\"C:\\\\Program Files (x86)\\\\Microsoft\\\\Edge\\\\Application\\\\msedge.exe\" --type=renderer --disable-client-side-phishing-detection --display-capture-permissions-policy-allowed --field-trial-handle=2096,10217503095378327848,5264171936250097817,131072 --lang=zh-TW --device-scale-factor=1.25 --num-raster-threads=4 --enable-main-frame-before-activation --renderer-client-id=1227 --mojo-platform-channel-handle=8240 /prefetch:1', 'LogonId': '0x6ba12a0f', 'Company': 'Microsoft Corporation', 'ProcessGuid': '{1f725ed7-8e33-61c0-d87a-8d8200000000}', 'ParentProcessId': '27400', 'UtcTime': '2021-12-20 14:07:47.694', 'ParentCommandLine': '\"C:\\\\Program Files (x86)\\\\Microsoft\\\\Edge\\\\Application\\\\msedge.exe\" --profile-directory=Default', 'Description': 'Microsoft Edge', 'Image': 'C:\\\\Program Files (x86)\\\\Microsoft\\\\Edge\\\\Application\\\\msedge.exe', 'ParentProcessGuid': '{1f725ed7-4264-61bc-2db1-000000000d00}', 'CurrentDirectory': 'C:\\\\Program Files (x86)\\\\Microsoft\\\\Edge\\\\Application\\\\96.0.1054.57\\\\', 'IntegrityLevel': 'Low', 'Hashes': 'MD5=3AEE5493F9C660F6565840F704EAC3D5,SHA256=A02EC567414051D8B0707B9E15BB1BA1CE9068394F30EF70C4D97F17E2CE4F79,IMPHASH=680C3B3C075FF57057C290713261CB56', 'User': 'DESKTOP-T3V8EOP\\\\a3789', 'ParentImage': 'C:\\\\Program Files (x86)\\\\Microsoft\\\\Edge\\\\Application\\\\msedge.exe', 'TerminalSessionId': '2', 'FileVersion': '96.0.1054.57', 'Product': 'Microsoft Edge'}, 'provider_name': 'Microsoft-Windows-Sysmon', 'process': {'pid': 53848, 'thread': {'id': 26096}}, 'version': 5}, 'event': {'code': '1', 'kind': 'event', 'provider': 'Microsoft-Windows-Sysmon', 'created': '2021-12-20T14:07:48.907Z', 'timezone': '+08:00'}, 'log': {'level': 'information'}, 'fields': {'endpoint_email': 'a3789468739@gmail.com', 'endpoint_org3': 'T7-1639616151642', 'endpoint_project': 'df909038f4bcafd88f8d49c7f6ad5ccd'}, 'agent': {'version': '7.13.2', 'hostname': 'DESKTOP-T3V8EOP', 'ephemeral_id': '41f4d791-f3b8-47ed-b193-c7151f023406', 'id': '621af60c-6ab1-4b77-803e-d523c7d8ec04', 'name': 'DESKTOP-T3V8EOP', 'type': 'winlogbeat'}, 'ecs': {'version': '1.9.0'}}}, {'_index': 'winlogbeat', '_type': 'doc', '_id': 'Jc4p2H0BMs_nTerjdMsS', '_score': 1.0, '_source': {'@timestamp': '2021-12-20T14:05:33.017Z', 'winlog': {'event_id': '1', 'record_id': 903, 'computer_name': 'DESKTOP-T3V8EOP', 'process': {'thread': {'id': 26096}, 'pid': 53848}, 'channel': 'Microsoft-Windows-Sysmon/Operational', 'provider_guid': '{5770385f-c22a-43e0-bf4c-06f5698ffbd9}', 'version': 5, 'user': {'domain': 'NT AUTHORITY', 'name': 'SYSTEM', 'type': 'User', 'identifier': 'S-1-5-18'}, 'event_data': {'Company': 'Rivet Networks LLC', 'LogonId': '0x6ba12a0f', 'LogonGuid': '{1f725ed7-4242-61bc-0f2a-a16b00000000}', 'ParentImage': 'C:\\\\Program Files\\\\Rivet Networks\\\\SmartByte\\\\RAPS.exe', 'RuleName': '-', 'UtcTime': '2021-12-20 14:05:33.015', 'User': 'DESKTOP-T3V8EOP\\\\a3789', 'Description': 'RivetAPS', 'Hashes': 'MD5=F70A23758DA94B90A01CC791ACC7F385,SHA256=EEBCC0C6FD9A7BF70BA3028DAEA19C450FCC698169C2E5B03F6BEF9D4BBA1A6F,IMPHASH=935B686812E8D4246E2278AF50AA30FB', 'ProcessGuid': '{1f725ed7-8dad-61c0-2dbf-868200000000}', 'ProcessId': '46356', 'OriginalFileName': 'RAPS.exe', 'Product': 'RivetAPS', 'ParentProcessId': '5312', 'FileVersion': '3.1.995.0', 'TerminalSessionId': '2', 'ParentProcessGuid': '{1f725ed7-296e-61ab-8f00-000000000d00}', 'CurrentDirectory': 'C:\\\\Program Files\\\\Rivet Networks\\\\SmartByte\\\\', 'IntegrityLevel': 'Medium', 'ParentCommandLine': '\"RAPS.exe\"', 'Image': 'C:\\\\Program Files\\\\Rivet Networks\\\\SmartByte\\\\RAPS.exe', 'CommandLine': 'RAPS.exe -u'}, 'provider_name': 'Microsoft-Windows-Sysmon', 'api': 'wineventlog'}, 'event': {'created': '2021-12-20T14:05:34.461Z', 'code': '1', 'kind': 'event', 'provider': 'Microsoft-Windows-Sysmon', 'timezone': '+08:00'}, 'log': {'level': 'information'}, 'host': {'name': 'DESKTOP-T3V8EOP', 'hostname': 'DESKTOP-T3V8EOP', 'architecture': 'x86_64', 'os': {'family': 'windows', 'name': 'Windows 10 Pro', 'kernel': '10.0.22000.318 (WinBuild.160101.0800)', 'build': '22000.318', 'type': 'windows', 'platform': 'windows', 'version': '10.0'}, 'id': '1f725ed7-b14c-494d-9fc1-4bc3eeb0b29b', 'ip': ['fe80::1911:e65c:d649:9768', '192.168.56.1', 'fe80::24c3:baf3:3d58:f2af', '169.254.242.175', 'fe80::a832:f35:3de:862c', '169.254.134.44', 'fe80::d4a8:14f8:2744:a74a', '192.168.0.83', 'fe80::4d6b:1d3e:cee1:343d', '169.254.52.61'], 'mac': ['0a:00:27:00:00:10', '24:ee:9a:ff:17:da', '26:ee:9a:ff:17:d9', '24:ee:9a:ff:17:d9', '24:ee:9a:ff:17:dd']}, 'fields': {'endpoint_org3': 'T7-1639616151642', 'endpoint_project': 'df909038f4bcafd88f8d49c7f6ad5ccd', 'endpoint_email': 'a3789468739@gmail.com'}, 'ecs': {'version': '1.9.0'}, 'agent': {'ephemeral_id': '41f4d791-f3b8-47ed-b193-c7151f023406', 'id': '621af60c-6ab1-4b77-803e-d523c7d8ec04', 'name': 'DESKTOP-T3V8EOP', 'type': 'winlogbeat', 'version': '7.13.2', 'hostname': 'DESKTOP-T3V8EOP'}}}, {'_index': 'winlogbeat', '_type': 'doc', '_id': 'Ns8t2H0BMs_nTerj5Ana', '_score': 1.0, '_source': {'@timestamp': '2021-12-20T14:10:23.805Z', 'agent': {'version': '7.13.2', 'hostname': 'DESKTOP-T3V8EOP', 'ephemeral_id': '41f4d791-f3b8-47ed-b193-c7151f023406', 'id': '621af60c-6ab1-4b77-803e-d523c7d8ec04', 'name': 'DESKTOP-T3V8EOP', 'type': 'winlogbeat'}, 'winlog': {'process': {'pid': 53848, 'thread': {'id': 26096}}, 'api': 'wineventlog', 'provider_guid': '{5770385f-c22a-43e0-bf4c-06f5698ffbd9}', 'event_data': {'Product': 'RivetAPS', 'ParentCommandLine': '\"RAPS.exe\"', 'LogonGuid': '{1f725ed7-4242-61bc-0f2a-a16b00000000}', 'ProcessId': '30192', 'RuleName': '-', 'OriginalFileName': 'RAPS.exe', 'UtcTime': '2021-12-20 14:10:23.803', 'ProcessGuid': '{1f725ed7-8ecf-61c0-3318-958200000000}', 'ParentImage': 'C:\\\\Program Files\\\\Rivet Networks\\\\SmartByte\\\\RAPS.exe', 'Image': 'C:\\\\Program Files\\\\Rivet Networks\\\\SmartByte\\\\RAPS.exe', 'Description': 'RivetAPS', 'Company': 'Rivet Networks LLC', 'CurrentDirectory': 'C:\\\\Program Files\\\\Rivet Networks\\\\SmartByte\\\\', 'TerminalSessionId': '2', 'FileVersion': '3.1.995.0', 'User': 'DESKTOP-T3V8EOP\\\\a3789', 'IntegrityLevel': 'Medium', 'ParentProcessGuid': '{1f725ed7-296e-61ab-8f00-000000000d00}', 'LogonId': '0x6ba12a0f', 'CommandLine': 'RAPS.exe -u', 'ParentProcessId': '5312', 'Hashes': 'MD5=F70A23758DA94B90A01CC791ACC7F385,SHA256=EEBCC0C6FD9A7BF70BA3028DAEA19C450FCC698169C2E5B03F6BEF9D4BBA1A6F,IMPHASH=935B686812E8D4246E2278AF50AA30FB'}, 'event_id': '1', 'provider_name': 'Microsoft-Windows-Sysmon', 'version': 5, 'computer_name': 'DESKTOP-T3V8EOP', 'user': {'domain': 'NT AUTHORITY', 'name': 'SYSTEM', 'type': 'User', 'identifier': 'S-1-5-18'}, 'channel': 'Microsoft-Windows-Sysmon/Operational', 'record_id': 915}, 'event': {'kind': 'event', 'timezone': '+08:00', 'provider': 'Microsoft-Windows-Sysmon', 'created': '2021-12-20T14:10:25.461Z', 'code': '1'}, 'log': {'level': 'information'}, 'host': {'os': {'version': '10.0', 'family': 'windows', 'name': 'Windows 10 Pro', 'kernel': '10.0.22000.318 (WinBuild.160101.0800)', 'build': '22000.318', 'type': 'windows', 'platform': 'windows'}, 'name': 'DESKTOP-T3V8EOP', 'id': '1f725ed7-b14c-494d-9fc1-4bc3eeb0b29b', 'ip': ['fe80::1911:e65c:d649:9768', '192.168.56.1', 'fe80::24c3:baf3:3d58:f2af', '169.254.242.175', 'fe80::a832:f35:3de:862c', '169.254.134.44', 'fe80::d4a8:14f8:2744:a74a', '192.168.0.83', 'fe80::4d6b:1d3e:cee1:343d', '169.254.52.61'], 'mac': ['0a:00:27:00:00:10', '24:ee:9a:ff:17:da', '26:ee:9a:ff:17:d9', '24:ee:9a:ff:17:d9', '24:ee:9a:ff:17:dd'], 'hostname': 'DESKTOP-T3V8EOP', 'architecture': 'x86_64'}, 'fields': {'endpoint_email': 'a3789468739@gmail.com', 'endpoint_org3': 'T7-1639616151642', 'endpoint_project': 'df909038f4bcafd88f8d49c7f6ad5ccd'}, 'ecs': {'version': '1.9.0'}}}, {'_index': 'winlogbeat', '_type': 'doc', '_id': 'CM8w2H0BMs_nTerj4Rgm', '_score': 1.0, '_source': {'@timestamp': '2021-12-20T14:13:39.876Z', 'fields': {'endpoint_email': 'a3789468739@gmail.com', 'endpoint_org3': 'T7-1639616151642', 'endpoint_project': 'df909038f4bcafd88f8d49c7f6ad5ccd'}, 'ecs': {'version': '1.9.0'}, 'agent': {'id': '621af60c-6ab1-4b77-803e-d523c7d8ec04', 'name': 'DESKTOP-T3V8EOP', 'type': 'winlogbeat', 'version': '7.13.2', 'hostname': 'DESKTOP-T3V8EOP', 'ephemeral_id': '41f4d791-f3b8-47ed-b193-c7151f023406'}, 'winlog': {'computer_name': 'DESKTOP-T3V8EOP', 'provider_guid': '{5770385f-c22a-43e0-bf4c-06f5698ffbd9}', 'process': {'pid': 53848, 'thread': {'id': 26096}}, 'event_id': '1', 'version': 5, 'user': {'type': 'User', 'identifier': 'S-1-5-18', 'domain': 'NT AUTHORITY', 'name': 'SYSTEM'}, 'record_id': 921, 'event_data': {'Description': 'RivetAPS', 'ParentProcessGuid': '{1f725ed7-296e-61ab-8f00-000000000d00}', 'ParentCommandLine': '\"RAPS.exe\"', 'ProcessGuid': '{1f725ed7-8f93-61c0-2000-9e8200000000}', 'Company': 'Rivet Networks LLC', 'ProcessId': '47280', 'Hashes': 'MD5=F70A23758DA94B90A01CC791ACC7F385,SHA256=EEBCC0C6FD9A7BF70BA3028DAEA19C450FCC698169C2E5B03F6BEF9D4BBA1A6F,IMPHASH=935B686812E8D4246E2278AF50AA30FB', 'ParentProcessId': '5312', 'RuleName': '-', 'OriginalFileName': 'RAPS.exe', 'LogonGuid': '{1f725ed7-4242-61bc-0f2a-a16b00000000}', 'LogonId': '0x6ba12a0f', 'ParentImage': 'C:\\\\Program Files\\\\Rivet Networks\\\\SmartByte\\\\RAPS.exe', 'CommandLine': 'RAPS.exe -u', 'Image': 'C:\\\\Program Files\\\\Rivet Networks\\\\SmartByte\\\\RAPS.exe', 'CurrentDirectory': 'C:\\\\Program Files\\\\Rivet Networks\\\\SmartByte\\\\', 'User': 'DESKTOP-T3V8EOP\\\\a3789', 'IntegrityLevel': 'Medium', 'UtcTime': '2021-12-20 14:13:39.874', 'TerminalSessionId': '2', 'Product': 'RivetAPS', 'FileVersion': '3.1.995.0'}, 'api': 'wineventlog', 'channel': 'Microsoft-Windows-Sysmon/Operational', 'provider_name': 'Microsoft-Windows-Sysmon'}, 'event': {'created': '2021-12-20T14:13:41.137Z', 'code': '1', 'kind': 'event', 'provider': 'Microsoft-Windows-Sysmon', 'timezone': '+08:00'}, 'log': {'level': 'information'}, 'host': {'ip': ['fe80::1911:e65c:d649:9768', '192.168.56.1', 'fe80::24c3:baf3:3d58:f2af', '169.254.242.175', 'fe80::a832:f35:3de:862c', '169.254.134.44', 'fe80::d4a8:14f8:2744:a74a', '192.168.0.83', 'fe80::4d6b:1d3e:cee1:343d', '169.254.52.61'], 'mac': ['0a:00:27:00:00:10', '24:ee:9a:ff:17:da', '26:ee:9a:ff:17:d9', '24:ee:9a:ff:17:d9', '24:ee:9a:ff:17:dd'], 'hostname': 'DESKTOP-T3V8EOP', 'name': 'DESKTOP-T3V8EOP', 'architecture': 'x86_64', 'os': {'type': 'windows', 'platform': 'windows', 'version': '10.0', 'family': 'windows', 'name': 'Windows 10 Pro', 'kernel': '10.0.22000.318 (WinBuild.160101.0800)', 'build': '22000.318'}, 'id': '1f725ed7-b14c-494d-9fc1-4bc3eeb0b29b'}}}, {'_index': 'winlogbeat', '_type': 'doc', '_id': 'pM4r2H0BMs_nTerj6_dG', '_score': 1.0, '_source': {'@timestamp': '2021-12-20T14:08:14.069Z', 'fields': {'endpoint_project': 'df909038f4bcafd88f8d49c7f6ad5ccd', 'endpoint_email': 'a3789468739@gmail.com', 'endpoint_org3': 'T7-1639616151642'}, 'ecs': {'version': '1.9.0'}, 'agent': {'hostname': 'DESKTOP-T3V8EOP', 'ephemeral_id': '41f4d791-f3b8-47ed-b193-c7151f023406', 'id': '621af60c-6ab1-4b77-803e-d523c7d8ec04', 'name': 'DESKTOP-T3V8EOP', 'type': 'winlogbeat', 'version': '7.13.2'}, 'winlog': {'event_data': {'User': 'DESKTOP-T3V8EOP\\\\a3789', 'LogonGuid': '{1f725ed7-4242-61bc-0f2a-a16b00000000}', 'ParentProcessGuid': '{1f725ed7-296e-61ab-8f00-000000000d00}', 'OriginalFileName': 'RAPS.exe', 'ProcessGuid': '{1f725ed7-8e4e-61c0-8dcd-8e8200000000}', 'ParentProcessId': '5312', 'CommandLine': 'RAPS.exe -u', 'Image': 'C:\\\\Program Files\\\\Rivet Networks\\\\SmartByte\\\\RAPS.exe', 'ProcessId': '34328', 'FileVersion': '3.1.995.0', 'Product': 'RivetAPS', 'CurrentDirectory': 'C:\\\\Program Files\\\\Rivet Networks\\\\SmartByte\\\\', 'IntegrityLevel': 'Medium', 'ParentImage': 'C:\\\\Program Files\\\\Rivet Networks\\\\SmartByte\\\\RAPS.exe', 'Hashes': 'MD5=F70A23758DA94B90A01CC791ACC7F385,SHA256=EEBCC0C6FD9A7BF70BA3028DAEA19C450FCC698169C2E5B03F6BEF9D4BBA1A6F,IMPHASH=935B686812E8D4246E2278AF50AA30FB', 'ParentCommandLine': '\"RAPS.exe\"', 'UtcTime': '2021-12-20 14:08:14.068', 'TerminalSessionId': '2', 'RuleName': '-', 'Description': 'RivetAPS', 'Company': 'Rivet Networks LLC', 'LogonId': '0x6ba12a0f'}, 'event_id': '1', 'computer_name': 'DESKTOP-T3V8EOP', 'record_id': 911, 'version': 5, 'user': {'identifier': 'S-1-5-18', 'domain': 'NT AUTHORITY', 'name': 'SYSTEM', 'type': 'User'}, 'provider_name': 'Microsoft-Windows-Sysmon', 'provider_guid': '{5770385f-c22a-43e0-bf4c-06f5698ffbd9}', 'channel': 'Microsoft-Windows-Sysmon/Operational', 'api': 'wineventlog', 'process': {'thread': {'id': 26096}, 'pid': 53848}}, 'event': {'created': '2021-12-20T14:08:16.042Z', 'code': '1', 'kind': 'event', 'provider': 'Microsoft-Windows-Sysmon', 'timezone': '+08:00'}, 'log': {'level': 'information'}, 'host': {'mac': ['0a:00:27:00:00:10', '24:ee:9a:ff:17:da', '26:ee:9a:ff:17:d9', '24:ee:9a:ff:17:d9', '24:ee:9a:ff:17:dd'], 'hostname': 'DESKTOP-T3V8EOP', 'architecture': 'x86_64', 'os': {'type': 'windows', 'platform': 'windows', 'version': '10.0', 'family': 'windows', 'name': 'Windows 10 Pro', 'kernel': '10.0.22000.318 (WinBuild.160101.0800)', 'build': '22000.318'}, 'id': '1f725ed7-b14c-494d-9fc1-4bc3eeb0b29b', 'name': 'DESKTOP-T3V8EOP', 'ip': ['fe80::1911:e65c:d649:9768', '192.168.56.1', 'fe80::24c3:baf3:3d58:f2af', '169.254.242.175', 'fe80::a832:f35:3de:862c', '169.254.134.44', 'fe80::d4a8:14f8:2744:a74a', '192.168.0.83', 'fe80::4d6b:1d3e:cee1:343d', '169.254.52.61']}}}, {'_index': 'winlogbeat', '_type': 'doc', '_id': 'G88y2H0BMs_nTerjkhjI', '_score': 1.0, '_source': {'@timestamp': '2021-12-20T14:15:30.200Z', 'host': {'id': 'e36c1727-1de3-433d-994a-ca48c783f851', 'name': 'LAPTOP-O5NUGDHI', 'ip': ['fe80::58e1:a727:458c:c8be', '169.254.200.190', 'fe80::4de3:b7e9:d153:1f26', '192.168.56.1', 'fe80::8927:63d8:812f:a641', '169.254.166.65', 'fe80::84a4:848d:cec2:84a', '192.168.137.1', 'fe80::e9ed:ddfa:f064:e416', '192.168.33.13'], 'mac': ['5e:2c:79:6a:7a:52', '0a:00:27:00:00:10', 'd2:c5:d3:c3:02:75', 'f2:c5:d3:c3:02:75', 'd0:c5:d3:c3:02:75'], 'hostname': 'LAPTOP-O5NUGDHI', 'architecture': 'x86_64', 'os': {'type': 'windows', 'platform': 'windows', 'version': '10.0', 'family': 'windows', 'name': 'Windows 10 Home', 'kernel': '10.0.19041.1348 (WinBuild.160101.0800)', 'build': '19042.1348'}}, 'winlog': {'record_id': 716, 'provider_name': 'Microsoft-Windows-Sysmon', 'event_id': '11', 'user': {'identifier': 'S-1-5-18', 'domain': 'NT AUTHORITY', 'name': 'SYSTEM', 'type': 'User'}, 'api': 'wineventlog', 'version': 2, 'process': {'pid': 25104, 'thread': {'id': 33332}}, 'computer_name': 'LAPTOP-O5NUGDHI', 'provider_guid': '{5770385f-c22a-43e0-bf4c-06f5698ffbd9}', 'event_data': {'TargetFilename': 'C:\\\\Windows\\\\SoftwareDistribution\\\\Download\\\\b94c65d4717c965ecae18144a74af06a\\\\Metadata\\\\wcp.dll', 'CreationUtcTime': '2021-12-08 11:29:28.000', 'RuleName': 'DLL', 'UtcTime': '2021-12-20 14:15:30.187', 'ProcessGuid': '{e36c1727-0664-619a-fa29-000000002d00}', 'ProcessId': '12692', 'Image': 'C:\\\\Windows\\\\System32\\\\mousocoreworker.exe'}, 'channel': 'Microsoft-Windows-Sysmon/Operational', 'task': 'File created (rule: FileCreate)', 'opcode': '資訊'}, 'event': {'kind': 'event', 'provider': 'Microsoft-Windows-Sysmon', 'action': 'File created (rule: FileCreate)', 'created': '2021-12-20T14:15:31.623Z', 'code': '11', 'timezone': '+08:00'}, 'log': {'level': '資訊'}, 'message': 'File created:\\nRuleName: DLL\\nUtcTime: 2021-12-20 14:15:30.187\\nProcessGuid: {e36c1727-0664-619a-fa29-000000002d00}\\nProcessId: 12692\\nImage: C:\\\\Windows\\\\System32\\\\mousocoreworker.exe\\nTargetFilename: C:\\\\Windows\\\\SoftwareDistribution\\\\Download\\\\b94c65d4717c965ecae18144a74af06a\\\\Metadata\\\\wcp.dll\\nCreationUtcTime: 2021-12-08 11:29:28.000', 'fields': {'endpoint_org3': 'T7-1639616151642', 'endpoint_project': 'df909038f4bcafd88f8d49c7f6ad5ccd', 'endpoint_email': 't108ab0706@ntut.org.tw'}, 'agent': {'version': '7.13.2', 'hostname': 'LAPTOP-O5NUGDHI', 'ephemeral_id': '15a65e24-2d8b-4182-ba26-0ab8c6e22ccc', 'id': 'bacf81f0-932a-4bf6-8615-09b8fbf307ac', 'name': 'LAPTOP-O5NUGDHI', 'type': 'winlogbeat'}, 'ecs': {'version': '1.9.0'}}}, {'_index': 'winlogbeat', '_type': 'doc', '_id': 'Hs8y2H0BMs_nTerjkhjI', '_score': 1.0, '_source': {'@timestamp': '2021-12-20T14:15:30.235Z', 'log': {'level': '資訊'}, 'message': 'File created:\\nRuleName: DLL\\nUtcTime: 2021-12-20 14:15:30.234\\nProcessGuid: {e36c1727-0664-619a-fa29-000000002d00}\\nProcessId: 12692\\nImage: C:\\\\Windows\\\\System32\\\\mousocoreworker.exe\\nTargetFilename: C:\\\\Windows\\\\SoftwareDistribution\\\\Download\\\\b94c65d4717c965ecae18144a74af06a\\\\Metadata\\\\WinREAgent.dll\\nCreationUtcTime: 2021-12-08 16:43:18.000', 'host': {'architecture': 'x86_64', 'os': {'kernel': '10.0.19041.1348 (WinBuild.160101.0800)', 'build': '19042.1348', 'type': 'windows', 'platform': 'windows', 'version': '10.0', 'family': 'windows', 'name': 'Windows 10 Home'}, 'id': 'e36c1727-1de3-433d-994a-ca48c783f851', 'ip': ['fe80::58e1:a727:458c:c8be', '169.254.200.190', 'fe80::4de3:b7e9:d153:1f26', '192.168.56.1', 'fe80::8927:63d8:812f:a641', '169.254.166.65', 'fe80::84a4:848d:cec2:84a', '192.168.137.1', 'fe80::e9ed:ddfa:f064:e416', '192.168.33.13'], 'name': 'LAPTOP-O5NUGDHI', 'mac': ['5e:2c:79:6a:7a:52', '0a:00:27:00:00:10', 'd2:c5:d3:c3:02:75', 'f2:c5:d3:c3:02:75', 'd0:c5:d3:c3:02:75'], 'hostname': 'LAPTOP-O5NUGDHI'}, 'fields': {'endpoint_project': 'df909038f4bcafd88f8d49c7f6ad5ccd', 'endpoint_email': 't108ab0706@ntut.org.tw', 'endpoint_org3': 'T7-1639616151642'}, 'ecs': {'version': '1.9.0'}, 'agent': {'name': 'LAPTOP-O5NUGDHI', 'type': 'winlogbeat', 'version': '7.13.2', 'hostname': 'LAPTOP-O5NUGDHI', 'ephemeral_id': '15a65e24-2d8b-4182-ba26-0ab8c6e22ccc', 'id': 'bacf81f0-932a-4bf6-8615-09b8fbf307ac'}, 'winlog': {'provider_name': 'Microsoft-Windows-Sysmon', 'task': 'File created (rule: FileCreate)', 'process': {'thread': {'id': 33332}, 'pid': 25104}, 'api': 'wineventlog', 'version': 2, 'user': {'type': 'User', 'identifier': 'S-1-5-18', 'domain': 'NT AUTHORITY', 'name': 'SYSTEM'}, 'event_id': '11', 'computer_name': 'LAPTOP-O5NUGDHI', 'event_data': {'UtcTime': '2021-12-20 14:15:30.234', 'ProcessGuid': '{e36c1727-0664-619a-fa29-000000002d00}', 'ProcessId': '12692', 'Image': 'C:\\\\Windows\\\\System32\\\\mousocoreworker.exe', 'TargetFilename': 'C:\\\\Windows\\\\SoftwareDistribution\\\\Download\\\\b94c65d4717c965ecae18144a74af06a\\\\Metadata\\\\WinREAgent.dll', 'CreationUtcTime': '2021-12-08 16:43:18.000', 'RuleName': 'DLL'}, 'channel': 'Microsoft-Windows-Sysmon/Operational', 'record_id': 719, 'opcode': '資訊', 'provider_guid': '{5770385f-c22a-43e0-bf4c-06f5698ffbd9}'}, 'event': {'action': 'File created (rule: FileCreate)', 'timezone': '+08:00', 'created': '2021-12-20T14:15:31.624Z', 'code': '11', 'kind': 'event', 'provider': 'Microsoft-Windows-Sysmon'}}}, {'_index': 'winlogbeat', '_type': 'doc', '_id': 'Js8y2H0BMs_nTerj4Bj_', '_score': 1.0, '_source': {'@timestamp': '2021-12-20T14:15:50.534Z', 'winlog': {'provider_name': 'Microsoft-Windows-Sysmon', 'task': 'Dns query (rule: DnsQuery)', 'process': {'pid': 25104, 'thread': {'id': 17188}}, 'version': 5, 'channel': 'Microsoft-Windows-Sysmon/Operational', 'api': 'wineventlog', 'event_data': {'RuleName': '-', 'UtcTime': '2021-12-20 14:04:21.235', 'ProcessGuid': '{e36c1727-900d-61c0-0a2a-010000002d00}', 'ProcessId': '28780', 'QueryName': 'in.appcenter.ms', 'QueryStatus': '0', 'QueryResults': 'type:  5 in2-prod-east-us2-23fa330.trafficmanager.net;type:  5 in2-gw2-02-ce7dd027.eastus2.cloudapp.azure.com;::ffff:40.70.161.102;', 'Image': 'C:\\\\Program Files\\\\WindowsApps\\\\5A894077.McAfeeSecurity_2.1.68.0_x64__wafk5atnkzcwy\\\\mcafee-security.exe'}, 'computer_name': 'LAPTOP-O5NUGDHI', 'event_id': '22', 'provider_guid': '{5770385f-c22a-43e0-bf4c-06f5698ffbd9}', 'record_id': 724, 'opcode': '資訊', 'user': {'domain': 'NT AUTHORITY', 'name': 'SYSTEM', 'type': 'User', 'identifier': 'S-1-5-18'}}, 'event': {'action': 'Dns query (rule: DnsQuery)', 'created': '2021-12-20T14:15:51.693Z', 'code': '22', 'kind': 'event', 'provider': 'Microsoft-Windows-Sysmon', 'timezone': '+08:00'}, 'log': {'level': '資訊'}, 'message': 'Dns query:\\nRuleName: -\\nUtcTime: 2021-12-20 14:04:21.235\\nProcessGuid: {e36c1727-900d-61c0-0a2a-010000002d00}\\nProcessId: 28780\\nQueryName: in.appcenter.ms\\nQueryStatus: 0\\nQueryResults: type:  5 in2-prod-east-us2-23fa330.trafficmanager.net;type:  5 in2-gw2-02-ce7dd027.eastus2.cloudapp.azure.com;::ffff:40.70.161.102;\\nImage: C:\\\\Program Files\\\\WindowsApps\\\\5A894077.McAfeeSecurity_2.1.68.0_x64__wafk5atnkzcwy\\\\mcafee-security.exe', 'fields': {'endpoint_project': 'df909038f4bcafd88f8d49c7f6ad5ccd', 'endpoint_email': 't108ab0706@ntut.org.tw', 'endpoint_org3': 'T7-1639616151642'}, 'ecs': {'version': '1.9.0'}, 'agent': {'version': '7.13.2', 'hostname': 'LAPTOP-O5NUGDHI', 'ephemeral_id': '15a65e24-2d8b-4182-ba26-0ab8c6e22ccc', 'id': 'bacf81f0-932a-4bf6-8615-09b8fbf307ac', 'name': 'LAPTOP-O5NUGDHI', 'type': 'winlogbeat'}, 'host': {'os': {'platform': 'windows', 'version': '10.0', 'family': 'windows', 'name': 'Windows 10 Home', 'kernel': '10.0.19041.1348 (WinBuild.160101.0800)', 'build': '19042.1348', 'type': 'windows'}, 'id': 'e36c1727-1de3-433d-994a-ca48c783f851', 'ip': ['fe80::58e1:a727:458c:c8be', '169.254.200.190', 'fe80::4de3:b7e9:d153:1f26', '192.168.56.1', 'fe80::8927:63d8:812f:a641', '169.254.166.65', 'fe80::84a4:848d:cec2:84a', '192.168.137.1', 'fe80::e9ed:ddfa:f064:e416', '192.168.33.13'], 'mac': ['5e:2c:79:6a:7a:52', '0a:00:27:00:00:10', 'd2:c5:d3:c3:02:75', 'f2:c5:d3:c3:02:75', 'd0:c5:d3:c3:02:75'], 'hostname': 'LAPTOP-O5NUGDHI', 'name': 'LAPTOP-O5NUGDHI', 'architecture': 'x86_64'}}}, {'_index': 'winlogbeat', '_type': 'doc', '_id': '6c822H0BMs_nTerjHhhF', '_score': 1.0, '_source': {'@timestamp': '2021-12-20T14:19:22.976Z', 'host': {'ip': ['fe80::1911:e65c:d649:9768', '192.168.56.1', 'fe80::24c3:baf3:3d58:f2af', '169.254.242.175', 'fe80::a832:f35:3de:862c', '169.254.134.44', 'fe80::d4a8:14f8:2744:a74a', '192.168.0.83', 'fe80::4d6b:1d3e:cee1:343d', '169.254.52.61'], 'mac': ['0a:00:27:00:00:10', '24:ee:9a:ff:17:da', '26:ee:9a:ff:17:d9', '24:ee:9a:ff:17:d9', '24:ee:9a:ff:17:dd'], 'hostname': 'DESKTOP-T3V8EOP', 'architecture': 'x86_64', 'os': {'kernel': '10.0.22000.318 (WinBuild.160101.0800)', 'build': '22000.318', 'type': 'windows', 'platform': 'windows', 'version': '10.0', 'family': 'windows', 'name': 'Windows 10 Pro'}, 'id': '1f725ed7-b14c-494d-9fc1-4bc3eeb0b29b', 'name': 'DESKTOP-T3V8EOP'}, 'fields': {'endpoint_project': 'df909038f4bcafd88f8d49c7f6ad5ccd', 'endpoint_email': 'a3789468739@gmail.com', 'endpoint_org3': 'T7-1639616151642'}, 'ecs': {'version': '1.9.0'}, 'agent': {'id': '621af60c-6ab1-4b77-803e-d523c7d8ec04', 'name': 'DESKTOP-T3V8EOP', 'type': 'winlogbeat', 'version': '7.13.2', 'hostname': 'DESKTOP-T3V8EOP', 'ephemeral_id': '41f4d791-f3b8-47ed-b193-c7151f023406'}, 'winlog': {'record_id': 951, 'api': 'wineventlog', 'version': 5, 'computer_name': 'DESKTOP-T3V8EOP', 'user': {'identifier': 'S-1-5-18', 'domain': 'NT AUTHORITY', 'name': 'SYSTEM', 'type': 'User'}, 'event_id': '1', 'channel': 'Microsoft-Windows-Sysmon/Operational', 'provider_guid': '{5770385f-c22a-43e0-bf4c-06f5698ffbd9}', 'event_data': {'Image': 'C:\\\\ProgramData\\\\Logishrd\\\\LogiOptions\\\\Software\\\\Current\\\\updater.exe', 'ParentImage': 'C:\\\\ProgramData\\\\Logishrd\\\\LogiOptions\\\\Software\\\\Current\\\\LogiOptionsMgr.exe', 'UtcTime': '2021-12-20 14:19:22.962', 'RuleName': '-', 'IntegrityLevel': 'Medium', 'ParentProcessGuid': '{1f725ed7-4264-61bc-29b1-000000000d00}', 'ParentCommandLine': '\"C:\\\\ProgramData\\\\Logishrd\\\\LogiOptions\\\\Software\\\\Current\\\\LogiOptionsMgr.exe\" ', 'ProcessGuid': '{1f725ed7-90ea-61c0-a425-b28200000000}', 'CurrentDirectory': 'C:\\\\ProgramData\\\\Logishrd\\\\LogiOptions\\\\Software\\\\Current\\\\', 'FileVersion': '7.0.99999', 'CommandLine': '\"C:\\\\ProgramData\\\\Logishrd\\\\LogiOptions\\\\Software\\\\Current\\\\Updater.exe\" /appName \"LogiOptions\" /appVersion \"9.40\" /brand \"Logitech\" /bu \"controldevices\" /check \"0\" /clean \"1\" /contextId \"105\" /download \"1\" /execute \"1\" /failure \">0\" /keepSignatureOnFailure \"1\" /messageId \"32871\" /osBit \"64\" /osFlag \"w10\" /overwrite \"3\" /prodExt \"exe\" /prodName \"6b01b_004_image\" /prodVersion \"9.40.86\" /publicKey \"C:\\\\ProgramData\\\\Logishrd\\\\LogiOptions\\\\Software\\\\Current\\\\logikey.pub\" /reportPayloadExists \"1\" /requireActiveSession \"1\" /settingsDirectory \"C:\\\\Users\\\\a3789\\\\AppData\\\\Roaming\\\\Logishrd\\\\LogiOptions\" /skipElevated \"1\" /success \"0\" /uid \"f0f78b83240eccdda4e94973250e3e87\" /window \"131798\" /queryString \"hcd1=c52b\" /queryString \"hcd2=6b01b\" /queryString \"hcd3=6b01b\" ', 'LogonId': '0x6ba12a0f', 'TerminalSessionId': '2', 'Company': 'Logitech, Inc.', 'Hashes': 'MD5=77FC1594DEF82A60EEE7372454C455DE,SHA256=7806BB09DE86F34B46FC24276EE007549DE4B1C064264E229924E7739A3ED79F,IMPHASH=D97AD6338C8979A90F8E2A51471FA7FF', 'ParentProcessId': '22360', 'LogonGuid': '{1f725ed7-4242-61bc-0f2a-a16b00000000}', 'ProcessId': '39892', 'Product': 'Logitech Options Updater', 'OriginalFileName': 'Updater.exe', 'User': 'DESKTOP-T3V8EOP\\\\a3789', 'Description': 'Updater.exe (UNICODE)'}, 'provider_name': 'Microsoft-Windows-Sysmon', 'process': {'thread': {'id': 26096}, 'pid': 53848}}, 'event': {'kind': 'event', 'provider': 'Microsoft-Windows-Sysmon', 'timezone': '+08:00', 'created': '2021-12-20T14:19:24.426Z', 'code': '1'}, 'log': {'level': 'information'}}}, {'_index': 'winlogbeat', '_type': 'doc', '_id': '7c822H0BMs_nTerjHhhF', '_score': 1.0, '_source': {'@timestamp': '2021-12-20T14:19:23.080Z', 'ecs': {'version': '1.9.0'}, 'winlog': {'user': {'identifier': 'S-1-5-18', 'domain': 'NT AUTHORITY', 'name': 'SYSTEM', 'type': 'User'}, 'computer_name': 'DESKTOP-T3V8EOP', 'event_id': '13', 'record_id': 955, 'provider_name': 'Microsoft-Windows-Sysmon', 'api': 'wineventlog', 'process': {'pid': 53848, 'thread': {'id': 26096}}, 'channel': 'Microsoft-Windows-Sysmon/Operational', 'version': 2, 'provider_guid': '{5770385f-c22a-43e0-bf4c-06f5698ffbd9}', 'event_data': {'Image': 'C:\\\\WINDOWS\\\\system32\\\\svchost.exe', 'TargetObject': 'HKLM\\\\System\\\\CurrentControlSet\\\\Services\\\\BTHPORT\\\\Parameters\\\\Devices\\\\e97fcbec124e\\\\FriendlyName', 'Details': 'Binary Data', 'RuleName': 'Context,DeviceConnectedOrUpdated', 'EventType': 'SetValue', 'UtcTime': '2021-12-20 14:19:23.080', 'ProcessGuid': '{1f725ed7-296c-61ab-1d00-000000000d00}', 'ProcessId': '1796'}}, 'event': {'timezone': '+08:00', 'created': '2021-12-20T14:19:24.426Z', 'code': '13', 'kind': 'event', 'provider': 'Microsoft-Windows-Sysmon'}, 'log': {'level': 'information'}, 'host': {'mac': ['0a:00:27:00:00:10', '24:ee:9a:ff:17:da', '26:ee:9a:ff:17:d9', '24:ee:9a:ff:17:d9', '24:ee:9a:ff:17:dd'], 'hostname': 'DESKTOP-T3V8EOP', 'architecture': 'x86_64', 'os': {'version': '10.0', 'family': 'windows', 'name': 'Windows 10 Pro', 'kernel': '10.0.22000.318 (WinBuild.160101.0800)', 'build': '22000.318', 'type': 'windows', 'platform': 'windows'}, 'id': '1f725ed7-b14c-494d-9fc1-4bc3eeb0b29b', 'ip': ['fe80::1911:e65c:d649:9768', '192.168.56.1', 'fe80::24c3:baf3:3d58:f2af', '169.254.242.175', 'fe80::a832:f35:3de:862c', '169.254.134.44', 'fe80::d4a8:14f8:2744:a74a', '192.168.0.83', 'fe80::4d6b:1d3e:cee1:343d', '169.254.52.61'], 'name': 'DESKTOP-T3V8EOP'}, 'fields': {'endpoint_org3': 'T7-1639616151642', 'endpoint_project': 'df909038f4bcafd88f8d49c7f6ad5ccd', 'endpoint_email': 'a3789468739@gmail.com'}, 'agent': {'name': 'DESKTOP-T3V8EOP', 'type': 'winlogbeat', 'version': '7.13.2', 'hostname': 'DESKTOP-T3V8EOP', 'ephemeral_id': '41f4d791-f3b8-47ed-b193-c7151f023406', 'id': '621af60c-6ab1-4b77-803e-d523c7d8ec04'}}}, {'_index': 'winlogbeat', '_type': 'doc', '_id': '8M822H0BMs_nTerjHhhF', '_score': 1.0, '_source': {'@timestamp': '2021-12-20T14:19:23.675Z', 'ecs': {'version': '1.9.0'}, 'event': {'code': '22', 'timezone': '+08:00', 'kind': 'event', 'provider': 'Microsoft-Windows-Sysmon', 'created': '2021-12-20T14:19:24.426Z'}, 'log': {'level': 'information'}, 'host': {'name': 'DESKTOP-T3V8EOP', 'os': {'kernel': '10.0.22000.318 (WinBuild.160101.0800)', 'build': '22000.318', 'type': 'windows', 'platform': 'windows', 'version': '10.0', 'family': 'windows', 'name': 'Windows 10 Pro'}, 'id': '1f725ed7-b14c-494d-9fc1-4bc3eeb0b29b', 'ip': ['fe80::1911:e65c:d649:9768', '192.168.56.1', 'fe80::24c3:baf3:3d58:f2af', '169.254.242.175', 'fe80::a832:f35:3de:862c', '169.254.134.44', 'fe80::d4a8:14f8:2744:a74a', '192.168.0.83', 'fe80::4d6b:1d3e:cee1:343d', '169.254.52.61'], 'mac': ['0a:00:27:00:00:10', '24:ee:9a:ff:17:da', '26:ee:9a:ff:17:d9', '24:ee:9a:ff:17:d9', '24:ee:9a:ff:17:dd'], 'hostname': 'DESKTOP-T3V8EOP', 'architecture': 'x86_64'}, 'winlog': {'process': {'pid': 53848, 'thread': {'id': 34612}}, 'provider_guid': '{5770385f-c22a-43e0-bf4c-06f5698ffbd9}', 'api': 'wineventlog', 'channel': 'Microsoft-Windows-Sysmon/Operational', 'user': {'domain': 'NT AUTHORITY', 'name': 'SYSTEM', 'type': 'User', 'identifier': 'S-1-5-18'}, 'event_data': {'UtcTime': '2021-12-20 14:19:23.128', 'ProcessGuid': '{1f725ed7-90ea-61c0-ec2a-b28200000000}', 'ProcessId': '37196', 'QueryName': 'updates.logitech.com', 'QueryStatus': '0', 'QueryResults': '::ffff:52.35.59.213;', 'Image': 'C:\\\\ProgramData\\\\Logishrd\\\\LogiOptions\\\\Software\\\\Current\\\\updater.exe', 'RuleName': '-'}, 'event_id': '22', 'computer_name': 'DESKTOP-T3V8EOP', 'provider_name': 'Microsoft-Windows-Sysmon', 'record_id': 958, 'version': 5}, 'fields': {'endpoint_email': 'a3789468739@gmail.com', 'endpoint_org3': 'T7-1639616151642', 'endpoint_project': 'df909038f4bcafd88f8d49c7f6ad5ccd'}, 'agent': {'name': 'DESKTOP-T3V8EOP', 'type': 'winlogbeat', 'version': '7.13.2', 'hostname': 'DESKTOP-T3V8EOP', 'ephemeral_id': '41f4d791-f3b8-47ed-b193-c7151f023406', 'id': '621af60c-6ab1-4b77-803e-d523c7d8ec04'}}}, {'_index': 'winlogbeat', '_type': 'doc', '_id': '88822H0BMs_nTerjHhhF', '_score': 1.0, '_source': {'@timestamp': '2021-12-20T14:19:23.675Z', 'agent': {'version': '7.13.2', 'hostname': 'DESKTOP-T3V8EOP', 'ephemeral_id': '41f4d791-f3b8-47ed-b193-c7151f023406', 'id': '621af60c-6ab1-4b77-803e-d523c7d8ec04', 'name': 'DESKTOP-T3V8EOP', 'type': 'winlogbeat'}, 'ecs': {'version': '1.9.0'}, 'winlog': {'event_id': '22', 'computer_name': 'DESKTOP-T3V8EOP', 'process': {'pid': 53848, 'thread': {'id': 34612}}, 'api': 'wineventlog', 'channel': 'Microsoft-Windows-Sysmon/Operational', 'provider_name': 'Microsoft-Windows-Sysmon', 'user': {'identifier': 'S-1-5-18', 'domain': 'NT AUTHORITY', 'name': 'SYSTEM', 'type': 'User'}, 'event_data': {'QueryResults': '-', 'Image': 'C:\\\\Windows\\\\System32\\\\svchost.exe', 'RuleName': '-', 'UtcTime': '2021-12-20 14:19:23.326', 'ProcessGuid': '{1f725ed7-296c-61ab-2400-000000000d00}', 'ProcessId': '516', 'QueryName': '_ldap._tcp.dc._msdcs.cnshub.home.', 'QueryStatus': '9003'}, 'record_id': 961, 'provider_guid': '{5770385f-c22a-43e0-bf4c-06f5698ffbd9}', 'version': 5}, 'event': {'provider': 'Microsoft-Windows-Sysmon', 'created': '2021-12-20T14:19:24.426Z', 'code': '22', 'kind': 'event', 'timezone': '+08:00'}, 'log': {'level': 'information'}, 'host': {'name': 'DESKTOP-T3V8EOP', 'os': {'build': '22000.318', 'type': 'windows', 'platform': 'windows', 'version': '10.0', 'family': 'windows', 'name': 'Windows 10 Pro', 'kernel': '10.0.22000.318 (WinBuild.160101.0800)'}, 'id': '1f725ed7-b14c-494d-9fc1-4bc3eeb0b29b', 'ip': ['fe80::1911:e65c:d649:9768', '192.168.56.1', 'fe80::24c3:baf3:3d58:f2af', '169.254.242.175', 'fe80::a832:f35:3de:862c', '169.254.134.44', 'fe80::d4a8:14f8:2744:a74a', '192.168.0.83', 'fe80::4d6b:1d3e:cee1:343d', '169.254.52.61'], 'mac': ['0a:00:27:00:00:10', '24:ee:9a:ff:17:da', '26:ee:9a:ff:17:d9', '24:ee:9a:ff:17:d9', '24:ee:9a:ff:17:dd'], 'hostname': 'DESKTOP-T3V8EOP', 'architecture': 'x86_64'}, 'fields': {'endpoint_email': 'a3789468739@gmail.com', 'endpoint_org3': 'T7-1639616151642', 'endpoint_project': 'df909038f4bcafd88f8d49c7f6ad5ccd'}}}, {'_index': 'winlogbeat', '_type': 'doc', '_id': '9s822H0BMs_nTerjJhg0', '_score': 1.0, '_source': {'@timestamp': '2021-12-20T14:19:24.510Z', 'winlog': {'provider_name': 'Microsoft-Windows-Sysmon', 'record_id': 964, 'computer_name': 'DESKTOP-T3V8EOP', 'version': 5, 'channel': 'Microsoft-Windows-Sysmon/Operational', 'api': 'wineventlog', 'event_data': {'DestinationPort': '443', 'ProcessId': '56696', 'DestinationIp': '52.35.59.213', 'DestinationPortName': 'https', 'Image': 'C:\\\\ProgramData\\\\Logishrd\\\\LogiOptions\\\\Software\\\\Current\\\\updater.exe', 'SourceIsIpv6': 'false', 'UtcTime': '2021-12-20 14:19:23.317', 'DestinationHostname': 'ec2-52-35-59-213.us-west-2.compute.amazonaws.com', 'User': 'DESKTOP-T3V8EOP\\\\a3789', 'RuleName': '-', 'Initiated': 'true', 'SourceHostname': 'DESKTOP-T3V8EOP.cnshub.home', 'SourcePort': '4678', 'SourceIp': '192.168.0.83', 'SourcePortName': '-', 'DestinationIsIpv6': 'false', 'ProcessGuid': '{1f725ed7-90eb-61c0-442f-b28200000000}', 'Protocol': 'tcp'}, 'process': {'pid': 53848, 'thread': {'id': 17608}}, 'provider_guid': '{5770385f-c22a-43e0-bf4c-06f5698ffbd9}', 'event_id': '3', 'user': {'type': 'User', 'identifier': 'S-1-5-18', 'domain': 'NT AUTHORITY', 'name': 'SYSTEM'}}, 'event': {'created': '2021-12-20T14:19:26.468Z', 'code': '3', 'kind': 'event', 'provider': 'Microsoft-Windows-Sysmon', 'timezone': '+08:00'}, 'log': {'level': 'information'}, 'host': {'architecture': 'x86_64', 'os': {'family': 'windows', 'name': 'Windows 10 Pro', 'kernel': '10.0.22000.318 (WinBuild.160101.0800)', 'build': '22000.318', 'type': 'windows', 'platform': 'windows', 'version': '10.0'}, 'id': '1f725ed7-b14c-494d-9fc1-4bc3eeb0b29b', 'name': 'DESKTOP-T3V8EOP', 'ip': ['fe80::1911:e65c:d649:9768', '192.168.56.1', 'fe80::24c3:baf3:3d58:f2af', '169.254.242.175', 'fe80::a832:f35:3de:862c', '169.254.134.44', 'fe80::d4a8:14f8:2744:a74a', '192.168.0.83', 'fe80::4d6b:1d3e:cee1:343d', '169.254.52.61'], 'mac': ['0a:00:27:00:00:10', '24:ee:9a:ff:17:da', '26:ee:9a:ff:17:d9', '24:ee:9a:ff:17:d9', '24:ee:9a:ff:17:dd'], 'hostname': 'DESKTOP-T3V8EOP'}, 'fields': {'endpoint_email': 'a3789468739@gmail.com', 'endpoint_org3': 'T7-1639616151642', 'endpoint_project': 'df909038f4bcafd88f8d49c7f6ad5ccd'}, 'ecs': {'version': '1.9.0'}, 'agent': {'hostname': 'DESKTOP-T3V8EOP', 'ephemeral_id': '41f4d791-f3b8-47ed-b193-c7151f023406', 'id': '621af60c-6ab1-4b77-803e-d523c7d8ec04', 'name': 'DESKTOP-T3V8EOP', 'type': 'winlogbeat', 'version': '7.13.2'}}}, {'_index': 'winlogbeat', '_type': 'doc', '_id': '_s822H0BMs_nTerjJhg0', '_score': 1.0, '_source': {'@timestamp': '2021-12-20T14:19:25.038Z', 'event': {'kind': 'event', 'provider': 'Microsoft-Windows-Sysmon', 'timezone': '+08:00', 'created': '2021-12-20T14:19:26.469Z', 'code': '3'}, 'log': {'level': 'information'}, 'fields': {'endpoint_email': 'a3789468739@gmail.com', 'endpoint_org3': 'T7-1639616151642', 'endpoint_project': 'df909038f4bcafd88f8d49c7f6ad5ccd'}, 'agent': {'version': '7.13.2', 'hostname': 'DESKTOP-T3V8EOP', 'ephemeral_id': '41f4d791-f3b8-47ed-b193-c7151f023406', 'id': '621af60c-6ab1-4b77-803e-d523c7d8ec04', 'name': 'DESKTOP-T3V8EOP', 'type': 'winlogbeat'}, 'ecs': {'version': '1.9.0'}, 'host': {'architecture': 'x86_64', 'os': {'version': '10.0', 'family': 'windows', 'name': 'Windows 10 Pro', 'kernel': '10.0.22000.318 (WinBuild.160101.0800)', 'build': '22000.318', 'type': 'windows', 'platform': 'windows'}, 'id': '1f725ed7-b14c-494d-9fc1-4bc3eeb0b29b', 'name': 'DESKTOP-T3V8EOP', 'ip': ['fe80::1911:e65c:d649:9768', '192.168.56.1', 'fe80::24c3:baf3:3d58:f2af', '169.254.242.175', 'fe80::a832:f35:3de:862c', '169.254.134.44', 'fe80::d4a8:14f8:2744:a74a', '192.168.0.83', 'fe80::4d6b:1d3e:cee1:343d', '169.254.52.61'], 'mac': ['0a:00:27:00:00:10', '24:ee:9a:ff:17:da', '26:ee:9a:ff:17:d9', '24:ee:9a:ff:17:d9', '24:ee:9a:ff:17:dd'], 'hostname': 'DESKTOP-T3V8EOP'}, 'winlog': {'process': {'pid': 53848, 'thread': {'id': 17608}}, 'event_id': '3', 'version': 5, 'event_data': {'User': 'DESKTOP-T3V8EOP\\\\a3789', 'SourcePort': '4685', 'RuleName': '-', 'DestinationIp': '99.84.232.40', 'SourceHostname': 'DESKTOP-T3V8EOP.cnshub.home', 'DestinationIsIpv6': 'false', 'DestinationPortName': 'https', 'SourceIsIpv6': 'false', 'DestinationPort': '443', 'DestinationHostname': '-', 'ProcessId': '18736', 'Image': 'C:\\\\ProgramData\\\\Logishrd\\\\LogiOptions\\\\Software\\\\Current\\\\updater.exe', 'SourceIp': '192.168.0.83', 'SourcePortName': '-', 'Protocol': 'tcp', 'Initiated': 'true', 'UtcTime': '2021-12-20 14:19:24.028', 'ProcessGuid': '{1f725ed7-90eb-61c0-4e37-b28200000000}'}, 'computer_name': 'DESKTOP-T3V8EOP', 'api': 'wineventlog', 'record_id': 972, 'channel': 'Microsoft-Windows-Sysmon/Operational', 'provider_name': 'Microsoft-Windows-Sysmon', 'provider_guid': '{5770385f-c22a-43e0-bf4c-06f5698ffbd9}', 'user': {'domain': 'NT AUTHORITY', 'name': 'SYSTEM', 'type': 'User', 'identifier': 'S-1-5-18'}}}}, {'_index': 'winlogbeat', '_type': 'doc', '_id': 'KM862H0BMs_nTerjExms', '_score': 1.0, '_source': {'@timestamp': '2021-12-20T14:23:41.458Z', 'agent': {'id': 'bacf81f0-932a-4bf6-8615-09b8fbf307ac', 'name': 'LAPTOP-O5NUGDHI', 'type': 'winlogbeat', 'version': '7.13.2', 'hostname': 'LAPTOP-O5NUGDHI', 'ephemeral_id': '15a65e24-2d8b-4182-ba26-0ab8c6e22ccc'}, 'winlog': {'user': {'identifier': 'S-1-5-18', 'domain': 'NT AUTHORITY', 'name': 'SYSTEM', 'type': 'User'}, 'provider_name': 'Microsoft-Windows-Sysmon', 'version': 5, 'process': {'thread': {'id': 33332}, 'pid': 25104}, 'api': 'wineventlog', 'channel': 'Microsoft-Windows-Sysmon/Operational', 'task': 'Process Create (rule: ProcessCreate)', 'opcode': '資訊', 'event_id': '1', 'event_data': {'ParentCommandLine': 'C:\\\\WINDOWS\\\\system32\\\\svchost.exe -k netsvcs -p -s Schedule', 'LogonId': '0x3e7', 'TerminalSessionId': '0', 'LogonGuid': '{e36c1727-c51c-6193-e703-000000000000}', 'ProcessGuid': '{e36c1727-91ed-61c0-07bc-ae5e00000000}', 'OriginalFileName': 'taskhostw.exe', 'CurrentDirectory': 'C:\\\\WINDOWS\\\\system32\\\\', 'UtcTime': '2021-12-20 14:23:41.456', 'Hashes': 'MD5=564E4806AB18F93B93D551CD10C1598E,SHA256=0322728DBCE3A577C4A13B907AD7375D27E74880B63F7371384F67D19197A0AD,IMPHASH=3A0C6863CDE566AF997DB2DEFFF9D924', 'IntegrityLevel': 'System', 'ParentProcessId': '2200', 'CommandLine': 'taskhostw.exe', 'Description': 'Host Process for Windows Tasks', 'ParentProcessGuid': '{e36c1727-c51d-6193-2b00-000000002d00}', 'ParentImage': 'C:\\\\Windows\\\\System32\\\\svchost.exe', 'Company': 'Microsoft Corporation', 'ProcessId': '24912', 'FileVersion': '10.0.19041.906 (WinBuild.160101.0800)', 'Product': 'Microsoft® Windows® Operating System', 'RuleName': '-', 'Image': 'C:\\\\Windows\\\\System32\\\\taskhostw.exe', 'User': 'NT AUTHORITY\\\\SYSTEM'}, 'record_id': 796, 'computer_name': 'LAPTOP-O5NUGDHI', 'provider_guid': '{5770385f-c22a-43e0-bf4c-06f5698ffbd9}'}, 'event': {'timezone': '+08:00', 'code': '1', 'kind': 'event', 'provider': 'Microsoft-Windows-Sysmon', 'action': 'Process Create (rule: ProcessCreate)', 'created': '2021-12-20T14:23:43.389Z'}, 'log': {'level': '資訊'}, 'message': 'Process Create:\\nRuleName: -\\nUtcTime: 2021-12-20 14:23:41.456\\nProcessGuid: {e36c1727-91ed-61c0-07bc-ae5e00000000}\\nProcessId: 24912\\nImage: C:\\\\Windows\\\\System32\\\\taskhostw.exe\\nFileVersion: 10.0.19041.906 (WinBuild.160101.0800)\\nDescription: Host Process for Windows Tasks\\nProduct: Microsoft® Windows® Operating System\\nCompany: Microsoft Corporation\\nOriginalFileName: taskhostw.exe\\nCommandLine: taskhostw.exe\\nCurrentDirectory: C:\\\\WINDOWS\\\\system32\\\\\\nUser: NT AUTHORITY\\\\SYSTEM\\nLogonGuid: {e36c1727-c51c-6193-e703-000000000000}\\nLogonId: 0x3E7\\nTerminalSessionId: 0\\nIntegrityLevel: System\\nHashes: MD5=564E4806AB18F93B93D551CD10C1598E,SHA256=0322728DBCE3A577C4A13B907AD7375D27E74880B63F7371384F67D19197A0AD,IMPHASH=3A0C6863CDE566AF997DB2DEFFF9D924\\nParentProcessGuid: {e36c1727-c51d-6193-2b00-000000002d00}\\nParentProcessId: 2200\\nParentImage: C:\\\\Windows\\\\System32\\\\svchost.exe\\nParentCommandLine: C:\\\\WINDOWS\\\\system32\\\\svchost.exe -k netsvcs -p -s Schedule', 'host': {'hostname': 'LAPTOP-O5NUGDHI', 'name': 'LAPTOP-O5NUGDHI', 'architecture': 'x86_64', 'os': {'version': '10.0', 'family': 'windows', 'name': 'Windows 10 Home', 'kernel': '10.0.19041.1348 (WinBuild.160101.0800)', 'build': '19042.1348', 'type': 'windows', 'platform': 'windows'}, 'id': 'e36c1727-1de3-433d-994a-ca48c783f851', 'ip': ['fe80::58e1:a727:458c:c8be', '169.254.200.190', 'fe80::4de3:b7e9:d153:1f26', '192.168.56.1', 'fe80::8927:63d8:812f:a641', '169.254.166.65', 'fe80::84a4:848d:cec2:84a', '192.168.137.1', 'fe80::e9ed:ddfa:f064:e416', '192.168.33.13'], 'mac': ['5e:2c:79:6a:7a:52', '0a:00:27:00:00:10', 'd2:c5:d3:c3:02:75', 'f2:c5:d3:c3:02:75', 'd0:c5:d3:c3:02:75']}, 'fields': {'endpoint_project': 'df909038f4bcafd88f8d49c7f6ad5ccd', 'endpoint_email': 't108ab0706@ntut.org.tw', 'endpoint_org3': 'T7-1639616151642'}, 'ecs': {'version': '1.9.0'}}}, {'_index': 'winlogbeat', '_type': 'doc', '_id': 'Mc862H0BMs_nTerjExms', '_score': 1.0, '_source': {'@timestamp': '2021-12-20T14:23:41.696Z', 'fields': {'endpoint_org3': 'T7-1639616151642', 'endpoint_project': 'df909038f4bcafd88f8d49c7f6ad5ccd', 'endpoint_email': 't108ab0706@ntut.org.tw'}, 'ecs': {'version': '1.9.0'}, 'agent': {'id': 'bacf81f0-932a-4bf6-8615-09b8fbf307ac', 'name': 'LAPTOP-O5NUGDHI', 'type': 'winlogbeat', 'version': '7.13.2', 'hostname': 'LAPTOP-O5NUGDHI', 'ephemeral_id': '15a65e24-2d8b-4182-ba26-0ab8c6e22ccc'}, 'event': {'kind': 'event', 'provider': 'Microsoft-Windows-Sysmon', 'action': 'File created (rule: FileCreate)', 'created': '2021-12-20T14:23:43.389Z', 'timezone': '+08:00', 'code': '11'}, 'log': {'level': '資訊'}, 'message': 'File created:\\nRuleName: DLL\\nUtcTime: 2021-12-20 14:23:41.688\\nProcessGuid: {e36c1727-0664-619a-fa29-000000002d00}\\nProcessId: 12692\\nImage: C:\\\\Windows\\\\System32\\\\mousocoreworker.exe\\nTargetFilename: C:\\\\Windows\\\\SoftwareDistribution\\\\Download\\\\b94c65d4717c965ecae18144a74af06a\\\\Metadata\\\\UAOneSettings.dll\\nCreationUtcTime: 2021-12-08 11:56:32.000', 'host': {'hostname': 'LAPTOP-O5NUGDHI', 'architecture': 'x86_64', 'os': {'family': 'windows', 'name': 'Windows 10 Home', 'kernel': '10.0.19041.1348 (WinBuild.160101.0800)', 'build': '19042.1348', 'type': 'windows', 'platform': 'windows', 'version': '10.0'}, 'id': 'e36c1727-1de3-433d-994a-ca48c783f851', 'name': 'LAPTOP-O5NUGDHI', 'ip': ['fe80::58e1:a727:458c:c8be', '169.254.200.190', 'fe80::4de3:b7e9:d153:1f26', '192.168.56.1', 'fe80::8927:63d8:812f:a641', '169.254.166.65', 'fe80::84a4:848d:cec2:84a', '192.168.137.1', 'fe80::e9ed:ddfa:f064:e416', '192.168.33.13'], 'mac': ['5e:2c:79:6a:7a:52', '0a:00:27:00:00:10', 'd2:c5:d3:c3:02:75', 'f2:c5:d3:c3:02:75', 'd0:c5:d3:c3:02:75']}, 'winlog': {'record_id': 805, 'user': {'identifier': 'S-1-5-18', 'domain': 'NT AUTHORITY', 'name': 'SYSTEM', 'type': 'User'}, 'task': 'File created (rule: FileCreate)', 'event_data': {'UtcTime': '2021-12-20 14:23:41.688', 'ProcessGuid': '{e36c1727-0664-619a-fa29-000000002d00}', 'ProcessId': '12692', 'Image': 'C:\\\\Windows\\\\System32\\\\mousocoreworker.exe', 'TargetFilename': 'C:\\\\Windows\\\\SoftwareDistribution\\\\Download\\\\b94c65d4717c965ecae18144a74af06a\\\\Metadata\\\\UAOneSettings.dll', 'CreationUtcTime': '2021-12-08 11:56:32.000', 'RuleName': 'DLL'}, 'api': 'wineventlog', 'opcode': '資訊', 'provider_guid': '{5770385f-c22a-43e0-bf4c-06f5698ffbd9}', 'version': 2, 'channel': 'Microsoft-Windows-Sysmon/Operational', 'computer_name': 'LAPTOP-O5NUGDHI', 'process': {'pid': 25104, 'thread': {'id': 33332}}, 'event_id': '11', 'provider_name': 'Microsoft-Windows-Sysmon'}}}, 