{'_index': 'winlogbeat', '_type': 'doc', '_id': 'MM0L2H0BMs_nTerjF8hs', '_score': 1.0, '_source': {'@timestamp': '2021-12-20T13:32:23.010Z', 'log': {'level': 'information'}, 'host': {'ip': ['fe80::1911:e65c:d649:9768', '192.168.56.1', 'fe80::24c3:baf3:3d58:f2af', '169.254.242.175', 'fe80::a832:f35:3de:862c', '169.254.134.44', 'fe80::d4a8:14f8:2744:a74a', '192.168.0.83', 'fe80::4d6b:1d3e:cee1:343d', '169.254.52.61'], 'mac': ['0a:00:27:00:00:10', '24:ee:9a:ff:17:da', '26:ee:9a:ff:17:d9', '24:ee:9a:ff:17:d9', '24:ee:9a:ff:17:dd'], 'hostname': 'DESKTOP-T3V8EOP', 'architecture': 'x86_64', 'os': {'build': '22000.318', 'type': 'windows', 'platform': 'windows', 'version': '10.0', 'family': 'windows', 'name': 'Windows 10 Pro', 'kernel': '10.0.22000.318 (WinBuild.160101.0800)'}, 'id': '1f725ed7-b14c-494d-9fc1-4bc3eeb0b29b', 'name': 'DESKTOP-T3V8EOP'}, 'fields': {'endpoint_email': 'a3789468739@gmail.com', 'endpoint_org3': 'T7-1639616151642', 'endpoint_project': 'df909038f4bcafd88f8d49c7f6ad5ccd'}, 'ecs': {'version': '1.9.0'}, 'agent': {'ephemeral_id': '41f4d791-f3b8-47ed-b193-c7151f023406', 'id': '621af60c-6ab1-4b77-803e-d523c7d8ec04', 'name': 'DESKTOP-T3V8EOP', 'type': 'winlogbeat', 'version': '7.13.2', 'hostname': 'DESKTOP-T3V8EOP'}, 'winlog': {'event_id': '1', 'record_id': 768, 'api': 'wineventlog', 'version': 5, 'channel': 'Microsoft-Windows-Sysmon/Operational', 'computer_name': 'DESKTOP-T3V8EOP', 'user': {'identifier': 'S-1-5-18', 'domain': 'NT AUTHORITY', 'name': 'SYSTEM', 'type': 'User'}, 'provider_name': 'Microsoft-Windows-Sysmon', 'provider_guid': '{5770385f-c22a-43e0-bf4c-06f5698ffbd9}', 'event_data': {'RuleName': '-', 'CommandLine': 'RAPS.exe -u', 'Hashes': 'MD5=F70A23758DA94B90A01CC791ACC7F385,SHA256=EEBCC0C6FD9A7BF70BA3028DAEA19C450FCC698169C2E5B03F6BEF9D4BBA1A6F,IMPHASH=935B686812E8D4246E2278AF50AA30FB', 'IntegrityLevel': 'Medium', 'ParentProcessGuid': '{1f725ed7-296e-61ab-8f00-000000000d00}', 'Product': 'RivetAPS', 'ParentImage': 'C:\\\\Program Files\\\\Rivet Networks\\\\SmartByte\\\\RAPS.exe', 'TerminalSessionId': '2', 'ProcessGuid': '{1f725ed7-85e7-61c0-7d90-1b8200000000}', 'Image': 'C:\\\\Program Files\\\\Rivet Networks\\\\SmartByte\\\\RAPS.exe', 'CurrentDirectory': 'C:\\\\Program Files\\\\Rivet Networks\\\\SmartByte\\\\', 'User': 'DESKTOP-T3V8EOP\\\\a3789', 'ProcessId': '54072', 'ParentProcessId': '5312', 'Company': 'Rivet Networks LLC', 'OriginalFileName': 'RAPS.exe', 'Description': 'RivetAPS', 'ParentCommandLine': '\"RAPS.exe\"', 'UtcTime': '2021-12-20 13:32:23.008', 'FileVersion': '3.1.995.0', 'LogonGuid': '{1f725ed7-4242-61bc-0f2a-a16b00000000}', 'LogonId': '0x6ba12a0f'}, 'process': {'pid': 53848, 'thread': {'id': 26096}}}, 'event': {'provider': 'Microsoft-Windows-Sysmon', 'created': '2021-12-20T13:32:24.666Z', 'code': '1', 'kind': 'event', 'timezone': '+08:00'}}}, {'_index': 'winlogbeat', '_type': 'doc', '_id': 'qc0S2H0BMs_nTerjttH5', '_score': 1.0, '_source': {'@timestamp': '2021-12-20T13:40:43.086Z', 'log': {'level': 'information'}, 'host': {'hostname': 'DESKTOP-T3V8EOP', 'name': 'DESKTOP-T3V8EOP', 'architecture': 'x86_64', 'os': {'type': 'windows', 'platform': 'windows', 'version': '10.0', 'family': 'windows', 'name': 'Windows 10 Pro', 'kernel': '10.0.22000.318 (WinBuild.160101.0800)', 'build': '22000.318'}, 'id': '1f725ed7-b14c-494d-9fc1-4bc3eeb0b29b', 'ip': ['fe80::1911:e65c:d649:9768', '192.168.56.1', 'fe80::24c3:baf3:3d58:f2af', '169.254.242.175', 'fe80::a832:f35:3de:862c', '169.254.134.44', 'fe80::d4a8:14f8:2744:a74a', '192.168.0.83', 'fe80::4d6b:1d3e:cee1:343d', '169.254.52.61'], 'mac': ['0a:00:27:00:00:10', '24:ee:9a:ff:17:da', '26:ee:9a:ff:17:d9', '24:ee:9a:ff:17:d9', '24:ee:9a:ff:17:dd']}, 'fields': {'endpoint_project': 'df909038f4bcafd88f8d49c7f6ad5ccd', 'endpoint_email': 'a3789468739@gmail.com', 'endpoint_org3': 'T7-1639616151642'}, 'ecs': {'version': '1.9.0'}, 'agent': {'version': '7.13.2', 'hostname': 'DESKTOP-T3V8EOP', 'ephemeral_id': '41f4d791-f3b8-47ed-b193-c7151f023406', 'id': '621af60c-6ab1-4b77-803e-d523c7d8ec04', 'name': 'DESKTOP-T3V8EOP', 'type': 'winlogbeat'}, 'winlog': {'event_data': {'SourceIsIpv6': 'false', 'ProcessGuid': '{1f725ed7-4264-61bc-2ab1-000000000d00}', 'User': 'DESKTOP-T3V8EOP\\\\a3789', 'UtcTime': '2021-12-20 13:40:40.755', 'Image': 'C:\\\\Users\\\\a3789\\\\AppData\\\\Local\\\\Microsoft\\\\OneDrive\\\\OneDrive.exe', 'ProcessId': '53016', 'DestinationHostname': '-', 'Initiated': 'true', 'RuleName': 'Usermode', 'SourceIp': '192.168.0.83', 'DestinationPort': '443', 'Protocol': 'tcp', 'DestinationIsIpv6': 'false', 'SourceHostname': 'DESKTOP-T3V8EOP.cnshub.home', 'DestinationPortName': 'https', 'DestinationIp': '20.42.73.24', 'SourcePortName': '-', 'SourcePort': '4473'}, 'record_id': 803, 'version': 5, 'api': 'wineventlog', 'process': {'pid': 53848, 'thread': {'id': 17608}}, 'channel': 'Microsoft-Windows-Sysmon/Operational', 'event_id': '3', 'computer_name': 'DESKTOP-T3V8EOP', 'provider_guid': '{5770385f-c22a-43e0-bf4c-06f5698ffbd9}', 'user': {'domain': 'NT AUTHORITY', 'name': 'SYSTEM', 'type': 'User', 'identifier': 'S-1-5-18'}, 'provider_name': 'Microsoft-Windows-Sysmon'}, 'event': {'kind': 'event', 'provider': 'Microsoft-Windows-Sysmon', 'timezone': '+08:00', 'created': '2021-12-20T13:40:44.264Z', 'code': '3'}}}, {'_index': 'winlogbeat', '_type': 'doc', '_id': 'm80R2H0BMs_nTerjZcjh', '_score': 1.0, '_source': {'@timestamp': '2021-12-20T13:39:16.140Z', 'host': {'hostname': 'LAPTOP-O5NUGDHI', 'name': 'LAPTOP-O5NUGDHI', 'architecture': 'x86_64', 'os': {'family': 'windows', 'name': 'Windows 10 Home', 'kernel': '10.0.19041.1348 (WinBuild.160101.0800)', 'build': '19042.1348', 'type': 'windows', 'platform': 'windows', 'version': '10.0'}, 'id': 'e36c1727-1de3-433d-994a-ca48c783f851', 'ip': ['fe80::58e1:a727:458c:c8be', '169.254.200.190', 'fe80::4de3:b7e9:d153:1f26', '192.168.56.1', 'fe80::8927:63d8:812f:a641', '169.254.166.65', 'fe80::84a4:848d:cec2:84a', '192.168.137.1', 'fe80::e9ed:ddfa:f064:e416', '192.168.33.13'], 'mac': ['5e:2c:79:6a:7a:52', '0a:00:27:00:00:10', 'd2:c5:d3:c3:02:75', 'f2:c5:d3:c3:02:75', 'd0:c5:d3:c3:02:75']}, 'fields': {'endpoint_org3': 'T7-1639616151642', 'endpoint_project': 'df909038f4bcafd88f8d49c7f6ad5ccd', 'endpoint_email': 't108ab0706@ntut.org.tw'}, 'ecs': {'version': '1.9.0'}, 'agent': {'version': '7.13.2', 'hostname': 'LAPTOP-O5NUGDHI', 'ephemeral_id': '15a65e24-2d8b-4182-ba26-0ab8c6e22ccc', 'id': 'bacf81f0-932a-4bf6-8615-09b8fbf307ac', 'name': 'LAPTOP-O5NUGDHI', 'type': 'winlogbeat'}, 'winlog': {'task': 'Dns query (rule: DnsQuery)', 'user': {'type': 'User', 'identifier': 'S-1-5-18', 'domain': 'NT AUTHORITY', 'name': 'SYSTEM'}, 'provider_name': 'Microsoft-Windows-Sysmon', 'event_id': '22', 'record_id': 619, 'opcode': '資訊', 'channel': 'Microsoft-Windows-Sysmon/Operational', 'api': 'wineventlog', 'version': 5, 'event_data': {'ProcessGuid': '{e36c1727-8780-61c0-e9dd-845e00000000}', 'ProcessId': '14996', 'QueryName': 'cloud.bluestacks.com', 'QueryStatus': '0', 'QueryResults': 'type:  5 ghs.google.com;::ffff:172.217.163.51;', 'Image': '<unknown process>', 'RuleName': '-', 'UtcTime': '2021-12-20 13:27:48.545'}, 'provider_guid': '{5770385f-c22a-43e0-bf4c-06f5698ffbd9}', 'computer_name': 'LAPTOP-O5NUGDHI', 'process': {'pid': 25104, 'thread': {'id': 17188}}}, 'event': {'code': '22', 'kind': 'event', 'provider': 'Microsoft-Windows-Sysmon', 'action': 'Dns query (rule: DnsQuery)', 'created': '2021-12-20T13:39:17.541Z', 'timezone': '+08:00'}, 'log': {'level': '資訊'}, 'message': 'Dns query:\\nRuleName: -\\nUtcTime: 2021-12-20 13:27:48.545\\nProcessGuid: {e36c1727-8780-61c0-e9dd-845e00000000}\\nProcessId: 14996\\nQueryName: cloud.bluestacks.com\\nQueryStatus: 0\\nQueryResults: type:  5 ghs.google.com;::ffff:172.217.163.51;\\nImage: <unknown process>'}}, {'_index': 'winlogbeat', '_type': 'doc', '_id': 'bc0P2H0BMs_nTerjusiQ', '_score': 1.0, '_source': {'@timestamp': '2021-12-20T13:37:26.828Z', 'ecs': {'version': '1.9.0'}, 'winlog': {'provider_name': 'Microsoft-Windows-Sysmon', 'record_id': 782, 'process': {'pid': 53848, 'thread': {'id': 34612}}, 'event_id': '22', 'user': {'identifier': 'S-1-5-18', 'domain': 'NT AUTHORITY', 'name': 'SYSTEM', 'type': 'User'}, 'event_data': {'QueryResults': '-', 'Image': 'C:\\\\Program Files (x86)\\\\Microsoft\\\\EdgeWebView\\\\Application\\\\96.0.1054.57\\\\msedgewebview2.exe', 'RuleName': '-', 'UtcTime': '2021-12-20 13:37:24.824', 'ProcessGuid': '{1f725ed7-f1a4-61bd-93be-000000000d00}', 'ProcessId': '8660', 'QueryName': 'wpad', 'QueryStatus': '9003'}, 'channel': 'Microsoft-Windows-Sysmon/Operational', 'computer_name': 'DESKTOP-T3V8EOP', 'provider_guid': '{5770385f-c22a-43e0-bf4c-06f5698ffbd9}', 'version': 5, 'api': 'wineventlog'}, 'event': {'provider': 'Microsoft-Windows-Sysmon', 'created': '2021-12-20T13:37:28.571Z', 'code': '22', 'kind': 'event', 'timezone': '+08:00'}, 'log': {'level': 'information'}, 'host': {'id': '1f725ed7-b14c-494d-9fc1-4bc3eeb0b29b', 'ip': ['fe80::1911:e65c:d649:9768', '192.168.56.1', 'fe80::24c3:baf3:3d58:f2af', '169.254.242.175', 'fe80::a832:f35:3de:862c', '169.254.134.44', 'fe80::d4a8:14f8:2744:a74a', '192.168.0.83', 'fe80::4d6b:1d3e:cee1:343d', '169.254.52.61'], 'mac': ['0a:00:27:00:00:10', '24:ee:9a:ff:17:da', '26:ee:9a:ff:17:d9', '24:ee:9a:ff:17:d9', '24:ee:9a:ff:17:dd'], 'hostname': 'DESKTOP-T3V8EOP', 'architecture': 'x86_64', 'name': 'DESKTOP-T3V8EOP', 'os': {'platform': 'windows', 'version': '10.0', 'family': 'windows', 'name': 'Windows 10 Pro', 'kernel': '10.0.22000.318 (WinBuild.160101.0800)', 'build': '22000.318', 'type': 'windows'}}, 'fields': {'endpoint_email': 'a3789468739@gmail.com', 'endpoint_org3': 'T7-1639616151642', 'endpoint_project': 'df909038f4bcafd88f8d49c7f6ad5ccd'}, 'agent': {'version': '7.13.2', 'hostname': 'DESKTOP-T3V8EOP', 'ephemeral_id': '41f4d791-f3b8-47ed-b193-c7151f023406', 'id': '621af60c-6ab1-4b77-803e-d523c7d8ec04', 'name': 'DESKTOP-T3V8EOP', 'type': 'winlogbeat'}}}, {'_index': 'winlogbeat', '_type': 'doc', '_id': 'bs0a2H0BMs_nTerjVNnM', '_score': 1.0, '_source': {'@timestamp': '2021-12-20T13:49:01.838Z', 'log': {'level': '資訊'}, 'fields': {'endpoint_project': 'df909038f4bcafd88f8d49c7f6ad5ccd', 'endpoint_email': 't108ab0706@ntut.org.tw', 'endpoint_org3': 'T7-1639616151642'}, 'ecs': {'version': '1.9.0'}, 'agent': {'name': 'LAPTOP-O5NUGDHI', 'type': 'winlogbeat', 'version': '7.13.2', 'hostname': 'LAPTOP-O5NUGDHI', 'ephemeral_id': '15a65e24-2d8b-4182-ba26-0ab8c6e22ccc', 'id': 'bacf81f0-932a-4bf6-8615-09b8fbf307ac'}, 'message': 'Process Create:\\nRuleName: -\\nUtcTime: 2021-12-20 13:49:01.836\\nProcessGuid: {e36c1727-89cd-61c0-1feb-8e5e00000000}\\nProcessId: 21988\\nImage: C:\\\\Program Files (x86)\\\\epson\\\\escndv\\\\update\\\\e_dtsksd.exe\\nFileVersion: 1.3.0.0\\nDescription: E_DTSKSD.EXE\\nProduct: E_DTSKSD.EXE\\nCompany: SEIKO EPSON CORPORATION\\nOriginalFileName: E_DTSKSD.EXE\\nCommandLine: \"C:\\\\Program Files (x86)\\\\epson\\\\escndv\\\\update\\\\e_dtsksd.exe\" /EXE_S:\"EPSON Perfection V39\",\"ES010D.DAT\" /F:\"Update\"\\nCurrentDirectory: C:\\\\WINDOWS\\\\system32\\\\\\nUser: NT AUTHORITY\\\\SYSTEM\\nLogonGuid: {e36c1727-c51c-6193-e703-000000000000}\\nLogonId: 0x3E7\\nTerminalSessionId: 0\\nIntegrityLevel: System\\nHashes: MD5=26502493132A7924466D091C540584F0,SHA256=2E10CAA2B649410B9C8041D35F92B1E5AEF538853A7AB7DB3438EFFBE042836F,IMPHASH=F0CE7A2D69D890EC4F0BCA8390DB11A8\\nParentProcessGuid: {e36c1727-c51d-6193-2b00-000000002d00}\\nParentProcessId: 2200\\nParentImage: C:\\\\Windows\\\\System32\\\\svchost.exe\\nParentCommandLine: C:\\\\WINDOWS\\\\system32\\\\svchost.exe -k netsvcs -p -s Schedule', 'host': {'os': {'version': '10.0', 'family': 'windows', 'name': 'Windows 10 Home', 'kernel': '10.0.19041.1348 (WinBuild.160101.0800)', 'build': '19042.1348', 'type': 'windows', 'platform': 'windows'}, 'id': 'e36c1727-1de3-433d-994a-ca48c783f851', 'ip': ['fe80::58e1:a727:458c:c8be', '169.254.200.190', 'fe80::4de3:b7e9:d153:1f26', '192.168.56.1', 'fe80::8927:63d8:812f:a641', '169.254.166.65', 'fe80::84a4:848d:cec2:84a', '192.168.137.1', 'fe80::e9ed:ddfa:f064:e416', '192.168.33.13'], 'mac': ['5e:2c:79:6a:7a:52', '0a:00:27:00:00:10', 'd2:c5:d3:c3:02:75', 'f2:c5:d3:c3:02:75', 'd0:c5:d3:c3:02:75'], 'hostname': 'LAPTOP-O5NUGDHI', 'architecture': 'x86_64', 'name': 'LAPTOP-O5NUGDHI'}, 'winlog': {'channel': 'Microsoft-Windows-Sysmon/Operational', 'task': 'Process Create (rule: ProcessCreate)', 'opcode': '資訊', 'provider_guid': '{5770385f-c22a-43e0-bf4c-06f5698ffbd9}', 'process': {'pid': 25104, 'thread': {'id': 33332}}, 'record_id': 650, 'api': 'wineventlog', 'event_data': {'LogonId': '0x3e7', 'ParentCommandLine': 'C:\\\\WINDOWS\\\\system32\\\\svchost.exe -k netsvcs -p -s Schedule', 'LogonGuid': '{e36c1727-c51c-6193-e703-000000000000}', 'CurrentDirectory': 'C:\\\\WINDOWS\\\\system32\\\\', 'Company': 'SEIKO EPSON CORPORATION', 'Image': 'C:\\\\Program Files (x86)\\\\epson\\\\escndv\\\\update\\\\e_dtsksd.exe', 'ProcessId': '21988', 'IntegrityLevel': 'System', 'ParentImage': 'C:\\\\Windows\\\\System32\\\\svchost.exe', 'Hashes': 'MD5=26502493132A7924466D091C540584F0,SHA256=2E10CAA2B649410B9C8041D35F92B1E5AEF538853A7AB7DB3438EFFBE042836F,IMPHASH=F0CE7A2D69D890EC4F0BCA8390DB11A8', 'UtcTime': '2021-12-20 13:49:01.836', 'FileVersion': '1.3.0.0', 'Product': 'E_DTSKSD.EXE', 'User': 'NT AUTHORITY\\\\SYSTEM', 'TerminalSessionId': '0', 'CommandLine': '\"C:\\\\Program Files (x86)\\\\epson\\\\escndv\\\\update\\\\e_dtsksd.exe\" /EXE_S:\"EPSON Perfection V39\",\"ES010D.DAT\" /F:\"Update\"', 'OriginalFileName': 'E_DTSKSD.EXE', 'ParentProcessGuid': '{e36c1727-c51d-6193-2b00-000000002d00}', 'ParentProcessId': '2200', 'ProcessGuid': '{e36c1727-89cd-61c0-1feb-8e5e00000000}', 'Description': 'E_DTSKSD.EXE', 'RuleName': '-'}, 'event_id': '1', 'provider_name': 'Microsoft-Windows-Sysmon', 'computer_name': 'LAPTOP-O5NUGDHI', 'version': 5, 'user': {'identifier': 'S-1-5-18', 'domain': 'NT AUTHORITY', 'name': 'SYSTEM', 'type': 'User'}}, 'event': {'action': 'Process Create (rule: ProcessCreate)', 'timezone': '+08:00', 'created': '2021-12-20T13:49:02.978Z', 'code': '1', 'kind': 'event', 'provider': 'Microsoft-Windows-Sysmon'}}}, {'_index': 'winlogbeat', '_type': 'doc', '_id': 'cs4g2H0BMs_nTerjzGTK', '_score': 1.0, '_source': {'@timestamp': '2021-12-20T13:56:05.451Z', 'winlog': {'channel': 'Microsoft-Windows-Sysmon/Operational', 'record_id': 690, 'event_data': {'CurrentDirectory': 'C:\\\\WINDOWS\\\\system32\\\\', 'ParentImage': 'C:\\\\Windows\\\\System32\\\\svchost.exe', 'UtcTime': '2021-12-20 13:56:05.450', 'ParentCommandLine': 'C:\\\\WINDOWS\\\\system32\\\\svchost.exe -k netsvcs -p -s Schedule', 'RuleName': '-', 'Company': 'Microsoft Corporation', 'CommandLine': 'taskhostw.exe Install $(Arg0)', 'TerminalSessionId': '65', 'Hashes': 'MD5=564E4806AB18F93B93D551CD10C1598E,SHA256=0322728DBCE3A577C4A13B907AD7375D27E74880B63F7371384F67D19197A0AD,IMPHASH=3A0C6863CDE566AF997DB2DEFFF9D924', 'Image': 'C:\\\\Windows\\\\System32\\\\taskhostw.exe', 'User': 'LAPTOP-O5NUGDHI\\\\mu', 'ParentProcessId': '2200', 'ProcessId': '12724', 'Description': 'Host Process for Windows Tasks', 'LogonGuid': '{e36c1727-6cfb-61c0-5ae9-cf5d00000000}', 'IntegrityLevel': 'Medium', 'FileVersion': '10.0.19041.906 (WinBuild.160101.0800)', 'Product': 'Microsoft® Windows® Operating System', 'LogonId': '0x5dcfe95a', 'ProcessGuid': '{e36c1727-8b75-61c0-24dc-965e00000000}', 'OriginalFileName': 'taskhostw.exe', 'ParentProcessGuid': '{e36c1727-c51d-6193-2b00-000000002d00}'}, 'process': {'thread': {'id': 33332}, 'pid': 25104}, 'api': 'wineventlog', 'event_id': '1', 'task': 'Process Create (rule: ProcessCreate)', 'user': {'identifier': 'S-1-5-18', 'domain': 'NT AUTHORITY', 'name': 'SYSTEM', 'type': 'User'}, 'provider_name': 'Microsoft-Windows-Sysmon', 'opcode': '資訊', 'provider_guid': '{5770385f-c22a-43e0-bf4c-06f5698ffbd9}', 'version': 5, 'computer_name': 'LAPTOP-O5NUGDHI'}, 'fields': {'endpoint_project': 'df909038f4bcafd88f8d49c7f6ad5ccd', 'endpoint_email': 't108ab0706@ntut.org.tw', 'endpoint_org3': 'T7-1639616151642'}, 'ecs': {'version': '1.9.0'}, 'agent': {'type': 'winlogbeat', 'version': '7.13.2', 'hostname': 'LAPTOP-O5NUGDHI', 'ephemeral_id': '15a65e24-2d8b-4182-ba26-0ab8c6e22ccc', 'id': 'bacf81f0-932a-4bf6-8615-09b8fbf307ac', 'name': 'LAPTOP-O5NUGDHI'}, 'event': {'created': '2021-12-20T13:56:06.897Z', 'code': '1', 'kind': 'event', 'provider': 'Microsoft-Windows-Sysmon', 'action': 'Process Create (rule: ProcessCreate)', 'timezone': '+08:00'}, 'log': {'level': '資訊'}, 'message': 'Process Create:\\nRuleName: -\\nUtcTime: 2021-12-20 13:56:05.450\\nProcessGuid: {e36c1727-8b75-61c0-24dc-965e00000000}\\nProcessId: 12724\\nImage: C:\\\\Windows\\\\System32\\\\taskhostw.exe\\nFileVersion: 10.0.19041.906 (WinBuild.160101.0800)\\nDescription: Host Process for Windows Tasks\\nProduct: Microsoft® Windows® Operating System\\nCompany: Microsoft Corporation\\nOriginalFileName: taskhostw.exe\\nCommandLine: taskhostw.exe Install $(Arg0)\\nCurrentDirectory: C:\\\\WINDOWS\\\\system32\\\\\\nUser: LAPTOP-O5NUGDHI\\\\mu\\nLogonGuid: {e36c1727-6cfb-61c0-5ae9-cf5d00000000}\\nLogonId: 0x5DCFE95A\\nTerminalSessionId: 65\\nIntegrityLevel: Medium\\nHashes: MD5=564E4806AB18F93B93D551CD10C1598E,SHA256=0322728DBCE3A577C4A13B907AD7375D27E74880B63F7371384F67D19197A0AD,IMPHASH=3A0C6863CDE566AF997DB2DEFFF9D924\\nParentProcessGuid: {e36c1727-c51d-6193-2b00-000000002d00}\\nParentProcessId: 2200\\nParentImage: C:\\\\Windows\\\\System32\\\\svchost.exe\\nParentCommandLine: C:\\\\WINDOWS\\\\system32\\\\svchost.exe -k netsvcs -p -s Schedule', 'host': {'architecture': 'x86_64', 'os': {'family': 'windows', 'name': 'Windows 10 Home', 'kernel': '10.0.19041.1348 (WinBuild.160101.0800)', 'build': '19042.1348', 'type': 'windows', 'platform': 'windows', 'version': '10.0'}, 'id': 'e36c1727-1de3-433d-994a-ca48c783f851', 'ip': ['fe80::58e1:a727:458c:c8be', '169.254.200.190', 'fe80::4de3:b7e9:d153:1f26', '192.168.56.1', 'fe80::8927:63d8:812f:a641', '169.254.166.65', 'fe80::84a4:848d:cec2:84a', '192.168.137.1', 'fe80::e9ed:ddfa:f064:e416', '192.168.33.13'], 'mac': ['5e:2c:79:6a:7a:52', '0a:00:27:00:00:10', 'd2:c5:d3:c3:02:75', 'f2:c5:d3:c3:02:75', 'd0:c5:d3:c3:02:75'], 'hostname': 'LAPTOP-O5NUGDHI', 'name': 'LAPTOP-O5NUGDHI'}}}, {'_index': 'winlogbeat', '_type': 'doc', '_id': 'gM4h2H0BMs_nTerjS2Rf', '_score': 1.0, '_source': {'@timestamp': '2021-12-20T13:56:38.041Z', 'fields': {'endpoint_email': 'a3789468739@gmail.com', 'endpoint_org3': 'T7-1639616151642', 'endpoint_project': 'df909038f4bcafd88f8d49c7f6ad5ccd'}, 'ecs': {'version': '1.9.0'}, 'agent': {'type': 'winlogbeat', 'version': '7.13.2', 'hostname': 'DESKTOP-T3V8EOP', 'ephemeral_id': '41f4d791-f3b8-47ed-b193-c7151f023406', 'id': '621af60c-6ab1-4b77-803e-d523c7d8ec04', 'name': 'DESKTOP-T3V8EOP'}, 'winlog': {'process': {'pid': 53848, 'thread': {'id': 26096}}, 'provider_name': 'Microsoft-Windows-Sysmon', 'computer_name': 'DESKTOP-T3V8EOP', 'provider_guid': '{5770385f-c22a-43e0-bf4c-06f5698ffbd9}', 'user': {'type': 'User', 'identifier': 'S-1-5-18', 'domain': 'NT AUTHORITY', 'name': 'SYSTEM'}, 'event_data': {'ParentCommandLine': '\"C:\\\\Program Files (x86)\\\\Microsoft\\\\Edge\\\\Application\\\\msedge.exe\" --profile-directory=Default', 'ProcessId': '8628', 'ParentProcessId': '27400', 'Product': 'Microsoft Edge', 'Description': 'Microsoft Edge', 'ParentImage': 'C:\\\\Program Files (x86)\\\\Microsoft\\\\Edge\\\\Application\\\\msedge.exe', 'Company': 'Microsoft Corporation', 'Hashes': 'MD5=3AEE5493F9C660F6565840F704EAC3D5,SHA256=A02EC567414051D8B0707B9E15BB1BA1CE9068394F30EF70C4D97F17E2CE4F79,IMPHASH=680C3B3C075FF57057C290713261CB56', 'LogonGuid': '{1f725ed7-4242-61bc-0f2a-a16b00000000}', 'IntegrityLevel': 'Low', 'ParentProcessGuid': '{1f725ed7-4264-61bc-2db1-000000000d00}', 'FileVersion': '96.0.1054.57', 'CurrentDirectory': 'C:\\\\Program Files (x86)\\\\Microsoft\\\\Edge\\\\Application\\\\96.0.1054.57\\\\', 'User': 'DESKTOP-T3V8EOP\\\\a3789', 'TerminalSessionId': '2', 'RuleName': '-', 'UtcTime': '2021-12-20 13:56:38.039', 'OriginalFileName': 'msedge.exe', 'LogonId': '0x6ba12a0f', 'Image': 'C:\\\\Program Files (x86)\\\\Microsoft\\\\Edge\\\\Application\\\\msedge.exe', 'ProcessGuid': '{1f725ed7-8b96-61c0-5b0c-668200000000}', 'CommandLine': '\"C:\\\\Program Files (x86)\\\\Microsoft\\\\Edge\\\\Application\\\\msedge.exe\" --type=renderer --disable-client-side-phishing-detection --display-capture-permissions-policy-allowed --field-trial-handle=2096,10217503095378327848,5264171936250097817,131072 --disable-databases --lang=zh-TW --device-scale-factor=1.25 --num-raster-threads=4 --enable-main-frame-before-activation --renderer-client-id=1206 --mojo-platform-channel-handle=14184 /prefetch:1'}, 'channel': 'Microsoft-Windows-Sysmon/Operational', 'event_id': '1', 'record_id': 859, 'api': 'wineventlog', 'version': 5}, 'event': {'kind': 'event', 'provider': 'Microsoft-Windows-Sysmon', 'timezone': '+08:00', 'created': '2021-12-20T13:56:39.702Z', 'code': '1'}, 'log': {'level': 'information'}, 'host': {'hostname': 'DESKTOP-T3V8EOP', 'architecture': 'x86_64', 'name': 'DESKTOP-T3V8EOP', 'os': {'build': '22000.318', 'type': 'windows', 'platform': 'windows', 'version': '10.0', 'family': 'windows', 'name': 'Windows 10 Pro', 'kernel': '10.0.22000.318 (WinBuild.160101.0800)'}, 'id': '1f725ed7-b14c-494d-9fc1-4bc3eeb0b29b', 'ip': ['fe80::1911:e65c:d649:9768', '192.168.56.1', 'fe80::24c3:baf3:3d58:f2af', '169.254.242.175', 'fe80::a832:f35:3de:862c', '169.254.134.44', 'fe80::d4a8:14f8:2744:a74a', '192.168.0.83', 'fe80::4d6b:1d3e:cee1:343d', '169.254.52.61'], 'mac': ['0a:00:27:00:00:10', '24:ee:9a:ff:17:da', '26:ee:9a:ff:17:d9', '24:ee:9a:ff:17:d9', '24:ee:9a:ff:17:dd']}}}, {'_index': 'winlogbeat', '_type': 'doc', '_id': 'gc4h2H0BMs_nTerjS2Rf', '_score': 1.0, '_source': {'@timestamp': '2021-12-20T13:56:38.047Z', 'log': {'level': 'information'}, 'host': {'ip': ['fe80::1911:e65c:d649:9768', '192.168.56.1', 'fe80::24c3:baf3:3d58:f2af', '169.254.242.175', 'fe80::a832:f35:3de:862c', '169.254.134.44', 'fe80::d4a8:14f8:2744:a74a', '192.168.0.83', 'fe80::4d6b:1d3e:cee1:343d', '169.254.52.61'], 'mac': ['0a:00:27:00:00:10', '24:ee:9a:ff:17:da', '26:ee:9a:ff:17:d9', '24:ee:9a:ff:17:d9', '24:ee:9a:ff:17:dd'], 'hostname': 'DESKTOP-T3V8EOP', 'architecture': 'x86_64', 'os': {'name': 'Windows 10 Pro', 'kernel': '10.0.22000.318 (WinBuild.160101.0800)', 'build': '22000.318', 'type': 'windows', 'platform': 'windows', 'version': '10.0', 'family': 'windows'}, 'name': 'DESKTOP-T3V8EOP', 'id': '1f725ed7-b14c-494d-9fc1-4bc3eeb0b29b'}, 'winlog': {'provider_name': 'Microsoft-Windows-Sysmon', 'provider_guid': '{5770385f-c22a-43e0-bf4c-06f5698ffbd9}', 'version': 5, 'event_data': {'Description': 'Microsoft Edge', 'ParentProcessId': '27400', 'LogonGuid': '{1f725ed7-4242-61bc-0f2a-a16b00000000}', 'UtcTime': '2021-12-20 13:56:38.045', 'RuleName': '-', 'TerminalSessionId': '2', 'Product': 'Microsoft Edge', 'OriginalFileName': 'msedge.exe', 'CommandLine': '\"C:\\\\Program Files (x86)\\\\Microsoft\\\\Edge\\\\Application\\\\msedge.exe\" --type=renderer --disable-client-side-phishing-detection --display-capture-permissions-policy-allowed --field-trial-handle=2096,10217503095378327848,5264171936250097817,131072 --disable-databases --lang=zh-TW --device-scale-factor=1.25 --num-raster-threads=4 --enable-main-frame-before-activation --renderer-client-id=1205 --mojo-platform-channel-handle=11120 /prefetch:1', 'User': 'DESKTOP-T3V8EOP\\\\a3789', 'ParentCommandLine': '\"C:\\\\Program Files (x86)\\\\Microsoft\\\\Edge\\\\Application\\\\msedge.exe\" --profile-directory=Default', 'ParentProcessGuid': '{1f725ed7-4264-61bc-2db1-000000000d00}', 'LogonId': '0x6ba12a0f', 'ProcessGuid': '{1f725ed7-8b96-61c0-1c0d-668200000000}', 'CurrentDirectory': 'C:\\\\Program Files (x86)\\\\Microsoft\\\\Edge\\\\Application\\\\96.0.1054.57\\\\', 'Hashes': 'MD5=3AEE5493F9C660F6565840F704EAC3D5,SHA256=A02EC567414051D8B0707B9E15BB1BA1CE9068394F30EF70C4D97F17E2CE4F79,IMPHASH=680C3B3C075FF57057C290713261CB56', 'IntegrityLevel': 'Low', 'FileVersion': '96.0.1054.57', 'Image': 'C:\\\\Program Files (x86)\\\\Microsoft\\\\Edge\\\\Application\\\\msedge.exe', 'ParentImage': 'C:\\\\Program Files (x86)\\\\Microsoft\\\\Edge\\\\Application\\\\msedge.exe', 'ProcessId': '2588', 'Company': 'Microsoft Corporation'}, 'channel': 'Microsoft-Windows-Sysmon/Operational', 'record_id': 860, 'api': 'wineventlog', 'user': {'identifier': 'S-1-5-18', 'domain': 'NT AUTHORITY', 'name': 'SYSTEM', 'type': 'User'}, 'process': {'pid': 53848, 'thread': {'id': 26096}}, 'event_id': '1', 'computer_name': 'DESKTOP-T3V8EOP'}, 'event': {'kind': 'event', 'provider': 'Microsoft-Windows-Sysmon', 'created': '2021-12-20T13:56:39.747Z', 'code': '1', 'timezone': '+08:00'}, 'fields': {'endpoint_email': 'a3789468739@gmail.com', 'endpoint_org3': 'T7-1639616151642', 'endpoint_project': 'df909038f4bcafd88f8d49c7f6ad5ccd'}, 'ecs': {'version': '1.9.0'}, 'agent': {'hostname': 'DESKTOP-T3V8EOP', 'ephemeral_id': '41f4d791-f3b8-47ed-b193-c7151f023406', 'id': '621af60c-6ab1-4b77-803e-d523c7d8ec04', 'name': 'DESKTOP-T3V8EOP', 'type': 'winlogbeat', 'version': '7.13.2'}}}, {'_index': 'winlogbeat', '_type': 'doc', '_id': 'R84e2H0BMs_nTerjOzz2', '_score': 1.0, '_source': {'@timestamp': '2021-12-20T13:53:17.767Z', 'host': {'name': 'DESKTOP-T3V8EOP', 'os': {'type': 'windows', 'platform': 'windows', 'version': '10.0', 'family': 'windows', 'name': 'Windows 10 Pro', 'kernel': '10.0.22000.318 (WinBuild.160101.0800)', 'build': '22000.318'}, 'id': '1f725ed7-b14c-494d-9fc1-4bc3eeb0b29b', 'ip': ['fe80::1911:e65c:d649:9768', '192.168.56.1', 'fe80::24c3:baf3:3d58:f2af', '169.254.242.175', 'fe80::a832:f35:3de:862c', '169.254.134.44', 'fe80::d4a8:14f8:2744:a74a', '192.168.0.83', 'fe80::4d6b:1d3e:cee1:343d', '169.254.52.61'], 'mac': ['0a:00:27:00:00:10', '24:ee:9a:ff:17:da', '26:ee:9a:ff:17:d9', '24:ee:9a:ff:17:d9', '24:ee:9a:ff:17:dd'], 'hostname': 'DESKTOP-T3V8EOP', 'architecture': 'x86_64'}, 'winlog': {'event_id': '1', 'event_data': {'Description': 'Service Control Manager Configuration Tool', 'ParentCommandLine': 'C:\\\\WINDOWS\\\\system32\\\\svchost.exe -k netsvcs -p -s Schedule', 'ProcessGuid': '{1f725ed7-8acd-61c0-fb57-598200000000}', 'ParentProcessId': '1932', 'TerminalSessionId': '0', 'Product': 'Microsoft® Windows® Operating System', 'Company': 'Microsoft Corporation', 'Image': 'C:\\\\Windows\\\\System32\\\\sc.exe', 'IntegrityLevel': 'System', 'LogonGuid': '{1f725ed7-2969-61ab-e703-000000000000}', 'LogonId': '0x3e7', 'UtcTime': '2021-12-20 13:53:17.759', 'FileVersion': '10.0.22000.1 (WinBuild.160101.0800)', 'User': 'NT AUTHORITY\\\\SYSTEM', 'CurrentDirectory': 'C:\\\\WINDOWS\\\\system32\\\\', 'CommandLine': 'C:\\\\WINDOWS\\\\system32\\\\sc.exe start wuauserv', 'OriginalFileName': 'sc.exe', 'ProcessId': '57212', 'Hashes': 'MD5=7654E408563F6A4150171DD3877F8EC7,SHA256=8A5410D1A08FCC5CF03B9CE98E62E0049E8E8295CD35B845EEBDC882CA657BC1,IMPHASH=803254E010814E69947095A2725B2AFD', 'ParentProcessGuid': '{1f725ed7-296c-61ab-2100-000000000d00}', 'ParentImage': 'C:\\\\Windows\\\\System32\\\\svchost.exe', 'RuleName': '-'}, 'process': {'pid': 53848, 'thread': {'id': 26096}}, 'channel': 'Microsoft-Windows-Sysmon/Operational', 'computer_name': 'DESKTOP-T3V8EOP', 'version': 5, 'user': {'type': 'User', 'identifier': 'S-1-5-18', 'domain': 'NT AUTHORITY', 'name': 'SYSTEM'}, 'api': 'wineventlog', 'record_id': 841, 'provider_guid': '{5770385f-c22a-43e0-bf4c-06f5698ffbd9}', 'provider_name': 'Microsoft-Windows-Sysmon'}, 'event': {'code': '1', 'kind': 'event', 'provider': 'Microsoft-Windows-Sysmon', 'created': '2021-12-20T13:53:19.206Z', 'timezone': '+08:00'}, 'log': {'level': 'information'}, 'fields': {'endpoint_email': 'a3789468739@gmail.com', 'endpoint_org3': 'T7-1639616151642', 'endpoint_project': 'df909038f4bcafd88f8d49c7f6ad5ccd'}, 'ecs': {'version': '1.9.0'}, 'agent': {'hostname': 'DESKTOP-T3V8EOP', 'ephemeral_id': '41f4d791-f3b8-47ed-b193-c7151f023406', 'id': '621af60c-6ab1-4b77-803e-d523c7d8ec04', 'name': 'DESKTOP-T3V8EOP', 'type': 'winlogbeat', 'version': '7.13.2'}}}, {'_index': 'winlogbeat', '_type': 'doc', '_id': 'as0a2H0BMs_nTerju-Jm', '_score': 1.0, '_source': {'@timestamp': '2021-12-20T13:49:27.905Z', 'ecs': {'version': '1.9.0'}, 'agent': {'hostname': 'DESKTOP-T3V8EOP', 'ephemeral_id': '41f4d791-f3b8-47ed-b193-c7151f023406', 'id': '621af60c-6ab1-4b77-803e-d523c7d8ec04', 'name': 'DESKTOP-T3V8EOP', 'type': 'winlogbeat', 'version': '7.13.2'}, 'host': {'id': '1f725ed7-b14c-494d-9fc1-4bc3eeb0b29b', 'ip': ['fe80::1911:e65c:d649:9768', '192.168.56.1', 'fe80::24c3:baf3:3d58:f2af', '169.254.242.175', 'fe80::a832:f35:3de:862c', '169.254.134.44', 'fe80::d4a8:14f8:2744:a74a', '192.168.0.83', 'fe80::4d6b:1d3e:cee1:343d', '169.254.52.61'], 'mac': ['0a:00:27:00:00:10', '24:ee:9a:ff:17:da', '26:ee:9a:ff:17:d9', '24:ee:9a:ff:17:d9', '24:ee:9a:ff:17:dd'], 'hostname': 'DESKTOP-T3V8EOP', 'name': 'DESKTOP-T3V8EOP', 'architecture': 'x86_64', 'os': {'family': 'windows', 'name': 'Windows 10 Pro', 'kernel': '10.0.22000.318 (WinBuild.160101.0800)', 'build': '22000.318', 'type': 'windows', 'platform': 'windows', 'version': '10.0'}}, 'winlog': {'version': 5, 'event_data': {'ParentCommandLine': '\"RAPS.exe\"', 'UtcTime': '2021-12-20 13:49:27.904', 'FileVersion': '3.1.995.0', 'Hashes': 'MD5=F70A23758DA94B90A01CC791ACC7F385,SHA256=EEBCC0C6FD9A7BF70BA3028DAEA19C450FCC698169C2E5B03F6BEF9D4BBA1A6F,IMPHASH=935B686812E8D4246E2278AF50AA30FB', 'ParentProcessId': '5312', 'RuleName': '-', 'Image': 'C:\\\\Program Files\\\\Rivet Networks\\\\SmartByte\\\\RAPS.exe', 'Description': 'RivetAPS', 'ParentProcessGuid': '{1f725ed7-296e-61ab-8f00-000000000d00}', 'User': 'DESKTOP-T3V8EOP\\\\a3789', 'CommandLine': 'RAPS.exe -u', 'ProcessId': '19276', 'Product': 'RivetAPS', 'Company': 'Rivet Networks LLC', 'OriginalFileName': 'RAPS.exe', 'ProcessGuid': '{1f725ed7-89e7-61c0-53a4-4e8200000000}', 'CurrentDirectory': 'C:\\\\Program Files\\\\Rivet Networks\\\\SmartByte\\\\', 'TerminalSessionId': '2', 'LogonGuid': '{1f725ed7-4242-61bc-0f2a-a16b00000000}', 'ParentImage': 'C:\\\\Program Files\\\\Rivet Networks\\\\SmartByte\\\\RAPS.exe', 'LogonId': '0x6ba12a0f', 'IntegrityLevel': 'Medium'}, 'event_id': '1', 'record_id': 830, 'computer_name': 'DESKTOP-T3V8EOP', 'user': {'name': 'SYSTEM', 'type': 'User', 'identifier': 'S-1-5-18', 'domain': 'NT AUTHORITY'}, 'process': {'thread': {'id': 26096}, 'pid': 53848}, 'channel': 'Microsoft-Windows-Sysmon/Operational', 'api': 'wineventlog', 'provider_name': 'Microsoft-Windows-Sysmon', 'provider_guid': '{5770385f-c22a-43e0-bf4c-06f5698ffbd9}'}, 'event': {'created': '2021-12-20T13:49:29.672Z', 'code': '1', 'kind': 'event', 'provider': 'Microsoft-Windows-Sysmon', 'timezone': '+08:00'}, 'log': {'level': 'information'}, 'fields': {'endpoint_org3': 'T7-1639616151642', 'endpoint_project': 'df909038f4bcafd88f8d49c7f6ad5ccd', 'endpoint_email': 'a3789468739@gmail.com'}}}, {'_index': 'winlogbeat', '_type': 'doc', '_id': 'Ks4e2H0BMs_nTerj1FGv', '_score': 1.0, '_source': {'@timestamp': '2021-12-20T13:53:56.602Z', 'host': {'os': {'type': 'windows', 'platform': 'windows', 'version': '10.0', 'family': 'windows', 'name': 'Windows 10 Pro', 'kernel': '10.0.22000.318 (WinBuild.160101.0800)', 'build': '22000.318'}, 'id': '1f725ed7-b14c-494d-9fc1-4bc3eeb0b29b', 'ip': ['fe80::1911:e65c:d649:9768', '192.168.56.1', 'fe80::24c3:baf3:3d58:f2af', '169.254.242.175', 'fe80::a832:f35:3de:862c', '169.254.134.44', 'fe80::d4a8:14f8:2744:a74a', '192.168.0.83', 'fe80::4d6b:1d3e:cee1:343d', '169.254.52.61'], 'mac': ['0a:00:27:00:00:10', '24:ee:9a:ff:17:da', '26:ee:9a:ff:17:d9', '24:ee:9a:ff:17:d9', '24:ee:9a:ff:17:dd'], 'name': 'DESKTOP-T3V8EOP', 'hostname': 'DESKTOP-T3V8EOP', 'architecture': 'x86_64'}, 'winlog': {'process': {'pid': 53848, 'thread': {'id': 17608}}, 'provider_name': 'Microsoft-Windows-Sysmon', 'api': 'wineventlog', 'user': {'type': 'User', 'identifier': 'S-1-5-18', 'domain': 'NT AUTHORITY', 'name': 'SYSTEM'}, 'provider_guid': '{5770385f-c22a-43e0-bf4c-06f5698ffbd9}', 'version': 5, 'channel': 'Microsoft-Windows-Sysmon/Operational', 'event_id': '3', 'record_id': 844, 'event_data': {'User': 'DESKTOP-T3V8EOP\\\\a3789', 'DestinationPortName': 'https', 'RuleName': 'Usermode', 'UtcTime': '2021-12-20 13:53:54.870', 'DestinationHostname': 'a23-50-29-66.deploy.static.akamaitechnologies.com', 'ProcessGuid': '{1f725ed7-3882-61bf-00c9-000000000d00}', 'SourceIsIpv6': 'false', 'SourceIp': '192.168.0.83', 'SourceHostname': 'DESKTOP-T3V8EOP.cnshub.home', 'SourcePortName': '-', 'DestinationIp': '23.50.29.66', 'Image': 'C:\\\\Users\\\\a3789\\\\AppData\\\\Local\\\\LINE\\\\bin\\\\current\\\\LINE.exe', 'DestinationPort': '443', 'SourcePort': '4495', 'Initiated': 'true', 'Protocol': 'tcp', 'ProcessId': '55008', 'DestinationIsIpv6': 'false'}, 'computer_name': 'DESKTOP-T3V8EOP'}, 'event': {'provider': 'Microsoft-Windows-Sysmon', 'created': '2021-12-20T13:53:58.298Z', 'code': '3', 'kind': 'event', 'timezone': '+08:00'}, 'log': {'level': 'information'}, 'fields': {'endpoint_email': 'a3789468739@gmail.com', 'endpoint_org3': 'T7-1639616151642', 'endpoint_project': 'df909038f4bcafd88f8d49c7f6ad5ccd'}, 'ecs': {'version': '1.9.0'}, 'agent': {'id': '621af60c-6ab1-4b77-803e-d523c7d8ec04', 'name': 'DESKTOP-T3V8EOP', 'type': 'winlogbeat', 'version': '7.13.2', 'hostname': 'DESKTOP-T3V8EOP', 'ephemeral_id': '41f4d791-f3b8-47ed-b193-c7151f023406'}}}, {'_index': 'winlogbeat', '_type': 'doc', '_id': 'S84f2H0BMs_nTerjzWHt', '_score': 1.0, '_source': {'@timestamp': '2021-12-20T13:55:00.370Z', 'message': 'File created:\\nRuleName: DLL\\nUtcTime: 2021-12-20 13:55:00.361\\nProcessGuid: {e36c1727-0664-619a-fa29-000000002d00}\\nProcessId: 12692\\nImage: C:\\\\Windows\\\\System32\\\\mousocoreworker.exe\\nTargetFilename: C:\\\\Windows\\\\SoftwareDistribution\\\\Download\\\\b94c65d4717c965ecae18144a74af06a\\\\Metadata\\\\dpx.dll\\nCreationUtcTime: 2021-12-08 11:28:56.000', 'host': {'mac': ['5e:2c:79:6a:7a:52', '0a:00:27:00:00:10', 'd2:c5:d3:c3:02:75', 'f2:c5:d3:c3:02:75', 'd0:c5:d3:c3:02:75'], 'name': 'LAPTOP-O5NUGDHI', 'hostname': 'LAPTOP-O5NUGDHI', 'architecture': 'x86_64', 'os': {'name': 'Windows 10 Home', 'kernel': '10.0.19041.1348 (WinBuild.160101.0800)', 'build': '19042.1348', 'type': 'windows', 'platform': 'windows', 'version': '10.0', 'family': 'windows'}, 'id': 'e36c1727-1de3-433d-994a-ca48c783f851', 'ip': ['fe80::58e1:a727:458c:c8be', '169.254.200.190', 'fe80::4de3:b7e9:d153:1f26', '192.168.56.1', 'fe80::8927:63d8:812f:a641', '169.254.166.65', 'fe80::84a4:848d:cec2:84a', '192.168.137.1', 'fe80::e9ed:ddfa:f064:e416', '192.168.33.13']}, 'winlog': {'task': 'File created (rule: FileCreate)', 'process': {'pid': 25104, 'thread': {'id': 33332}}, 'provider_name': 'Microsoft-Windows-Sysmon', 'opcode': '資訊', 'api': 'wineventlog', 'channel': 'Microsoft-Windows-Sysmon/Operational', 'user': {'domain': 'NT AUTHORITY', 'name': 'SYSTEM', 'type': 'User', 'identifier': 'S-1-5-18'}, 'event_id': '11', 'provider_guid': '{5770385f-c22a-43e0-bf4c-06f5698ffbd9}', 'event_data': {'Image': 'C:\\\\Windows\\\\System32\\\\mousocoreworker.exe', 'TargetFilename': 'C:\\\\Windows\\\\SoftwareDistribution\\\\Download\\\\b94c65d4717c965ecae18144a74af06a\\\\Metadata\\\\dpx.dll', 'CreationUtcTime': '2021-12-08 11:28:56.000', 'RuleName': 'DLL', 'UtcTime': '2021-12-20 13:55:00.361', 'ProcessGuid': '{e36c1727-0664-619a-fa29-000000002d00}', 'ProcessId': '12692'}, 'record_id': 673, 'version': 2, 'computer_name': 'LAPTOP-O5NUGDHI'}, 'event': {'created': '2021-12-20T13:55:01.651Z', 'code': '11', 'kind': 'event', 'provider': 'Microsoft-Windows-Sysmon', 'action': 'File created (rule: FileCreate)', 'timezone': '+08:00'}, 'log': {'level': '資訊'}, 'fields': {'endpoint_project': 'df909038f4bcafd88f8d49c7f6ad5ccd', 'endpoint_email': 't108ab0706@ntut.org.tw', 'endpoint_org3': 'T7-1639616151642'}, 'agent': {'id': 'bacf81f0-932a-4bf6-8615-09b8fbf307ac', 'name': 'LAPTOP-O5NUGDHI', 'type': 'winlogbeat', 'version': '7.13.2', 'hostname': 'LAPTOP-O5NUGDHI', 'ephemeral_id': '15a65e24-2d8b-4182-ba26-0ab8c6e22ccc'}, 'ecs': {'version': '1.9.0'}}}, {'_index': 'winlogbeat', '_type': 'doc', '_id': 'Tc4f2H0BMs_nTerjzWHt', '_score': 1.0, '_source': {'@timestamp': '2021-12-20T13:55:00.379Z', 'ecs': {'version': '1.9.0'}, 'agent': {'hostname': 'LAPTOP-O5NUGDHI', 'ephemeral_id': '15a65e24-2d8b-4182-ba26-0ab8c6e22ccc', 'id': 'bacf81f0-932a-4bf6-8615-09b8fbf307ac', 'name': 'LAPTOP-O5NUGDHI', 'type': 'winlogbeat', 'version': '7.13.2'}, 'winlog': {'provider_guid': '{5770385f-c22a-43e0-bf4c-06f5698ffbd9}', 'version': 2, 'process': {'pid': 25104, 'thread': {'id': 33332}}, 'task': 'File created (rule: FileCreate)', 'opcode': '資訊', 'event_id': '11', 'computer_name': 'LAPTOP-O5NUGDHI', 'provider_name': 'Microsoft-Windows-Sysmon', 'user': {'identifier': 'S-1-5-18', 'domain': 'NT AUTHORITY', 'name': 'SYSTEM', 'type': 'User'}, 'record_id': 675, 'channel': 'Microsoft-Windows-Sysmon/Operational', 'event_data': {'ProcessId': '12692', 'Image': 'C:\\\\Windows\\\\System32\\\\mousocoreworker.exe', 'TargetFilename': 'C:\\\\Windows\\\\SoftwareDistribution\\\\Download\\\\b94c65d4717c965ecae18144a74af06a\\\\Metadata\\\\UAOneSettings.dll', 'CreationUtcTime': '2021-12-08 11:56:32.000', 'RuleName': 'DLL', 'UtcTime': '2021-12-20 13:55:00.376', 'ProcessGuid': '{e36c1727-0664-619a-fa29-000000002d00}'}, 'api': 'wineventlog'}, 'event': {'timezone': '+08:00', 'created': '2021-12-20T13:55:01.651Z', 'code': '11', 'kind': 'event', 'provider': 'Microsoft-Windows-Sysmon', 'action': 'File created (rule: FileCreate)'}, 'log': {'level': '資訊'}, 'message': 'File created:\\nRuleName: DLL\\nUtcTime: 2021-12-20 13:55:00.376\\nProcessGuid: {e36c1727-0664-619a-fa29-000000002d00}\\nProcessId: 12692\\nImage: C:\\\\Windows\\\\System32\\\\mousocoreworker.exe\\nTargetFilename: C:\\\\Windows\\\\SoftwareDistribution\\\\Download\\\\b94c65d4717c965ecae18144a74af06a\\\\Metadata\\\\UAOneSettings.dll\\nCreationUtcTime: 2021-12-08 11:56:32.000', 'host': {'os': {'build': '19042.1348', 'type': 'windows', 'platform': 'windows', 'version': '10.0', 'family': 'windows', 'name': 'Windows 10 Home', 'kernel': '10.0.19041.1348 (WinBuild.160101.0800)'}, 'id': 'e36c1727-1de3-433d-994a-ca48c783f851', 'ip': ['fe80::58e1:a727:458c:c8be', '169.254.200.190', 'fe80::4de3:b7e9:d153:1f26', '192.168.56.1', 'fe80::8927:63d8:812f:a641', '169.254.166.65', 'fe80::84a4:848d:cec2:84a', '192.168.137.1', 'fe80::e9ed:ddfa:f064:e416', '192.168.33.13'], 'mac': ['5e:2c:79:6a:7a:52', '0a:00:27:00:00:10', 'd2:c5:d3:c3:02:75', 'f2:c5:d3:c3:02:75', 'd0:c5:d3:c3:02:75'], 'hostname': 'LAPTOP-O5NUGDHI', 'name': 'LAPTOP-O5NUGDHI', 'architecture': 'x86_64'}, 'fields': {'endpoint_project': 'df909038f4bcafd88f8d49c7f6ad5ccd', 'endpoint_email': 't108ab0706@ntut.org.tw', 'endpoint_org3': 'T7-1639616151642'}}}, {'_index': 'winlogbeat', '_type': 'doc', '_id': 'gc4c2H0BMs_nTerj4Bnz', '_score': 1.0, '_source': {'@timestamp': '2021-12-20T13:51:48.050Z', 'event': {'provider': 'Microsoft-Windows-Sysmon', 'action': 'File created (rule: FileCreate)', 'created': '2021-12-20T13:51:49.831Z', 'code': '11', 'kind': 'event', 'timezone': '+08:00'}, 'log': {'level': '資訊'}, 'message': 'File created:\\nRuleName: DLL\\nUtcTime: 2021-12-20 13:51:48.046\\nProcessGuid: {e36c1727-0664-619a-fa29-000000002d00}\\nProcessId: 12692\\nImage: C:\\\\Windows\\\\System32\\\\mousocoreworker.exe\\nTargetFilename: C:\\\\Windows\\\\SoftwareDistribution\\\\Download\\\\b94c65d4717c965ecae18144a74af06a\\\\Metadata\\\\Mitigation.dll\\nCreationUtcTime: 2021-12-08 16:53:14.000', 'host': {'os': {'platform': 'windows', 'version': '10.0', 'family': 'windows', 'name': 'Windows 10 Home', 'kernel': '10.0.19041.1348 (WinBuild.160101.0800)', 'build': '19042.1348', 'type': 'windows'}, 'id': 'e36c1727-1de3-433d-994a-ca48c783f851', 'ip': ['fe80::58e1:a727:458c:c8be', '169.254.200.190', 'fe80::4de3:b7e9:d153:1f26', '192.168.56.1', 'fe80::8927:63d8:812f:a641', '169.254.166.65', 'fe80::84a4:848d:cec2:84a', '192.168.137.1', 'fe80::e9ed:ddfa:f064:e416', '192.168.33.13'], 'mac': ['5e:2c:79:6a:7a:52', '0a:00:27:00:00:10', 'd2:c5:d3:c3:02:75', 'f2:c5:d3:c3:02:75', 'd0:c5:d3:c3:02:75'], 'hostname': 'LAPTOP-O5NUGDHI', 'architecture': 'x86_64', 'name': 'LAPTOP-O5NUGDHI'}, 'fields': {'endpoint_project': 'df909038f4bcafd88f8d49c7f6ad5ccd', 'endpoint_email': 't108ab0706@ntut.org.tw', 'endpoint_org3': 'T7-1639616151642'}, 'ecs': {'version': '1.9.0'}, 'agent': {'name': 'LAPTOP-O5NUGDHI', 'type': 'winlogbeat', 'version': '7.13.2', 'hostname': 'LAPTOP-O5NUGDHI', 'ephemeral_id': '15a65e24-2d8b-4182-ba26-0ab8c6e22ccc', 'id': 'bacf81f0-932a-4bf6-8615-09b8fbf307ac'}, 'winlog': {'api': 'wineventlog', 'event_data': {'CreationUtcTime': '2021-12-08 16:53:14.000', 'RuleName': 'DLL', 'UtcTime': '2021-12-20 13:51:48.046', 'ProcessGuid': '{e36c1727-0664-619a-fa29-000000002d00}', 'ProcessId': '12692', 'Image': 'C:\\\\Windows\\\\System32\\\\mousocoreworker.exe', 'TargetFilename': 'C:\\\\Windows\\\\SoftwareDistribution\\\\Download\\\\b94c65d4717c965ecae18144a74af06a\\\\Metadata\\\\Mitigation.dll'}, 'computer_name': 'LAPTOP-O5NUGDHI', 'provider_name': 'Microsoft-Windows-Sysmon', 'opcode': '資訊', 'user': {'identifier': 'S-1-5-18', 'domain': 'NT AUTHORITY', 'name': 'SYSTEM', 'type': 'User'}, 'record_id': 662, 'task': 'File created (rule: FileCreate)', 'provider_guid': '{5770385f-c22a-43e0-bf4c-06f5698ffbd9}', 'version': 2, 'event_id': '11', 'process': {'pid': 25104, 'thread': {'id': 33332}}, 'channel': 'Microsoft-Windows-Sysmon/Operational'}}}, {'_index': 'winlogbeat', '_type': 'doc', '_id': 'VM4f2H0BMs_nTerj2WG0', '_score': 1.0, '_source': {'@timestamp': '2021-12-20T13:55:03.627Z', 'host': {'ip': ['fe80::58e1:a727:458c:c8be', '169.254.200.190', 'fe80::4de3:b7e9:d153:1f26', '192.168.56.1', 'fe80::8927:63d8:812f:a641', '169.254.166.65', 'fe80::84a4:848d:cec2:84a', '192.168.137.1', 'fe80::e9ed:ddfa:f064:e416', '192.168.33.13'], 'mac': ['5e:2c:79:6a:7a:52', '0a:00:27:00:00:10', 'd2:c5:d3:c3:02:75', 'f2:c5:d3:c3:02:75', 'd0:c5:d3:c3:02:75'], 'hostname': 'LAPTOP-O5NUGDHI', 'architecture': 'x86_64', 'name': 'LAPTOP-O5NUGDHI', 'os': {'name': 'Windows 10 Home', 'kernel': '10.0.19041.1348 (WinBuild.160101.0800)', 'build': '19042.1348', 'type': 'windows', 'platform': 'windows', 'version': '10.0', 'family': 'windows'}, 'id': 'e36c1727-1de3-433d-994a-ca48c783f851'}, 'winlog': {'event_data': {'TargetFilename': 'C:\\\\Windows\\\\SoftwareDistribution\\\\Download\\\\b94c65d4717c965ecae18144a74af06a\\\\Metadata\\\\dpx.dll', 'CreationUtcTime': '2021-12-08 11:28:56.000', 'RuleName': 'DLL', 'UtcTime': '2021-12-20 13:55:03.614', 'ProcessGuid': '{e36c1727-0664-619a-fa29-000000002d00}', 'ProcessId': '12692', 'Image': 'C:\\\\Windows\\\\System32\\\\mousocoreworker.exe'}, 'channel': 'Microsoft-Windows-Sysmon/Operational', 'record_id': 682, 'computer_name': 'LAPTOP-O5NUGDHI', 'opcode': '資訊', 'provider_name': 'Microsoft-Windows-Sysmon', 'user': {'identifier': 'S-1-5-18', 'domain': 'NT AUTHORITY', 'name': 'SYSTEM', 'type': 'User'}, 'provider_guid': '{5770385f-c22a-43e0-bf4c-06f5698ffbd9}', 'process': {'pid': 25104, 'thread': {'id': 33332}}, 'task': 'File created (rule: FileCreate)', 'api': 'wineventlog', 'version': 2, 'event_id': '11'}, 'event': {'created': '2021-12-20T13:55:04.669Z', 'code': '11', 'kind': 'event', 'provider': 'Microsoft-Windows-Sysmon', 'action': 'File created (rule: FileCreate)', 'timezone': '+08:00'}, 'log': {'level': '資訊'}, 'message': 'File created:\\nRuleName: DLL\\nUtcTime: 2021-12-20 13:55:03.614\\nProcessGuid: {e36c1727-0664-619a-fa29-000000002d00}\\nProcessId: 12692\\nImage: C:\\\\Windows\\\\System32\\\\mousocoreworker.exe\\nTargetFilename: C:\\\\Windows\\\\SoftwareDistribution\\\\Download\\\\b94c65d4717c965ecae18144a74af06a\\\\Metadata\\\\dpx.dll\\nCreationUtcTime: 2021-12-08 11:28:56.000', 'fields': {'endpoint_project': 'df909038f4bcafd88f8d49c7f6ad5ccd', 'endpoint_email': 't108ab0706@ntut.org.tw', 'endpoint_org3': 'T7-1639616151642'}, 'ecs': {'version': '1.9.0'}, 'agent': {'hostname': 'LAPTOP-O5NUGDHI', 'ephemeral_id': '15a65e24-2d8b-4182-ba26-0ab8c6e22ccc', 'id': 'bacf81f0-932a-4bf6-8615-09b8fbf307ac', 'name': 'LAPTOP-O5NUGDHI', 'type': 'winlogbeat', 'version': '7.13.2'}}}, {'_index': 'winlogbeat', '_type': 'doc', '_id': 'D84s2H0BMs_nTerjW_s0', '_score': 1.0, '_source': {'@timestamp': '2021-12-20T14:08:42.958Z', 'message': 'Process Create:\\nRuleName: -\\nUtcTime: 2021-12-20 14:08:42.957\\nProcessGuid: {e36c1727-8e6a-61c0-5eba-9c5e00000000}\\nProcessId: 6244\\nImage: C:\\\\Windows\\\\System32\\\\taskhostw.exe\\nFileVersion: 10.0.19041.906 (WinBuild.160101.0800)\\nDescription: Host Process for Windows Tasks\\nProduct: Microsoft® Windows® Operating System\\nCompany: Microsoft Corporation\\nOriginalFileName: taskhostw.exe\\nCommandLine: taskhostw.exe Install $(Arg0)\\nCurrentDirectory: C:\\\\WINDOWS\\\\system32\\\\\\nUser: LAPTOP-O5NUGDHI\\\\mu\\nLogonGuid: {e36c1727-6cfb-61c0-5ae9-cf5d00000000}\\nLogonId: 0x5DCFE95A\\nTerminalSessionId: 65\\nIntegrityLevel: Medium\\nHashes: MD5=564E4806AB18F93B93D551CD10C1598E,SHA256=0322728DBCE3A577C4A13B907AD7375D27E74880B63F7371384F67D19197A0AD,IMPHASH=3A0C6863CDE566AF997DB2DEFFF9D924\\nParentProcessGuid: {e36c1727-c51d-6193-2b00-000000002d00}\\nParentProcessId: 2200\\nParentImage: C:\\\\Windows\\\\System32\\\\svchost.exe\\nParentCommandLine: C:\\\\WINDOWS\\\\system32\\\\svchost.exe -k netsvcs -p -s Schedule', 'fields': {'endpoint_email': 't108ab0706@ntut.org.tw', 'endpoint_org3': 'T7-1639616151642', 'endpoint_project': 'df909038f4bcafd88f8d49c7f6ad5ccd'}, 'ecs': {'version': '1.9.0'}, 'agent': {'hostname': 'LAPTOP-O5NUGDHI', 'ephemeral_id': '15a65e24-2d8b-4182-ba26-0ab8c6e22ccc', 'id': 'bacf81f0-932a-4bf6-8615-09b8fbf307ac', 'name': 'LAPTOP-O5NUGDHI', 'type': 'winlogbeat', 'version': '7.13.2'}, 'host': {'architecture': 'x86_64', 'os': {'kernel': '10.0.19041.1348 (WinBuild.160101.0800)', 'build': '19042.1348', 'type': 'windows', 'platform': 'windows', 'version': '10.0', 'family': 'windows', 'name': 'Windows 10 Home'}, 'name': 'LAPTOP-O5NUGDHI', 'id': 'e36c1727-1de3-433d-994a-ca48c783f851', 'ip': ['fe80::58e1:a727:458c:c8be', '169.254.200.190', 'fe80::4de3:b7e9:d153:1f26', '192.168.56.1', 'fe80::8927:63d8:812f:a641', '169.254.166.65', 'fe80::84a4:848d:cec2:84a', '192.168.137.1', 'fe80::e9ed:ddfa:f064:e416', '192.168.33.13'], 'mac': ['5e:2c:79:6a:7a:52', '0a:00:27:00:00:10', 'd2:c5:d3:c3:02:75', 'f2:c5:d3:c3:02:75', 'd0:c5:d3:c3:02:75'], 'hostname': 'LAPTOP-O5NUGDHI'}, 'winlog': {'provider_name': 'Microsoft-Windows-Sysmon', 'opcode': '資訊', 'event_data': {'FileVersion': '10.0.19041.906 (WinBuild.160101.0800)', 'ParentProcessId': '2200', 'Hashes': 'MD5=564E4806AB18F93B93D551CD10C1598E,SHA256=0322728DBCE3A577C4A13B907AD7375D27E74880B63F7371384F67D19197A0AD,IMPHASH=3A0C6863CDE566AF997DB2DEFFF9D924', 'ParentProcessGuid': '{e36c1727-c51d-6193-2b00-000000002d00}', 'ProcessGuid': '{e36c1727-8e6a-61c0-5eba-9c5e00000000}', 'CommandLine': 'taskhostw.exe Install $(Arg0)', 'CurrentDirectory': 'C:\\\\WINDOWS\\\\system32\\\\', 'ParentCommandLine': 'C:\\\\WINDOWS\\\\system32\\\\svchost.exe -k netsvcs -p -s Schedule', 'IntegrityLevel': 'Medium', 'UtcTime': '2021-12-20 14:08:42.957', 'ProcessId': '6244', 'Image': 'C:\\\\Windows\\\\System32\\\\taskhostw.exe', 'User': 'LAPTOP-O5NUGDHI\\\\mu', 'LogonGuid': '{e36c1727-6cfb-61c0-5ae9-cf5d00000000}', 'Description': 'Host Process for Windows Tasks', 'Company': 'Microsoft Corporation', 'Product': 'Microsoft® Windows® Operating System', 'ParentImage': 'C:\\\\Windows\\\\System32\\\\svchost.exe', 'LogonId': '0x5dcfe95a', 'RuleName': '-', 'TerminalSessionId': '65', 'OriginalFileName': 'taskhostw.exe'}, 'process': {'thread': {'id': 33332}, 'pid': 25104}, 'record_id': 700, 'task': 'Process Create (rule: ProcessCreate)', 'event_id': '1', 'channel': 'Microsoft-Windows-Sysmon/Operational', 'computer_name': 'LAPTOP-O5NUGDHI', 'version': 5, 'provider_guid': '{5770385f-c22a-43e0-bf4c-06f5698ffbd9}', 'api': 'wineventlog', 'user': {'type': 'User', 'identifier': 'S-1-5-18', 'domain': 'NT AUTHORITY', 'name': 'SYSTEM'}}, 'event': {'action': 'Process Create (rule: ProcessCreate)', 'created': '2021-12-20T14:08:44.238Z', 'code': '1', 'kind': 'event', 'provider': 'Microsoft-Windows-Sysmon', 'timezone': '+08:00'}, 'log': {'level': '資訊'}}}, 