{'_index': 'winlogbeat', '_type': 'doc', '_id': 'W83-130BMs_nTerjd8Y7', '_score': 1.0, '_source': {'@timestamp': '2021-12-20T13:18:35.513Z', 'winlog': {'user': {'identifier': 'S-1-5-18', 'domain': 'NT AUTHORITY', 'name': 'SYSTEM', 'type': 'User'}, 'event_data': {'User': 'NT AUTHORITY\\\\SYSTEM', 'ParentCommandLine': 'C:\\\\WINDOWS\\\\system32\\\\svchost.exe -k netsvcs -p -s Schedule', 'Hashes': 'MD5=564E4806AB18F93B93D551CD10C1598E,SHA256=0322728DBCE3A577C4A13B907AD7375D27E74880B63F7371384F67D19197A0AD,IMPHASH=3A0C6863CDE566AF997DB2DEFFF9D924', 'ParentImage': 'C:\\\\Windows\\\\System32\\\\svchost.exe', 'CommandLine': 'taskhostw.exe', 'UtcTime': '2021-12-20 13:18:35.511', 'Product': 'Microsoft® Windows® Operating System', 'ProcessId': '36008', 'ProcessGuid': '{e36c1727-82ab-61c0-ba8e-6f5e00000000}', 'LogonId': '0x3e7', 'LogonGuid': '{e36c1727-c51c-6193-e703-000000000000}', 'TerminalSessionId': '0', 'Image': 'C:\\\\Windows\\\\System32\\\\taskhostw.exe', 'Description': 'Host Process for Windows Tasks', 'CurrentDirectory': 'C:\\\\WINDOWS\\\\system32\\\\', 'ParentProcessId': '2200', 'RuleName': '-', 'FileVersion': '10.0.19041.906 (WinBuild.160101.0800)', 'ParentProcessGuid': '{e36c1727-c51d-6193-2b00-000000002d00}', 'OriginalFileName': 'taskhostw.exe', 'IntegrityLevel': 'System', 'Company': 'Microsoft Corporation'}, 'api': 'wineventlog', 'computer_name': 'LAPTOP-O5NUGDHI', 'channel': 'Microsoft-Windows-Sysmon/Operational', 'task': 'Process Create (rule: ProcessCreate)', 'process': {'pid': 25104, 'thread': {'id': 33332}}, 'record_id': 501, 'provider_name': 'Microsoft-Windows-Sysmon', 'opcode': '資訊', 'provider_guid': '{5770385f-c22a-43e0-bf4c-06f5698ffbd9}', 'version': 5, 'event_id': '1'}, 'event': {'code': '1', 'kind': 'event', 'provider': 'Microsoft-Windows-Sysmon', 'action': 'Process Create (rule: ProcessCreate)', 'created': '2021-12-20T13:18:36.816Z', 'timezone': '+08:00'}, 'log': {'level': '資訊'}, 'message': 'Process Create:\\nRuleName: -\\nUtcTime: 2021-12-20 13:18:35.511\\nProcessGuid: {e36c1727-82ab-61c0-ba8e-6f5e00000000}\\nProcessId: 36008\\nImage: C:\\\\Windows\\\\System32\\\\taskhostw.exe\\nFileVersion: 10.0.19041.906 (WinBuild.160101.0800)\\nDescription: Host Process for Windows Tasks\\nProduct: Microsoft® Windows® Operating System\\nCompany: Microsoft Corporation\\nOriginalFileName: taskhostw.exe\\nCommandLine: taskhostw.exe\\nCurrentDirectory: C:\\\\WINDOWS\\\\system32\\\\\\nUser: NT AUTHORITY\\\\SYSTEM\\nLogonGuid: {e36c1727-c51c-6193-e703-000000000000}\\nLogonId: 0x3E7\\nTerminalSessionId: 0\\nIntegrityLevel: System\\nHashes: MD5=564E4806AB18F93B93D551CD10C1598E,SHA256=0322728DBCE3A577C4A13B907AD7375D27E74880B63F7371384F67D19197A0AD,IMPHASH=3A0C6863CDE566AF997DB2DEFFF9D924\\nParentProcessGuid: {e36c1727-c51d-6193-2b00-000000002d00}\\nParentProcessId: 2200\\nParentImage: C:\\\\Windows\\\\System32\\\\svchost.exe\\nParentCommandLine: C:\\\\WINDOWS\\\\system32\\\\svchost.exe -k netsvcs -p -s Schedule', 'host': {'mac': ['5e:2c:79:6a:7a:52', '0a:00:27:00:00:10', 'd2:c5:d3:c3:02:75', 'f2:c5:d3:c3:02:75', 'd0:c5:d3:c3:02:75'], 'name': 'LAPTOP-O5NUGDHI', 'hostname': 'LAPTOP-O5NUGDHI', 'architecture': 'x86_64', 'os': {'build': '19042.1348', 'type': 'windows', 'platform': 'windows', 'version': '10.0', 'family': 'windows', 'name': 'Windows 10 Home', 'kernel': '10.0.19041.1348 (WinBuild.160101.0800)'}, 'id': 'e36c1727-1de3-433d-994a-ca48c783f851', 'ip': ['fe80::58e1:a727:458c:c8be', '169.254.200.190', 'fe80::4de3:b7e9:d153:1f26', '192.168.56.1', 'fe80::8927:63d8:812f:a641', '169.254.166.65', 'fe80::84a4:848d:cec2:84a', '192.168.137.1', 'fe80::e9ed:ddfa:f064:e416', '192.168.33.13']}, 'fields': {'endpoint_email': 't108ab0706@ntut.org.tw', 'endpoint_org3': 'T7-1639616151642', 'endpoint_project': 'df909038f4bcafd88f8d49c7f6ad5ccd'}, 'agent': {'ephemeral_id': '15a65e24-2d8b-4182-ba26-0ab8c6e22ccc', 'id': 'bacf81f0-932a-4bf6-8615-09b8fbf307ac', 'name': 'LAPTOP-O5NUGDHI', 'type': 'winlogbeat', 'version': '7.13.2', 'hostname': 'LAPTOP-O5NUGDHI'}, 'ecs': {'version': '1.9.0'}}}, {'_index': 'winlogbeat', '_type': 'doc', '_id': 'f80A2H0BMs_nTerjGMa_', '_score': 1.0, '_source': {'@timestamp': '2021-12-20T13:20:22.949Z', 'ecs': {'version': '1.9.0'}, 'winlog': {'process': {'pid': 53848, 'thread': {'id': 26096}}, 'provider_guid': '{5770385f-c22a-43e0-bf4c-06f5698ffbd9}', 'computer_name': 'DESKTOP-T3V8EOP', 'version': 5, 'event_data': {'Product': 'Microsoft Edge', 'IntegrityLevel': 'Low', 'TerminalSessionId': '2', 'Description': 'Microsoft Edge', 'UtcTime': '2021-12-20 13:20:22.946', 'CommandLine': '\"C:\\\\Program Files (x86)\\\\Microsoft\\\\Edge\\\\Application\\\\msedge.exe\" --type=renderer --disable-client-side-phishing-detection --display-capture-permissions-policy-allowed --field-trial-handle=2096,10217503095378327848,5264171936250097817,131072 --disable-databases --lang=zh-TW --device-scale-factor=1.25 --num-raster-threads=4 --enable-main-frame-before-activation --renderer-client-id=1157 --mojo-platform-channel-handle=11092 /prefetch:1', 'ParentImage': 'C:\\\\Program Files (x86)\\\\Microsoft\\\\Edge\\\\Application\\\\msedge.exe', 'ParentProcessId': '27400', 'LogonGuid': '{1f725ed7-4242-61bc-0f2a-a16b00000000}', 'CurrentDirectory': 'C:\\\\Program Files (x86)\\\\Microsoft\\\\Edge\\\\Application\\\\96.0.1054.57\\\\', 'ProcessId': '31880', 'FileVersion': '96.0.1054.57', 'Company': 'Microsoft Corporation', 'Hashes': 'MD5=3AEE5493F9C660F6565840F704EAC3D5,SHA256=A02EC567414051D8B0707B9E15BB1BA1CE9068394F30EF70C4D97F17E2CE4F79,IMPHASH=680C3B3C075FF57057C290713261CB56', 'User': 'DESKTOP-T3V8EOP\\\\a3789', 'LogonId': '0x6ba12a0f', 'ParentProcessGuid': '{1f725ed7-4264-61bc-2db1-000000000d00}', 'Image': 'C:\\\\Program Files (x86)\\\\Microsoft\\\\Edge\\\\Application\\\\msedge.exe', 'ProcessGuid': '{1f725ed7-8316-61c0-3d76-ed8100000000}', 'OriginalFileName': 'msedge.exe', 'RuleName': '-', 'ParentCommandLine': '\"C:\\\\Program Files (x86)\\\\Microsoft\\\\Edge\\\\Application\\\\msedge.exe\" --profile-directory=Default'}, 'channel': 'Microsoft-Windows-Sysmon/Operational', 'event_id': '1', 'user': {'type': 'User', 'identifier': 'S-1-5-18', 'domain': 'NT AUTHORITY', 'name': 'SYSTEM'}, 'provider_name': 'Microsoft-Windows-Sysmon', 'record_id': 655, 'api': 'wineventlog'}, 'event': {'created': '2021-12-20T13:20:24.104Z', 'code': '1', 'kind': 'event', 'provider': 'Microsoft-Windows-Sysmon', 'timezone': '+08:00'}, 'log': {'level': 'information'}, 'host': {'architecture': 'x86_64', 'os': {'type': 'windows', 'platform': 'windows', 'version': '10.0', 'family': 'windows', 'name': 'Windows 10 Pro', 'kernel': '10.0.22000.318 (WinBuild.160101.0800)', 'build': '22000.318'}, 'id': '1f725ed7-b14c-494d-9fc1-4bc3eeb0b29b', 'ip': ['fe80::1911:e65c:d649:9768', '192.168.56.1', 'fe80::24c3:baf3:3d58:f2af', '169.254.242.175', 'fe80::a832:f35:3de:862c', '169.254.134.44', 'fe80::d4a8:14f8:2744:a74a', '192.168.0.83', 'fe80::4d6b:1d3e:cee1:343d', '169.254.52.61'], 'mac': ['0a:00:27:00:00:10', '24:ee:9a:ff:17:da', '26:ee:9a:ff:17:d9', '24:ee:9a:ff:17:d9', '24:ee:9a:ff:17:dd'], 'name': 'DESKTOP-T3V8EOP', 'hostname': 'DESKTOP-T3V8EOP'}, 'fields': {'endpoint_project': 'df909038f4bcafd88f8d49c7f6ad5ccd', 'endpoint_email': 'a3789468739@gmail.com', 'endpoint_org3': 'T7-1639616151642'}, 'agent': {'ephemeral_id': '41f4d791-f3b8-47ed-b193-c7151f023406', 'id': '621af60c-6ab1-4b77-803e-d523c7d8ec04', 'name': 'DESKTOP-T3V8EOP', 'type': 'winlogbeat', 'version': '7.13.2', 'hostname': 'DESKTOP-T3V8EOP'}}}, {'_index': 'winlogbeat', '_type': 'doc', '_id': 'hM0A2H0BMs_nTerjPMYg', '_score': 1.0, '_source': {'@timestamp': '2021-12-20T13:20:31.397Z', 'winlog': {'version': 5, 'provider_name': 'Microsoft-Windows-Sysmon', 'record_id': 660, 'api': 'wineventlog', 'user': {'type': 'User', 'identifier': 'S-1-5-18', 'domain': 'NT AUTHORITY', 'name': 'SYSTEM'}, 'event_data': {'FileVersion': '96.0.1054.57', 'TerminalSessionId': '2', 'UtcTime': '2021-12-20 13:20:31.389', 'Description': 'Microsoft Edge', 'Company': 'Microsoft Corporation', 'ProcessId': '53720', 'User': 'DESKTOP-T3V8EOP\\\\a3789', 'CurrentDirectory': 'C:\\\\Program Files (x86)\\\\Microsoft\\\\Edge\\\\Application\\\\96.0.1054.57\\\\', 'LogonGuid': '{1f725ed7-4242-61bc-0f2a-a16b00000000}', 'IntegrityLevel': 'Low', 'ParentProcessId': '27400', 'Product': 'Microsoft Edge', 'CommandLine': '\"C:\\\\Program Files (x86)\\\\Microsoft\\\\Edge\\\\Application\\\\msedge.exe\" --type=renderer --disable-client-side-phishing-detection --display-capture-permissions-policy-allowed --field-trial-handle=2096,10217503095378327848,5264171936250097817,131072 --disable-databases --lang=zh-TW --device-scale-factor=1.25 --num-raster-threads=4 --enable-main-frame-before-activation --renderer-client-id=1159 --mojo-platform-channel-handle=11832 /prefetch:1', 'ParentProcessGuid': '{1f725ed7-4264-61bc-2db1-000000000d00}', 'ParentImage': 'C:\\\\Program Files (x86)\\\\Microsoft\\\\Edge\\\\Application\\\\msedge.exe', 'RuleName': '-', 'Image': 'C:\\\\Program Files (x86)\\\\Microsoft\\\\Edge\\\\Application\\\\msedge.exe', 'LogonId': '0x6ba12a0f', 'ParentCommandLine': '\"C:\\\\Program Files (x86)\\\\Microsoft\\\\Edge\\\\Application\\\\msedge.exe\" --profile-directory=Default', 'ProcessGuid': '{1f725ed7-831f-61c0-9d2c-ee8100000000}', 'OriginalFileName': 'msedge.exe', 'Hashes': 'MD5=3AEE5493F9C660F6565840F704EAC3D5,SHA256=A02EC567414051D8B0707B9E15BB1BA1CE9068394F30EF70C4D97F17E2CE4F79,IMPHASH=680C3B3C075FF57057C290713261CB56'}, 'process': {'pid': 53848, 'thread': {'id': 26096}}, 'event_id': '1', 'channel': 'Microsoft-Windows-Sysmon/Operational', 'computer_name': 'DESKTOP-T3V8EOP', 'provider_guid': '{5770385f-c22a-43e0-bf4c-06f5698ffbd9}'}, 'event': {'kind': 'event', 'timezone': '+08:00', 'provider': 'Microsoft-Windows-Sysmon', 'created': '2021-12-20T13:20:33.169Z', 'code': '1'}, 'log': {'level': 'information'}, 'fields': {'endpoint_email': 'a3789468739@gmail.com', 'endpoint_org3': 'T7-1639616151642', 'endpoint_project': 'df909038f4bcafd88f8d49c7f6ad5ccd'}, 'ecs': {'version': '1.9.0'}, 'agent': {'version': '7.13.2', 'hostname': 'DESKTOP-T3V8EOP', 'ephemeral_id': '41f4d791-f3b8-47ed-b193-c7151f023406', 'id': '621af60c-6ab1-4b77-803e-d523c7d8ec04', 'name': 'DESKTOP-T3V8EOP', 'type': 'winlogbeat'}, 'host': {'name': 'DESKTOP-T3V8EOP', 'architecture': 'x86_64', 'os': {'platform': 'windows', 'version': '10.0', 'family': 'windows', 'name': 'Windows 10 Pro', 'kernel': '10.0.22000.318 (WinBuild.160101.0800)', 'build': '22000.318', 'type': 'windows'}, 'id': '1f725ed7-b14c-494d-9fc1-4bc3eeb0b29b', 'ip': ['fe80::1911:e65c:d649:9768', '192.168.56.1', 'fe80::24c3:baf3:3d58:f2af', '169.254.242.175', 'fe80::a832:f35:3de:862c', '169.254.134.44', 'fe80::d4a8:14f8:2744:a74a', '192.168.0.83', 'fe80::4d6b:1d3e:cee1:343d', '169.254.52.61'], 'mac': ['0a:00:27:00:00:10', '24:ee:9a:ff:17:da', '26:ee:9a:ff:17:d9', '24:ee:9a:ff:17:d9', '24:ee:9a:ff:17:dd'], 'hostname': 'DESKTOP-T3V8EOP'}}}, {'_index': 'winlogbeat', '_type': 'doc', '_id': 'Xs3-130BMs_nTerjr8bv', '_score': 1.0, '_source': {'@timestamp': '2021-12-20T13:18:50.017Z', 'event': {'kind': 'event', 'provider': 'Microsoft-Windows-Sysmon', 'timezone': '+08:00', 'created': '2021-12-20T13:18:51.738Z', 'code': '1'}, 'log': {'level': 'information'}, 'host': {'os': {'family': 'windows', 'name': 'Windows 10 Pro', 'kernel': '10.0.22000.318 (WinBuild.160101.0800)', 'build': '22000.318', 'type': 'windows', 'platform': 'windows', 'version': '10.0'}, 'id': '1f725ed7-b14c-494d-9fc1-4bc3eeb0b29b', 'ip': ['fe80::1911:e65c:d649:9768', '192.168.56.1', 'fe80::24c3:baf3:3d58:f2af', '169.254.242.175', 'fe80::a832:f35:3de:862c', '169.254.134.44', 'fe80::d4a8:14f8:2744:a74a', '192.168.0.83', 'fe80::4d6b:1d3e:cee1:343d', '169.254.52.61'], 'mac': ['0a:00:27:00:00:10', '24:ee:9a:ff:17:da', '26:ee:9a:ff:17:d9', '24:ee:9a:ff:17:d9', '24:ee:9a:ff:17:dd'], 'hostname': 'DESKTOP-T3V8EOP', 'name': 'DESKTOP-T3V8EOP', 'architecture': 'x86_64'}, 'fields': {'endpoint_project': 'df909038f4bcafd88f8d49c7f6ad5ccd', 'endpoint_email': 'a3789468739@gmail.com', 'endpoint_org3': 'T7-1639616151642'}, 'ecs': {'version': '1.9.0'}, 'agent': {'name': 'DESKTOP-T3V8EOP', 'type': 'winlogbeat', 'version': '7.13.2', 'hostname': 'DESKTOP-T3V8EOP', 'ephemeral_id': '41f4d791-f3b8-47ed-b193-c7151f023406', 'id': '621af60c-6ab1-4b77-803e-d523c7d8ec04'}, 'winlog': {'process': {'pid': 53848, 'thread': {'id': 26096}}, 'user': {'domain': 'NT AUTHORITY', 'name': 'SYSTEM', 'type': 'User', 'identifier': 'S-1-5-18'}, 'api': 'wineventlog', 'version': 5, 'record_id': 648, 'computer_name': 'DESKTOP-T3V8EOP', 'provider_guid': '{5770385f-c22a-43e0-bf4c-06f5698ffbd9}', 'event_data': {'LogonGuid': '{1f725ed7-4242-61bc-0f2a-a16b00000000}', 'LogonId': '0x6ba12a0f', 'TerminalSessionId': '2', 'ProcessId': '54348', 'CurrentDirectory': 'C:\\\\Program Files (x86)\\\\Microsoft\\\\Edge\\\\Application\\\\96.0.1054.57\\\\', 'ParentCommandLine': '\"C:\\\\Program Files (x86)\\\\Microsoft\\\\Edge\\\\Application\\\\msedge.exe\" --profile-directory=Default', 'UtcTime': '2021-12-20 13:18:50.012', 'Product': 'Microsoft Edge', 'IntegrityLevel': 'Low', 'Image': 'C:\\\\Program Files (x86)\\\\Microsoft\\\\Edge\\\\Application\\\\msedge.exe', 'FileVersion': '96.0.1054.57', 'ProcessGuid': '{1f725ed7-82ba-61c0-e9d3-e88100000000}', 'Company': 'Microsoft Corporation', 'CommandLine': '\"C:\\\\Program Files (x86)\\\\Microsoft\\\\Edge\\\\Application\\\\msedge.exe\" --type=renderer --disable-client-side-phishing-detection --display-capture-permissions-policy-allowed --field-trial-handle=2096,10217503095378327848,5264171936250097817,131072 --disable-databases --lang=zh-TW --device-scale-factor=1.25 --num-raster-threads=4 --enable-main-frame-before-activation --renderer-client-id=1153 --mojo-platform-channel-handle=9580 /prefetch:1', 'User': 'DESKTOP-T3V8EOP\\\\a3789', 'OriginalFileName': 'msedge.exe', 'Description': 'Microsoft Edge', 'ParentProcessId': '27400', 'ParentImage': 'C:\\\\Program Files (x86)\\\\Microsoft\\\\Edge\\\\Application\\\\msedge.exe', 'RuleName': '-', 'Hashes': 'MD5=3AEE5493F9C660F6565840F704EAC3D5,SHA256=A02EC567414051D8B0707B9E15BB1BA1CE9068394F30EF70C4D97F17E2CE4F79,IMPHASH=680C3B3C075FF57057C290713261CB56', 'ParentProcessGuid': '{1f725ed7-4264-61bc-2db1-000000000d00}'}, 'channel': 'Microsoft-Windows-Sysmon/Operational', 'event_id': '1', 'provider_name': 'Microsoft-Windows-Sysmon'}}}, {'_index': 'winlogbeat', '_type': 'doc', '_id': 'd80A2H0BMs_nTerjCsbn', '_score': 1.0, '_source': {'@timestamp': '2021-12-20T13:20:18.142Z', 'fields': {'endpoint_email': 't108ab0706@ntut.org.tw', 'endpoint_org3': 'T7-1639616151642', 'endpoint_project': 'df909038f4bcafd88f8d49c7f6ad5ccd'}, 'ecs': {'version': '1.9.0'}, 'agent': {'type': 'winlogbeat', 'version': '7.13.2', 'hostname': 'LAPTOP-O5NUGDHI', 'ephemeral_id': '15a65e24-2d8b-4182-ba26-0ab8c6e22ccc', 'id': 'bacf81f0-932a-4bf6-8615-09b8fbf307ac', 'name': 'LAPTOP-O5NUGDHI'}, 'winlog': {'opcode': '資訊', 'user': {'identifier': 'S-1-5-18', 'domain': 'NT AUTHORITY', 'name': 'SYSTEM', 'type': 'User'}, 'task': 'Network connection detected (rule: NetworkConnect)', 'computer_name': 'LAPTOP-O5NUGDHI', 'version': 5, 'api': 'wineventlog', 'event_data': {'SourceHostname': 'LAPTOP-O5NUGDHI.hitronhub.home', 'SourcePort': '1699', 'RuleName': 'Usermode', 'DestinationIp': '147.92.191.86', 'DestinationHostname': '-', 'DestinationIsIpv6': 'false', 'ProcessId': '33192', 'Protocol': 'tcp', 'User': 'LAPTOP-O5NUGDHI\\\\mu', 'SourceIp': '192.168.33.13', 'DestinationPortName': 'https', 'ProcessGuid': '{e36c1727-7ad5-61c0-1729-010000002d00}', 'SourcePortName': '-', 'UtcTime': '2021-12-20 13:08:50.284', 'SourceIsIpv6': 'false', 'Image': 'C:\\\\Users\\\\x1tiw\\\\AppData\\\\Local\\\\LINE\\\\bin\\\\current\\\\LINE.exe', 'Initiated': 'true', 'DestinationPort': '443'}, 'provider_name': 'Microsoft-Windows-Sysmon', 'record_id': 521, 'process': {'pid': 25104, 'thread': {'id': 25128}}, 'event_id': '3', 'provider_guid': '{5770385f-c22a-43e0-bf4c-06f5698ffbd9}', 'channel': 'Microsoft-Windows-Sysmon/Operational'}, 'event': {'provider': 'Microsoft-Windows-Sysmon', 'action': 'Network connection detected (rule: NetworkConnect)', 'timezone': '+08:00', 'created': '2021-12-20T13:20:20.155Z', 'code': '3', 'kind': 'event'}, 'log': {'level': '資訊'}, 'message': 'Network connection detected:\\nRuleName: Usermode\\nUtcTime: 2021-12-20 13:08:50.284\\nProcessGuid: {e36c1727-7ad5-61c0-1729-010000002d00}\\nProcessId: 33192\\nImage: C:\\\\Users\\\\x1tiw\\\\AppData\\\\Local\\\\LINE\\\\bin\\\\current\\\\LINE.exe\\nUser: LAPTOP-O5NUGDHI\\\\mu\\nProtocol: tcp\\nInitiated: true\\nSourceIsIpv6: false\\nSourceIp: 192.168.33.13\\nSourceHostname: LAPTOP-O5NUGDHI.hitronhub.home\\nSourcePort: 1699\\nSourcePortName: -\\nDestinationIsIpv6: false\\nDestinationIp: 147.92.191.86\\nDestinationHostname: -\\nDestinationPort: 443\\nDestinationPortName: https', 'host': {'os': {'build': '19042.1348', 'type': 'windows', 'platform': 'windows', 'version': '10.0', 'family': 'windows', 'name': 'Windows 10 Home', 'kernel': '10.0.19041.1348 (WinBuild.160101.0800)'}, 'name': 'LAPTOP-O5NUGDHI', 'id': 'e36c1727-1de3-433d-994a-ca48c783f851', 'ip': ['fe80::58e1:a727:458c:c8be', '169.254.200.190', 'fe80::4de3:b7e9:d153:1f26', '192.168.56.1', 'fe80::8927:63d8:812f:a641', '169.254.166.65', 'fe80::84a4:848d:cec2:84a', '192.168.137.1', 'fe80::e9ed:ddfa:f064:e416', '192.168.33.13'], 'mac': ['5e:2c:79:6a:7a:52', '0a:00:27:00:00:10', 'd2:c5:d3:c3:02:75', 'f2:c5:d3:c3:02:75', 'd0:c5:d3:c3:02:75'], 'hostname': 'LAPTOP-O5NUGDHI', 'architecture': 'x86_64'}}}, {'_index': 'winlogbeat', '_type': 'doc', '_id': 'e80A2H0BMs_nTerjDsbN', '_score': 1.0, '_source': {'@timestamp': '2021-12-20T13:20:19.185Z', 'log': {'level': '資訊'}, 'message': 'Network connection detected:\\nRuleName: Usermode\\nUtcTime: 2021-12-20 13:08:50.785\\nProcessGuid: {e36c1727-7ad5-61c0-1729-010000002d00}\\nProcessId: 33192\\nImage: C:\\\\Users\\\\x1tiw\\\\AppData\\\\Local\\\\LINE\\\\bin\\\\current\\\\LINE.exe\\nUser: LAPTOP-O5NUGDHI\\\\mu\\nProtocol: tcp\\nInitiated: true\\nSourceIsIpv6: false\\nSourceIp: 192.168.33.13\\nSourceHostname: LAPTOP-O5NUGDHI.hitronhub.home\\nSourcePort: 1701\\nSourcePortName: -\\nDestinationIsIpv6: false\\nDestinationIp: 104.66.138.220\\nDestinationHostname: a104-66-138-220.deploy.static.akamaitechnologies.com\\nDestinationPort: 443\\nDestinationPortName: https', 'host': {'id': 'e36c1727-1de3-433d-994a-ca48c783f851', 'ip': ['fe80::58e1:a727:458c:c8be', '169.254.200.190', 'fe80::4de3:b7e9:d153:1f26', '192.168.56.1', 'fe80::8927:63d8:812f:a641', '169.254.166.65', 'fe80::84a4:848d:cec2:84a', '192.168.137.1', 'fe80::e9ed:ddfa:f064:e416', '192.168.33.13'], 'mac': ['5e:2c:79:6a:7a:52', '0a:00:27:00:00:10', 'd2:c5:d3:c3:02:75', 'f2:c5:d3:c3:02:75', 'd0:c5:d3:c3:02:75'], 'hostname': 'LAPTOP-O5NUGDHI', 'architecture': 'x86_64', 'name': 'LAPTOP-O5NUGDHI', 'os': {'kernel': '10.0.19041.1348 (WinBuild.160101.0800)', 'build': '19042.1348', 'type': 'windows', 'platform': 'windows', 'version': '10.0', 'family': 'windows', 'name': 'Windows 10 Home'}}, 'winlog': {'version': 5, 'computer_name': 'LAPTOP-O5NUGDHI', 'task': 'Network connection detected (rule: NetworkConnect)', 'provider_guid': '{5770385f-c22a-43e0-bf4c-06f5698ffbd9}', 'user': {'identifier': 'S-1-5-18', 'domain': 'NT AUTHORITY', 'name': 'SYSTEM', 'type': 'User'}, 'process': {'pid': 25104, 'thread': {'id': 25128}}, 'channel': 'Microsoft-Windows-Sysmon/Operational', 'opcode': '資訊', 'event_id': '3', 'api': 'wineventlog', 'record_id': 525, 'event_data': {'SourcePortName': '-', 'Image': 'C:\\\\Users\\\\x1tiw\\\\AppData\\\\Local\\\\LINE\\\\bin\\\\current\\\\LINE.exe', 'DestinationHostname': 'a104-66-138-220.deploy.static.akamaitechnologies.com', 'SourceIsIpv6': 'false', 'Initiated': 'true', 'DestinationIsIpv6': 'false', 'SourceIp': '192.168.33.13', 'SourcePort': '1701', 'ProcessId': '33192', 'DestinationIp': '104.66.138.220', 'UtcTime': '2021-12-20 13:08:50.785', 'User': 'LAPTOP-O5NUGDHI\\\\mu', 'DestinationPort': '443', 'ProcessGuid': '{e36c1727-7ad5-61c0-1729-010000002d00}', 'RuleName': 'Usermode', 'SourceHostname': 'LAPTOP-O5NUGDHI.hitronhub.home', 'Protocol': 'tcp', 'DestinationPortName': 'https'}, 'provider_name': 'Microsoft-Windows-Sysmon'}, 'fields': {'endpoint_project': 'df909038f4bcafd88f8d49c7f6ad5ccd', 'endpoint_email': 't108ab0706@ntut.org.tw', 'endpoint_org3': 'T7-1639616151642'}, 'ecs': {'version': '1.9.0'}, 'agent': {'name': 'LAPTOP-O5NUGDHI', 'type': 'winlogbeat', 'version': '7.13.2', 'hostname': 'LAPTOP-O5NUGDHI', 'ephemeral_id': '15a65e24-2d8b-4182-ba26-0ab8c6e22ccc', 'id': 'bacf81f0-932a-4bf6-8615-09b8fbf307ac'}, 'event': {'created': '2021-12-20T13:20:21.158Z', 'code': '3', 'kind': 'event', 'provider': 'Microsoft-Windows-Sysmon', 'action': 'Network connection detected (rule: NetworkConnect)', 'timezone': '+08:00'}}}, {'_index': 'winlogbeat', '_type': 'doc', '_id': '1s0B2H0BMs_nTerjTsb8', '_score': 1.0, '_source': {'@timestamp': '2021-12-20T13:21:41.989Z', 'host': {'architecture': 'x86_64', 'os': {'kernel': '10.0.22000.318 (WinBuild.160101.0800)', 'build': '22000.318', 'type': 'windows', 'platform': 'windows', 'version': '10.0', 'family': 'windows', 'name': 'Windows 10 Pro'}, 'id': '1f725ed7-b14c-494d-9fc1-4bc3eeb0b29b', 'name': 'DESKTOP-T3V8EOP', 'ip': ['fe80::1911:e65c:d649:9768', '192.168.56.1', 'fe80::24c3:baf3:3d58:f2af', '169.254.242.175', 'fe80::a832:f35:3de:862c', '169.254.134.44', 'fe80::d4a8:14f8:2744:a74a', '192.168.0.83', 'fe80::4d6b:1d3e:cee1:343d', '169.254.52.61'], 'mac': ['0a:00:27:00:00:10', '24:ee:9a:ff:17:da', '26:ee:9a:ff:17:d9', '24:ee:9a:ff:17:d9', '24:ee:9a:ff:17:dd'], 'hostname': 'DESKTOP-T3V8EOP'}, 'winlog': {'event_data': {'CurrentDirectory': 'C:\\\\Program Files\\\\Rivet Networks\\\\SmartByte\\\\', 'ParentCommandLine': '\"RAPS.exe\"', 'ParentProcessGuid': '{1f725ed7-296e-61ab-8f00-000000000d00}', 'Image': 'C:\\\\Program Files\\\\Rivet Networks\\\\SmartByte\\\\RAPS.exe', 'UtcTime': '2021-12-20 13:21:41.987', 'Description': 'RivetAPS', 'User': 'DESKTOP-T3V8EOP\\\\a3789', 'TerminalSessionId': '2', 'ParentImage': 'C:\\\\Program Files\\\\Rivet Networks\\\\SmartByte\\\\RAPS.exe', 'RuleName': '-', 'ProcessGuid': '{1f725ed7-8365-61c0-13ef-f28100000000}', 'OriginalFileName': 'RAPS.exe', 'LogonId': '0x6ba12a0f', 'ParentProcessId': '5312', 'Product': 'RivetAPS', 'CommandLine': 'RAPS.exe -u', 'ProcessId': '18224', 'LogonGuid': '{1f725ed7-4242-61bc-0f2a-a16b00000000}', 'IntegrityLevel': 'Medium', 'FileVersion': '3.1.995.0', 'Hashes': 'MD5=F70A23758DA94B90A01CC791ACC7F385,SHA256=EEBCC0C6FD9A7BF70BA3028DAEA19C450FCC698169C2E5B03F6BEF9D4BBA1A6F,IMPHASH=935B686812E8D4246E2278AF50AA30FB', 'Company': 'Rivet Networks LLC'}, 'user': {'identifier': 'S-1-5-18', 'domain': 'NT AUTHORITY', 'name': 'SYSTEM', 'type': 'User'}, 'channel': 'Microsoft-Windows-Sysmon/Operational', 'event_id': '1', 'process': {'pid': 53848, 'thread': {'id': 26096}}, 'provider_name': 'Microsoft-Windows-Sysmon', 'provider_guid': '{5770385f-c22a-43e0-bf4c-06f5698ffbd9}', 'version': 5, 'api': 'wineventlog', 'record_id': 705, 'computer_name': 'DESKTOP-T3V8EOP'}, 'event': {'code': '1', 'kind': 'event', 'timezone': '+08:00', 'provider': 'Microsoft-Windows-Sysmon', 'created': '2021-12-20T13:21:43.528Z'}, 'log': {'level': 'information'}, 'fields': {'endpoint_email': 'a3789468739@gmail.com', 'endpoint_org3': 'T7-1639616151642', 'endpoint_project': 'df909038f4bcafd88f8d49c7f6ad5ccd'}, 'ecs': {'version': '1.9.0'}, 'agent': {'name': 'DESKTOP-T3V8EOP', 'type': 'winlogbeat', 'version': '7.13.2', 'hostname': 'DESKTOP-T3V8EOP', 'ephemeral_id': '41f4d791-f3b8-47ed-b193-c7151f023406', 'id': '621af60c-6ab1-4b77-803e-d523c7d8ec04'}}}, {'_index': 'winlogbeat', '_type': 'doc', '_id': 'fc0Q2H0BMs_nTerjbsj7', '_score': 1.0, '_source': {'@timestamp': '2021-12-20T13:38:13.822Z', 'winlog': {'user': {'identifier': 'S-1-5-18', 'domain': 'NT AUTHORITY', 'name': 'SYSTEM', 'type': 'User'}, 'record_id': 789, 'version': 5, 'channel': 'Microsoft-Windows-Sysmon/Operational', 'computer_name': 'DESKTOP-T3V8EOP', 'api': 'wineventlog', 'process': {'pid': 53848, 'thread': {'id': 26096}}, 'event_data': {'ParentCommandLine': '\"RAPS.exe\"', 'Product': 'RivetAPS', 'ParentProcessGuid': '{1f725ed7-296e-61ab-8f00-000000000d00}', 'TerminalSessionId': '2', 'CurrentDirectory': 'C:\\\\Program Files\\\\Rivet Networks\\\\SmartByte\\\\', 'LogonId': '0x6ba12a0f', 'CommandLine': 'RAPS.exe -u', 'Image': 'C:\\\\Program Files\\\\Rivet Networks\\\\SmartByte\\\\RAPS.exe', 'OriginalFileName': 'RAPS.exe', 'IntegrityLevel': 'Medium', 'FileVersion': '3.1.995.0', 'ParentProcessId': '5312', 'ParentImage': 'C:\\\\Program Files\\\\Rivet Networks\\\\SmartByte\\\\RAPS.exe', 'User': 'DESKTOP-T3V8EOP\\\\a3789', 'LogonGuid': '{1f725ed7-4242-61bc-0f2a-a16b00000000}', 'ProcessGuid': '{1f725ed7-8745-61c0-7916-2d8200000000}', 'UtcTime': '2021-12-20 13:38:13.820', 'Company': 'Rivet Networks LLC', 'ProcessId': '9356', 'Description': 'RivetAPS', 'Hashes': 'MD5=F70A23758DA94B90A01CC791ACC7F385,SHA256=EEBCC0C6FD9A7BF70BA3028DAEA19C450FCC698169C2E5B03F6BEF9D4BBA1A6F,IMPHASH=935B686812E8D4246E2278AF50AA30FB', 'RuleName': '-'}, 'event_id': '1', 'provider_name': 'Microsoft-Windows-Sysmon', 'provider_guid': '{5770385f-c22a-43e0-bf4c-06f5698ffbd9}'}, 'event': {'code': '1', 'kind': 'event', 'provider': 'Microsoft-Windows-Sysmon', 'created': '2021-12-20T13:38:14.763Z', 'timezone': '+08:00'}, 'fields': {'endpoint_org3': 'T7-1639616151642', 'endpoint_project': 'df909038f4bcafd88f8d49c7f6ad5ccd', 'endpoint_email': 'a3789468739@gmail.com'}, 'ecs': {'version': '1.9.0'}, 'agent': {'hostname': 'DESKTOP-T3V8EOP', 'ephemeral_id': '41f4d791-f3b8-47ed-b193-c7151f023406', 'id': '621af60c-6ab1-4b77-803e-d523c7d8ec04', 'name': 'DESKTOP-T3V8EOP', 'type': 'winlogbeat', 'version': '7.13.2'}, 'log': {'level': 'information'}, 'host': {'hostname': 'DESKTOP-T3V8EOP', 'architecture': 'x86_64', 'os': {'type': 'windows', 'platform': 'windows', 'version': '10.0', 'family': 'windows', 'name': 'Windows 10 Pro', 'kernel': '10.0.22000.318 (WinBuild.160101.0800)', 'build': '22000.318'}, 'id': '1f725ed7-b14c-494d-9fc1-4bc3eeb0b29b', 'name': 'DESKTOP-T3V8EOP', 'ip': ['fe80::1911:e65c:d649:9768', '192.168.56.1', 'fe80::24c3:baf3:3d58:f2af', '169.254.242.175', 'fe80::a832:f35:3de:862c', '169.254.134.44', 'fe80::d4a8:14f8:2744:a74a', '192.168.0.83', 'fe80::4d6b:1d3e:cee1:343d', '169.254.52.61'], 'mac': ['0a:00:27:00:00:10', '24:ee:9a:ff:17:da', '26:ee:9a:ff:17:d9', '24:ee:9a:ff:17:d9', '24:ee:9a:ff:17:dd']}}}, {'_index': 'winlogbeat', '_type': 'doc', '_id': 'gc0Q2H0BMs_nTerjesjN', '_score': 1.0, '_source': {'@timestamp': '2021-12-20T13:38:16.670Z', 'log': {'level': 'information'}, 'host': {'name': 'DESKTOP-T3V8EOP', 'ip': ['fe80::1911:e65c:d649:9768', '192.168.56.1', 'fe80::24c3:baf3:3d58:f2af', '169.254.242.175', 'fe80::a832:f35:3de:862c', '169.254.134.44', 'fe80::d4a8:14f8:2744:a74a', '192.168.0.83', 'fe80::4d6b:1d3e:cee1:343d', '169.254.52.61'], 'mac': ['0a:00:27:00:00:10', '24:ee:9a:ff:17:da', '26:ee:9a:ff:17:d9', '24:ee:9a:ff:17:d9', '24:ee:9a:ff:17:dd'], 'hostname': 'DESKTOP-T3V8EOP', 'architecture': 'x86_64', 'os': {'build': '22000.318', 'type': 'windows', 'platform': 'windows', 'version': '10.0', 'family': 'windows', 'name': 'Windows 10 Pro', 'kernel': '10.0.22000.318 (WinBuild.160101.0800)'}, 'id': '1f725ed7-b14c-494d-9fc1-4bc3eeb0b29b'}, 'fields': {'endpoint_email': 'a3789468739@gmail.com', 'endpoint_org3': 'T7-1639616151642', 'endpoint_project': 'df909038f4bcafd88f8d49c7f6ad5ccd'}, 'ecs': {'version': '1.9.0'}, 'agent': {'name': 'DESKTOP-T3V8EOP', 'type': 'winlogbeat', 'version': '7.13.2', 'hostname': 'DESKTOP-T3V8EOP', 'ephemeral_id': '41f4d791-f3b8-47ed-b193-c7151f023406', 'id': '621af60c-6ab1-4b77-803e-d523c7d8ec04'}, 'winlog': {'computer_name': 'DESKTOP-T3V8EOP', 'version': 5, 'event_id': '1', 'provider_name': 'Microsoft-Windows-Sysmon', 'event_data': {'ProcessGuid': '{1f725ed7-8748-61c0-9a38-2d8200000000}', 'CommandLine': '\"C:\\\\Program Files (x86)\\\\Microsoft\\\\Edge\\\\Application\\\\msedge.exe\" --type=renderer --disable-client-side-phishing-detection --display-capture-permissions-policy-allowed --field-trial-handle=2096,10217503095378327848,5264171936250097817,131072 --disable-databases --lang=zh-TW --device-scale-factor=1.25 --num-raster-threads=4 --enable-main-frame-before-activation --renderer-client-id=1195 --mojo-platform-channel-handle=13604 /prefetch:1', 'Hashes': 'MD5=3AEE5493F9C660F6565840F704EAC3D5,SHA256=A02EC567414051D8B0707B9E15BB1BA1CE9068394F30EF70C4D97F17E2CE4F79,IMPHASH=680C3B3C075FF57057C290713261CB56', 'Image': 'C:\\\\Program Files (x86)\\\\Microsoft\\\\Edge\\\\Application\\\\msedge.exe', 'CurrentDirectory': 'C:\\\\Program Files (x86)\\\\Microsoft\\\\Edge\\\\Application\\\\96.0.1054.57\\\\', 'ParentProcessId': '27400', 'ProcessId': '19160', 'Product': 'Microsoft Edge', 'RuleName': '-', 'ParentImage': 'C:\\\\Program Files (x86)\\\\Microsoft\\\\Edge\\\\Application\\\\msedge.exe', 'LogonId': '0x6ba12a0f', 'Company': 'Microsoft Corporation', 'OriginalFileName': 'msedge.exe', 'ParentProcessGuid': '{1f725ed7-4264-61bc-2db1-000000000d00}', 'FileVersion': '96.0.1054.57', 'TerminalSessionId': '2', 'UtcTime': '2021-12-20 13:38:16.664', 'LogonGuid': '{1f725ed7-4242-61bc-0f2a-a16b00000000}', 'User': 'DESKTOP-T3V8EOP\\\\a3789', 'ParentCommandLine': '\"C:\\\\Program Files (x86)\\\\Microsoft\\\\Edge\\\\Application\\\\msedge.exe\" --profile-directory=Default', 'IntegrityLevel': 'Low', 'Description': 'Microsoft Edge'}, 'channel': 'Microsoft-Windows-Sysmon/Operational', 'api': 'wineventlog', 'record_id': 791, 'provider_guid': '{5770385f-c22a-43e0-bf4c-06f5698ffbd9}', 'process': {'pid': 53848, 'thread': {'id': 26096}}, 'user': {'identifier': 'S-1-5-18', 'domain': 'NT AUTHORITY', 'name': 'SYSTEM', 'type': 'User'}}, 'event': {'kind': 'event', 'provider': 'Microsoft-Windows-Sysmon', 'created': '2021-12-20T13:38:17.783Z', 'timezone': '+08:00', 'code': '1'}}}, {'_index': 'winlogbeat', '_type': 'doc', '_id': 'gs0Q2H0BMs_nTerjesjN', '_score': 1.0, '_source': {'@timestamp': '2021-12-20T13:38:16.752Z', 'event': {'created': '2021-12-20T13:38:17.783Z', 'code': '1', 'kind': 'event', 'provider': 'Microsoft-Windows-Sysmon', 'timezone': '+08:00'}, 'log': {'level': 'information'}, 'host': {'architecture': 'x86_64', 'os': {'version': '10.0', 'family': 'windows', 'name': 'Windows 10 Pro', 'kernel': '10.0.22000.318 (WinBuild.160101.0800)', 'build': '22000.318', 'type': 'windows', 'platform': 'windows'}, 'id': '1f725ed7-b14c-494d-9fc1-4bc3eeb0b29b', 'name': 'DESKTOP-T3V8EOP', 'ip': ['fe80::1911:e65c:d649:9768', '192.168.56.1', 'fe80::24c3:baf3:3d58:f2af', '169.254.242.175', 'fe80::a832:f35:3de:862c', '169.254.134.44', 'fe80::d4a8:14f8:2744:a74a', '192.168.0.83', 'fe80::4d6b:1d3e:cee1:343d', '169.254.52.61'], 'mac': ['0a:00:27:00:00:10', '24:ee:9a:ff:17:da', '26:ee:9a:ff:17:d9', '24:ee:9a:ff:17:d9', '24:ee:9a:ff:17:dd'], 'hostname': 'DESKTOP-T3V8EOP'}, 'fields': {'endpoint_email': 'a3789468739@gmail.com', 'endpoint_org3': 'T7-1639616151642', 'endpoint_project': 'df909038f4bcafd88f8d49c7f6ad5ccd'}, 'agent': {'name': 'DESKTOP-T3V8EOP', 'type': 'winlogbeat', 'version': '7.13.2', 'hostname': 'DESKTOP-T3V8EOP', 'ephemeral_id': '41f4d791-f3b8-47ed-b193-c7151f023406', 'id': '621af60c-6ab1-4b77-803e-d523c7d8ec04'}, 'ecs': {'version': '1.9.0'}, 'winlog': {'version': 5, 'event_data': {'TerminalSessionId': '2', 'ParentProcessId': '27400', 'OriginalFileName': 'msedge.exe', 'CurrentDirectory': 'C:\\\\Program Files (x86)\\\\Microsoft\\\\Edge\\\\Application\\\\96.0.1054.57\\\\', 'ParentImage': 'C:\\\\Program Files (x86)\\\\Microsoft\\\\Edge\\\\Application\\\\msedge.exe', 'ProcessId': '19212', 'Image': 'C:\\\\Program Files (x86)\\\\Microsoft\\\\Edge\\\\Application\\\\msedge.exe', 'FileVersion': '96.0.1054.57', 'Description': 'Microsoft Edge', 'IntegrityLevel': 'Low', 'UtcTime': '2021-12-20 13:38:16.749', 'LogonGuid': '{1f725ed7-4242-61bc-0f2a-a16b00000000}', 'RuleName': '-', 'LogonId': '0x6ba12a0f', 'ParentProcessGuid': '{1f725ed7-4264-61bc-2db1-000000000d00}', 'Company': 'Microsoft Corporation', 'ParentCommandLine': '\"C:\\\\Program Files (x86)\\\\Microsoft\\\\Edge\\\\Application\\\\msedge.exe\" --profile-directory=Default', 'User': 'DESKTOP-T3V8EOP\\\\a3789', 'Product': 'Microsoft Edge', 'CommandLine': '\"C:\\\\Program Files (x86)\\\\Microsoft\\\\Edge\\\\Application\\\\msedge.exe\" --type=renderer --disable-client-side-phishing-detection --display-capture-permissions-policy-allowed --field-trial-handle=2096,10217503095378327848,5264171936250097817,131072 --disable-databases --lang=zh-TW --device-scale-factor=1.25 --num-raster-threads=4 --enable-main-frame-before-activation --renderer-client-id=1196 --mojo-platform-channel-handle=13256 /prefetch:1', 'Hashes': 'MD5=3AEE5493F9C660F6565840F704EAC3D5,SHA256=A02EC567414051D8B0707B9E15BB1BA1CE9068394F30EF70C4D97F17E2CE4F79,IMPHASH=680C3B3C075FF57057C290713261CB56', 'ProcessGuid': '{1f725ed7-8748-61c0-a647-2d8200000000}'}, 'event_id': '1', 'api': 'wineventlog', 'channel': 'Microsoft-Windows-Sysmon/Operational', 'provider_name': 'Microsoft-Windows-Sysmon', 'user': {'identifier': 'S-1-5-18', 'domain': 'NT AUTHORITY', 'name': 'SYSTEM', 'type': 'User'}, 'record_id': 792, 'computer_name': 'DESKTOP-T3V8EOP', 'process': {'pid': 53848, 'thread': {'id': 26096}}, 'provider_guid': '{5770385f-c22a-43e0-bf4c-06f5698ffbd9}'}}}, {'_index': 'winlogbeat', '_type': 'doc', '_id': 'Os0L2H0BMs_nTerj8shZ', '_score': 1.0, '_source': {'@timestamp': '2021-12-20T13:33:18.715Z', 'log': {'level': '資訊'}, 'fields': {'endpoint_org3': 'T7-1639616151642', 'endpoint_project': 'df909038f4bcafd88f8d49c7f6ad5ccd', 'endpoint_email': 't108ab0706@ntut.org.tw'}, 'ecs': {'version': '1.9.0'}, 'agent': {'id': 'bacf81f0-932a-4bf6-8615-09b8fbf307ac', 'name': 'LAPTOP-O5NUGDHI', 'type': 'winlogbeat', 'version': '7.13.2', 'hostname': 'LAPTOP-O5NUGDHI', 'ephemeral_id': '15a65e24-2d8b-4182-ba26-0ab8c6e22ccc'}, 'message': 'Process Create:\\nRuleName: -\\nUtcTime: 2021-12-20 13:33:18.714\\nProcessGuid: {e36c1727-861e-61c0-1f42-815e00000000}\\nProcessId: 23460\\nImage: C:\\\\Program Files\\\\Common Files\\\\mcafee\\\\platform\\\\core\\\\mchost.exe\\nFileVersion: 14,0,131,0\\nDescription: McAfee Host\\nProduct: McAfee Core API\\nCompany: McAfee, LLC\\nOriginalFileName: mchost.exe\\nCommandLine: \"C:\\\\Program Files\\\\Common Files\\\\McAfee\\\\Platform\\\\Core\\\\mchost.exe\" {d1badb96-0090-48ac-a60f-88e46752bdf3} /pid=1868\\nCurrentDirectory: C:\\\\Program Files\\\\Common Files\\\\McAfee\\\\MMSSHost\\\\\\nUser: NT AUTHORITY\\\\SYSTEM\\nLogonGuid: {e36c1727-c51c-6193-e703-000000000000}\\nLogonId: 0x3E7\\nTerminalSessionId: 0\\nIntegrityLevel: System\\nHashes: MD5=5E7AB79AE5DC7889372D78532F2D91A5,SHA256=FE456CD3021AA8AFB70BAC51813E74244B2D588324F77350B94118DE0A695C51,IMPHASH=3D3B7B13763CE65F9E32B901FAEE48B8\\nParentProcessGuid: {e36c1727-c51f-6193-7b00-000000002d00}\\nParentProcessId: 5692\\nParentImage: C:\\\\Program Files\\\\Common Files\\\\mcafee\\\\mmsshost\\\\MMSSHOST.exe\\nParentCommandLine: \"C:\\\\Program Files\\\\Common Files\\\\McAfee\\\\MMSSHost\\\\MMSSHOST.EXE\" MMSCOM mcbootdelaystartsvc', 'host': {'name': 'LAPTOP-O5NUGDHI', 'hostname': 'LAPTOP-O5NUGDHI', 'architecture': 'x86_64', 'os': {'kernel': '10.0.19041.1348 (WinBuild.160101.0800)', 'build': '19042.1348', 'type': 'windows', 'platform': 'windows', 'version': '10.0', 'family': 'windows', 'name': 'Windows 10 Home'}, 'id': 'e36c1727-1de3-433d-994a-ca48c783f851', 'ip': ['fe80::58e1:a727:458c:c8be', '169.254.200.190', 'fe80::4de3:b7e9:d153:1f26', '192.168.56.1', 'fe80::8927:63d8:812f:a641', '169.254.166.65', 'fe80::84a4:848d:cec2:84a', '192.168.137.1', 'fe80::e9ed:ddfa:f064:e416', '192.168.33.13'], 'mac': ['5e:2c:79:6a:7a:52', '0a:00:27:00:00:10', 'd2:c5:d3:c3:02:75', 'f2:c5:d3:c3:02:75', 'd0:c5:d3:c3:02:75']}, 'winlog': {'computer_name': 'LAPTOP-O5NUGDHI', 'user': {'identifier': 'S-1-5-18', 'domain': 'NT AUTHORITY', 'name': 'SYSTEM', 'type': 'User'}, 'api': 'wineventlog', 'provider_name': 'Microsoft-Windows-Sysmon', 'record_id': 595, 'task': 'Process Create (rule: ProcessCreate)', 'version': 5, 'provider_guid': '{5770385f-c22a-43e0-bf4c-06f5698ffbd9}', 'opcode': '資訊', 'process': {'pid': 25104, 'thread': {'id': 33332}}, 'event_id': '1', 'channel': 'Microsoft-Windows-Sysmon/Operational', 'event_data': {'LogonGuid': '{e36c1727-c51c-6193-e703-000000000000}', 'ParentCommandLine': '\"C:\\\\Program Files\\\\Common Files\\\\McAfee\\\\MMSSHost\\\\MMSSHOST.EXE\" MMSCOM mcbootdelaystartsvc', 'ParentImage': 'C:\\\\Program Files\\\\Common Files\\\\mcafee\\\\mmsshost\\\\MMSSHOST.exe', 'ParentProcessId': '5692', 'IntegrityLevel': 'System', 'ProcessId': '23460', 'Hashes': 'MD5=5E7AB79AE5DC7889372D78532F2D91A5,SHA256=FE456CD3021AA8AFB70BAC51813E74244B2D588324F77350B94118DE0A695C51,IMPHASH=3D3B7B13763CE65F9E32B901FAEE48B8', 'ProcessGuid': '{e36c1727-861e-61c0-1f42-815e00000000}', 'FileVersion': '14,0,131,0', 'ParentProcessGuid': '{e36c1727-c51f-6193-7b00-000000002d00}', 'User': 'NT AUTHORITY\\\\SYSTEM', 'UtcTime': '2021-12-20 13:33:18.714', 'Image': 'C:\\\\Program Files\\\\Common Files\\\\mcafee\\\\platform\\\\core\\\\mchost.exe', 'CommandLine': '\"C:\\\\Program Files\\\\Common Files\\\\McAfee\\\\Platform\\\\Core\\\\mchost.exe\" {d1badb96-0090-48ac-a60f-88e46752bdf3} /pid=1868', 'CurrentDirectory': 'C:\\\\Program Files\\\\Common Files\\\\McAfee\\\\MMSSHost\\\\', 'Description': 'McAfee Host', 'LogonId': '0x3e7', 'OriginalFileName': 'mchost.exe', 'RuleName': '-', 'Product': 'McAfee Core API', 'TerminalSessionId': '0', 'Company': 'McAfee, LLC'}}, 'event': {'kind': 'event', 'provider': 'Microsoft-Windows-Sysmon', 'action': 'Process Create (rule: ProcessCreate)', 'created': '2021-12-20T13:33:20.173Z', 'code': '1', 'timezone': '+08:00'}}}, {'_index': 'winlogbeat', '_type': 'doc', '_id': 'b80P2H0BMs_nTerj1shR', '_score': 1.0, '_source': {'@timestamp': '2021-12-20T13:37:16.177Z', 'agent': {'id': '4b411fcc-0931-4fc6-ae12-f8005b1683ec', 'name': 'DESKTOP-PKB0K93', 'type': 'winlogbeat', 'version': '7.13.2', 'hostname': 'DESKTOP-PKB0K93', 'ephemeral_id': 'ff3eb376-d075-4000-bfa3-0f01ed58331b'}, 'host': {'hostname': 'DESKTOP-PKB0K93', 'architecture': 'x86_64', 'os': {'version': '10.0', 'family': 'windows', 'name': 'Windows 10 Education', 'kernel': '10.0.19041.1415 (WinBuild.160101.0800)', 'build': '19043.1415', 'type': 'windows', 'platform': 'windows'}, 'id': 'e29fd55c-bd69-48e9-85d9-915d3e928749', 'ip': ['fe80::4c0b:e2ae:ef6f:1a07', '10.0.2.15'], 'mac': ['08:00:27:82:b4:bf'], 'name': 'DESKTOP-PKB0K93'}, 'winlog': {'task': 'Process Create (rule: ProcessCreate)', 'event_id': '1', 'user': {'name': 'SYSTEM', 'type': 'User', 'identifier': 'S-1-5-18', 'domain': 'NT AUTHORITY'}, 'computer_name': 'DESKTOP-PKB0K93', 'api': 'wineventlog', 'provider_name': 'Microsoft-Windows-Sysmon', 'provider_guid': '{5770385f-c22a-43e0-bf4c-06f5698ffbd9}', 'event_data': {'ProcessGuid': '{e29fd55c-870c-61c0-3c65-190200000000}', 'CurrentDirectory': 'C:\\\\Windows\\\\system32\\\\', 'ParentProcessGuid': '{e29fd55c-b67a-61bf-57df-000000000000}', 'LogonGuid': '{e29fd55c-b679-61bf-e703-000000000000}', 'Company': 'Microsoft Corporation', 'TerminalSessionId': '0', 'FileVersion': '1.3.141.63', 'Product': 'Microsoft Edge Update', 'Hashes': 'MD5=608EE5E04B780CA18E9266C0CE7DA3B2,SHA256=945F276F4055CBC95DD9DBD29AEEC98EC746410BE0A082E59BB97454CCF1FC98,IMPHASH=E00D60405A249A05D3B09AA7FE924B17', 'Image': 'C:\\\\Program Files (x86)\\\\Microsoft\\\\EdgeUpdate\\\\MicrosoftEdgeUpdate.exe', 'IntegrityLevel': 'System', 'CommandLine': '\"C:\\\\Program Files (x86)\\\\Microsoft\\\\EdgeUpdate\\\\MicrosoftEdgeUpdate.exe\" /ua /installsource scheduler', 'UtcTime': '2021-12-20 13:37:16.173', 'ProcessId': '4164', 'LogonId': '0x3e7', 'Description': 'Microsoft Edge Update', 'ParentProcessId': '1168', 'User': 'NT AUTHORITY\\\\SYSTEM', 'OriginalFileName': 'msedgeupdate.dll', 'ParentCommandLine': 'C:\\\\Windows\\\\system32\\\\svchost.exe -k netsvcs -p -s Schedule', 'RuleName': '-', 'ParentImage': 'C:\\\\Windows\\\\System32\\\\svchost.exe'}, 'opcode': '資訊', 'version': 5, 'channel': 'Microsoft-Windows-Sysmon/Operational', 'record_id': 5783, 'process': {'pid': 2420, 'thread': {'id': 3688}}}, 'event': {'action': 'Process Create (rule: ProcessCreate)', 'created': '2021-12-20T13:37:17.997Z', 'code': '1', 'kind': 'event', 'timezone': '+08:00', 'provider': 'Microsoft-Windows-Sysmon'}, 'log': {'level': '資訊'}, 'message': 'Process Create:\\nRuleName: -\\nUtcTime: 2021-12-20 13:37:16.173\\nProcessGuid: {e29fd55c-870c-61c0-3c65-190200000000}\\nProcessId: 4164\\nImage: C:\\\\Program Files (x86)\\\\Microsoft\\\\EdgeUpdate\\\\MicrosoftEdgeUpdate.exe\\nFileVersion: 1.3.141.63\\nDescription: Microsoft Edge Update\\nProduct: Microsoft Edge Update\\nCompany: Microsoft Corporation\\nOriginalFileName: msedgeupdate.dll\\nCommandLine: \"C:\\\\Program Files (x86)\\\\Microsoft\\\\EdgeUpdate\\\\MicrosoftEdgeUpdate.exe\" /ua /installsource scheduler\\nCurrentDirectory: C:\\\\Windows\\\\system32\\\\\\nUser: NT AUTHORITY\\\\SYSTEM\\nLogonGuid: {e29fd55c-b679-61bf-e703-000000000000}\\nLogonId: 0x3E7\\nTerminalSessionId: 0\\nIntegrityLevel: System\\nHashes: MD5=608EE5E04B780CA18E9266C0CE7DA3B2,SHA256=945F276F4055CBC95DD9DBD29AEEC98EC746410BE0A082E59BB97454CCF1FC98,IMPHASH=E00D60405A249A05D3B09AA7FE924B17\\nParentProcessGuid: {e29fd55c-b67a-61bf-57df-000000000000}\\nParentProcessId: 1168\\nParentImage: C:\\\\Windows\\\\System32\\\\svchost.exe\\nParentCommandLine: C:\\\\Windows\\\\system32\\\\svchost.exe -k netsvcs -p -s Schedule', 'fields': {'endpoint_email': 'zjh14@pccu.edu.TW', 'endpoint_org3': 'T7-1639616151642', 'endpoint_project': 'df909038f4bcafd88f8d49c7f6ad5ccd'}, 'ecs': {'version': '1.9.0'}}}, {'_index': 'winlogbeat', '_type': 'doc', '_id': 'hM0Q2H0BMs_nTerjjsh7', '_score': 1.0, '_source': {'@timestamp': '2021-12-20T13:38:22.292Z', 'event': {'provider': 'Microsoft-Windows-Sysmon', 'timezone': '+08:00', 'created': '2021-12-20T13:38:22.823Z', 'code': '1', 'kind': 'event'}, 'log': {'level': 'information'}, 'host': {'ip': ['fe80::1911:e65c:d649:9768', '192.168.56.1', 'fe80::24c3:baf3:3d58:f2af', '169.254.242.175', 'fe80::a832:f35:3de:862c', '169.254.134.44', 'fe80::d4a8:14f8:2744:a74a', '192.168.0.83', 'fe80::4d6b:1d3e:cee1:343d', '169.254.52.61'], 'mac': ['0a:00:27:00:00:10', '24:ee:9a:ff:17:da', '26:ee:9a:ff:17:d9', '24:ee:9a:ff:17:d9', '24:ee:9a:ff:17:dd'], 'hostname': 'DESKTOP-T3V8EOP', 'architecture': 'x86_64', 'name': 'DESKTOP-T3V8EOP', 'os': {'kernel': '10.0.22000.318 (WinBuild.160101.0800)', 'build': '22000.318', 'type': 'windows', 'platform': 'windows', 'version': '10.0', 'family': 'windows', 'name': 'Windows 10 Pro'}, 'id': '1f725ed7-b14c-494d-9fc1-4bc3eeb0b29b'}, 'fields': {'endpoint_email': 'a3789468739@gmail.com', 'endpoint_org3': 'T7-1639616151642', 'endpoint_project': 'df909038f4bcafd88f8d49c7f6ad5ccd'}, 'ecs': {'version': '1.9.0'}, 'agent': {'ephemeral_id': '41f4d791-f3b8-47ed-b193-c7151f023406', 'id': '621af60c-6ab1-4b77-803e-d523c7d8ec04', 'name': 'DESKTOP-T3V8EOP', 'type': 'winlogbeat', 'version': '7.13.2', 'hostname': 'DESKTOP-T3V8EOP'}, 'winlog': {'computer_name': 'DESKTOP-T3V8EOP', 'provider_guid': '{5770385f-c22a-43e0-bf4c-06f5698ffbd9}', 'version': 5, 'api': 'wineventlog', 'event_id': '1', 'provider_name': 'Microsoft-Windows-Sysmon', 'record_id': 794, 'user': {'name': 'SYSTEM', 'type': 'User', 'identifier': 'S-1-5-18', 'domain': 'NT AUTHORITY'}, 'event_data': {'FileVersion': '96.0.1054.57', 'LogonId': '0x6ba12a0f', 'User': 'DESKTOP-T3V8EOP\\\\a3789', 'ParentProcessGuid': '{1f725ed7-4264-61bc-2db1-000000000d00}', 'ParentImage': 'C:\\\\Program Files (x86)\\\\Microsoft\\\\Edge\\\\Application\\\\msedge.exe', 'ProcessId': '23880', 'Image': 'C:\\\\Program Files (x86)\\\\Microsoft\\\\Edge\\\\Application\\\\msedge.exe', 'ParentCommandLine': '\"C:\\\\Program Files (x86)\\\\Microsoft\\\\Edge\\\\Application\\\\msedge.exe\" --profile-directory=Default', 'Description': 'Microsoft Edge', 'Hashes': 'MD5=3AEE5493F9C660F6565840F704EAC3D5,SHA256=A02EC567414051D8B0707B9E15BB1BA1CE9068394F30EF70C4D97F17E2CE4F79,IMPHASH=680C3B3C075FF57057C290713261CB56', 'Product': 'Microsoft Edge', 'ParentProcessId': '27400', 'CommandLine': '\"C:\\\\Program Files (x86)\\\\Microsoft\\\\Edge\\\\Application\\\\msedge.exe\" --type=renderer --disable-client-side-phishing-detection --display-capture-permissions-policy-allowed --field-trial-handle=2096,10217503095378327848,5264171936250097817,131072 --disable-databases --lang=zh-TW --device-scale-factor=1.25 --num-raster-threads=4 --enable-main-frame-before-activation --renderer-client-id=1198 --mojo-platform-channel-handle=10324 /prefetch:1', 'UtcTime': '2021-12-20 13:38:22.289', 'ProcessGuid': '{1f725ed7-874e-61c0-a5b3-2d8200000000}', 'Company': 'Microsoft Corporation', 'TerminalSessionId': '2', 'CurrentDirectory': 'C:\\\\Program Files (x86)\\\\Microsoft\\\\Edge\\\\Application\\\\96.0.1054.57\\\\', 'LogonGuid': '{1f725ed7-4242-61bc-0f2a-a16b00000000}', 'IntegrityLevel': 'Low', 'RuleName': '-', 'OriginalFileName': 'msedge.exe'}, 'process': {'thread': {'id': 26096}, 'pid': 53848}, 'channel': 'Microsoft-Windows-Sysmon/Operational'}}}, {'_index': 'winlogbeat', '_type': 'doc', '_id': 'X80N2H0BMs_nTerj-8j9', '_score': 1.0, '_source': {'@timestamp': '2021-12-20T13:35:32.950Z', 'log': {'level': 'information'}, 'host': {'name': 'DESKTOP-T3V8EOP', 'id': '1f725ed7-b14c-494d-9fc1-4bc3eeb0b29b', 'ip': ['fe80::1911:e65c:d649:9768', '192.168.56.1', 'fe80::24c3:baf3:3d58:f2af', '169.254.242.175', 'fe80::a832:f35:3de:862c', '169.254.134.44', 'fe80::d4a8:14f8:2744:a74a', '192.168.0.83', 'fe80::4d6b:1d3e:cee1:343d', '169.254.52.61'], 'mac': ['0a:00:27:00:00:10', '24:ee:9a:ff:17:da', '26:ee:9a:ff:17:d9', '24:ee:9a:ff:17:d9', '24:ee:9a:ff:17:dd'], 'hostname': 'DESKTOP-T3V8EOP', 'architecture': 'x86_64', 'os': {'family': 'windows', 'name': 'Windows 10 Pro', 'kernel': '10.0.22000.318 (WinBuild.160101.0800)', 'build': '22000.318', 'type': 'windows', 'platform': 'windows', 'version': '10.0'}}, 'fields': {'endpoint_email': 'a3789468739@gmail.com', 'endpoint_org3': 'T7-1639616151642', 'endpoint_project': 'df909038f4bcafd88f8d49c7f6ad5ccd'}, 'ecs': {'version': '1.9.0'}, 'agent': {'version': '7.13.2', 'hostname': 'DESKTOP-T3V8EOP', 'ephemeral_id': '41f4d791-f3b8-47ed-b193-c7151f023406', 'id': '621af60c-6ab1-4b77-803e-d523c7d8ec04', 'name': 'DESKTOP-T3V8EOP', 'type': 'winlogbeat'}, 'winlog': {'computer_name': 'DESKTOP-T3V8EOP', 'user': {'name': 'SYSTEM', 'type': 'User', 'identifier': 'S-1-5-18', 'domain': 'NT AUTHORITY'}, 'provider_guid': '{5770385f-c22a-43e0-bf4c-06f5698ffbd9}', 'process': {'pid': 53848, 'thread': {'id': 26096}}, 'record_id': 774, 'version': 5, 'api': 'wineventlog', 'channel': 'Microsoft-Windows-Sysmon/Operational', 'provider_name': 'Microsoft-Windows-Sysmon', 'event_data': {'OriginalFileName': 'taskhostw.exe', 'Description': 'Host Process for Windows Tasks', 'Hashes': 'MD5=1CCAD90E1459C85C36F32402160049CB,SHA256=DA30DD11E22890C29F33B017B6DCD5E28977518DD93FC503778CE1AF2426DD7B,IMPHASH=1C4E2D9936E4D9F2490B08AAB4D24260', 'ParentProcessId': '1932', 'CommandLine': 'taskhostw.exe', 'Product': 'Microsoft® Windows® Operating System', 'LogonId': '0x3e7', 'RuleName': '-', 'LogonGuid': '{1f725ed7-2969-61ab-e703-000000000000}', 'ProcessId': '39008', 'UtcTime': '2021-12-20 13:35:32.946', 'ParentImage': 'C:\\\\Windows\\\\System32\\\\svchost.exe', 'ProcessGuid': '{1f725ed7-86a4-61c0-d033-248200000000}', 'FileVersion': '10.0.22000.1 (WinBuild.160101.0800)', 'IntegrityLevel': 'System', 'ParentCommandLine': 'C:\\\\WINDOWS\\\\system32\\\\svchost.exe -k netsvcs -p -s Schedule', 'User': 'NT AUTHORITY\\\\SYSTEM', 'TerminalSessionId': '0', 'ParentProcessGuid': '{1f725ed7-296c-61ab-2100-000000000d00}', 'Company': 'Microsoft Corporation', 'CurrentDirectory': 'C:\\\\WINDOWS\\\\system32\\\\', 'Image': 'C:\\\\Windows\\\\System32\\\\taskhostw.exe'}, 'event_id': '1'}, 'event': {'code': '1', 'kind': 'event', 'provider': 'Microsoft-Windows-Sysmon', 'created': '2021-12-20T13:35:34.248Z', 'timezone': '+08:00'}}}, 